ARM GAS  /var/tmp//ccp7k0DU.s 			page 1


   1              		.cpu cortex-m4
   2              		.eabi_attribute 27, 1
   3              		.eabi_attribute 28, 1
   4              		.eabi_attribute 20, 1
   5              		.eabi_attribute 21, 1
   6              		.eabi_attribute 23, 3
   7              		.eabi_attribute 24, 1
   8              		.eabi_attribute 25, 1
   9              		.eabi_attribute 26, 1
  10              		.eabi_attribute 30, 2
  11              		.eabi_attribute 34, 1
  12              		.eabi_attribute 18, 4
  13              		.file	"chcore.c"
  14              		.text
  15              	.Ltext0:
  16              		.cfi_sections	.debug_frame
  17              	.Letext0:
  18              		.file 1 "/usr/local/gcc_arm/gcc-arm-none-eabi-6-2017-q2-update/arm-none-eabi/include/machine/_defa
  19              		.file 2 "/usr/local/gcc_arm/gcc-arm-none-eabi-6-2017-q2-update/arm-none-eabi/include/sys/_stdint.h
  20              		.file 3 "ChibiOS_3.0.2/os/rt/ports/ARMCMx/compilers/GCC/chtypes.h"
  21              		.file 4 "ChibiOS_3.0.2/os/rt/include/chsystypes.h"
  22              		.file 5 "ChibiOS_3.0.2/os/rt/include/chschd.h"
  23              		.file 6 "ChibiOS_3.0.2/os/ext/CMSIS/include/core_cm4.h"
  24              		.file 7 "ChibiOS_3.0.2/os/ext/CMSIS/ST/system_stm32f4xx.h"
  25              		.file 8 "ChibiOS_3.0.2/os/rt/ports/ARMCMx/chcore.h"
  26              		.file 9 "ChibiOS_3.0.2/os/rt/ports/ARMCMx/chcore_v7m.h"
  27              		.file 10 "ChibiOS_3.0.2/os/rt/include/chtm.h"
  28              		.file 11 "ChibiOS_3.0.2/os/rt/include/chsem.h"
  29              		.file 12 "ChibiOS_3.0.2/os/rt/include/chmtx.h"
  30              		.file 13 "ChibiOS_3.0.2/os/rt/include/chregistry.h"
  31              		.section	.debug_info,"",%progbits
  32              	.Ldebug_info0:
  33 0000 42080000 		.4byte	0x842
  34 0004 0400     		.2byte	0x4
  35 0006 00000000 		.4byte	.Ldebug_abbrev0
  36 000a 04       		.byte	0x4
  37 000b 01       		.uleb128 0x1
  38 000c AE020000 		.4byte	.LASF128
  39 0010 0C       		.byte	0xc
  40 0011 3F040000 		.4byte	.LASF129
  41 0015 B1000000 		.4byte	.LASF130
  42 0019 00000000 		.4byte	.Ldebug_line0
  43 001d 02       		.uleb128 0x2
  44 001e 04       		.byte	0x4
  45 001f 05       		.byte	0x5
  46 0020 696E7400 		.ascii	"int\000"
  47 0024 03       		.uleb128 0x3
  48 0025 04       		.byte	0x4
  49 0026 07       		.byte	0x7
  50 0027 E5010000 		.4byte	.LASF0
  51 002b 03       		.uleb128 0x3
  52 002c 01       		.byte	0x1
  53 002d 06       		.byte	0x6
  54 002e 2F010000 		.4byte	.LASF1
  55 0032 04       		.uleb128 0x4
  56 0033 30000000 		.4byte	.LASF4
  57 0037 01       		.byte	0x1
ARM GAS  /var/tmp//ccp7k0DU.s 			page 2


  58 0038 2B       		.byte	0x2b
  59 0039 3D000000 		.4byte	0x3d
  60 003d 03       		.uleb128 0x3
  61 003e 01       		.byte	0x1
  62 003f 08       		.byte	0x8
  63 0040 ED040000 		.4byte	.LASF2
  64 0044 03       		.uleb128 0x3
  65 0045 02       		.byte	0x2
  66 0046 05       		.byte	0x5
  67 0047 05050000 		.4byte	.LASF3
  68 004b 04       		.uleb128 0x4
  69 004c EE050000 		.4byte	.LASF5
  70 0050 01       		.byte	0x1
  71 0051 39       		.byte	0x39
  72 0052 56000000 		.4byte	0x56
  73 0056 03       		.uleb128 0x3
  74 0057 02       		.byte	0x2
  75 0058 07       		.byte	0x7
  76 0059 44020000 		.4byte	.LASF6
  77 005d 04       		.uleb128 0x4
  78 005e 99020000 		.4byte	.LASF7
  79 0062 01       		.byte	0x1
  80 0063 4D       		.byte	0x4d
  81 0064 68000000 		.4byte	0x68
  82 0068 03       		.uleb128 0x3
  83 0069 04       		.byte	0x4
  84 006a 05       		.byte	0x5
  85 006b 83010000 		.4byte	.LASF8
  86 006f 04       		.uleb128 0x4
  87 0070 27060000 		.4byte	.LASF9
  88 0074 01       		.byte	0x1
  89 0075 4F       		.byte	0x4f
  90 0076 7A000000 		.4byte	0x7a
  91 007a 03       		.uleb128 0x3
  92 007b 04       		.byte	0x4
  93 007c 07       		.byte	0x7
  94 007d D0050000 		.4byte	.LASF10
  95 0081 03       		.uleb128 0x3
  96 0082 08       		.byte	0x8
  97 0083 05       		.byte	0x5
  98 0084 21010000 		.4byte	.LASF11
  99 0088 04       		.uleb128 0x4
 100 0089 98040000 		.4byte	.LASF12
 101 008d 01       		.byte	0x1
 102 008e 69       		.byte	0x69
 103 008f 93000000 		.4byte	0x93
 104 0093 03       		.uleb128 0x3
 105 0094 08       		.byte	0x8
 106 0095 07       		.byte	0x7
 107 0096 55000000 		.4byte	.LASF13
 108 009a 04       		.uleb128 0x4
 109 009b 81060000 		.4byte	.LASF14
 110 009f 02       		.byte	0x2
 111 00a0 18       		.byte	0x18
 112 00a1 32000000 		.4byte	0x32
 113 00a5 04       		.uleb128 0x4
 114 00a6 FA010000 		.4byte	.LASF15
ARM GAS  /var/tmp//ccp7k0DU.s 			page 3


 115 00aa 02       		.byte	0x2
 116 00ab 24       		.byte	0x24
 117 00ac 4B000000 		.4byte	0x4b
 118 00b0 04       		.uleb128 0x4
 119 00b1 E5040000 		.4byte	.LASF16
 120 00b5 02       		.byte	0x2
 121 00b6 2C       		.byte	0x2c
 122 00b7 5D000000 		.4byte	0x5d
 123 00bb 05       		.uleb128 0x5
 124 00bc B0000000 		.4byte	0xb0
 125 00c0 04       		.uleb128 0x4
 126 00c1 9B050000 		.4byte	.LASF17
 127 00c5 02       		.byte	0x2
 128 00c6 30       		.byte	0x30
 129 00c7 6F000000 		.4byte	0x6f
 130 00cb 04       		.uleb128 0x4
 131 00cc 27000000 		.4byte	.LASF18
 132 00d0 02       		.byte	0x2
 133 00d1 3C       		.byte	0x3c
 134 00d2 88000000 		.4byte	0x88
 135 00d6 04       		.uleb128 0x4
 136 00d7 51060000 		.4byte	.LASF19
 137 00db 03       		.byte	0x3
 138 00dc 45       		.byte	0x45
 139 00dd C0000000 		.4byte	0xc0
 140 00e1 04       		.uleb128 0x4
 141 00e2 36050000 		.4byte	.LASF20
 142 00e6 03       		.byte	0x3
 143 00e7 48       		.byte	0x48
 144 00e8 9A000000 		.4byte	0x9a
 145 00ec 04       		.uleb128 0x4
 146 00ed 8C010000 		.4byte	.LASF21
 147 00f1 03       		.byte	0x3
 148 00f2 49       		.byte	0x49
 149 00f3 9A000000 		.4byte	0x9a
 150 00f7 04       		.uleb128 0x4
 151 00f8 A3040000 		.4byte	.LASF22
 152 00fc 03       		.byte	0x3
 153 00fd 4A       		.byte	0x4a
 154 00fe 9A000000 		.4byte	0x9a
 155 0102 04       		.uleb128 0x4
 156 0103 6F010000 		.4byte	.LASF23
 157 0107 03       		.byte	0x3
 158 0108 4B       		.byte	0x4b
 159 0109 9A000000 		.4byte	0x9a
 160 010d 04       		.uleb128 0x4
 161 010e CD040000 		.4byte	.LASF24
 162 0112 03       		.byte	0x3
 163 0113 4C       		.byte	0x4c
 164 0114 C0000000 		.4byte	0xc0
 165 0118 04       		.uleb128 0x4
 166 0119 61020000 		.4byte	.LASF25
 167 011d 03       		.byte	0x3
 168 011e 4D       		.byte	0x4d
 169 011f B0000000 		.4byte	0xb0
 170 0123 04       		.uleb128 0x4
 171 0124 8D020000 		.4byte	.LASF26
ARM GAS  /var/tmp//ccp7k0DU.s 			page 4


 172 0128 03       		.byte	0x3
 173 0129 4F       		.byte	0x4f
 174 012a C0000000 		.4byte	0xc0
 175 012e 04       		.uleb128 0x4
 176 012f DF010000 		.4byte	.LASF27
 177 0133 03       		.byte	0x3
 178 0134 51       		.byte	0x51
 179 0135 B0000000 		.4byte	0xb0
 180 0139 04       		.uleb128 0x4
 181 013a 09060000 		.4byte	.LASF28
 182 013e 04       		.byte	0x4
 183 013f 33       		.byte	0x33
 184 0140 C0000000 		.4byte	0xc0
 185 0144 05       		.uleb128 0x5
 186 0145 39010000 		.4byte	0x139
 187 0149 04       		.uleb128 0x4
 188 014a F9050000 		.4byte	.LASF29
 189 014e 04       		.byte	0x4
 190 014f 3F       		.byte	0x3f
 191 0150 54010000 		.4byte	0x154
 192 0154 06       		.uleb128 0x6
 193 0155 57020000 		.4byte	.LASF51
 194 0159 48       		.byte	0x48
 195 015a 05       		.byte	0x5
 196 015b C2       		.byte	0xc2
 197 015c 59020000 		.4byte	0x259
 198 0160 07       		.uleb128 0x7
 199 0161 2F050000 		.4byte	.LASF30
 200 0165 05       		.byte	0x5
 201 0166 C3       		.byte	0xc3
 202 0167 64020000 		.4byte	0x264
 203 016b 00       		.byte	0
 204 016c 07       		.uleb128 0x7
 205 016d C6040000 		.4byte	.LASF31
 206 0171 05       		.byte	0x5
 207 0172 C5       		.byte	0xc5
 208 0173 64020000 		.4byte	0x264
 209 0177 04       		.byte	0x4
 210 0178 07       		.uleb128 0x7
 211 0179 0D010000 		.4byte	.LASF32
 212 017d 05       		.byte	0x5
 213 017e C7       		.byte	0xc7
 214 017f 0D010000 		.4byte	0x10d
 215 0183 08       		.byte	0x8
 216 0184 07       		.uleb128 0x7
 217 0185 6F040000 		.4byte	.LASF33
 218 0189 05       		.byte	0x5
 219 018a C8       		.byte	0xc8
 220 018b AB040000 		.4byte	0x4ab
 221 018f 0C       		.byte	0xc
 222 0190 07       		.uleb128 0x7
 223 0191 9F010000 		.4byte	.LASF34
 224 0195 05       		.byte	0x5
 225 0196 CA       		.byte	0xca
 226 0197 64020000 		.4byte	0x264
 227 019b 10       		.byte	0x10
 228 019c 07       		.uleb128 0x7
ARM GAS  /var/tmp//ccp7k0DU.s 			page 5


 229 019d 37040000 		.4byte	.LASF35
 230 01a1 05       		.byte	0x5
 231 01a2 CB       		.byte	0xcb
 232 01a3 64020000 		.4byte	0x264
 233 01a7 14       		.byte	0x14
 234 01a8 07       		.uleb128 0x7
 235 01a9 A3060000 		.4byte	.LASF36
 236 01ad 05       		.byte	0x5
 237 01ae D2       		.byte	0xd2
 238 01af F0060000 		.4byte	0x6f0
 239 01b3 18       		.byte	0x18
 240 01b4 07       		.uleb128 0x7
 241 01b5 0F050000 		.4byte	.LASF37
 242 01b9 05       		.byte	0x5
 243 01ba DD       		.byte	0xdd
 244 01bb EC000000 		.4byte	0xec
 245 01bf 1C       		.byte	0x1c
 246 01c0 07       		.uleb128 0x7
 247 01c1 4D050000 		.4byte	.LASF38
 248 01c5 05       		.byte	0x5
 249 01c6 E1       		.byte	0xe1
 250 01c7 E1000000 		.4byte	0xe1
 251 01cb 1D       		.byte	0x1d
 252 01cc 07       		.uleb128 0x7
 253 01cd 74060000 		.4byte	.LASF39
 254 01d1 05       		.byte	0x5
 255 01d2 E6       		.byte	0xe6
 256 01d3 F7000000 		.4byte	0xf7
 257 01d7 1E       		.byte	0x1e
 258 01d8 07       		.uleb128 0x7
 259 01d9 17050000 		.4byte	.LASF40
 260 01dd 05       		.byte	0x5
 261 01de EC       		.byte	0xec
 262 01df 02010000 		.4byte	0x102
 263 01e3 1F       		.byte	0x1f
 264 01e4 07       		.uleb128 0x7
 265 01e5 13020000 		.4byte	.LASF41
 266 01e9 05       		.byte	0x5
 267 01ea F3       		.byte	0xf3
 268 01eb 44010000 		.4byte	0x144
 269 01ef 20       		.byte	0x20
 270 01f0 08       		.uleb128 0x8
 271 01f1 705F7500 		.ascii	"p_u\000"
 272 01f5 05       		.byte	0x5
 273 01f6 3101     		.2byte	0x131
 274 01f8 2B060000 		.4byte	0x62b
 275 01fc 24       		.byte	0x24
 276 01fd 09       		.uleb128 0x9
 277 01fe F5030000 		.4byte	.LASF42
 278 0202 05       		.byte	0x5
 279 0203 3601     		.2byte	0x136
 280 0205 6A020000 		.4byte	0x26a
 281 0209 28       		.byte	0x28
 282 020a 09       		.uleb128 0x9
 283 020b 2A020000 		.4byte	.LASF43
 284 020f 05       		.byte	0x5
 285 0210 3C01     		.2byte	0x13c
ARM GAS  /var/tmp//ccp7k0DU.s 			page 6


 286 0212 8E020000 		.4byte	0x28e
 287 0216 2C       		.byte	0x2c
 288 0217 09       		.uleb128 0x9
 289 0218 4B060000 		.4byte	.LASF44
 290 021c 05       		.byte	0x5
 291 021d 4001     		.2byte	0x140
 292 021f 18010000 		.4byte	0x118
 293 0223 34       		.byte	0x34
 294 0224 09       		.uleb128 0x9
 295 0225 90050000 		.4byte	.LASF45
 296 0229 05       		.byte	0x5
 297 022a 4601     		.2byte	0x146
 298 022c 23010000 		.4byte	0x123
 299 0230 38       		.byte	0x38
 300 0231 09       		.uleb128 0x9
 301 0232 FB040000 		.4byte	.LASF46
 302 0236 05       		.byte	0x5
 303 0237 4D01     		.2byte	0x14d
 304 0239 EA060000 		.4byte	0x6ea
 305 023d 3C       		.byte	0x3c
 306 023e 09       		.uleb128 0x9
 307 023f 13060000 		.4byte	.LASF47
 308 0243 05       		.byte	0x5
 309 0244 5101     		.2byte	0x151
 310 0246 0D010000 		.4byte	0x10d
 311 024a 40       		.byte	0x40
 312 024b 09       		.uleb128 0x9
 313 024c 58010000 		.4byte	.LASF48
 314 0250 05       		.byte	0x5
 315 0251 5801     		.2byte	0x158
 316 0253 41030000 		.4byte	0x341
 317 0257 44       		.byte	0x44
 318 0258 00       		.byte	0
 319 0259 04       		.uleb128 0x4
 320 025a 89060000 		.4byte	.LASF49
 321 025e 04       		.byte	0x4
 322 025f 44       		.byte	0x44
 323 0260 64020000 		.4byte	0x264
 324 0264 0A       		.uleb128 0xa
 325 0265 04       		.byte	0x4
 326 0266 49010000 		.4byte	0x149
 327 026a 04       		.uleb128 0x4
 328 026b D2030000 		.4byte	.LASF50
 329 026f 04       		.byte	0x4
 330 0270 49       		.byte	0x49
 331 0271 75020000 		.4byte	0x275
 332 0275 06       		.uleb128 0x6
 333 0276 B8050000 		.4byte	.LASF52
 334 027a 04       		.byte	0x4
 335 027b 05       		.byte	0x5
 336 027c B0       		.byte	0xb0
 337 027d 8E020000 		.4byte	0x28e
 338 0281 07       		.uleb128 0x7
 339 0282 2F050000 		.4byte	.LASF30
 340 0286 05       		.byte	0x5
 341 0287 B1       		.byte	0xb1
 342 0288 64020000 		.4byte	0x264
ARM GAS  /var/tmp//ccp7k0DU.s 			page 7


 343 028c 00       		.byte	0
 344 028d 00       		.byte	0
 345 028e 04       		.uleb128 0x4
 346 028f 55050000 		.4byte	.LASF53
 347 0293 04       		.byte	0x4
 348 0294 50       		.byte	0x50
 349 0295 99020000 		.4byte	0x299
 350 0299 06       		.uleb128 0x6
 351 029a FC000000 		.4byte	.LASF54
 352 029e 08       		.byte	0x8
 353 029f 05       		.byte	0x5
 354 02a0 B7       		.byte	0xb7
 355 02a1 BE020000 		.4byte	0x2be
 356 02a5 07       		.uleb128 0x7
 357 02a6 2F050000 		.4byte	.LASF30
 358 02aa 05       		.byte	0x5
 359 02ab B8       		.byte	0xb8
 360 02ac 64020000 		.4byte	0x264
 361 02b0 00       		.byte	0
 362 02b1 07       		.uleb128 0x7
 363 02b2 C6040000 		.4byte	.LASF31
 364 02b6 05       		.byte	0x5
 365 02b7 B9       		.byte	0xb9
 366 02b8 64020000 		.4byte	0x264
 367 02bc 04       		.byte	0x4
 368 02bd 00       		.byte	0
 369 02be 04       		.uleb128 0x4
 370 02bf 0D000000 		.4byte	.LASF55
 371 02c3 04       		.byte	0x4
 372 02c4 57       		.byte	0x57
 373 02c5 C9020000 		.4byte	0x2c9
 374 02c9 0B       		.uleb128 0xb
 375 02ca 7F020000 		.4byte	.LASF56
 376 02ce 1C       		.byte	0x1c
 377 02cf 05       		.byte	0x5
 378 02d0 9001     		.2byte	0x190
 379 02d2 25030000 		.4byte	0x325
 380 02d6 09       		.uleb128 0x9
 381 02d7 B0050000 		.4byte	.LASF57
 382 02db 05       		.byte	0x5
 383 02dc 9101     		.2byte	0x191
 384 02de 8E020000 		.4byte	0x28e
 385 02e2 00       		.byte	0
 386 02e3 09       		.uleb128 0x9
 387 02e4 21050000 		.4byte	.LASF58
 388 02e8 05       		.byte	0x5
 389 02e9 9201     		.2byte	0x192
 390 02eb 0D010000 		.4byte	0x10d
 391 02ef 08       		.byte	0x8
 392 02f0 09       		.uleb128 0x9
 393 02f1 69040000 		.4byte	.LASF59
 394 02f5 05       		.byte	0x5
 395 02f6 9401     		.2byte	0x194
 396 02f8 AB040000 		.4byte	0x4ab
 397 02fc 0C       		.byte	0xc
 398 02fd 09       		.uleb128 0x9
 399 02fe AF010000 		.4byte	.LASF60
ARM GAS  /var/tmp//ccp7k0DU.s 			page 8


 400 0302 05       		.byte	0x5
 401 0303 9701     		.2byte	0x197
 402 0305 64020000 		.4byte	0x264
 403 0309 10       		.byte	0x10
 404 030a 09       		.uleb128 0x9
 405 030b 90040000 		.4byte	.LASF61
 406 030f 05       		.byte	0x5
 407 0310 9801     		.2byte	0x198
 408 0312 64020000 		.4byte	0x264
 409 0316 14       		.byte	0x14
 410 0317 09       		.uleb128 0x9
 411 0318 86040000 		.4byte	.LASF62
 412 031c 05       		.byte	0x5
 413 031d 9B01     		.2byte	0x19b
 414 031f 64020000 		.4byte	0x264
 415 0323 18       		.byte	0x18
 416 0324 00       		.byte	0
 417 0325 04       		.uleb128 0x4
 418 0326 1E060000 		.4byte	.LASF63
 419 032a 04       		.byte	0x4
 420 032b 5C       		.byte	0x5c
 421 032c 30030000 		.4byte	0x330
 422 0330 0A       		.uleb128 0xa
 423 0331 04       		.byte	0x4
 424 0332 36030000 		.4byte	0x336
 425 0336 0C       		.uleb128 0xc
 426 0337 41030000 		.4byte	0x341
 427 033b 0D       		.uleb128 0xd
 428 033c 41030000 		.4byte	0x341
 429 0340 00       		.byte	0
 430 0341 0E       		.uleb128 0xe
 431 0342 04       		.byte	0x4
 432 0343 04       		.uleb128 0x4
 433 0344 B6040000 		.4byte	.LASF64
 434 0348 04       		.byte	0x4
 435 0349 61       		.byte	0x61
 436 034a 4E030000 		.4byte	0x34e
 437 034e 0B       		.uleb128 0xb
 438 034f 65050000 		.4byte	.LASF65
 439 0353 14       		.byte	0x14
 440 0354 05       		.byte	0x5
 441 0355 6B01     		.2byte	0x16b
 442 0357 9D030000 		.4byte	0x39d
 443 035b 09       		.uleb128 0x9
 444 035c F2010000 		.4byte	.LASF66
 445 0360 05       		.byte	0x5
 446 0361 6C01     		.2byte	0x16c
 447 0363 07070000 		.4byte	0x707
 448 0367 00       		.byte	0
 449 0368 09       		.uleb128 0x9
 450 0369 C0010000 		.4byte	.LASF67
 451 036d 05       		.byte	0x5
 452 036e 6D01     		.2byte	0x16d
 453 0370 07070000 		.4byte	0x707
 454 0374 04       		.byte	0x4
 455 0375 09       		.uleb128 0x9
 456 0376 21020000 		.4byte	.LASF68
ARM GAS  /var/tmp//ccp7k0DU.s 			page 9


 457 037a 05       		.byte	0x5
 458 037b 6E01     		.2byte	0x16e
 459 037d 39010000 		.4byte	0x139
 460 0381 08       		.byte	0x8
 461 0382 09       		.uleb128 0x9
 462 0383 D6060000 		.4byte	.LASF69
 463 0387 05       		.byte	0x5
 464 0388 6F01     		.2byte	0x16f
 465 038a 25030000 		.4byte	0x325
 466 038e 0C       		.byte	0xc
 467 038f 09       		.uleb128 0x9
 468 0390 59060000 		.4byte	.LASF70
 469 0394 05       		.byte	0x5
 470 0395 7101     		.2byte	0x171
 471 0397 41030000 		.4byte	0x341
 472 039b 10       		.byte	0x10
 473 039c 00       		.byte	0
 474 039d 04       		.uleb128 0x4
 475 039e 8E000000 		.4byte	.LASF71
 476 03a2 04       		.byte	0x4
 477 03a3 66       		.byte	0x66
 478 03a4 A8030000 		.4byte	0x3a8
 479 03a8 0B       		.uleb128 0xb
 480 03a9 08040000 		.4byte	.LASF72
 481 03ad 10       		.byte	0x10
 482 03ae 05       		.byte	0x5
 483 03af 7B01     		.2byte	0x17b
 484 03b1 EA030000 		.4byte	0x3ea
 485 03b5 09       		.uleb128 0x9
 486 03b6 F2010000 		.4byte	.LASF66
 487 03ba 05       		.byte	0x5
 488 03bb 7C01     		.2byte	0x17c
 489 03bd 07070000 		.4byte	0x707
 490 03c1 00       		.byte	0
 491 03c2 09       		.uleb128 0x9
 492 03c3 C0010000 		.4byte	.LASF67
 493 03c7 05       		.byte	0x5
 494 03c8 7E01     		.2byte	0x17e
 495 03ca 07070000 		.4byte	0x707
 496 03ce 04       		.byte	0x4
 497 03cf 09       		.uleb128 0x9
 498 03d0 21020000 		.4byte	.LASF68
 499 03d4 05       		.byte	0x5
 500 03d5 8001     		.2byte	0x180
 501 03d7 39010000 		.4byte	0x139
 502 03db 08       		.byte	0x8
 503 03dc 09       		.uleb128 0x9
 504 03dd AA060000 		.4byte	.LASF73
 505 03e1 05       		.byte	0x5
 506 03e2 8201     		.2byte	0x182
 507 03e4 44010000 		.4byte	0x144
 508 03e8 0C       		.byte	0xc
 509 03e9 00       		.byte	0
 510 03ea 04       		.uleb128 0x4
 511 03eb 46000000 		.4byte	.LASF74
 512 03ef 04       		.byte	0x4
 513 03f0 6B       		.byte	0x6b
ARM GAS  /var/tmp//ccp7k0DU.s 			page 10


 514 03f1 F5030000 		.4byte	0x3f5
 515 03f5 0B       		.uleb128 0xb
 516 03f6 D5040000 		.4byte	.LASF75
 517 03fa 04       		.byte	0x4
 518 03fb 05       		.byte	0x5
 519 03fc A201     		.2byte	0x1a2
 520 03fe 10040000 		.4byte	0x410
 521 0402 09       		.uleb128 0x9
 522 0403 32060000 		.4byte	.LASF76
 523 0407 05       		.byte	0x5
 524 0408 AA01     		.2byte	0x1aa
 525 040a F6060000 		.4byte	0x6f6
 526 040e 00       		.byte	0
 527 040f 00       		.byte	0
 528 0410 04       		.uleb128 0x4
 529 0411 67020000 		.4byte	.LASF77
 530 0415 04       		.byte	0x4
 531 0416 70       		.byte	0x70
 532 0417 1B040000 		.4byte	0x41b
 533 041b 0F       		.uleb128 0xf
 534 041c 79010000 		.4byte	.LASF78
 535 0420 5802     		.2byte	0x258
 536 0422 05       		.byte	0x5
 537 0423 C201     		.2byte	0x1c2
 538 0425 77040000 		.4byte	0x477
 539 0429 09       		.uleb128 0x9
 540 042a 7B060000 		.4byte	.LASF79
 541 042e 05       		.byte	0x5
 542 042f C601     		.2byte	0x1c6
 543 0431 BE020000 		.4byte	0x2be
 544 0435 00       		.byte	0
 545 0436 09       		.uleb128 0x9
 546 0437 68010000 		.4byte	.LASF80
 547 043b 05       		.byte	0x5
 548 043c CA01     		.2byte	0x1ca
 549 043e 9D030000 		.4byte	0x39d
 550 0442 1C       		.byte	0x1c
 551 0443 08       		.uleb128 0x8
 552 0444 64626700 		.ascii	"dbg\000"
 553 0448 05       		.byte	0x5
 554 0449 CE01     		.2byte	0x1ce
 555 044b EA030000 		.4byte	0x3ea
 556 044f 2C       		.byte	0x2c
 557 0450 09       		.uleb128 0x9
 558 0451 83000000 		.4byte	.LASF81
 559 0455 05       		.byte	0x5
 560 0456 D201     		.2byte	0x1d2
 561 0458 49010000 		.4byte	0x149
 562 045c 30       		.byte	0x30
 563 045d 08       		.uleb128 0x8
 564 045e 746D00   		.ascii	"tm\000"
 565 0461 05       		.byte	0x5
 566 0462 D701     		.2byte	0x1d7
 567 0464 20060000 		.4byte	0x620
 568 0468 78       		.byte	0x78
 569 0469 09       		.uleb128 0x9
 570 046a D0010000 		.4byte	.LASF82
ARM GAS  /var/tmp//ccp7k0DU.s 			page 11


 571 046e 05       		.byte	0x5
 572 046f E301     		.2byte	0x1e3
 573 0471 0D070000 		.4byte	0x70d
 574 0475 80       		.byte	0x80
 575 0476 00       		.byte	0
 576 0477 03       		.uleb128 0x3
 577 0478 04       		.byte	0x4
 578 0479 07       		.byte	0x7
 579 047a FF030000 		.4byte	.LASF83
 580 047e 10       		.uleb128 0x10
 581 047f A4000000 		.4byte	.LASF84
 582 0483 06       		.byte	0x6
 583 0484 A706     		.2byte	0x6a7
 584 0486 BB000000 		.4byte	0xbb
 585 048a 11       		.uleb128 0x11
 586 048b 03020000 		.4byte	.LASF85
 587 048f 07       		.byte	0x7
 588 0490 4C       		.byte	0x4c
 589 0491 C0000000 		.4byte	0xc0
 590 0495 04       		.uleb128 0x4
 591 0496 B7010000 		.4byte	.LASF86
 592 049a 08       		.byte	0x8
 593 049b 65       		.byte	0x65
 594 049c 41030000 		.4byte	0x341
 595 04a0 04       		.uleb128 0x4
 596 04a1 A3020000 		.4byte	.LASF87
 597 04a5 08       		.byte	0x8
 598 04a6 6D       		.byte	0x6d
 599 04a7 CB000000 		.4byte	0xcb
 600 04ab 06       		.uleb128 0x6
 601 04ac 43060000 		.4byte	.LASF88
 602 04b0 04       		.byte	0x4
 603 04b1 08       		.byte	0x8
 604 04b2 89       		.byte	0x89
 605 04b3 C4040000 		.4byte	0x4c4
 606 04b7 12       		.uleb128 0x12
 607 04b8 72313300 		.ascii	"r13\000"
 608 04bc 08       		.byte	0x8
 609 04bd 8A       		.byte	0x8a
 610 04be 05060000 		.4byte	0x605
 611 04c2 00       		.byte	0
 612 04c3 00       		.byte	0
 613 04c4 06       		.uleb128 0x6
 614 04c5 3A000000 		.4byte	.LASF89
 615 04c9 64       		.byte	0x64
 616 04ca 09       		.byte	0x9
 617 04cb F4       		.byte	0xf4
 618 04cc 05060000 		.4byte	0x605
 619 04d0 12       		.uleb128 0x12
 620 04d1 73313600 		.ascii	"s16\000"
 621 04d5 09       		.byte	0x9
 622 04d6 F6       		.byte	0xf6
 623 04d7 95040000 		.4byte	0x495
 624 04db 00       		.byte	0
 625 04dc 12       		.uleb128 0x12
 626 04dd 73313700 		.ascii	"s17\000"
 627 04e1 09       		.byte	0x9
ARM GAS  /var/tmp//ccp7k0DU.s 			page 12


 628 04e2 F7       		.byte	0xf7
 629 04e3 95040000 		.4byte	0x495
 630 04e7 04       		.byte	0x4
 631 04e8 12       		.uleb128 0x12
 632 04e9 73313800 		.ascii	"s18\000"
 633 04ed 09       		.byte	0x9
 634 04ee F8       		.byte	0xf8
 635 04ef 95040000 		.4byte	0x495
 636 04f3 08       		.byte	0x8
 637 04f4 12       		.uleb128 0x12
 638 04f5 73313900 		.ascii	"s19\000"
 639 04f9 09       		.byte	0x9
 640 04fa F9       		.byte	0xf9
 641 04fb 95040000 		.4byte	0x495
 642 04ff 0C       		.byte	0xc
 643 0500 12       		.uleb128 0x12
 644 0501 73323000 		.ascii	"s20\000"
 645 0505 09       		.byte	0x9
 646 0506 FA       		.byte	0xfa
 647 0507 95040000 		.4byte	0x495
 648 050b 10       		.byte	0x10
 649 050c 12       		.uleb128 0x12
 650 050d 73323100 		.ascii	"s21\000"
 651 0511 09       		.byte	0x9
 652 0512 FB       		.byte	0xfb
 653 0513 95040000 		.4byte	0x495
 654 0517 14       		.byte	0x14
 655 0518 12       		.uleb128 0x12
 656 0519 73323200 		.ascii	"s22\000"
 657 051d 09       		.byte	0x9
 658 051e FC       		.byte	0xfc
 659 051f 95040000 		.4byte	0x495
 660 0523 18       		.byte	0x18
 661 0524 12       		.uleb128 0x12
 662 0525 73323300 		.ascii	"s23\000"
 663 0529 09       		.byte	0x9
 664 052a FD       		.byte	0xfd
 665 052b 95040000 		.4byte	0x495
 666 052f 1C       		.byte	0x1c
 667 0530 12       		.uleb128 0x12
 668 0531 73323400 		.ascii	"s24\000"
 669 0535 09       		.byte	0x9
 670 0536 FE       		.byte	0xfe
 671 0537 95040000 		.4byte	0x495
 672 053b 20       		.byte	0x20
 673 053c 12       		.uleb128 0x12
 674 053d 73323500 		.ascii	"s25\000"
 675 0541 09       		.byte	0x9
 676 0542 FF       		.byte	0xff
 677 0543 95040000 		.4byte	0x495
 678 0547 24       		.byte	0x24
 679 0548 08       		.uleb128 0x8
 680 0549 73323600 		.ascii	"s26\000"
 681 054d 09       		.byte	0x9
 682 054e 0001     		.2byte	0x100
 683 0550 95040000 		.4byte	0x495
 684 0554 28       		.byte	0x28
ARM GAS  /var/tmp//ccp7k0DU.s 			page 13


 685 0555 08       		.uleb128 0x8
 686 0556 73323700 		.ascii	"s27\000"
 687 055a 09       		.byte	0x9
 688 055b 0101     		.2byte	0x101
 689 055d 95040000 		.4byte	0x495
 690 0561 2C       		.byte	0x2c
 691 0562 08       		.uleb128 0x8
 692 0563 73323800 		.ascii	"s28\000"
 693 0567 09       		.byte	0x9
 694 0568 0201     		.2byte	0x102
 695 056a 95040000 		.4byte	0x495
 696 056e 30       		.byte	0x30
 697 056f 08       		.uleb128 0x8
 698 0570 73323900 		.ascii	"s29\000"
 699 0574 09       		.byte	0x9
 700 0575 0301     		.2byte	0x103
 701 0577 95040000 		.4byte	0x495
 702 057b 34       		.byte	0x34
 703 057c 08       		.uleb128 0x8
 704 057d 73333000 		.ascii	"s30\000"
 705 0581 09       		.byte	0x9
 706 0582 0401     		.2byte	0x104
 707 0584 95040000 		.4byte	0x495
 708 0588 38       		.byte	0x38
 709 0589 08       		.uleb128 0x8
 710 058a 73333100 		.ascii	"s31\000"
 711 058e 09       		.byte	0x9
 712 058f 0501     		.2byte	0x105
 713 0591 95040000 		.4byte	0x495
 714 0595 3C       		.byte	0x3c
 715 0596 08       		.uleb128 0x8
 716 0597 723400   		.ascii	"r4\000"
 717 059a 09       		.byte	0x9
 718 059b 0701     		.2byte	0x107
 719 059d 95040000 		.4byte	0x495
 720 05a1 40       		.byte	0x40
 721 05a2 08       		.uleb128 0x8
 722 05a3 723500   		.ascii	"r5\000"
 723 05a6 09       		.byte	0x9
 724 05a7 0801     		.2byte	0x108
 725 05a9 95040000 		.4byte	0x495
 726 05ad 44       		.byte	0x44
 727 05ae 08       		.uleb128 0x8
 728 05af 723600   		.ascii	"r6\000"
 729 05b2 09       		.byte	0x9
 730 05b3 0901     		.2byte	0x109
 731 05b5 95040000 		.4byte	0x495
 732 05b9 48       		.byte	0x48
 733 05ba 08       		.uleb128 0x8
 734 05bb 723700   		.ascii	"r7\000"
 735 05be 09       		.byte	0x9
 736 05bf 0A01     		.2byte	0x10a
 737 05c1 95040000 		.4byte	0x495
 738 05c5 4C       		.byte	0x4c
 739 05c6 08       		.uleb128 0x8
 740 05c7 723800   		.ascii	"r8\000"
 741 05ca 09       		.byte	0x9
ARM GAS  /var/tmp//ccp7k0DU.s 			page 14


 742 05cb 0B01     		.2byte	0x10b
 743 05cd 95040000 		.4byte	0x495
 744 05d1 50       		.byte	0x50
 745 05d2 08       		.uleb128 0x8
 746 05d3 723900   		.ascii	"r9\000"
 747 05d6 09       		.byte	0x9
 748 05d7 0C01     		.2byte	0x10c
 749 05d9 95040000 		.4byte	0x495
 750 05dd 54       		.byte	0x54
 751 05de 08       		.uleb128 0x8
 752 05df 72313000 		.ascii	"r10\000"
 753 05e3 09       		.byte	0x9
 754 05e4 0D01     		.2byte	0x10d
 755 05e6 95040000 		.4byte	0x495
 756 05ea 58       		.byte	0x58
 757 05eb 08       		.uleb128 0x8
 758 05ec 72313100 		.ascii	"r11\000"
 759 05f0 09       		.byte	0x9
 760 05f1 0E01     		.2byte	0x10e
 761 05f3 95040000 		.4byte	0x495
 762 05f7 5C       		.byte	0x5c
 763 05f8 08       		.uleb128 0x8
 764 05f9 6C7200   		.ascii	"lr\000"
 765 05fc 09       		.byte	0x9
 766 05fd 0F01     		.2byte	0x10f
 767 05ff 95040000 		.4byte	0x495
 768 0603 60       		.byte	0x60
 769 0604 00       		.byte	0
 770 0605 0A       		.uleb128 0xa
 771 0606 04       		.byte	0x4
 772 0607 C4040000 		.4byte	0x4c4
 773 060b 13       		.uleb128 0x13
 774 060c 04       		.byte	0x4
 775 060d 0A       		.byte	0xa
 776 060e 38       		.byte	0x38
 777 060f 20060000 		.4byte	0x620
 778 0613 07       		.uleb128 0x7
 779 0614 3C060000 		.4byte	.LASF90
 780 0618 0A       		.byte	0xa
 781 0619 3C       		.byte	0x3c
 782 061a D6000000 		.4byte	0xd6
 783 061e 00       		.byte	0
 784 061f 00       		.byte	0
 785 0620 04       		.uleb128 0x4
 786 0621 75040000 		.4byte	.LASF91
 787 0625 0A       		.byte	0xa
 788 0626 3D       		.byte	0x3d
 789 0627 0B060000 		.4byte	0x60b
 790 062b 14       		.uleb128 0x14
 791 062c 04       		.byte	0x4
 792 062d 05       		.byte	0x5
 793 062e FA       		.byte	0xfa
 794 062f 88060000 		.4byte	0x688
 795 0633 15       		.uleb128 0x15
 796 0634 20000000 		.4byte	.LASF92
 797 0638 05       		.byte	0x5
 798 0639 0101     		.2byte	0x101
ARM GAS  /var/tmp//ccp7k0DU.s 			page 15


 799 063b 18010000 		.4byte	0x118
 800 063f 15       		.uleb128 0x15
 801 0640 7A000000 		.4byte	.LASF93
 802 0644 05       		.byte	0x5
 803 0645 0801     		.2byte	0x108
 804 0647 18010000 		.4byte	0x118
 805 064b 15       		.uleb128 0x15
 806 064c 9C060000 		.4byte	.LASF94
 807 0650 05       		.byte	0x5
 808 0651 0F01     		.2byte	0x10f
 809 0653 41030000 		.4byte	0x341
 810 0657 15       		.uleb128 0x15
 811 0658 1A000000 		.4byte	.LASF95
 812 065c 05       		.byte	0x5
 813 065d 1601     		.2byte	0x116
 814 065f 88060000 		.4byte	0x688
 815 0663 15       		.uleb128 0x15
 816 0664 1A020000 		.4byte	.LASF96
 817 0668 05       		.byte	0x5
 818 0669 1E01     		.2byte	0x11e
 819 066b B3060000 		.4byte	0x6b3
 820 066f 15       		.uleb128 0x15
 821 0670 E7050000 		.4byte	.LASF97
 822 0674 05       		.byte	0x5
 823 0675 2701     		.2byte	0x127
 824 0677 EA060000 		.4byte	0x6ea
 825 067b 15       		.uleb128 0x15
 826 067c 28050000 		.4byte	.LASF98
 827 0680 05       		.byte	0x5
 828 0681 2F01     		.2byte	0x12f
 829 0683 23010000 		.4byte	0x123
 830 0687 00       		.byte	0
 831 0688 0A       		.uleb128 0xa
 832 0689 04       		.byte	0x4
 833 068a 59020000 		.4byte	0x259
 834 068e 06       		.uleb128 0x6
 835 068f 83050000 		.4byte	.LASF99
 836 0693 0C       		.byte	0xc
 837 0694 0B       		.byte	0xb
 838 0695 34       		.byte	0x34
 839 0696 B3060000 		.4byte	0x6b3
 840 069a 07       		.uleb128 0x7
 841 069b A7010000 		.4byte	.LASF100
 842 069f 0B       		.byte	0xb
 843 06a0 35       		.byte	0x35
 844 06a1 8E020000 		.4byte	0x28e
 845 06a5 00       		.byte	0
 846 06a6 07       		.uleb128 0x7
 847 06a7 3E020000 		.4byte	.LASF101
 848 06ab 0B       		.byte	0xb
 849 06ac 37       		.byte	0x37
 850 06ad 2E010000 		.4byte	0x12e
 851 06b1 08       		.byte	0x8
 852 06b2 00       		.byte	0
 853 06b3 0A       		.uleb128 0xa
 854 06b4 04       		.byte	0x4
 855 06b5 8E060000 		.4byte	0x68e
ARM GAS  /var/tmp//ccp7k0DU.s 			page 16


 856 06b9 06       		.uleb128 0x6
 857 06ba 6B060000 		.4byte	.LASF102
 858 06be 10       		.byte	0x10
 859 06bf 0C       		.byte	0xc
 860 06c0 39       		.byte	0x39
 861 06c1 EA060000 		.4byte	0x6ea
 862 06c5 07       		.uleb128 0x7
 863 06c6 60010000 		.4byte	.LASF103
 864 06ca 0C       		.byte	0xc
 865 06cb 3A       		.byte	0x3a
 866 06cc 8E020000 		.4byte	0x28e
 867 06d0 00       		.byte	0
 868 06d1 07       		.uleb128 0x7
 869 06d2 C0060000 		.4byte	.LASF104
 870 06d6 0C       		.byte	0xc
 871 06d7 3C       		.byte	0x3c
 872 06d8 64020000 		.4byte	0x264
 873 06dc 08       		.byte	0x8
 874 06dd 07       		.uleb128 0x7
 875 06de 02060000 		.4byte	.LASF105
 876 06e2 0C       		.byte	0xc
 877 06e3 3E       		.byte	0x3e
 878 06e4 3F080000 		.4byte	0x83f
 879 06e8 0C       		.byte	0xc
 880 06e9 00       		.byte	0
 881 06ea 0A       		.uleb128 0xa
 882 06eb 04       		.byte	0x4
 883 06ec B9060000 		.4byte	0x6b9
 884 06f0 0A       		.uleb128 0xa
 885 06f1 04       		.byte	0x4
 886 06f2 02070000 		.4byte	0x702
 887 06f6 05       		.uleb128 0x5
 888 06f7 F0060000 		.4byte	0x6f0
 889 06fb 03       		.uleb128 0x3
 890 06fc 01       		.byte	0x1
 891 06fd 08       		.byte	0x8
 892 06fe E2050000 		.4byte	.LASF106
 893 0702 16       		.uleb128 0x16
 894 0703 FB060000 		.4byte	0x6fb
 895 0707 0A       		.uleb128 0xa
 896 0708 04       		.byte	0x4
 897 0709 43030000 		.4byte	0x343
 898 070d 17       		.uleb128 0x17
 899 070e A0040000 		.4byte	0x4a0
 900 0712 1D070000 		.4byte	0x71d
 901 0716 18       		.uleb128 0x18
 902 0717 77040000 		.4byte	0x477
 903 071b 3A       		.byte	0x3a
 904 071c 00       		.byte	0
 905 071d 19       		.uleb128 0x19
 906 071e 636800   		.ascii	"ch\000"
 907 0721 05       		.byte	0x5
 908 0722 0902     		.2byte	0x209
 909 0724 10040000 		.4byte	0x410
 910 0728 13       		.uleb128 0x13
 911 0729 16       		.byte	0x16
 912 072a 0D       		.byte	0xd
ARM GAS  /var/tmp//ccp7k0DU.s 			page 17


 913 072b 34       		.byte	0x34
 914 072c 09080000 		.4byte	0x809
 915 0730 07       		.uleb128 0x7
 916 0731 C8060000 		.4byte	.LASF107
 917 0735 0D       		.byte	0xd
 918 0736 35       		.byte	0x35
 919 0737 09080000 		.4byte	0x809
 920 073b 00       		.byte	0
 921 073c 07       		.uleb128 0x7
 922 073d E1030000 		.4byte	.LASF108
 923 0741 0D       		.byte	0xd
 924 0742 36       		.byte	0x36
 925 0743 9A000000 		.4byte	0x9a
 926 0747 04       		.byte	0x4
 927 0748 07       		.uleb128 0x7
 928 0749 C8050000 		.4byte	.LASF109
 929 074d 0D       		.byte	0xd
 930 074e 37       		.byte	0x37
 931 074f 9A000000 		.4byte	0x9a
 932 0753 05       		.byte	0x5
 933 0754 07       		.uleb128 0x7
 934 0755 B5060000 		.4byte	.LASF110
 935 0759 0D       		.byte	0xd
 936 075a 38       		.byte	0x38
 937 075b A5000000 		.4byte	0xa5
 938 075f 06       		.byte	0x6
 939 0760 07       		.uleb128 0x7
 940 0761 AB040000 		.4byte	.LASF111
 941 0765 0D       		.byte	0xd
 942 0766 39       		.byte	0x39
 943 0767 9A000000 		.4byte	0x9a
 944 076b 08       		.byte	0x8
 945 076c 07       		.uleb128 0x7
 946 076d 1F040000 		.4byte	.LASF112
 947 0771 0D       		.byte	0xd
 948 0772 3A       		.byte	0x3a
 949 0773 9A000000 		.4byte	0x9a
 950 0777 09       		.byte	0x9
 951 0778 07       		.uleb128 0x7
 952 0779 6C000000 		.4byte	.LASF113
 953 077d 0D       		.byte	0xd
 954 077e 3B       		.byte	0x3b
 955 077f 9A000000 		.4byte	0x9a
 956 0783 0A       		.byte	0xa
 957 0784 07       		.uleb128 0x7
 958 0785 A4050000 		.4byte	.LASF114
 959 0789 0D       		.byte	0xd
 960 078a 3C       		.byte	0x3c
 961 078b 9A000000 		.4byte	0x9a
 962 078f 0B       		.byte	0xb
 963 0790 07       		.uleb128 0x7
 964 0791 60060000 		.4byte	.LASF115
 965 0795 0D       		.byte	0xd
 966 0796 3D       		.byte	0x3d
 967 0797 9A000000 		.4byte	0x9a
 968 079b 0C       		.byte	0xc
 969 079c 07       		.uleb128 0x7
ARM GAS  /var/tmp//ccp7k0DU.s 			page 18


 970 079d 76050000 		.4byte	.LASF116
 971 07a1 0D       		.byte	0xd
 972 07a2 3E       		.byte	0x3e
 973 07a3 9A000000 		.4byte	0x9a
 974 07a7 0D       		.byte	0xd
 975 07a8 07       		.uleb128 0x7
 976 07a9 00000000 		.4byte	.LASF117
 977 07ad 0D       		.byte	0xd
 978 07ae 3F       		.byte	0x3f
 979 07af 9A000000 		.4byte	0x9a
 980 07b3 0E       		.byte	0xe
 981 07b4 07       		.uleb128 0x7
 982 07b5 2B040000 		.4byte	.LASF118
 983 07b9 0D       		.byte	0xd
 984 07ba 40       		.byte	0x40
 985 07bb 9A000000 		.4byte	0x9a
 986 07bf 0F       		.byte	0xf
 987 07c0 07       		.uleb128 0x7
 988 07c1 3B010000 		.4byte	.LASF119
 989 07c5 0D       		.byte	0xd
 990 07c6 41       		.byte	0x41
 991 07c7 9A000000 		.4byte	0x9a
 992 07cb 10       		.byte	0x10
 993 07cc 07       		.uleb128 0x7
 994 07cd 14010000 		.4byte	.LASF120
 995 07d1 0D       		.byte	0xd
 996 07d2 43       		.byte	0x43
 997 07d3 9A000000 		.4byte	0x9a
 998 07d7 11       		.byte	0x11
 999 07d8 07       		.uleb128 0x7
 1000 07d9 4B010000 		.4byte	.LASF121
 1001 07dd 0D       		.byte	0xd
 1002 07de 44       		.byte	0x44
 1003 07df 9A000000 		.4byte	0x9a
 1004 07e3 12       		.byte	0x12
 1005 07e4 07       		.uleb128 0x7
 1006 07e5 E9030000 		.4byte	.LASF122
 1007 07e9 0D       		.byte	0xd
 1008 07ea 45       		.byte	0x45
 1009 07eb 9A000000 		.4byte	0x9a
 1010 07ef 13       		.byte	0x13
 1011 07f0 07       		.uleb128 0x7
 1012 07f1 3E050000 		.4byte	.LASF123
 1013 07f5 0D       		.byte	0xd
 1014 07f6 46       		.byte	0x46
 1015 07f7 9A000000 		.4byte	0x9a
 1016 07fb 14       		.byte	0x14
 1017 07fc 07       		.uleb128 0x7
 1018 07fd 73020000 		.4byte	.LASF124
 1019 0801 0D       		.byte	0xd
 1020 0802 48       		.byte	0x48
 1021 0803 9A000000 		.4byte	0x9a
 1022 0807 15       		.byte	0x15
 1023 0808 00       		.byte	0
 1024 0809 17       		.uleb128 0x17
 1025 080a FB060000 		.4byte	0x6fb
 1026 080e 19080000 		.4byte	0x819
ARM GAS  /var/tmp//ccp7k0DU.s 			page 19


 1027 0812 18       		.uleb128 0x18
 1028 0813 77040000 		.4byte	0x477
 1029 0817 03       		.byte	0x3
 1030 0818 00       		.byte	0
 1031 0819 04       		.uleb128 0x4
 1032 081a 95010000 		.4byte	.LASF125
 1033 081e 0D       		.byte	0xd
 1034 081f 49       		.byte	0x49
 1035 0820 28070000 		.4byte	0x728
 1036 0824 16       		.uleb128 0x16
 1037 0825 19080000 		.4byte	0x819
 1038 0829 11       		.uleb128 0x11
 1039 082a 35020000 		.4byte	.LASF126
 1040 082e 0D       		.byte	0xd
 1041 082f 6E       		.byte	0x6e
 1042 0830 24080000 		.4byte	0x824
 1043 0834 04       		.uleb128 0x4
 1044 0835 C8010000 		.4byte	.LASF127
 1045 0839 0C       		.byte	0xc
 1046 083a 34       		.byte	0x34
 1047 083b B9060000 		.4byte	0x6b9
 1048 083f 0A       		.uleb128 0xa
 1049 0840 04       		.byte	0x4
 1050 0841 34080000 		.4byte	0x834
 1051 0845 00       		.byte	0
 1052              		.section	.debug_abbrev,"",%progbits
 1053              	.Ldebug_abbrev0:
 1054 0000 01       		.uleb128 0x1
 1055 0001 11       		.uleb128 0x11
 1056 0002 01       		.byte	0x1
 1057 0003 25       		.uleb128 0x25
 1058 0004 0E       		.uleb128 0xe
 1059 0005 13       		.uleb128 0x13
 1060 0006 0B       		.uleb128 0xb
 1061 0007 03       		.uleb128 0x3
 1062 0008 0E       		.uleb128 0xe
 1063 0009 1B       		.uleb128 0x1b
 1064 000a 0E       		.uleb128 0xe
 1065 000b 10       		.uleb128 0x10
 1066 000c 17       		.uleb128 0x17
 1067 000d 00       		.byte	0
 1068 000e 00       		.byte	0
 1069 000f 02       		.uleb128 0x2
 1070 0010 24       		.uleb128 0x24
 1071 0011 00       		.byte	0
 1072 0012 0B       		.uleb128 0xb
 1073 0013 0B       		.uleb128 0xb
 1074 0014 3E       		.uleb128 0x3e
 1075 0015 0B       		.uleb128 0xb
 1076 0016 03       		.uleb128 0x3
 1077 0017 08       		.uleb128 0x8
 1078 0018 00       		.byte	0
 1079 0019 00       		.byte	0
 1080 001a 03       		.uleb128 0x3
 1081 001b 24       		.uleb128 0x24
 1082 001c 00       		.byte	0
 1083 001d 0B       		.uleb128 0xb
ARM GAS  /var/tmp//ccp7k0DU.s 			page 20


 1084 001e 0B       		.uleb128 0xb
 1085 001f 3E       		.uleb128 0x3e
 1086 0020 0B       		.uleb128 0xb
 1087 0021 03       		.uleb128 0x3
 1088 0022 0E       		.uleb128 0xe
 1089 0023 00       		.byte	0
 1090 0024 00       		.byte	0
 1091 0025 04       		.uleb128 0x4
 1092 0026 16       		.uleb128 0x16
 1093 0027 00       		.byte	0
 1094 0028 03       		.uleb128 0x3
 1095 0029 0E       		.uleb128 0xe
 1096 002a 3A       		.uleb128 0x3a
 1097 002b 0B       		.uleb128 0xb
 1098 002c 3B       		.uleb128 0x3b
 1099 002d 0B       		.uleb128 0xb
 1100 002e 49       		.uleb128 0x49
 1101 002f 13       		.uleb128 0x13
 1102 0030 00       		.byte	0
 1103 0031 00       		.byte	0
 1104 0032 05       		.uleb128 0x5
 1105 0033 35       		.uleb128 0x35
 1106 0034 00       		.byte	0
 1107 0035 49       		.uleb128 0x49
 1108 0036 13       		.uleb128 0x13
 1109 0037 00       		.byte	0
 1110 0038 00       		.byte	0
 1111 0039 06       		.uleb128 0x6
 1112 003a 13       		.uleb128 0x13
 1113 003b 01       		.byte	0x1
 1114 003c 03       		.uleb128 0x3
 1115 003d 0E       		.uleb128 0xe
 1116 003e 0B       		.uleb128 0xb
 1117 003f 0B       		.uleb128 0xb
 1118 0040 3A       		.uleb128 0x3a
 1119 0041 0B       		.uleb128 0xb
 1120 0042 3B       		.uleb128 0x3b
 1121 0043 0B       		.uleb128 0xb
 1122 0044 01       		.uleb128 0x1
 1123 0045 13       		.uleb128 0x13
 1124 0046 00       		.byte	0
 1125 0047 00       		.byte	0
 1126 0048 07       		.uleb128 0x7
 1127 0049 0D       		.uleb128 0xd
 1128 004a 00       		.byte	0
 1129 004b 03       		.uleb128 0x3
 1130 004c 0E       		.uleb128 0xe
 1131 004d 3A       		.uleb128 0x3a
 1132 004e 0B       		.uleb128 0xb
 1133 004f 3B       		.uleb128 0x3b
 1134 0050 0B       		.uleb128 0xb
 1135 0051 49       		.uleb128 0x49
 1136 0052 13       		.uleb128 0x13
 1137 0053 38       		.uleb128 0x38
 1138 0054 0B       		.uleb128 0xb
 1139 0055 00       		.byte	0
 1140 0056 00       		.byte	0
ARM GAS  /var/tmp//ccp7k0DU.s 			page 21


 1141 0057 08       		.uleb128 0x8
 1142 0058 0D       		.uleb128 0xd
 1143 0059 00       		.byte	0
 1144 005a 03       		.uleb128 0x3
 1145 005b 08       		.uleb128 0x8
 1146 005c 3A       		.uleb128 0x3a
 1147 005d 0B       		.uleb128 0xb
 1148 005e 3B       		.uleb128 0x3b
 1149 005f 05       		.uleb128 0x5
 1150 0060 49       		.uleb128 0x49
 1151 0061 13       		.uleb128 0x13
 1152 0062 38       		.uleb128 0x38
 1153 0063 0B       		.uleb128 0xb
 1154 0064 00       		.byte	0
 1155 0065 00       		.byte	0
 1156 0066 09       		.uleb128 0x9
 1157 0067 0D       		.uleb128 0xd
 1158 0068 00       		.byte	0
 1159 0069 03       		.uleb128 0x3
 1160 006a 0E       		.uleb128 0xe
 1161 006b 3A       		.uleb128 0x3a
 1162 006c 0B       		.uleb128 0xb
 1163 006d 3B       		.uleb128 0x3b
 1164 006e 05       		.uleb128 0x5
 1165 006f 49       		.uleb128 0x49
 1166 0070 13       		.uleb128 0x13
 1167 0071 38       		.uleb128 0x38
 1168 0072 0B       		.uleb128 0xb
 1169 0073 00       		.byte	0
 1170 0074 00       		.byte	0
 1171 0075 0A       		.uleb128 0xa
 1172 0076 0F       		.uleb128 0xf
 1173 0077 00       		.byte	0
 1174 0078 0B       		.uleb128 0xb
 1175 0079 0B       		.uleb128 0xb
 1176 007a 49       		.uleb128 0x49
 1177 007b 13       		.uleb128 0x13
 1178 007c 00       		.byte	0
 1179 007d 00       		.byte	0
 1180 007e 0B       		.uleb128 0xb
 1181 007f 13       		.uleb128 0x13
 1182 0080 01       		.byte	0x1
 1183 0081 03       		.uleb128 0x3
 1184 0082 0E       		.uleb128 0xe
 1185 0083 0B       		.uleb128 0xb
 1186 0084 0B       		.uleb128 0xb
 1187 0085 3A       		.uleb128 0x3a
 1188 0086 0B       		.uleb128 0xb
 1189 0087 3B       		.uleb128 0x3b
 1190 0088 05       		.uleb128 0x5
 1191 0089 01       		.uleb128 0x1
 1192 008a 13       		.uleb128 0x13
 1193 008b 00       		.byte	0
 1194 008c 00       		.byte	0
 1195 008d 0C       		.uleb128 0xc
 1196 008e 15       		.uleb128 0x15
 1197 008f 01       		.byte	0x1
ARM GAS  /var/tmp//ccp7k0DU.s 			page 22


 1198 0090 27       		.uleb128 0x27
 1199 0091 19       		.uleb128 0x19
 1200 0092 01       		.uleb128 0x1
 1201 0093 13       		.uleb128 0x13
 1202 0094 00       		.byte	0
 1203 0095 00       		.byte	0
 1204 0096 0D       		.uleb128 0xd
 1205 0097 05       		.uleb128 0x5
 1206 0098 00       		.byte	0
 1207 0099 49       		.uleb128 0x49
 1208 009a 13       		.uleb128 0x13
 1209 009b 00       		.byte	0
 1210 009c 00       		.byte	0
 1211 009d 0E       		.uleb128 0xe
 1212 009e 0F       		.uleb128 0xf
 1213 009f 00       		.byte	0
 1214 00a0 0B       		.uleb128 0xb
 1215 00a1 0B       		.uleb128 0xb
 1216 00a2 00       		.byte	0
 1217 00a3 00       		.byte	0
 1218 00a4 0F       		.uleb128 0xf
 1219 00a5 13       		.uleb128 0x13
 1220 00a6 01       		.byte	0x1
 1221 00a7 03       		.uleb128 0x3
 1222 00a8 0E       		.uleb128 0xe
 1223 00a9 0B       		.uleb128 0xb
 1224 00aa 05       		.uleb128 0x5
 1225 00ab 3A       		.uleb128 0x3a
 1226 00ac 0B       		.uleb128 0xb
 1227 00ad 3B       		.uleb128 0x3b
 1228 00ae 05       		.uleb128 0x5
 1229 00af 01       		.uleb128 0x1
 1230 00b0 13       		.uleb128 0x13
 1231 00b1 00       		.byte	0
 1232 00b2 00       		.byte	0
 1233 00b3 10       		.uleb128 0x10
 1234 00b4 34       		.uleb128 0x34
 1235 00b5 00       		.byte	0
 1236 00b6 03       		.uleb128 0x3
 1237 00b7 0E       		.uleb128 0xe
 1238 00b8 3A       		.uleb128 0x3a
 1239 00b9 0B       		.uleb128 0xb
 1240 00ba 3B       		.uleb128 0x3b
 1241 00bb 05       		.uleb128 0x5
 1242 00bc 49       		.uleb128 0x49
 1243 00bd 13       		.uleb128 0x13
 1244 00be 3F       		.uleb128 0x3f
 1245 00bf 19       		.uleb128 0x19
 1246 00c0 3C       		.uleb128 0x3c
 1247 00c1 19       		.uleb128 0x19
 1248 00c2 00       		.byte	0
 1249 00c3 00       		.byte	0
 1250 00c4 11       		.uleb128 0x11
 1251 00c5 34       		.uleb128 0x34
 1252 00c6 00       		.byte	0
 1253 00c7 03       		.uleb128 0x3
 1254 00c8 0E       		.uleb128 0xe
ARM GAS  /var/tmp//ccp7k0DU.s 			page 23


 1255 00c9 3A       		.uleb128 0x3a
 1256 00ca 0B       		.uleb128 0xb
 1257 00cb 3B       		.uleb128 0x3b
 1258 00cc 0B       		.uleb128 0xb
 1259 00cd 49       		.uleb128 0x49
 1260 00ce 13       		.uleb128 0x13
 1261 00cf 3F       		.uleb128 0x3f
 1262 00d0 19       		.uleb128 0x19
 1263 00d1 3C       		.uleb128 0x3c
 1264 00d2 19       		.uleb128 0x19
 1265 00d3 00       		.byte	0
 1266 00d4 00       		.byte	0
 1267 00d5 12       		.uleb128 0x12
 1268 00d6 0D       		.uleb128 0xd
 1269 00d7 00       		.byte	0
 1270 00d8 03       		.uleb128 0x3
 1271 00d9 08       		.uleb128 0x8
 1272 00da 3A       		.uleb128 0x3a
 1273 00db 0B       		.uleb128 0xb
 1274 00dc 3B       		.uleb128 0x3b
 1275 00dd 0B       		.uleb128 0xb
 1276 00de 49       		.uleb128 0x49
 1277 00df 13       		.uleb128 0x13
 1278 00e0 38       		.uleb128 0x38
 1279 00e1 0B       		.uleb128 0xb
 1280 00e2 00       		.byte	0
 1281 00e3 00       		.byte	0
 1282 00e4 13       		.uleb128 0x13
 1283 00e5 13       		.uleb128 0x13
 1284 00e6 01       		.byte	0x1
 1285 00e7 0B       		.uleb128 0xb
 1286 00e8 0B       		.uleb128 0xb
 1287 00e9 3A       		.uleb128 0x3a
 1288 00ea 0B       		.uleb128 0xb
 1289 00eb 3B       		.uleb128 0x3b
 1290 00ec 0B       		.uleb128 0xb
 1291 00ed 01       		.uleb128 0x1
 1292 00ee 13       		.uleb128 0x13
 1293 00ef 00       		.byte	0
 1294 00f0 00       		.byte	0
 1295 00f1 14       		.uleb128 0x14
 1296 00f2 17       		.uleb128 0x17
 1297 00f3 01       		.byte	0x1
 1298 00f4 0B       		.uleb128 0xb
 1299 00f5 0B       		.uleb128 0xb
 1300 00f6 3A       		.uleb128 0x3a
 1301 00f7 0B       		.uleb128 0xb
 1302 00f8 3B       		.uleb128 0x3b
 1303 00f9 0B       		.uleb128 0xb
 1304 00fa 01       		.uleb128 0x1
 1305 00fb 13       		.uleb128 0x13
 1306 00fc 00       		.byte	0
 1307 00fd 00       		.byte	0
 1308 00fe 15       		.uleb128 0x15
 1309 00ff 0D       		.uleb128 0xd
 1310 0100 00       		.byte	0
 1311 0101 03       		.uleb128 0x3
ARM GAS  /var/tmp//ccp7k0DU.s 			page 24


 1312 0102 0E       		.uleb128 0xe
 1313 0103 3A       		.uleb128 0x3a
 1314 0104 0B       		.uleb128 0xb
 1315 0105 3B       		.uleb128 0x3b
 1316 0106 05       		.uleb128 0x5
 1317 0107 49       		.uleb128 0x49
 1318 0108 13       		.uleb128 0x13
 1319 0109 00       		.byte	0
 1320 010a 00       		.byte	0
 1321 010b 16       		.uleb128 0x16
 1322 010c 26       		.uleb128 0x26
 1323 010d 00       		.byte	0
 1324 010e 49       		.uleb128 0x49
 1325 010f 13       		.uleb128 0x13
 1326 0110 00       		.byte	0
 1327 0111 00       		.byte	0
 1328 0112 17       		.uleb128 0x17
 1329 0113 01       		.uleb128 0x1
 1330 0114 01       		.byte	0x1
 1331 0115 49       		.uleb128 0x49
 1332 0116 13       		.uleb128 0x13
 1333 0117 01       		.uleb128 0x1
 1334 0118 13       		.uleb128 0x13
 1335 0119 00       		.byte	0
 1336 011a 00       		.byte	0
 1337 011b 18       		.uleb128 0x18
 1338 011c 21       		.uleb128 0x21
 1339 011d 00       		.byte	0
 1340 011e 49       		.uleb128 0x49
 1341 011f 13       		.uleb128 0x13
 1342 0120 2F       		.uleb128 0x2f
 1343 0121 0B       		.uleb128 0xb
 1344 0122 00       		.byte	0
 1345 0123 00       		.byte	0
 1346 0124 19       		.uleb128 0x19
 1347 0125 34       		.uleb128 0x34
 1348 0126 00       		.byte	0
 1349 0127 03       		.uleb128 0x3
 1350 0128 08       		.uleb128 0x8
 1351 0129 3A       		.uleb128 0x3a
 1352 012a 0B       		.uleb128 0xb
 1353 012b 3B       		.uleb128 0x3b
 1354 012c 05       		.uleb128 0x5
 1355 012d 49       		.uleb128 0x49
 1356 012e 13       		.uleb128 0x13
 1357 012f 3F       		.uleb128 0x3f
 1358 0130 19       		.uleb128 0x19
 1359 0131 3C       		.uleb128 0x3c
 1360 0132 19       		.uleb128 0x19
 1361 0133 00       		.byte	0
 1362 0134 00       		.byte	0
 1363 0135 00       		.byte	0
 1364              		.section	.debug_aranges,"",%progbits
 1365 0000 14000000 		.4byte	0x14
 1366 0004 0200     		.2byte	0x2
 1367 0006 00000000 		.4byte	.Ldebug_info0
 1368 000a 04       		.byte	0x4
ARM GAS  /var/tmp//ccp7k0DU.s 			page 25


 1369 000b 00       		.byte	0
 1370 000c 0000     		.2byte	0
 1371 000e 0000     		.2byte	0
 1372 0010 00000000 		.4byte	0
 1373 0014 00000000 		.4byte	0
 1374              		.section	.debug_line,"",%progbits
 1375              	.Ldebug_line0:
 1376 0000 24020000 		.section	.debug_str,"MS",%progbits,1
 1376      02001E02 
 1376      00000201 
 1376      FB0E0D00 
 1376      01010101 
 1377              	.LASF117:
 1378 0000 63665F6F 		.ascii	"cf_off_older\000"
 1378      66665F6F 
 1378      6C646572 
 1378      00
 1379              	.LASF55:
 1380 000d 72656164 		.ascii	"ready_list_t\000"
 1380      795F6C69 
 1380      73745F74 
 1380      00
 1381              	.LASF95:
 1382 001a 77747472 		.ascii	"wttrp\000"
 1382      7000
 1383              	.LASF92:
 1384 0020 7264796D 		.ascii	"rdymsg\000"
 1384      736700
 1385              	.LASF18:
 1386 0027 75696E74 		.ascii	"uint64_t\000"
 1386      36345F74 
 1386      00
 1387              	.LASF4:
 1388 0030 5F5F7569 		.ascii	"__uint8_t\000"
 1388      6E74385F 
 1388      7400
 1389              	.LASF89:
 1390 003a 706F7274 		.ascii	"port_intctx\000"
 1390      5F696E74 
 1390      63747800 
 1391              	.LASF74:
 1392 0046 73797374 		.ascii	"system_debug_t\000"
 1392      656D5F64 
 1392      65627567 
 1392      5F7400
 1393              	.LASF13:
 1394 0055 6C6F6E67 		.ascii	"long long unsigned int\000"
 1394      206C6F6E 
 1394      6720756E 
 1394      7369676E 
 1394      65642069 
 1395              	.LASF113:
 1396 006c 63685F74 		.ascii	"ch_threadsize\000"
 1396      68726561 
 1396      6473697A 
 1396      6500
 1397              	.LASF93:
ARM GAS  /var/tmp//ccp7k0DU.s 			page 26


 1398 007a 65786974 		.ascii	"exitcode\000"
 1398      636F6465 
 1398      00
 1399              	.LASF81:
 1400 0083 6D61696E 		.ascii	"mainthread\000"
 1400      74687265 
 1400      616400
 1401              	.LASF71:
 1402 008e 76697274 		.ascii	"virtual_timers_list_t\000"
 1402      75616C5F 
 1402      74696D65 
 1402      72735F6C 
 1402      6973745F 
 1403              	.LASF84:
 1404 00a4 49544D5F 		.ascii	"ITM_RxBuffer\000"
 1404      52784275 
 1404      66666572 
 1404      00
 1405              	.LASF130:
 1406 00b1 2F557365 		.ascii	"/Users/yanrudall/Documents/eBike/eBikeTestApplicati"
 1406      72732F79 
 1406      616E7275 
 1406      64616C6C 
 1406      2F446F63 
 1407 00e4 6F6E2F65 		.ascii	"on/eBikeTestApplication\000"
 1407      42696B65 
 1407      54657374 
 1407      4170706C 
 1407      69636174 
 1408              	.LASF54:
 1409 00fc 63685F74 		.ascii	"ch_threads_queue\000"
 1409      68726561 
 1409      64735F71 
 1409      75657565 
 1409      00
 1410              	.LASF32:
 1411 010d 705F7072 		.ascii	"p_prio\000"
 1411      696F00
 1412              	.LASF120:
 1413 0114 63665F6F 		.ascii	"cf_off_state\000"
 1413      66665F73 
 1413      74617465 
 1413      00
 1414              	.LASF11:
 1415 0121 6C6F6E67 		.ascii	"long long int\000"
 1415      206C6F6E 
 1415      6720696E 
 1415      7400
 1416              	.LASF1:
 1417 012f 7369676E 		.ascii	"signed char\000"
 1417      65642063 
 1417      68617200 
 1418              	.LASF119:
 1419 013b 63665F6F 		.ascii	"cf_off_stklimit\000"
 1419      66665F73 
 1419      746B6C69 
 1419      6D697400 
ARM GAS  /var/tmp//ccp7k0DU.s 			page 27


 1420              	.LASF121:
 1421 014b 63665F6F 		.ascii	"cf_off_flags\000"
 1421      66665F66 
 1421      6C616773 
 1421      00
 1422              	.LASF48:
 1423 0158 705F6D70 		.ascii	"p_mpool\000"
 1423      6F6F6C00 
 1424              	.LASF103:
 1425 0160 6D5F7175 		.ascii	"m_queue\000"
 1425      65756500 
 1426              	.LASF80:
 1427 0168 76746C69 		.ascii	"vtlist\000"
 1427      737400
 1428              	.LASF23:
 1429 016f 74736C69 		.ascii	"tslices_t\000"
 1429      6365735F 
 1429      7400
 1430              	.LASF78:
 1431 0179 63685F73 		.ascii	"ch_system\000"
 1431      79737465 
 1431      6D00
 1432              	.LASF8:
 1433 0183 6C6F6E67 		.ascii	"long int\000"
 1433      20696E74 
 1433      00
 1434              	.LASF21:
 1435 018c 74737461 		.ascii	"tstate_t\000"
 1435      74655F74 
 1435      00
 1436              	.LASF125:
 1437 0195 63686465 		.ascii	"chdebug_t\000"
 1437      6275675F 
 1437      7400
 1438              	.LASF34:
 1439 019f 705F6E65 		.ascii	"p_newer\000"
 1439      77657200 
 1440              	.LASF100:
 1441 01a7 735F7175 		.ascii	"s_queue\000"
 1441      65756500 
 1442              	.LASF60:
 1443 01af 725F6E65 		.ascii	"r_newer\000"
 1443      77657200 
 1444              	.LASF86:
 1445 01b7 72656761 		.ascii	"regarm_t\000"
 1445      726D5F74 
 1445      00
 1446              	.LASF67:
 1447 01c0 76745F70 		.ascii	"vt_prev\000"
 1447      72657600 
 1448              	.LASF127:
 1449 01c8 6D757465 		.ascii	"mutex_t\000"
 1449      785F7400 
 1450              	.LASF82:
 1451 01d0 69646C65 		.ascii	"idle_thread_wa\000"
 1451      5F746872 
 1451      6561645F 
ARM GAS  /var/tmp//ccp7k0DU.s 			page 28


 1451      776100
 1452              	.LASF27:
 1453 01df 636E745F 		.ascii	"cnt_t\000"
 1453      7400
 1454              	.LASF0:
 1455 01e5 756E7369 		.ascii	"unsigned int\000"
 1455      676E6564 
 1455      20696E74 
 1455      00
 1456              	.LASF66:
 1457 01f2 76745F6E 		.ascii	"vt_next\000"
 1457      65787400 
 1458              	.LASF15:
 1459 01fa 75696E74 		.ascii	"uint16_t\000"
 1459      31365F74 
 1459      00
 1460              	.LASF85:
 1461 0203 53797374 		.ascii	"SystemCoreClock\000"
 1461      656D436F 
 1461      7265436C 
 1461      6F636B00 
 1462              	.LASF41:
 1463 0213 705F7469 		.ascii	"p_time\000"
 1463      6D6500
 1464              	.LASF96:
 1465 021a 77747365 		.ascii	"wtsemp\000"
 1465      6D7000
 1466              	.LASF68:
 1467 0221 76745F64 		.ascii	"vt_delta\000"
 1467      656C7461 
 1467      00
 1468              	.LASF43:
 1469 022a 705F6D73 		.ascii	"p_msgqueue\000"
 1469      67717565 
 1469      756500
 1470              	.LASF126:
 1471 0235 63685F64 		.ascii	"ch_debug\000"
 1471      65627567 
 1471      00
 1472              	.LASF101:
 1473 023e 735F636E 		.ascii	"s_cnt\000"
 1473      7400
 1474              	.LASF6:
 1475 0244 73686F72 		.ascii	"short unsigned int\000"
 1475      7420756E 
 1475      7369676E 
 1475      65642069 
 1475      6E7400
 1476              	.LASF51:
 1477 0257 63685F74 		.ascii	"ch_thread\000"
 1477      68726561 
 1477      6400
 1478              	.LASF25:
 1479 0261 6D73675F 		.ascii	"msg_t\000"
 1479      7400
 1480              	.LASF77:
 1481 0267 63685F73 		.ascii	"ch_system_t\000"
ARM GAS  /var/tmp//ccp7k0DU.s 			page 29


 1481      79737465 
 1481      6D5F7400 
 1482              	.LASF124:
 1483 0273 63665F6F 		.ascii	"cf_off_time\000"
 1483      66665F74 
 1483      696D6500 
 1484              	.LASF56:
 1485 027f 63685F72 		.ascii	"ch_ready_list\000"
 1485      65616479 
 1485      5F6C6973 
 1485      7400
 1486              	.LASF26:
 1487 028d 6576656E 		.ascii	"eventmask_t\000"
 1487      746D6173 
 1487      6B5F7400 
 1488              	.LASF7:
 1489 0299 5F5F696E 		.ascii	"__int32_t\000"
 1489      7433325F 
 1489      7400
 1490              	.LASF87:
 1491 02a3 73746B61 		.ascii	"stkalign_t\000"
 1491      6C69676E 
 1491      5F7400
 1492              	.LASF128:
 1493 02ae 474E5520 		.ascii	"GNU C99 6.3.1 20170620 (release) [ARM/embedded-6-br"
 1493      43393920 
 1493      362E332E 
 1493      31203230 
 1493      31373036 
 1494 02e1 616E6368 		.ascii	"anch revision 249437] -mcpu=cortex-m4 -mfloat-abi=h"
 1494      20726576 
 1494      6973696F 
 1494      6E203234 
 1494      39343337 
 1495 0314 61726420 		.ascii	"ard -mfpu=fpv4-sp-d16 -mno-thumb-interwork -mthumb "
 1495      2D6D6670 
 1495      753D6670 
 1495      76342D73 
 1495      702D6431 
 1496 0347 2D676764 		.ascii	"-ggdb -O2 -std=gnu99 -fomit-frame-pointer -falign-f"
 1496      62202D4F 
 1496      32202D73 
 1496      74643D67 
 1496      6E753939 
 1497 037a 756E6374 		.ascii	"unctions=16 -ffunction-sections -fdata-sections -fn"
 1497      696F6E73 
 1497      3D313620 
 1497      2D666675 
 1497      6E637469 
 1498 03ad 6F2D636F 		.ascii	"o-common -fsingle-precision-constant\000"
 1498      6D6D6F6E 
 1498      202D6673 
 1498      696E676C 
 1498      652D7072 
 1499              	.LASF50:
 1500 03d2 74687265 		.ascii	"threads_list_t\000"
 1500      6164735F 
ARM GAS  /var/tmp//ccp7k0DU.s 			page 30


 1500      6C697374 
 1500      5F7400
 1501              	.LASF108:
 1502 03e1 63685F7A 		.ascii	"ch_zero\000"
 1502      65726F00 
 1503              	.LASF122:
 1504 03e9 63665F6F 		.ascii	"cf_off_refs\000"
 1504      66665F72 
 1504      65667300 
 1505              	.LASF42:
 1506 03f5 705F7761 		.ascii	"p_waiting\000"
 1506      6974696E 
 1506      6700
 1507              	.LASF83:
 1508 03ff 73697A65 		.ascii	"sizetype\000"
 1508      74797065 
 1508      00
 1509              	.LASF72:
 1510 0408 63685F76 		.ascii	"ch_virtual_timers_list\000"
 1510      69727475 
 1510      616C5F74 
 1510      696D6572 
 1510      735F6C69 
 1511              	.LASF112:
 1512 041f 63685F74 		.ascii	"ch_timesize\000"
 1512      696D6573 
 1512      697A6500 
 1513              	.LASF118:
 1514 042b 63665F6F 		.ascii	"cf_off_name\000"
 1514      66665F6E 
 1514      616D6500 
 1515              	.LASF35:
 1516 0437 705F6F6C 		.ascii	"p_older\000"
 1516      64657200 
 1517              	.LASF129:
 1518 043f 43686962 		.ascii	"ChibiOS_3.0.2/os/rt/ports/ARMCMx/chcore.c\000"
 1518      694F535F 
 1518      332E302E 
 1518      322F6F73 
 1518      2F72742F 
 1519              	.LASF59:
 1520 0469 725F6374 		.ascii	"r_ctx\000"
 1520      7800
 1521              	.LASF33:
 1522 046f 705F6374 		.ascii	"p_ctx\000"
 1522      7800
 1523              	.LASF91:
 1524 0475 746D5F63 		.ascii	"tm_calibration_t\000"
 1524      616C6962 
 1524      72617469 
 1524      6F6E5F74 
 1524      00
 1525              	.LASF62:
 1526 0486 725F6375 		.ascii	"r_current\000"
 1526      7272656E 
 1526      7400
 1527              	.LASF61:
ARM GAS  /var/tmp//ccp7k0DU.s 			page 31


 1528 0490 725F6F6C 		.ascii	"r_older\000"
 1528      64657200 
 1529              	.LASF12:
 1530 0498 5F5F7569 		.ascii	"__uint64_t\000"
 1530      6E743634 
 1530      5F7400
 1531              	.LASF22:
 1532 04a3 74726566 		.ascii	"trefs_t\000"
 1532      735F7400 
 1533              	.LASF111:
 1534 04ab 63685F70 		.ascii	"ch_ptrsize\000"
 1534      74727369 
 1534      7A6500
 1535              	.LASF64:
 1536 04b6 76697274 		.ascii	"virtual_timer_t\000"
 1536      75616C5F 
 1536      74696D65 
 1536      725F7400 
 1537              	.LASF31:
 1538 04c6 705F7072 		.ascii	"p_prev\000"
 1538      657600
 1539              	.LASF24:
 1540 04cd 74707269 		.ascii	"tprio_t\000"
 1540      6F5F7400 
 1541              	.LASF75:
 1542 04d5 63685F73 		.ascii	"ch_system_debug\000"
 1542      79737465 
 1542      6D5F6465 
 1542      62756700 
 1543              	.LASF16:
 1544 04e5 696E7433 		.ascii	"int32_t\000"
 1544      325F7400 
 1545              	.LASF2:
 1546 04ed 756E7369 		.ascii	"unsigned char\000"
 1546      676E6564 
 1546      20636861 
 1546      7200
 1547              	.LASF46:
 1548 04fb 705F6D74 		.ascii	"p_mtxlist\000"
 1548      786C6973 
 1548      7400
 1549              	.LASF3:
 1550 0505 73686F72 		.ascii	"short int\000"
 1550      7420696E 
 1550      7400
 1551              	.LASF37:
 1552 050f 705F7374 		.ascii	"p_state\000"
 1552      61746500 
 1553              	.LASF40:
 1554 0517 705F7072 		.ascii	"p_preempt\000"
 1554      65656D70 
 1554      7400
 1555              	.LASF58:
 1556 0521 725F7072 		.ascii	"r_prio\000"
 1556      696F00
 1557              	.LASF98:
 1558 0528 65776D61 		.ascii	"ewmask\000"
ARM GAS  /var/tmp//ccp7k0DU.s 			page 32


 1558      736B00
 1559              	.LASF30:
 1560 052f 705F6E65 		.ascii	"p_next\000"
 1560      787400
 1561              	.LASF20:
 1562 0536 746D6F64 		.ascii	"tmode_t\000"
 1562      655F7400 
 1563              	.LASF123:
 1564 053e 63665F6F 		.ascii	"cf_off_preempt\000"
 1564      66665F70 
 1564      7265656D 
 1564      707400
 1565              	.LASF38:
 1566 054d 705F666C 		.ascii	"p_flags\000"
 1566      61677300 
 1567              	.LASF53:
 1568 0555 74687265 		.ascii	"threads_queue_t\000"
 1568      6164735F 
 1568      71756575 
 1568      655F7400 
 1569              	.LASF65:
 1570 0565 63685F76 		.ascii	"ch_virtual_timer\000"
 1570      69727475 
 1570      616C5F74 
 1570      696D6572 
 1570      00
 1571              	.LASF116:
 1572 0576 63665F6F 		.ascii	"cf_off_newer\000"
 1572      66665F6E 
 1572      65776572 
 1572      00
 1573              	.LASF99:
 1574 0583 63685F73 		.ascii	"ch_semaphore\000"
 1574      656D6170 
 1574      686F7265 
 1574      00
 1575              	.LASF45:
 1576 0590 705F6570 		.ascii	"p_epending\000"
 1576      656E6469 
 1576      6E6700
 1577              	.LASF17:
 1578 059b 75696E74 		.ascii	"uint32_t\000"
 1578      33325F74 
 1578      00
 1579              	.LASF114:
 1580 05a4 63665F6F 		.ascii	"cf_off_prio\000"
 1580      66665F70 
 1580      72696F00 
 1581              	.LASF57:
 1582 05b0 725F7175 		.ascii	"r_queue\000"
 1582      65756500 
 1583              	.LASF52:
 1584 05b8 63685F74 		.ascii	"ch_threads_list\000"
 1584      68726561 
 1584      64735F6C 
 1584      69737400 
 1585              	.LASF109:
ARM GAS  /var/tmp//ccp7k0DU.s 			page 33


 1586 05c8 63685F73 		.ascii	"ch_size\000"
 1586      697A6500 
 1587              	.LASF10:
 1588 05d0 6C6F6E67 		.ascii	"long unsigned int\000"
 1588      20756E73 
 1588      69676E65 
 1588      6420696E 
 1588      7400
 1589              	.LASF106:
 1590 05e2 63686172 		.ascii	"char\000"
 1590      00
 1591              	.LASF97:
 1592 05e7 77746D74 		.ascii	"wtmtxp\000"
 1592      787000
 1593              	.LASF5:
 1594 05ee 5F5F7569 		.ascii	"__uint16_t\000"
 1594      6E743136 
 1594      5F7400
 1595              	.LASF29:
 1596 05f9 74687265 		.ascii	"thread_t\000"
 1596      61645F74 
 1596      00
 1597              	.LASF105:
 1598 0602 6D5F6E65 		.ascii	"m_next\000"
 1598      787400
 1599              	.LASF28:
 1600 0609 73797374 		.ascii	"systime_t\000"
 1600      696D655F 
 1600      7400
 1601              	.LASF47:
 1602 0613 705F7265 		.ascii	"p_realprio\000"
 1602      616C7072 
 1602      696F00
 1603              	.LASF63:
 1604 061e 76746675 		.ascii	"vtfunc_t\000"
 1604      6E635F74 
 1604      00
 1605              	.LASF9:
 1606 0627 5F5F7569 		.ascii	"__uint32_t\000"
 1606      6E743332 
 1606      5F7400
 1607              	.LASF76:
 1608 0632 70616E69 		.ascii	"panic_msg\000"
 1608      635F6D73 
 1608      6700
 1609              	.LASF90:
 1610 063c 6F666673 		.ascii	"offset\000"
 1610      657400
 1611              	.LASF88:
 1612 0643 636F6E74 		.ascii	"context\000"
 1612      65787400 
 1613              	.LASF44:
 1614 064b 705F6D73 		.ascii	"p_msg\000"
 1614      6700
 1615              	.LASF19:
 1616 0651 7274636E 		.ascii	"rtcnt_t\000"
 1616      745F7400 
ARM GAS  /var/tmp//ccp7k0DU.s 			page 34


 1617              	.LASF70:
 1618 0659 76745F70 		.ascii	"vt_par\000"
 1618      617200
 1619              	.LASF115:
 1620 0660 63665F6F 		.ascii	"cf_off_ctx\000"
 1620      66665F63 
 1620      747800
 1621              	.LASF102:
 1622 066b 63685F6D 		.ascii	"ch_mutex\000"
 1622      75746578 
 1622      00
 1623              	.LASF39:
 1624 0674 705F7265 		.ascii	"p_refs\000"
 1624      667300
 1625              	.LASF79:
 1626 067b 726C6973 		.ascii	"rlist\000"
 1626      7400
 1627              	.LASF14:
 1628 0681 75696E74 		.ascii	"uint8_t\000"
 1628      385F7400 
 1629              	.LASF49:
 1630 0689 74687265 		.ascii	"thread_reference_t\000"
 1630      61645F72 
 1630      65666572 
 1630      656E6365 
 1630      5F7400
 1631              	.LASF94:
 1632 069c 77746F62 		.ascii	"wtobjp\000"
 1632      6A7000
 1633              	.LASF36:
 1634 06a3 705F6E61 		.ascii	"p_name\000"
 1634      6D6500
 1635              	.LASF73:
 1636 06aa 76745F73 		.ascii	"vt_systime\000"
 1636      79737469 
 1636      6D6500
 1637              	.LASF110:
 1638 06b5 63685F76 		.ascii	"ch_version\000"
 1638      65727369 
 1638      6F6E00
 1639              	.LASF104:
 1640 06c0 6D5F6F77 		.ascii	"m_owner\000"
 1640      6E657200 
 1641              	.LASF107:
 1642 06c8 63685F69 		.ascii	"ch_identifier\000"
 1642      64656E74 
 1642      69666965 
 1642      7200
 1643              	.LASF69:
 1644 06d6 76745F66 		.ascii	"vt_func\000"
 1644      756E6300 
 1645              		.ident	"GCC: (GNU Tools for ARM Embedded Processors 6-2017-q2-update) 6.3.1 20170620 (release) [AR
ARM GAS  /var/tmp//ccp7k0DU.s 			page 35


DEFINED SYMBOLS
                            *ABS*:0000000000000000 chcore.c

NO UNDEFINED SYMBOLS
