ARM GAS  /var/tmp//ccjAXHKF.s 			page 1


   1              		.cpu cortex-m4
   2              		.eabi_attribute 27, 1
   3              		.eabi_attribute 28, 1
   4              		.eabi_attribute 20, 1
   5              		.eabi_attribute 21, 1
   6              		.eabi_attribute 23, 3
   7              		.eabi_attribute 24, 1
   8              		.eabi_attribute 25, 1
   9              		.eabi_attribute 26, 1
  10              		.eabi_attribute 30, 2
  11              		.eabi_attribute 34, 1
  12              		.eabi_attribute 18, 4
  13              		.file	"chvt.c"
  14              		.text
  15              	.Ltext0:
  16              		.cfi_sections	.debug_frame
  17              		.section	.text._vt_init,"ax",%progbits
  18              		.align	1
  19              		.p2align 4,,15
  20              		.global	_vt_init
  21              		.syntax unified
  22              		.thumb
  23              		.thumb_func
  24              		.fpu fpv4-sp-d16
  25              		.type	_vt_init, %function
  26              	_vt_init:
  27              	.LFB219:
  28              		.file 1 "ChibiOS_3.0.2/os/rt/src/chvt.c"
  29              		.loc 1 61 0
  30              		.cfi_startproc
  31              		@ args = 0, pretend = 0, frame = 0
  32              		@ frame_needed = 0, uses_anonymous_args = 0
  33              		@ link register save eliminated.
  34              		.loc 1 63 0
  35 0000 054B     		ldr	r3, .L2
  36              		.loc 1 65 0
  37 0002 4FF0FF30 		mov	r0, #-1
  38              		.loc 1 63 0
  39 0006 03F11C02 		add	r2, r3, #28
  40              		.loc 1 67 0
  41 000a 0021     		movs	r1, #0
  42              		.loc 1 65 0
  43 000c 5862     		str	r0, [r3, #36]
  44              		.loc 1 67 0
  45 000e 9962     		str	r1, [r3, #40]
  46              		.loc 1 63 0
  47 0010 DA61     		str	r2, [r3, #28]
  48              		.loc 1 64 0
  49 0012 1A62     		str	r2, [r3, #32]
  50 0014 7047     		bx	lr
  51              	.L3:
  52 0016 00BF     		.align	2
  53              	.L2:
  54 0018 00000000 		.word	ch
  55              		.cfi_endproc
  56              	.LFE219:
  57              		.size	_vt_init, .-_vt_init
ARM GAS  /var/tmp//ccjAXHKF.s 			page 2


  58              		.section	.text.chVTDoSetI,"ax",%progbits
  59              		.align	1
  60              		.p2align 4,,15
  61              		.global	chVTDoSetI
  62              		.syntax unified
  63              		.thumb
  64              		.thumb_func
  65              		.fpu fpv4-sp-d16
  66              		.type	chVTDoSetI, %function
  67              	chVTDoSetI:
  68              	.LFB220:
  69              		.loc 1 96 0
  70              		.cfi_startproc
  71              		@ args = 0, pretend = 0, frame = 0
  72              		@ frame_needed = 0, uses_anonymous_args = 0
  73              		@ link register save eliminated.
  74              	.LVL0:
  75 0000 70B4     		push	{r4, r5, r6}
  76              		.cfi_def_cfa_offset 12
  77              		.cfi_offset 4, -12
  78              		.cfi_offset 5, -8
  79              		.cfi_offset 6, -4
  80              		.loc 1 150 0
  81 0002 0D4E     		ldr	r6, .L10
  82 0004 F469     		ldr	r4, [r6, #28]
  83              		.loc 1 151 0
  84 0006 A568     		ldr	r5, [r4, #8]
  85              		.loc 1 103 0
  86 0008 0361     		str	r3, [r0, #16]
  87              		.loc 1 151 0
  88 000a A942     		cmp	r1, r5
  89              		.loc 1 104 0
  90 000c C260     		str	r2, [r0, #12]
  91              	.LVL1:
  92              		.loc 1 151 0
  93 000e 04D9     		bls	.L5
  94              	.LVL2:
  95              	.L6:
  96              		.loc 1 153 0
  97 0010 2468     		ldr	r4, [r4]
  98              	.LVL3:
  99              		.loc 1 152 0
 100 0012 491B     		subs	r1, r1, r5
 101              	.LVL4:
 102              		.loc 1 151 0
 103 0014 A568     		ldr	r5, [r4, #8]
 104 0016 8D42     		cmp	r5, r1
 105 0018 FAD3     		bcc	.L6
 106              	.L5:
 107              		.loc 1 158 0
 108 001a 6368     		ldr	r3, [r4, #4]
 109              	.LVL5:
 110 001c 4360     		str	r3, [r0, #4]
 111              		.loc 1 157 0
 112 001e 0460     		str	r4, [r0]
 113              		.loc 1 159 0
 114 0020 1860     		str	r0, [r3]
ARM GAS  /var/tmp//ccjAXHKF.s 			page 3


 115              		.loc 1 160 0
 116 0022 6060     		str	r0, [r4, #4]
 117              		.loc 1 161 0
 118 0024 8160     		str	r1, [r0, #8]
 119              		.loc 1 165 0
 120 0026 A368     		ldr	r3, [r4, #8]
 121              		.loc 1 166 0
 122 0028 4FF0FF32 		mov	r2, #-1
 123              	.LVL6:
 124              		.loc 1 165 0
 125 002c 591A     		subs	r1, r3, r1
 126              	.LVL7:
 127 002e A160     		str	r1, [r4, #8]
 128              	.LVL8:
 129              		.loc 1 166 0
 130 0030 7262     		str	r2, [r6, #36]
 131              		.loc 1 167 0
 132 0032 70BC     		pop	{r4, r5, r6}
 133              		.cfi_restore 6
 134              		.cfi_restore 5
 135              		.cfi_restore 4
 136              		.cfi_def_cfa_offset 0
 137              	.LVL9:
 138 0034 7047     		bx	lr
 139              	.L11:
 140 0036 00BF     		.align	2
 141              	.L10:
 142 0038 00000000 		.word	ch
 143              		.cfi_endproc
 144              	.LFE220:
 145              		.size	chVTDoSetI, .-chVTDoSetI
 146              		.section	.text.chVTDoResetI,"ax",%progbits
 147              		.align	1
 148              		.p2align 4,,15
 149              		.global	chVTDoResetI
 150              		.syntax unified
 151              		.thumb
 152              		.thumb_func
 153              		.fpu fpv4-sp-d16
 154              		.type	chVTDoResetI, %function
 155              	chVTDoResetI:
 156              	.LFB221:
 157              		.loc 1 177 0
 158              		.cfi_startproc
 159              		@ args = 0, pretend = 0, frame = 0
 160              		@ frame_needed = 0, uses_anonymous_args = 0
 161              		@ link register save eliminated.
 162              	.LVL10:
 163              		.loc 1 186 0
 164 0000 0368     		ldr	r3, [r0]
 165              		.loc 1 189 0
 166 0002 4168     		ldr	r1, [r0, #4]
 167              		.loc 1 186 0
 168 0004 9A68     		ldr	r2, [r3, #8]
 169              		.loc 1 177 0
 170 0006 30B4     		push	{r4, r5}
 171              		.cfi_def_cfa_offset 8
ARM GAS  /var/tmp//ccjAXHKF.s 			page 4


 172              		.cfi_offset 4, -8
 173              		.cfi_offset 5, -4
 174              		.loc 1 186 0
 175 0008 8568     		ldr	r5, [r0, #8]
 176              		.loc 1 195 0
 177 000a 064C     		ldr	r4, .L14
 178              		.loc 1 186 0
 179 000c 2A44     		add	r2, r2, r5
 180 000e 9A60     		str	r2, [r3, #8]
 181              		.loc 1 189 0
 182 0010 0B60     		str	r3, [r1]
 183              		.loc 1 190 0
 184 0012 0568     		ldr	r5, [r0]
 185              		.loc 1 191 0
 186 0014 0022     		movs	r2, #0
 187              		.loc 1 195 0
 188 0016 4FF0FF33 		mov	r3, #-1
 189              		.loc 1 190 0
 190 001a 6960     		str	r1, [r5, #4]
 191              		.loc 1 191 0
 192 001c C260     		str	r2, [r0, #12]
 193              		.loc 1 195 0
 194 001e 6362     		str	r3, [r4, #36]
 195              		.loc 1 255 0
 196 0020 30BC     		pop	{r4, r5}
 197              		.cfi_restore 5
 198              		.cfi_restore 4
 199              		.cfi_def_cfa_offset 0
 200 0022 7047     		bx	lr
 201              	.L15:
 202              		.align	2
 203              	.L14:
 204 0024 00000000 		.word	ch
 205              		.cfi_endproc
 206              	.LFE221:
 207              		.size	chVTDoResetI, .-chVTDoResetI
 208              		.text
 209              	.Letext0:
 210              		.file 2 "/usr/local/gcc_arm/gcc-arm-none-eabi-6-2017-q2-update/arm-none-eabi/include/machine/_defa
 211              		.file 3 "/usr/local/gcc_arm/gcc-arm-none-eabi-6-2017-q2-update/arm-none-eabi/include/sys/_stdint.h
 212              		.file 4 "ChibiOS_3.0.2/os/rt/ports/ARMCMx/compilers/GCC/chtypes.h"
 213              		.file 5 "ChibiOS_3.0.2/os/rt/include/chsystypes.h"
 214              		.file 6 "ChibiOS_3.0.2/os/rt/include/chschd.h"
 215              		.file 7 "ChibiOS_3.0.2/os/ext/CMSIS/include/core_cm4.h"
 216              		.file 8 "ChibiOS_3.0.2/os/ext/CMSIS/ST/system_stm32f4xx.h"
 217              		.file 9 "ChibiOS_3.0.2/os/rt/ports/ARMCMx/chcore.h"
 218              		.file 10 "ChibiOS_3.0.2/os/rt/ports/ARMCMx/chcore_v7m.h"
 219              		.file 11 "ChibiOS_3.0.2/os/rt/include/chtm.h"
 220              		.file 12 "ChibiOS_3.0.2/os/rt/include/chsem.h"
 221              		.file 13 "ChibiOS_3.0.2/os/rt/include/chmtx.h"
 222              		.file 14 "ChibiOS_3.0.2/os/rt/include/chregistry.h"
 223              		.section	.debug_info,"",%progbits
 224              	.Ldebug_info0:
 225 0000 26090000 		.4byte	0x926
 226 0004 0400     		.2byte	0x4
 227 0006 00000000 		.4byte	.Ldebug_abbrev0
 228 000a 04       		.byte	0x4
ARM GAS  /var/tmp//ccjAXHKF.s 			page 5


 229 000b 01       		.uleb128 0x1
 230 000c A1020000 		.4byte	.LASF134
 231 0010 0C       		.byte	0xc
 232 0011 4B060000 		.4byte	.LASF135
 233 0015 3A020000 		.4byte	.LASF136
 234 0019 00000000 		.4byte	.Ldebug_ranges0+0
 235 001d 00000000 		.4byte	0
 236 0021 00000000 		.4byte	.Ldebug_line0
 237 0025 02       		.uleb128 0x2
 238 0026 04       		.byte	0x4
 239 0027 05       		.byte	0x5
 240 0028 696E7400 		.ascii	"int\000"
 241 002c 03       		.uleb128 0x3
 242 002d 04       		.byte	0x4
 243 002e 07       		.byte	0x7
 244 002f B8010000 		.4byte	.LASF0
 245 0033 03       		.uleb128 0x3
 246 0034 01       		.byte	0x1
 247 0035 06       		.byte	0x6
 248 0036 0C010000 		.4byte	.LASF1
 249 003a 04       		.uleb128 0x4
 250 003b 42000000 		.4byte	.LASF4
 251 003f 02       		.byte	0x2
 252 0040 2B       		.byte	0x2b
 253 0041 45000000 		.4byte	0x45
 254 0045 03       		.uleb128 0x3
 255 0046 01       		.byte	0x1
 256 0047 08       		.byte	0x8
 257 0048 B6040000 		.4byte	.LASF2
 258 004c 03       		.uleb128 0x3
 259 004d 02       		.byte	0x2
 260 004e 05       		.byte	0x5
 261 004f D4040000 		.4byte	.LASF3
 262 0053 04       		.uleb128 0x4
 263 0054 C6050000 		.4byte	.LASF5
 264 0058 02       		.byte	0x2
 265 0059 39       		.byte	0x39
 266 005a 5E000000 		.4byte	0x5e
 267 005e 03       		.uleb128 0x3
 268 005f 02       		.byte	0x2
 269 0060 07       		.byte	0x7
 270 0061 17020000 		.4byte	.LASF6
 271 0065 04       		.uleb128 0x4
 272 0066 8C020000 		.4byte	.LASF7
 273 006a 02       		.byte	0x2
 274 006b 4D       		.byte	0x4d
 275 006c 70000000 		.4byte	0x70
 276 0070 03       		.uleb128 0x3
 277 0071 04       		.byte	0x4
 278 0072 05       		.byte	0x5
 279 0073 60010000 		.4byte	.LASF8
 280 0077 04       		.uleb128 0x4
 281 0078 FF050000 		.4byte	.LASF9
 282 007c 02       		.byte	0x2
 283 007d 4F       		.byte	0x4f
 284 007e 82000000 		.4byte	0x82
 285 0082 03       		.uleb128 0x3
ARM GAS  /var/tmp//ccjAXHKF.s 			page 6


 286 0083 04       		.byte	0x4
 287 0084 07       		.byte	0x7
 288 0085 A8050000 		.4byte	.LASF10
 289 0089 03       		.uleb128 0x3
 290 008a 08       		.byte	0x8
 291 008b 05       		.byte	0x5
 292 008c FE000000 		.4byte	.LASF11
 293 0090 04       		.uleb128 0x4
 294 0091 61040000 		.4byte	.LASF12
 295 0095 02       		.byte	0x2
 296 0096 69       		.byte	0x69
 297 0097 9B000000 		.4byte	0x9b
 298 009b 03       		.uleb128 0x3
 299 009c 08       		.byte	0x8
 300 009d 07       		.byte	0x7
 301 009e 67000000 		.4byte	.LASF13
 302 00a2 04       		.uleb128 0x4
 303 00a3 8B060000 		.4byte	.LASF14
 304 00a7 03       		.byte	0x3
 305 00a8 18       		.byte	0x18
 306 00a9 3A000000 		.4byte	0x3a
 307 00ad 04       		.uleb128 0x4
 308 00ae CD010000 		.4byte	.LASF15
 309 00b2 03       		.byte	0x3
 310 00b3 24       		.byte	0x24
 311 00b4 53000000 		.4byte	0x53
 312 00b8 04       		.uleb128 0x4
 313 00b9 AE040000 		.4byte	.LASF16
 314 00bd 03       		.byte	0x3
 315 00be 2C       		.byte	0x2c
 316 00bf 65000000 		.4byte	0x65
 317 00c3 05       		.uleb128 0x5
 318 00c4 B8000000 		.4byte	0xb8
 319 00c8 04       		.uleb128 0x4
 320 00c9 73050000 		.4byte	.LASF17
 321 00cd 03       		.byte	0x3
 322 00ce 30       		.byte	0x30
 323 00cf 77000000 		.4byte	0x77
 324 00d3 04       		.uleb128 0x4
 325 00d4 2D000000 		.4byte	.LASF18
 326 00d8 03       		.byte	0x3
 327 00d9 3C       		.byte	0x3c
 328 00da 90000000 		.4byte	0x90
 329 00de 04       		.uleb128 0x4
 330 00df 35060000 		.4byte	.LASF19
 331 00e3 04       		.byte	0x4
 332 00e4 45       		.byte	0x45
 333 00e5 C8000000 		.4byte	0xc8
 334 00e9 04       		.uleb128 0x4
 335 00ea 05050000 		.4byte	.LASF20
 336 00ee 04       		.byte	0x4
 337 00ef 48       		.byte	0x48
 338 00f0 A2000000 		.4byte	0xa2
 339 00f4 04       		.uleb128 0x4
 340 00f5 69010000 		.4byte	.LASF21
 341 00f9 04       		.byte	0x4
 342 00fa 49       		.byte	0x49
ARM GAS  /var/tmp//ccjAXHKF.s 			page 7


 343 00fb A2000000 		.4byte	0xa2
 344 00ff 04       		.uleb128 0x4
 345 0100 6C040000 		.4byte	.LASF22
 346 0104 04       		.byte	0x4
 347 0105 4A       		.byte	0x4a
 348 0106 A2000000 		.4byte	0xa2
 349 010a 04       		.uleb128 0x4
 350 010b 4C010000 		.4byte	.LASF23
 351 010f 04       		.byte	0x4
 352 0110 4B       		.byte	0x4b
 353 0111 A2000000 		.4byte	0xa2
 354 0115 04       		.uleb128 0x4
 355 0116 96040000 		.4byte	.LASF24
 356 011a 04       		.byte	0x4
 357 011b 4C       		.byte	0x4c
 358 011c C8000000 		.4byte	0xc8
 359 0120 04       		.uleb128 0x4
 360 0121 34020000 		.4byte	.LASF25
 361 0125 04       		.byte	0x4
 362 0126 4D       		.byte	0x4d
 363 0127 B8000000 		.4byte	0xb8
 364 012b 04       		.uleb128 0x4
 365 012c 36000000 		.4byte	.LASF26
 366 0130 04       		.byte	0x4
 367 0131 4F       		.byte	0x4f
 368 0132 C8000000 		.4byte	0xc8
 369 0136 04       		.uleb128 0x4
 370 0137 B2010000 		.4byte	.LASF27
 371 013b 04       		.byte	0x4
 372 013c 51       		.byte	0x51
 373 013d B8000000 		.4byte	0xb8
 374 0141 04       		.uleb128 0x4
 375 0142 E1050000 		.4byte	.LASF28
 376 0146 05       		.byte	0x5
 377 0147 33       		.byte	0x33
 378 0148 C8000000 		.4byte	0xc8
 379 014c 05       		.uleb128 0x5
 380 014d 41010000 		.4byte	0x141
 381 0151 04       		.uleb128 0x4
 382 0152 D1050000 		.4byte	.LASF29
 383 0156 05       		.byte	0x5
 384 0157 3F       		.byte	0x3f
 385 0158 5C010000 		.4byte	0x15c
 386 015c 06       		.uleb128 0x6
 387 015d 2A020000 		.4byte	.LASF51
 388 0161 48       		.byte	0x48
 389 0162 06       		.byte	0x6
 390 0163 C2       		.byte	0xc2
 391 0164 61020000 		.4byte	0x261
 392 0168 07       		.uleb128 0x7
 393 0169 FE040000 		.4byte	.LASF30
 394 016d 06       		.byte	0x6
 395 016e C3       		.byte	0xc3
 396 016f 6C020000 		.4byte	0x26c
 397 0173 00       		.byte	0
 398 0174 07       		.uleb128 0x7
 399 0175 8F040000 		.4byte	.LASF31
ARM GAS  /var/tmp//ccjAXHKF.s 			page 8


 400 0179 06       		.byte	0x6
 401 017a C5       		.byte	0xc5
 402 017b 6C020000 		.4byte	0x26c
 403 017f 04       		.byte	0x4
 404 0180 07       		.uleb128 0x7
 405 0181 E1000000 		.4byte	.LASF32
 406 0185 06       		.byte	0x6
 407 0186 C7       		.byte	0xc7
 408 0187 15010000 		.4byte	0x115
 409 018b 08       		.byte	0x8
 410 018c 07       		.uleb128 0x7
 411 018d 38040000 		.4byte	.LASF33
 412 0191 06       		.byte	0x6
 413 0192 C8       		.byte	0xc8
 414 0193 B3040000 		.4byte	0x4b3
 415 0197 0C       		.byte	0xc
 416 0198 07       		.uleb128 0x7
 417 0199 72010000 		.4byte	.LASF34
 418 019d 06       		.byte	0x6
 419 019e CA       		.byte	0xca
 420 019f 6C020000 		.4byte	0x26c
 421 01a3 10       		.byte	0x10
 422 01a4 07       		.uleb128 0x7
 423 01a5 2A040000 		.4byte	.LASF35
 424 01a9 06       		.byte	0x6
 425 01aa CB       		.byte	0xcb
 426 01ab 6C020000 		.4byte	0x26c
 427 01af 14       		.byte	0x14
 428 01b0 07       		.uleb128 0x7
 429 01b1 AD060000 		.4byte	.LASF36
 430 01b5 06       		.byte	0x6
 431 01b6 D2       		.byte	0xd2
 432 01b7 F8060000 		.4byte	0x6f8
 433 01bb 18       		.byte	0x18
 434 01bc 07       		.uleb128 0x7
 435 01bd DE040000 		.4byte	.LASF37
 436 01c1 06       		.byte	0x6
 437 01c2 DD       		.byte	0xdd
 438 01c3 F4000000 		.4byte	0xf4
 439 01c7 1C       		.byte	0x1c
 440 01c8 07       		.uleb128 0x7
 441 01c9 1C050000 		.4byte	.LASF38
 442 01cd 06       		.byte	0x6
 443 01ce E1       		.byte	0xe1
 444 01cf E9000000 		.4byte	0xe9
 445 01d3 1D       		.byte	0x1d
 446 01d4 07       		.uleb128 0x7
 447 01d5 7E060000 		.4byte	.LASF39
 448 01d9 06       		.byte	0x6
 449 01da E6       		.byte	0xe6
 450 01db FF000000 		.4byte	0xff
 451 01df 1E       		.byte	0x1e
 452 01e0 07       		.uleb128 0x7
 453 01e1 E6040000 		.4byte	.LASF40
 454 01e5 06       		.byte	0x6
 455 01e6 EC       		.byte	0xec
 456 01e7 0A010000 		.4byte	0x10a
ARM GAS  /var/tmp//ccjAXHKF.s 			page 9


 457 01eb 1F       		.byte	0x1f
 458 01ec 07       		.uleb128 0x7
 459 01ed E6010000 		.4byte	.LASF41
 460 01f1 06       		.byte	0x6
 461 01f2 F3       		.byte	0xf3
 462 01f3 4C010000 		.4byte	0x14c
 463 01f7 20       		.byte	0x20
 464 01f8 08       		.uleb128 0x8
 465 01f9 705F7500 		.ascii	"p_u\000"
 466 01fd 06       		.byte	0x6
 467 01fe 3101     		.2byte	0x131
 468 0200 33060000 		.4byte	0x633
 469 0204 24       		.byte	0x24
 470 0205 09       		.uleb128 0x9
 471 0206 E8030000 		.4byte	.LASF42
 472 020a 06       		.byte	0x6
 473 020b 3601     		.2byte	0x136
 474 020d 72020000 		.4byte	0x272
 475 0211 28       		.byte	0x28
 476 0212 09       		.uleb128 0x9
 477 0213 FD010000 		.4byte	.LASF43
 478 0217 06       		.byte	0x6
 479 0218 3C01     		.2byte	0x13c
 480 021a 96020000 		.4byte	0x296
 481 021e 2C       		.byte	0x2c
 482 021f 09       		.uleb128 0x9
 483 0220 2F060000 		.4byte	.LASF44
 484 0224 06       		.byte	0x6
 485 0225 4001     		.2byte	0x140
 486 0227 20010000 		.4byte	0x120
 487 022b 34       		.byte	0x34
 488 022c 09       		.uleb128 0x9
 489 022d 68050000 		.4byte	.LASF45
 490 0231 06       		.byte	0x6
 491 0232 4601     		.2byte	0x146
 492 0234 2B010000 		.4byte	0x12b
 493 0238 38       		.byte	0x38
 494 0239 09       		.uleb128 0x9
 495 023a CA040000 		.4byte	.LASF46
 496 023e 06       		.byte	0x6
 497 023f 4D01     		.2byte	0x14d
 498 0241 F2060000 		.4byte	0x6f2
 499 0245 3C       		.byte	0x3c
 500 0246 09       		.uleb128 0x9
 501 0247 EB050000 		.4byte	.LASF47
 502 024b 06       		.byte	0x6
 503 024c 5101     		.2byte	0x151
 504 024e 15010000 		.4byte	0x115
 505 0252 40       		.byte	0x40
 506 0253 09       		.uleb128 0x9
 507 0254 35010000 		.4byte	.LASF48
 508 0258 06       		.byte	0x6
 509 0259 5801     		.2byte	0x158
 510 025b 49030000 		.4byte	0x349
 511 025f 44       		.byte	0x44
 512 0260 00       		.byte	0
 513 0261 04       		.uleb128 0x4
ARM GAS  /var/tmp//ccjAXHKF.s 			page 10


 514 0262 93060000 		.4byte	.LASF49
 515 0266 05       		.byte	0x5
 516 0267 44       		.byte	0x44
 517 0268 6C020000 		.4byte	0x26c
 518 026c 0A       		.uleb128 0xa
 519 026d 04       		.byte	0x4
 520 026e 51010000 		.4byte	0x151
 521 0272 04       		.uleb128 0x4
 522 0273 C5030000 		.4byte	.LASF50
 523 0277 05       		.byte	0x5
 524 0278 49       		.byte	0x49
 525 0279 7D020000 		.4byte	0x27d
 526 027d 06       		.uleb128 0x6
 527 027e 90050000 		.4byte	.LASF52
 528 0282 04       		.byte	0x4
 529 0283 06       		.byte	0x6
 530 0284 B0       		.byte	0xb0
 531 0285 96020000 		.4byte	0x296
 532 0289 07       		.uleb128 0x7
 533 028a FE040000 		.4byte	.LASF30
 534 028e 06       		.byte	0x6
 535 028f B1       		.byte	0xb1
 536 0290 6C020000 		.4byte	0x26c
 537 0294 00       		.byte	0
 538 0295 00       		.byte	0
 539 0296 04       		.uleb128 0x4
 540 0297 2D050000 		.4byte	.LASF53
 541 029b 05       		.byte	0x5
 542 029c 50       		.byte	0x50
 543 029d A1020000 		.4byte	0x2a1
 544 02a1 06       		.uleb128 0x6
 545 02a2 D0000000 		.4byte	.LASF54
 546 02a6 08       		.byte	0x8
 547 02a7 06       		.byte	0x6
 548 02a8 B7       		.byte	0xb7
 549 02a9 C6020000 		.4byte	0x2c6
 550 02ad 07       		.uleb128 0x7
 551 02ae FE040000 		.4byte	.LASF30
 552 02b2 06       		.byte	0x6
 553 02b3 B8       		.byte	0xb8
 554 02b4 6C020000 		.4byte	0x26c
 555 02b8 00       		.byte	0
 556 02b9 07       		.uleb128 0x7
 557 02ba 8F040000 		.4byte	.LASF31
 558 02be 06       		.byte	0x6
 559 02bf B9       		.byte	0xb9
 560 02c0 6C020000 		.4byte	0x26c
 561 02c4 04       		.byte	0x4
 562 02c5 00       		.byte	0
 563 02c6 04       		.uleb128 0x4
 564 02c7 0D000000 		.4byte	.LASF55
 565 02cb 05       		.byte	0x5
 566 02cc 57       		.byte	0x57
 567 02cd D1020000 		.4byte	0x2d1
 568 02d1 0B       		.uleb128 0xb
 569 02d2 73020000 		.4byte	.LASF56
 570 02d6 1C       		.byte	0x1c
ARM GAS  /var/tmp//ccjAXHKF.s 			page 11


 571 02d7 06       		.byte	0x6
 572 02d8 9001     		.2byte	0x190
 573 02da 2D030000 		.4byte	0x32d
 574 02de 09       		.uleb128 0x9
 575 02df 88050000 		.4byte	.LASF57
 576 02e3 06       		.byte	0x6
 577 02e4 9101     		.2byte	0x191
 578 02e6 96020000 		.4byte	0x296
 579 02ea 00       		.byte	0
 580 02eb 09       		.uleb128 0x9
 581 02ec F0040000 		.4byte	.LASF58
 582 02f0 06       		.byte	0x6
 583 02f1 9201     		.2byte	0x192
 584 02f3 15010000 		.4byte	0x115
 585 02f7 08       		.byte	0x8
 586 02f8 09       		.uleb128 0x9
 587 02f9 32040000 		.4byte	.LASF59
 588 02fd 06       		.byte	0x6
 589 02fe 9401     		.2byte	0x194
 590 0300 B3040000 		.4byte	0x4b3
 591 0304 0C       		.byte	0xc
 592 0305 09       		.uleb128 0x9
 593 0306 82010000 		.4byte	.LASF60
 594 030a 06       		.byte	0x6
 595 030b 9701     		.2byte	0x197
 596 030d 6C020000 		.4byte	0x26c
 597 0311 10       		.byte	0x10
 598 0312 09       		.uleb128 0x9
 599 0313 59040000 		.4byte	.LASF61
 600 0317 06       		.byte	0x6
 601 0318 9801     		.2byte	0x198
 602 031a 6C020000 		.4byte	0x26c
 603 031e 14       		.byte	0x14
 604 031f 09       		.uleb128 0x9
 605 0320 4F040000 		.4byte	.LASF62
 606 0324 06       		.byte	0x6
 607 0325 9B01     		.2byte	0x19b
 608 0327 6C020000 		.4byte	0x26c
 609 032b 18       		.byte	0x18
 610 032c 00       		.byte	0
 611 032d 04       		.uleb128 0x4
 612 032e F6050000 		.4byte	.LASF63
 613 0332 05       		.byte	0x5
 614 0333 5C       		.byte	0x5c
 615 0334 38030000 		.4byte	0x338
 616 0338 0A       		.uleb128 0xa
 617 0339 04       		.byte	0x4
 618 033a 3E030000 		.4byte	0x33e
 619 033e 0C       		.uleb128 0xc
 620 033f 49030000 		.4byte	0x349
 621 0343 0D       		.uleb128 0xd
 622 0344 49030000 		.4byte	0x349
 623 0348 00       		.byte	0
 624 0349 0E       		.uleb128 0xe
 625 034a 04       		.byte	0x4
 626 034b 04       		.uleb128 0x4
 627 034c 7F040000 		.4byte	.LASF64
ARM GAS  /var/tmp//ccjAXHKF.s 			page 12


 628 0350 05       		.byte	0x5
 629 0351 61       		.byte	0x61
 630 0352 56030000 		.4byte	0x356
 631 0356 0B       		.uleb128 0xb
 632 0357 3D050000 		.4byte	.LASF65
 633 035b 14       		.byte	0x14
 634 035c 06       		.byte	0x6
 635 035d 6B01     		.2byte	0x16b
 636 035f A5030000 		.4byte	0x3a5
 637 0363 09       		.uleb128 0x9
 638 0364 C5010000 		.4byte	.LASF66
 639 0368 06       		.byte	0x6
 640 0369 6C01     		.2byte	0x16c
 641 036b 0F070000 		.4byte	0x70f
 642 036f 00       		.byte	0
 643 0370 09       		.uleb128 0x9
 644 0371 93010000 		.4byte	.LASF67
 645 0375 06       		.byte	0x6
 646 0376 6D01     		.2byte	0x16d
 647 0378 0F070000 		.4byte	0x70f
 648 037c 04       		.byte	0x4
 649 037d 09       		.uleb128 0x9
 650 037e F4010000 		.4byte	.LASF68
 651 0382 06       		.byte	0x6
 652 0383 6E01     		.2byte	0x16e
 653 0385 41010000 		.4byte	0x141
 654 0389 08       		.byte	0x8
 655 038a 09       		.uleb128 0x9
 656 038b EA060000 		.4byte	.LASF69
 657 038f 06       		.byte	0x6
 658 0390 6F01     		.2byte	0x16f
 659 0392 2D030000 		.4byte	0x32d
 660 0396 0C       		.byte	0xc
 661 0397 09       		.uleb128 0x9
 662 0398 3D060000 		.4byte	.LASF70
 663 039c 06       		.byte	0x6
 664 039d 7101     		.2byte	0x171
 665 039f 49030000 		.4byte	0x349
 666 03a3 10       		.byte	0x10
 667 03a4 00       		.byte	0
 668 03a5 04       		.uleb128 0x4
 669 03a6 AD000000 		.4byte	.LASF71
 670 03aa 05       		.byte	0x5
 671 03ab 66       		.byte	0x66
 672 03ac B0030000 		.4byte	0x3b0
 673 03b0 0B       		.uleb128 0xb
 674 03b1 FB030000 		.4byte	.LASF72
 675 03b5 10       		.byte	0x10
 676 03b6 06       		.byte	0x6
 677 03b7 7B01     		.2byte	0x17b
 678 03b9 F2030000 		.4byte	0x3f2
 679 03bd 09       		.uleb128 0x9
 680 03be C5010000 		.4byte	.LASF66
 681 03c2 06       		.byte	0x6
 682 03c3 7C01     		.2byte	0x17c
 683 03c5 0F070000 		.4byte	0x70f
 684 03c9 00       		.byte	0
ARM GAS  /var/tmp//ccjAXHKF.s 			page 13


 685 03ca 09       		.uleb128 0x9
 686 03cb 93010000 		.4byte	.LASF67
 687 03cf 06       		.byte	0x6
 688 03d0 7E01     		.2byte	0x17e
 689 03d2 0F070000 		.4byte	0x70f
 690 03d6 04       		.byte	0x4
 691 03d7 09       		.uleb128 0x9
 692 03d8 F4010000 		.4byte	.LASF68
 693 03dc 06       		.byte	0x6
 694 03dd 8001     		.2byte	0x180
 695 03df 41010000 		.4byte	0x141
 696 03e3 08       		.byte	0x8
 697 03e4 09       		.uleb128 0x9
 698 03e5 B4060000 		.4byte	.LASF73
 699 03e9 06       		.byte	0x6
 700 03ea 8201     		.2byte	0x182
 701 03ec 4C010000 		.4byte	0x14c
 702 03f0 0C       		.byte	0xc
 703 03f1 00       		.byte	0
 704 03f2 04       		.uleb128 0x4
 705 03f3 58000000 		.4byte	.LASF74
 706 03f7 05       		.byte	0x5
 707 03f8 6B       		.byte	0x6b
 708 03f9 FD030000 		.4byte	0x3fd
 709 03fd 0B       		.uleb128 0xb
 710 03fe 9E040000 		.4byte	.LASF75
 711 0402 04       		.byte	0x4
 712 0403 06       		.byte	0x6
 713 0404 A201     		.2byte	0x1a2
 714 0406 18040000 		.4byte	0x418
 715 040a 09       		.uleb128 0x9
 716 040b 0A060000 		.4byte	.LASF76
 717 040f 06       		.byte	0x6
 718 0410 AA01     		.2byte	0x1aa
 719 0412 FE060000 		.4byte	0x6fe
 720 0416 00       		.byte	0
 721 0417 00       		.byte	0
 722 0418 04       		.uleb128 0x4
 723 0419 23060000 		.4byte	.LASF77
 724 041d 05       		.byte	0x5
 725 041e 70       		.byte	0x70
 726 041f 23040000 		.4byte	0x423
 727 0423 0F       		.uleb128 0xf
 728 0424 56010000 		.4byte	.LASF78
 729 0428 5802     		.2byte	0x258
 730 042a 06       		.byte	0x6
 731 042b C201     		.2byte	0x1c2
 732 042d 7F040000 		.4byte	0x47f
 733 0431 09       		.uleb128 0x9
 734 0432 85060000 		.4byte	.LASF79
 735 0436 06       		.byte	0x6
 736 0437 C601     		.2byte	0x1c6
 737 0439 C6020000 		.4byte	0x2c6
 738 043d 00       		.byte	0
 739 043e 09       		.uleb128 0x9
 740 043f 45010000 		.4byte	.LASF80
 741 0443 06       		.byte	0x6
ARM GAS  /var/tmp//ccjAXHKF.s 			page 14


 742 0444 CA01     		.2byte	0x1ca
 743 0446 A5030000 		.4byte	0x3a5
 744 044a 1C       		.byte	0x1c
 745 044b 08       		.uleb128 0x8
 746 044c 64626700 		.ascii	"dbg\000"
 747 0450 06       		.byte	0x6
 748 0451 CE01     		.2byte	0x1ce
 749 0453 F2030000 		.4byte	0x3f2
 750 0457 2C       		.byte	0x2c
 751 0458 09       		.uleb128 0x9
 752 0459 A2000000 		.4byte	.LASF81
 753 045d 06       		.byte	0x6
 754 045e D201     		.2byte	0x1d2
 755 0460 51010000 		.4byte	0x151
 756 0464 30       		.byte	0x30
 757 0465 08       		.uleb128 0x8
 758 0466 746D00   		.ascii	"tm\000"
 759 0469 06       		.byte	0x6
 760 046a D701     		.2byte	0x1d7
 761 046c 28060000 		.4byte	0x628
 762 0470 78       		.byte	0x78
 763 0471 09       		.uleb128 0x9
 764 0472 A3010000 		.4byte	.LASF82
 765 0476 06       		.byte	0x6
 766 0477 E301     		.2byte	0x1e3
 767 0479 15070000 		.4byte	0x715
 768 047d 80       		.byte	0x80
 769 047e 00       		.byte	0
 770 047f 03       		.uleb128 0x3
 771 0480 04       		.byte	0x4
 772 0481 07       		.byte	0x7
 773 0482 F2030000 		.4byte	.LASF83
 774 0486 10       		.uleb128 0x10
 775 0487 C3000000 		.4byte	.LASF84
 776 048b 07       		.byte	0x7
 777 048c A706     		.2byte	0x6a7
 778 048e C3000000 		.4byte	0xc3
 779 0492 11       		.uleb128 0x11
 780 0493 D6010000 		.4byte	.LASF85
 781 0497 08       		.byte	0x8
 782 0498 4C       		.byte	0x4c
 783 0499 C8000000 		.4byte	0xc8
 784 049d 04       		.uleb128 0x4
 785 049e 8A010000 		.4byte	.LASF86
 786 04a2 09       		.byte	0x9
 787 04a3 65       		.byte	0x65
 788 04a4 49030000 		.4byte	0x349
 789 04a8 04       		.uleb128 0x4
 790 04a9 96020000 		.4byte	.LASF87
 791 04ad 09       		.byte	0x9
 792 04ae 6D       		.byte	0x6d
 793 04af D3000000 		.4byte	0xd3
 794 04b3 06       		.uleb128 0x6
 795 04b4 1B060000 		.4byte	.LASF88
 796 04b8 04       		.byte	0x4
 797 04b9 09       		.byte	0x9
 798 04ba 89       		.byte	0x89
ARM GAS  /var/tmp//ccjAXHKF.s 			page 15


 799 04bb CC040000 		.4byte	0x4cc
 800 04bf 12       		.uleb128 0x12
 801 04c0 72313300 		.ascii	"r13\000"
 802 04c4 09       		.byte	0x9
 803 04c5 8A       		.byte	0x8a
 804 04c6 0D060000 		.4byte	0x60d
 805 04ca 00       		.byte	0
 806 04cb 00       		.byte	0
 807 04cc 06       		.uleb128 0x6
 808 04cd 4C000000 		.4byte	.LASF89
 809 04d1 64       		.byte	0x64
 810 04d2 0A       		.byte	0xa
 811 04d3 F4       		.byte	0xf4
 812 04d4 0D060000 		.4byte	0x60d
 813 04d8 12       		.uleb128 0x12
 814 04d9 73313600 		.ascii	"s16\000"
 815 04dd 0A       		.byte	0xa
 816 04de F6       		.byte	0xf6
 817 04df 9D040000 		.4byte	0x49d
 818 04e3 00       		.byte	0
 819 04e4 12       		.uleb128 0x12
 820 04e5 73313700 		.ascii	"s17\000"
 821 04e9 0A       		.byte	0xa
 822 04ea F7       		.byte	0xf7
 823 04eb 9D040000 		.4byte	0x49d
 824 04ef 04       		.byte	0x4
 825 04f0 12       		.uleb128 0x12
 826 04f1 73313800 		.ascii	"s18\000"
 827 04f5 0A       		.byte	0xa
 828 04f6 F8       		.byte	0xf8
 829 04f7 9D040000 		.4byte	0x49d
 830 04fb 08       		.byte	0x8
 831 04fc 12       		.uleb128 0x12
 832 04fd 73313900 		.ascii	"s19\000"
 833 0501 0A       		.byte	0xa
 834 0502 F9       		.byte	0xf9
 835 0503 9D040000 		.4byte	0x49d
 836 0507 0C       		.byte	0xc
 837 0508 12       		.uleb128 0x12
 838 0509 73323000 		.ascii	"s20\000"
 839 050d 0A       		.byte	0xa
 840 050e FA       		.byte	0xfa
 841 050f 9D040000 		.4byte	0x49d
 842 0513 10       		.byte	0x10
 843 0514 12       		.uleb128 0x12
 844 0515 73323100 		.ascii	"s21\000"
 845 0519 0A       		.byte	0xa
 846 051a FB       		.byte	0xfb
 847 051b 9D040000 		.4byte	0x49d
 848 051f 14       		.byte	0x14
 849 0520 12       		.uleb128 0x12
 850 0521 73323200 		.ascii	"s22\000"
 851 0525 0A       		.byte	0xa
 852 0526 FC       		.byte	0xfc
 853 0527 9D040000 		.4byte	0x49d
 854 052b 18       		.byte	0x18
 855 052c 12       		.uleb128 0x12
ARM GAS  /var/tmp//ccjAXHKF.s 			page 16


 856 052d 73323300 		.ascii	"s23\000"
 857 0531 0A       		.byte	0xa
 858 0532 FD       		.byte	0xfd
 859 0533 9D040000 		.4byte	0x49d
 860 0537 1C       		.byte	0x1c
 861 0538 12       		.uleb128 0x12
 862 0539 73323400 		.ascii	"s24\000"
 863 053d 0A       		.byte	0xa
 864 053e FE       		.byte	0xfe
 865 053f 9D040000 		.4byte	0x49d
 866 0543 20       		.byte	0x20
 867 0544 12       		.uleb128 0x12
 868 0545 73323500 		.ascii	"s25\000"
 869 0549 0A       		.byte	0xa
 870 054a FF       		.byte	0xff
 871 054b 9D040000 		.4byte	0x49d
 872 054f 24       		.byte	0x24
 873 0550 08       		.uleb128 0x8
 874 0551 73323600 		.ascii	"s26\000"
 875 0555 0A       		.byte	0xa
 876 0556 0001     		.2byte	0x100
 877 0558 9D040000 		.4byte	0x49d
 878 055c 28       		.byte	0x28
 879 055d 08       		.uleb128 0x8
 880 055e 73323700 		.ascii	"s27\000"
 881 0562 0A       		.byte	0xa
 882 0563 0101     		.2byte	0x101
 883 0565 9D040000 		.4byte	0x49d
 884 0569 2C       		.byte	0x2c
 885 056a 08       		.uleb128 0x8
 886 056b 73323800 		.ascii	"s28\000"
 887 056f 0A       		.byte	0xa
 888 0570 0201     		.2byte	0x102
 889 0572 9D040000 		.4byte	0x49d
 890 0576 30       		.byte	0x30
 891 0577 08       		.uleb128 0x8
 892 0578 73323900 		.ascii	"s29\000"
 893 057c 0A       		.byte	0xa
 894 057d 0301     		.2byte	0x103
 895 057f 9D040000 		.4byte	0x49d
 896 0583 34       		.byte	0x34
 897 0584 08       		.uleb128 0x8
 898 0585 73333000 		.ascii	"s30\000"
 899 0589 0A       		.byte	0xa
 900 058a 0401     		.2byte	0x104
 901 058c 9D040000 		.4byte	0x49d
 902 0590 38       		.byte	0x38
 903 0591 08       		.uleb128 0x8
 904 0592 73333100 		.ascii	"s31\000"
 905 0596 0A       		.byte	0xa
 906 0597 0501     		.2byte	0x105
 907 0599 9D040000 		.4byte	0x49d
 908 059d 3C       		.byte	0x3c
 909 059e 08       		.uleb128 0x8
 910 059f 723400   		.ascii	"r4\000"
 911 05a2 0A       		.byte	0xa
 912 05a3 0701     		.2byte	0x107
ARM GAS  /var/tmp//ccjAXHKF.s 			page 17


 913 05a5 9D040000 		.4byte	0x49d
 914 05a9 40       		.byte	0x40
 915 05aa 08       		.uleb128 0x8
 916 05ab 723500   		.ascii	"r5\000"
 917 05ae 0A       		.byte	0xa
 918 05af 0801     		.2byte	0x108
 919 05b1 9D040000 		.4byte	0x49d
 920 05b5 44       		.byte	0x44
 921 05b6 08       		.uleb128 0x8
 922 05b7 723600   		.ascii	"r6\000"
 923 05ba 0A       		.byte	0xa
 924 05bb 0901     		.2byte	0x109
 925 05bd 9D040000 		.4byte	0x49d
 926 05c1 48       		.byte	0x48
 927 05c2 08       		.uleb128 0x8
 928 05c3 723700   		.ascii	"r7\000"
 929 05c6 0A       		.byte	0xa
 930 05c7 0A01     		.2byte	0x10a
 931 05c9 9D040000 		.4byte	0x49d
 932 05cd 4C       		.byte	0x4c
 933 05ce 08       		.uleb128 0x8
 934 05cf 723800   		.ascii	"r8\000"
 935 05d2 0A       		.byte	0xa
 936 05d3 0B01     		.2byte	0x10b
 937 05d5 9D040000 		.4byte	0x49d
 938 05d9 50       		.byte	0x50
 939 05da 08       		.uleb128 0x8
 940 05db 723900   		.ascii	"r9\000"
 941 05de 0A       		.byte	0xa
 942 05df 0C01     		.2byte	0x10c
 943 05e1 9D040000 		.4byte	0x49d
 944 05e5 54       		.byte	0x54
 945 05e6 08       		.uleb128 0x8
 946 05e7 72313000 		.ascii	"r10\000"
 947 05eb 0A       		.byte	0xa
 948 05ec 0D01     		.2byte	0x10d
 949 05ee 9D040000 		.4byte	0x49d
 950 05f2 58       		.byte	0x58
 951 05f3 08       		.uleb128 0x8
 952 05f4 72313100 		.ascii	"r11\000"
 953 05f8 0A       		.byte	0xa
 954 05f9 0E01     		.2byte	0x10e
 955 05fb 9D040000 		.4byte	0x49d
 956 05ff 5C       		.byte	0x5c
 957 0600 08       		.uleb128 0x8
 958 0601 6C7200   		.ascii	"lr\000"
 959 0604 0A       		.byte	0xa
 960 0605 0F01     		.2byte	0x10f
 961 0607 9D040000 		.4byte	0x49d
 962 060b 60       		.byte	0x60
 963 060c 00       		.byte	0
 964 060d 0A       		.uleb128 0xa
 965 060e 04       		.byte	0x4
 966 060f CC040000 		.4byte	0x4cc
 967 0613 13       		.uleb128 0x13
 968 0614 04       		.byte	0x4
 969 0615 0B       		.byte	0xb
ARM GAS  /var/tmp//ccjAXHKF.s 			page 18


 970 0616 38       		.byte	0x38
 971 0617 28060000 		.4byte	0x628
 972 061b 07       		.uleb128 0x7
 973 061c 14060000 		.4byte	.LASF90
 974 0620 0B       		.byte	0xb
 975 0621 3C       		.byte	0x3c
 976 0622 DE000000 		.4byte	0xde
 977 0626 00       		.byte	0
 978 0627 00       		.byte	0
 979 0628 04       		.uleb128 0x4
 980 0629 3E040000 		.4byte	.LASF91
 981 062d 0B       		.byte	0xb
 982 062e 3D       		.byte	0x3d
 983 062f 13060000 		.4byte	0x613
 984 0633 14       		.uleb128 0x14
 985 0634 04       		.byte	0x4
 986 0635 06       		.byte	0x6
 987 0636 FA       		.byte	0xfa
 988 0637 90060000 		.4byte	0x690
 989 063b 15       		.uleb128 0x15
 990 063c 26000000 		.4byte	.LASF92
 991 0640 06       		.byte	0x6
 992 0641 0101     		.2byte	0x101
 993 0643 20010000 		.4byte	0x120
 994 0647 15       		.uleb128 0x15
 995 0648 99000000 		.4byte	.LASF93
 996 064c 06       		.byte	0x6
 997 064d 0801     		.2byte	0x108
 998 064f 20010000 		.4byte	0x120
 999 0653 15       		.uleb128 0x15
 1000 0654 A6060000 		.4byte	.LASF94
 1001 0658 06       		.byte	0x6
 1002 0659 0F01     		.2byte	0x10f
 1003 065b 49030000 		.4byte	0x349
 1004 065f 15       		.uleb128 0x15
 1005 0660 1A000000 		.4byte	.LASF95
 1006 0664 06       		.byte	0x6
 1007 0665 1601     		.2byte	0x116
 1008 0667 90060000 		.4byte	0x690
 1009 066b 15       		.uleb128 0x15
 1010 066c ED010000 		.4byte	.LASF96
 1011 0670 06       		.byte	0x6
 1012 0671 1E01     		.2byte	0x11e
 1013 0673 BB060000 		.4byte	0x6bb
 1014 0677 15       		.uleb128 0x15
 1015 0678 BF050000 		.4byte	.LASF97
 1016 067c 06       		.byte	0x6
 1017 067d 2701     		.2byte	0x127
 1018 067f F2060000 		.4byte	0x6f2
 1019 0683 15       		.uleb128 0x15
 1020 0684 F7040000 		.4byte	.LASF98
 1021 0688 06       		.byte	0x6
 1022 0689 2F01     		.2byte	0x12f
 1023 068b 2B010000 		.4byte	0x12b
 1024 068f 00       		.byte	0
 1025 0690 0A       		.uleb128 0xa
 1026 0691 04       		.byte	0x4
ARM GAS  /var/tmp//ccjAXHKF.s 			page 19


 1027 0692 61020000 		.4byte	0x261
 1028 0696 06       		.uleb128 0x6
 1029 0697 5B050000 		.4byte	.LASF99
 1030 069b 0C       		.byte	0xc
 1031 069c 0C       		.byte	0xc
 1032 069d 34       		.byte	0x34
 1033 069e BB060000 		.4byte	0x6bb
 1034 06a2 07       		.uleb128 0x7
 1035 06a3 7A010000 		.4byte	.LASF100
 1036 06a7 0C       		.byte	0xc
 1037 06a8 35       		.byte	0x35
 1038 06a9 96020000 		.4byte	0x296
 1039 06ad 00       		.byte	0
 1040 06ae 07       		.uleb128 0x7
 1041 06af 11020000 		.4byte	.LASF101
 1042 06b3 0C       		.byte	0xc
 1043 06b4 37       		.byte	0x37
 1044 06b5 36010000 		.4byte	0x136
 1045 06b9 08       		.byte	0x8
 1046 06ba 00       		.byte	0
 1047 06bb 0A       		.uleb128 0xa
 1048 06bc 04       		.byte	0x4
 1049 06bd 96060000 		.4byte	0x696
 1050 06c1 06       		.uleb128 0x6
 1051 06c2 75060000 		.4byte	.LASF102
 1052 06c6 10       		.byte	0x10
 1053 06c7 0D       		.byte	0xd
 1054 06c8 39       		.byte	0x39
 1055 06c9 F2060000 		.4byte	0x6f2
 1056 06cd 07       		.uleb128 0x7
 1057 06ce 3D010000 		.4byte	.LASF103
 1058 06d2 0D       		.byte	0xd
 1059 06d3 3A       		.byte	0x3a
 1060 06d4 96020000 		.4byte	0x296
 1061 06d8 00       		.byte	0
 1062 06d9 07       		.uleb128 0x7
 1063 06da CA060000 		.4byte	.LASF104
 1064 06de 0D       		.byte	0xd
 1065 06df 3C       		.byte	0x3c
 1066 06e0 6C020000 		.4byte	0x26c
 1067 06e4 08       		.byte	0x8
 1068 06e5 07       		.uleb128 0x7
 1069 06e6 DA050000 		.4byte	.LASF105
 1070 06ea 0D       		.byte	0xd
 1071 06eb 3E       		.byte	0x3e
 1072 06ec 47080000 		.4byte	0x847
 1073 06f0 0C       		.byte	0xc
 1074 06f1 00       		.byte	0
 1075 06f2 0A       		.uleb128 0xa
 1076 06f3 04       		.byte	0x4
 1077 06f4 C1060000 		.4byte	0x6c1
 1078 06f8 0A       		.uleb128 0xa
 1079 06f9 04       		.byte	0x4
 1080 06fa 0A070000 		.4byte	0x70a
 1081 06fe 05       		.uleb128 0x5
 1082 06ff F8060000 		.4byte	0x6f8
 1083 0703 03       		.uleb128 0x3
ARM GAS  /var/tmp//ccjAXHKF.s 			page 20


 1084 0704 01       		.byte	0x1
 1085 0705 08       		.byte	0x8
 1086 0706 BA050000 		.4byte	.LASF106
 1087 070a 16       		.uleb128 0x16
 1088 070b 03070000 		.4byte	0x703
 1089 070f 0A       		.uleb128 0xa
 1090 0710 04       		.byte	0x4
 1091 0711 4B030000 		.4byte	0x34b
 1092 0715 17       		.uleb128 0x17
 1093 0716 A8040000 		.4byte	0x4a8
 1094 071a 25070000 		.4byte	0x725
 1095 071e 18       		.uleb128 0x18
 1096 071f 7F040000 		.4byte	0x47f
 1097 0723 3A       		.byte	0x3a
 1098 0724 00       		.byte	0
 1099 0725 19       		.uleb128 0x19
 1100 0726 636800   		.ascii	"ch\000"
 1101 0729 06       		.byte	0x6
 1102 072a 0902     		.2byte	0x209
 1103 072c 18040000 		.4byte	0x418
 1104 0730 13       		.uleb128 0x13
 1105 0731 16       		.byte	0x16
 1106 0732 0E       		.byte	0xe
 1107 0733 34       		.byte	0x34
 1108 0734 11080000 		.4byte	0x811
 1109 0738 07       		.uleb128 0x7
 1110 0739 DC060000 		.4byte	.LASF107
 1111 073d 0E       		.byte	0xe
 1112 073e 35       		.byte	0x35
 1113 073f 11080000 		.4byte	0x811
 1114 0743 00       		.byte	0
 1115 0744 07       		.uleb128 0x7
 1116 0745 D4030000 		.4byte	.LASF108
 1117 0749 0E       		.byte	0xe
 1118 074a 36       		.byte	0x36
 1119 074b A2000000 		.4byte	0xa2
 1120 074f 04       		.byte	0x4
 1121 0750 07       		.uleb128 0x7
 1122 0751 A0050000 		.4byte	.LASF109
 1123 0755 0E       		.byte	0xe
 1124 0756 37       		.byte	0x37
 1125 0757 A2000000 		.4byte	0xa2
 1126 075b 05       		.byte	0x5
 1127 075c 07       		.uleb128 0x7
 1128 075d BF060000 		.4byte	.LASF110
 1129 0761 0E       		.byte	0xe
 1130 0762 38       		.byte	0x38
 1131 0763 AD000000 		.4byte	0xad
 1132 0767 06       		.byte	0x6
 1133 0768 07       		.uleb128 0x7
 1134 0769 74040000 		.4byte	.LASF111
 1135 076d 0E       		.byte	0xe
 1136 076e 39       		.byte	0x39
 1137 076f A2000000 		.4byte	0xa2
 1138 0773 08       		.byte	0x8
 1139 0774 07       		.uleb128 0x7
 1140 0775 12040000 		.4byte	.LASF112
ARM GAS  /var/tmp//ccjAXHKF.s 			page 21


 1141 0779 0E       		.byte	0xe
 1142 077a 3A       		.byte	0x3a
 1143 077b A2000000 		.4byte	0xa2
 1144 077f 09       		.byte	0x9
 1145 0780 07       		.uleb128 0x7
 1146 0781 7E000000 		.4byte	.LASF113
 1147 0785 0E       		.byte	0xe
 1148 0786 3B       		.byte	0x3b
 1149 0787 A2000000 		.4byte	0xa2
 1150 078b 0A       		.byte	0xa
 1151 078c 07       		.uleb128 0x7
 1152 078d 7C050000 		.4byte	.LASF114
 1153 0791 0E       		.byte	0xe
 1154 0792 3C       		.byte	0x3c
 1155 0793 A2000000 		.4byte	0xa2
 1156 0797 0B       		.byte	0xb
 1157 0798 07       		.uleb128 0x7
 1158 0799 6A060000 		.4byte	.LASF115
 1159 079d 0E       		.byte	0xe
 1160 079e 3D       		.byte	0x3d
 1161 079f A2000000 		.4byte	0xa2
 1162 07a3 0C       		.byte	0xc
 1163 07a4 07       		.uleb128 0x7
 1164 07a5 4E050000 		.4byte	.LASF116
 1165 07a9 0E       		.byte	0xe
 1166 07aa 3E       		.byte	0x3e
 1167 07ab A2000000 		.4byte	0xa2
 1168 07af 0D       		.byte	0xd
 1169 07b0 07       		.uleb128 0x7
 1170 07b1 00000000 		.4byte	.LASF117
 1171 07b5 0E       		.byte	0xe
 1172 07b6 3F       		.byte	0x3f
 1173 07b7 A2000000 		.4byte	0xa2
 1174 07bb 0E       		.byte	0xe
 1175 07bc 07       		.uleb128 0x7
 1176 07bd 1E040000 		.4byte	.LASF118
 1177 07c1 0E       		.byte	0xe
 1178 07c2 40       		.byte	0x40
 1179 07c3 A2000000 		.4byte	0xa2
 1180 07c7 0F       		.byte	0xf
 1181 07c8 07       		.uleb128 0x7
 1182 07c9 18010000 		.4byte	.LASF119
 1183 07cd 0E       		.byte	0xe
 1184 07ce 41       		.byte	0x41
 1185 07cf A2000000 		.4byte	0xa2
 1186 07d3 10       		.byte	0x10
 1187 07d4 07       		.uleb128 0x7
 1188 07d5 E8000000 		.4byte	.LASF120
 1189 07d9 0E       		.byte	0xe
 1190 07da 43       		.byte	0x43
 1191 07db A2000000 		.4byte	0xa2
 1192 07df 11       		.byte	0x11
 1193 07e0 07       		.uleb128 0x7
 1194 07e1 28010000 		.4byte	.LASF121
 1195 07e5 0E       		.byte	0xe
 1196 07e6 44       		.byte	0x44
 1197 07e7 A2000000 		.4byte	0xa2
ARM GAS  /var/tmp//ccjAXHKF.s 			page 22


 1198 07eb 12       		.byte	0x12
 1199 07ec 07       		.uleb128 0x7
 1200 07ed DC030000 		.4byte	.LASF122
 1201 07f1 0E       		.byte	0xe
 1202 07f2 45       		.byte	0x45
 1203 07f3 A2000000 		.4byte	0xa2
 1204 07f7 13       		.byte	0x13
 1205 07f8 07       		.uleb128 0x7
 1206 07f9 0D050000 		.4byte	.LASF123
 1207 07fd 0E       		.byte	0xe
 1208 07fe 46       		.byte	0x46
 1209 07ff A2000000 		.4byte	0xa2
 1210 0803 14       		.byte	0x14
 1211 0804 07       		.uleb128 0x7
 1212 0805 67020000 		.4byte	.LASF124
 1213 0809 0E       		.byte	0xe
 1214 080a 48       		.byte	0x48
 1215 080b A2000000 		.4byte	0xa2
 1216 080f 15       		.byte	0x15
 1217 0810 00       		.byte	0
 1218 0811 17       		.uleb128 0x17
 1219 0812 03070000 		.4byte	0x703
 1220 0816 21080000 		.4byte	0x821
 1221 081a 18       		.uleb128 0x18
 1222 081b 7F040000 		.4byte	0x47f
 1223 081f 03       		.byte	0x3
 1224 0820 00       		.byte	0
 1225 0821 04       		.uleb128 0x4
 1226 0822 D2060000 		.4byte	.LASF125
 1227 0826 0E       		.byte	0xe
 1228 0827 49       		.byte	0x49
 1229 0828 30070000 		.4byte	0x730
 1230 082c 16       		.uleb128 0x16
 1231 082d 21080000 		.4byte	0x821
 1232 0831 11       		.uleb128 0x11
 1233 0832 08020000 		.4byte	.LASF126
 1234 0836 0E       		.byte	0xe
 1235 0837 6E       		.byte	0x6e
 1236 0838 2C080000 		.4byte	0x82c
 1237 083c 04       		.uleb128 0x4
 1238 083d 9B010000 		.4byte	.LASF127
 1239 0841 0D       		.byte	0xd
 1240 0842 34       		.byte	0x34
 1241 0843 C1060000 		.4byte	0x6c1
 1242 0847 0A       		.uleb128 0xa
 1243 0848 04       		.byte	0x4
 1244 0849 3C080000 		.4byte	0x83c
 1245 084d 1A       		.uleb128 0x1a
 1246 084e 8C000000 		.4byte	.LASF128
 1247 0852 01       		.byte	0x1
 1248 0853 B1       		.byte	0xb1
 1249 0854 00000000 		.4byte	.LFB221
 1250 0858 28000000 		.4byte	.LFE221-.LFB221
 1251 085c 01       		.uleb128 0x1
 1252 085d 9C       		.byte	0x9c
 1253 085e 79080000 		.4byte	0x879
 1254 0862 1B       		.uleb128 0x1b
ARM GAS  /var/tmp//ccjAXHKF.s 			page 23


 1255 0863 76747000 		.ascii	"vtp\000"
 1256 0867 01       		.byte	0x1
 1257 0868 B1       		.byte	0xb1
 1258 0869 0F070000 		.4byte	0x70f
 1259 086d 01       		.uleb128 0x1
 1260 086e 50       		.byte	0x50
 1261 086f 1C       		.uleb128 0x1c
 1262 0870 24050000 		.4byte	.LASF133
 1263 0874 89080000 		.4byte	0x889
 1264 0878 00       		.byte	0
 1265 0879 17       		.uleb128 0x17
 1266 087a 0A070000 		.4byte	0x70a
 1267 087e 89080000 		.4byte	0x889
 1268 0882 18       		.uleb128 0x18
 1269 0883 7F040000 		.4byte	0x47f
 1270 0887 0C       		.byte	0xc
 1271 0888 00       		.byte	0
 1272 0889 16       		.uleb128 0x16
 1273 088a 79080000 		.4byte	0x879
 1274 088e 1A       		.uleb128 0x1a
 1275 088f 81020000 		.4byte	.LASF129
 1276 0893 01       		.byte	0x1
 1277 0894 5F       		.byte	0x5f
 1278 0895 00000000 		.4byte	.LFB220
 1279 0899 3C000000 		.4byte	.LFE220-.LFB220
 1280 089d 01       		.uleb128 0x1
 1281 089e 9C       		.byte	0x9c
 1282 089f 03090000 		.4byte	0x903
 1283 08a3 1B       		.uleb128 0x1b
 1284 08a4 76747000 		.ascii	"vtp\000"
 1285 08a8 01       		.byte	0x1
 1286 08a9 5F       		.byte	0x5f
 1287 08aa 0F070000 		.4byte	0x70f
 1288 08ae 01       		.uleb128 0x1
 1289 08af 50       		.byte	0x50
 1290 08b0 1D       		.uleb128 0x1d
 1291 08b1 C4040000 		.4byte	.LASF130
 1292 08b5 01       		.byte	0x1
 1293 08b6 5F       		.byte	0x5f
 1294 08b7 41010000 		.4byte	0x141
 1295 08bb 00000000 		.4byte	.LLST0
 1296 08bf 1D       		.uleb128 0x1d
 1297 08c0 44060000 		.4byte	.LASF131
 1298 08c4 01       		.byte	0x1
 1299 08c5 60       		.byte	0x60
 1300 08c6 2D030000 		.4byte	0x32d
 1301 08ca 21000000 		.4byte	.LLST1
 1302 08ce 1E       		.uleb128 0x1e
 1303 08cf 70617200 		.ascii	"par\000"
 1304 08d3 01       		.byte	0x1
 1305 08d4 60       		.byte	0x60
 1306 08d5 49030000 		.4byte	0x349
 1307 08d9 40000000 		.4byte	.LLST2
 1308 08dd 1F       		.uleb128 0x1f
 1309 08de 7000     		.ascii	"p\000"
 1310 08e0 01       		.byte	0x1
 1311 08e1 61       		.byte	0x61
ARM GAS  /var/tmp//ccjAXHKF.s 			page 24


 1312 08e2 0F070000 		.4byte	0x70f
 1313 08e6 5F000000 		.4byte	.LLST3
 1314 08ea 20       		.uleb128 0x20
 1315 08eb 20000000 		.4byte	.LASF132
 1316 08ef 01       		.byte	0x1
 1317 08f0 62       		.byte	0x62
 1318 08f1 41010000 		.4byte	0x141
 1319 08f5 7D000000 		.4byte	.LLST4
 1320 08f9 1C       		.uleb128 0x1c
 1321 08fa 24050000 		.4byte	.LASF133
 1322 08fe 13090000 		.4byte	0x913
 1323 0902 00       		.byte	0
 1324 0903 17       		.uleb128 0x17
 1325 0904 0A070000 		.4byte	0x70a
 1326 0908 13090000 		.4byte	0x913
 1327 090c 18       		.uleb128 0x18
 1328 090d 7F040000 		.4byte	0x47f
 1329 0911 0A       		.byte	0xa
 1330 0912 00       		.byte	0
 1331 0913 16       		.uleb128 0x16
 1332 0914 03090000 		.4byte	0x903
 1333 0918 21       		.uleb128 0x21
 1334 0919 F5000000 		.4byte	.LASF137
 1335 091d 01       		.byte	0x1
 1336 091e 3D       		.byte	0x3d
 1337 091f 00000000 		.4byte	.LFB219
 1338 0923 1C000000 		.4byte	.LFE219-.LFB219
 1339 0927 01       		.uleb128 0x1
 1340 0928 9C       		.byte	0x9c
 1341 0929 00       		.byte	0
 1342              		.section	.debug_abbrev,"",%progbits
 1343              	.Ldebug_abbrev0:
 1344 0000 01       		.uleb128 0x1
 1345 0001 11       		.uleb128 0x11
 1346 0002 01       		.byte	0x1
 1347 0003 25       		.uleb128 0x25
 1348 0004 0E       		.uleb128 0xe
 1349 0005 13       		.uleb128 0x13
 1350 0006 0B       		.uleb128 0xb
 1351 0007 03       		.uleb128 0x3
 1352 0008 0E       		.uleb128 0xe
 1353 0009 1B       		.uleb128 0x1b
 1354 000a 0E       		.uleb128 0xe
 1355 000b 55       		.uleb128 0x55
 1356 000c 17       		.uleb128 0x17
 1357 000d 11       		.uleb128 0x11
 1358 000e 01       		.uleb128 0x1
 1359 000f 10       		.uleb128 0x10
 1360 0010 17       		.uleb128 0x17
 1361 0011 00       		.byte	0
 1362 0012 00       		.byte	0
 1363 0013 02       		.uleb128 0x2
 1364 0014 24       		.uleb128 0x24
 1365 0015 00       		.byte	0
 1366 0016 0B       		.uleb128 0xb
 1367 0017 0B       		.uleb128 0xb
 1368 0018 3E       		.uleb128 0x3e
ARM GAS  /var/tmp//ccjAXHKF.s 			page 25


 1369 0019 0B       		.uleb128 0xb
 1370 001a 03       		.uleb128 0x3
 1371 001b 08       		.uleb128 0x8
 1372 001c 00       		.byte	0
 1373 001d 00       		.byte	0
 1374 001e 03       		.uleb128 0x3
 1375 001f 24       		.uleb128 0x24
 1376 0020 00       		.byte	0
 1377 0021 0B       		.uleb128 0xb
 1378 0022 0B       		.uleb128 0xb
 1379 0023 3E       		.uleb128 0x3e
 1380 0024 0B       		.uleb128 0xb
 1381 0025 03       		.uleb128 0x3
 1382 0026 0E       		.uleb128 0xe
 1383 0027 00       		.byte	0
 1384 0028 00       		.byte	0
 1385 0029 04       		.uleb128 0x4
 1386 002a 16       		.uleb128 0x16
 1387 002b 00       		.byte	0
 1388 002c 03       		.uleb128 0x3
 1389 002d 0E       		.uleb128 0xe
 1390 002e 3A       		.uleb128 0x3a
 1391 002f 0B       		.uleb128 0xb
 1392 0030 3B       		.uleb128 0x3b
 1393 0031 0B       		.uleb128 0xb
 1394 0032 49       		.uleb128 0x49
 1395 0033 13       		.uleb128 0x13
 1396 0034 00       		.byte	0
 1397 0035 00       		.byte	0
 1398 0036 05       		.uleb128 0x5
 1399 0037 35       		.uleb128 0x35
 1400 0038 00       		.byte	0
 1401 0039 49       		.uleb128 0x49
 1402 003a 13       		.uleb128 0x13
 1403 003b 00       		.byte	0
 1404 003c 00       		.byte	0
 1405 003d 06       		.uleb128 0x6
 1406 003e 13       		.uleb128 0x13
 1407 003f 01       		.byte	0x1
 1408 0040 03       		.uleb128 0x3
 1409 0041 0E       		.uleb128 0xe
 1410 0042 0B       		.uleb128 0xb
 1411 0043 0B       		.uleb128 0xb
 1412 0044 3A       		.uleb128 0x3a
 1413 0045 0B       		.uleb128 0xb
 1414 0046 3B       		.uleb128 0x3b
 1415 0047 0B       		.uleb128 0xb
 1416 0048 01       		.uleb128 0x1
 1417 0049 13       		.uleb128 0x13
 1418 004a 00       		.byte	0
 1419 004b 00       		.byte	0
 1420 004c 07       		.uleb128 0x7
 1421 004d 0D       		.uleb128 0xd
 1422 004e 00       		.byte	0
 1423 004f 03       		.uleb128 0x3
 1424 0050 0E       		.uleb128 0xe
 1425 0051 3A       		.uleb128 0x3a
ARM GAS  /var/tmp//ccjAXHKF.s 			page 26


 1426 0052 0B       		.uleb128 0xb
 1427 0053 3B       		.uleb128 0x3b
 1428 0054 0B       		.uleb128 0xb
 1429 0055 49       		.uleb128 0x49
 1430 0056 13       		.uleb128 0x13
 1431 0057 38       		.uleb128 0x38
 1432 0058 0B       		.uleb128 0xb
 1433 0059 00       		.byte	0
 1434 005a 00       		.byte	0
 1435 005b 08       		.uleb128 0x8
 1436 005c 0D       		.uleb128 0xd
 1437 005d 00       		.byte	0
 1438 005e 03       		.uleb128 0x3
 1439 005f 08       		.uleb128 0x8
 1440 0060 3A       		.uleb128 0x3a
 1441 0061 0B       		.uleb128 0xb
 1442 0062 3B       		.uleb128 0x3b
 1443 0063 05       		.uleb128 0x5
 1444 0064 49       		.uleb128 0x49
 1445 0065 13       		.uleb128 0x13
 1446 0066 38       		.uleb128 0x38
 1447 0067 0B       		.uleb128 0xb
 1448 0068 00       		.byte	0
 1449 0069 00       		.byte	0
 1450 006a 09       		.uleb128 0x9
 1451 006b 0D       		.uleb128 0xd
 1452 006c 00       		.byte	0
 1453 006d 03       		.uleb128 0x3
 1454 006e 0E       		.uleb128 0xe
 1455 006f 3A       		.uleb128 0x3a
 1456 0070 0B       		.uleb128 0xb
 1457 0071 3B       		.uleb128 0x3b
 1458 0072 05       		.uleb128 0x5
 1459 0073 49       		.uleb128 0x49
 1460 0074 13       		.uleb128 0x13
 1461 0075 38       		.uleb128 0x38
 1462 0076 0B       		.uleb128 0xb
 1463 0077 00       		.byte	0
 1464 0078 00       		.byte	0
 1465 0079 0A       		.uleb128 0xa
 1466 007a 0F       		.uleb128 0xf
 1467 007b 00       		.byte	0
 1468 007c 0B       		.uleb128 0xb
 1469 007d 0B       		.uleb128 0xb
 1470 007e 49       		.uleb128 0x49
 1471 007f 13       		.uleb128 0x13
 1472 0080 00       		.byte	0
 1473 0081 00       		.byte	0
 1474 0082 0B       		.uleb128 0xb
 1475 0083 13       		.uleb128 0x13
 1476 0084 01       		.byte	0x1
 1477 0085 03       		.uleb128 0x3
 1478 0086 0E       		.uleb128 0xe
 1479 0087 0B       		.uleb128 0xb
 1480 0088 0B       		.uleb128 0xb
 1481 0089 3A       		.uleb128 0x3a
 1482 008a 0B       		.uleb128 0xb
ARM GAS  /var/tmp//ccjAXHKF.s 			page 27


 1483 008b 3B       		.uleb128 0x3b
 1484 008c 05       		.uleb128 0x5
 1485 008d 01       		.uleb128 0x1
 1486 008e 13       		.uleb128 0x13
 1487 008f 00       		.byte	0
 1488 0090 00       		.byte	0
 1489 0091 0C       		.uleb128 0xc
 1490 0092 15       		.uleb128 0x15
 1491 0093 01       		.byte	0x1
 1492 0094 27       		.uleb128 0x27
 1493 0095 19       		.uleb128 0x19
 1494 0096 01       		.uleb128 0x1
 1495 0097 13       		.uleb128 0x13
 1496 0098 00       		.byte	0
 1497 0099 00       		.byte	0
 1498 009a 0D       		.uleb128 0xd
 1499 009b 05       		.uleb128 0x5
 1500 009c 00       		.byte	0
 1501 009d 49       		.uleb128 0x49
 1502 009e 13       		.uleb128 0x13
 1503 009f 00       		.byte	0
 1504 00a0 00       		.byte	0
 1505 00a1 0E       		.uleb128 0xe
 1506 00a2 0F       		.uleb128 0xf
 1507 00a3 00       		.byte	0
 1508 00a4 0B       		.uleb128 0xb
 1509 00a5 0B       		.uleb128 0xb
 1510 00a6 00       		.byte	0
 1511 00a7 00       		.byte	0
 1512 00a8 0F       		.uleb128 0xf
 1513 00a9 13       		.uleb128 0x13
 1514 00aa 01       		.byte	0x1
 1515 00ab 03       		.uleb128 0x3
 1516 00ac 0E       		.uleb128 0xe
 1517 00ad 0B       		.uleb128 0xb
 1518 00ae 05       		.uleb128 0x5
 1519 00af 3A       		.uleb128 0x3a
 1520 00b0 0B       		.uleb128 0xb
 1521 00b1 3B       		.uleb128 0x3b
 1522 00b2 05       		.uleb128 0x5
 1523 00b3 01       		.uleb128 0x1
 1524 00b4 13       		.uleb128 0x13
 1525 00b5 00       		.byte	0
 1526 00b6 00       		.byte	0
 1527 00b7 10       		.uleb128 0x10
 1528 00b8 34       		.uleb128 0x34
 1529 00b9 00       		.byte	0
 1530 00ba 03       		.uleb128 0x3
 1531 00bb 0E       		.uleb128 0xe
 1532 00bc 3A       		.uleb128 0x3a
 1533 00bd 0B       		.uleb128 0xb
 1534 00be 3B       		.uleb128 0x3b
 1535 00bf 05       		.uleb128 0x5
 1536 00c0 49       		.uleb128 0x49
 1537 00c1 13       		.uleb128 0x13
 1538 00c2 3F       		.uleb128 0x3f
 1539 00c3 19       		.uleb128 0x19
ARM GAS  /var/tmp//ccjAXHKF.s 			page 28


 1540 00c4 3C       		.uleb128 0x3c
 1541 00c5 19       		.uleb128 0x19
 1542 00c6 00       		.byte	0
 1543 00c7 00       		.byte	0
 1544 00c8 11       		.uleb128 0x11
 1545 00c9 34       		.uleb128 0x34
 1546 00ca 00       		.byte	0
 1547 00cb 03       		.uleb128 0x3
 1548 00cc 0E       		.uleb128 0xe
 1549 00cd 3A       		.uleb128 0x3a
 1550 00ce 0B       		.uleb128 0xb
 1551 00cf 3B       		.uleb128 0x3b
 1552 00d0 0B       		.uleb128 0xb
 1553 00d1 49       		.uleb128 0x49
 1554 00d2 13       		.uleb128 0x13
 1555 00d3 3F       		.uleb128 0x3f
 1556 00d4 19       		.uleb128 0x19
 1557 00d5 3C       		.uleb128 0x3c
 1558 00d6 19       		.uleb128 0x19
 1559 00d7 00       		.byte	0
 1560 00d8 00       		.byte	0
 1561 00d9 12       		.uleb128 0x12
 1562 00da 0D       		.uleb128 0xd
 1563 00db 00       		.byte	0
 1564 00dc 03       		.uleb128 0x3
 1565 00dd 08       		.uleb128 0x8
 1566 00de 3A       		.uleb128 0x3a
 1567 00df 0B       		.uleb128 0xb
 1568 00e0 3B       		.uleb128 0x3b
 1569 00e1 0B       		.uleb128 0xb
 1570 00e2 49       		.uleb128 0x49
 1571 00e3 13       		.uleb128 0x13
 1572 00e4 38       		.uleb128 0x38
 1573 00e5 0B       		.uleb128 0xb
 1574 00e6 00       		.byte	0
 1575 00e7 00       		.byte	0
 1576 00e8 13       		.uleb128 0x13
 1577 00e9 13       		.uleb128 0x13
 1578 00ea 01       		.byte	0x1
 1579 00eb 0B       		.uleb128 0xb
 1580 00ec 0B       		.uleb128 0xb
 1581 00ed 3A       		.uleb128 0x3a
 1582 00ee 0B       		.uleb128 0xb
 1583 00ef 3B       		.uleb128 0x3b
 1584 00f0 0B       		.uleb128 0xb
 1585 00f1 01       		.uleb128 0x1
 1586 00f2 13       		.uleb128 0x13
 1587 00f3 00       		.byte	0
 1588 00f4 00       		.byte	0
 1589 00f5 14       		.uleb128 0x14
 1590 00f6 17       		.uleb128 0x17
 1591 00f7 01       		.byte	0x1
 1592 00f8 0B       		.uleb128 0xb
 1593 00f9 0B       		.uleb128 0xb
 1594 00fa 3A       		.uleb128 0x3a
 1595 00fb 0B       		.uleb128 0xb
 1596 00fc 3B       		.uleb128 0x3b
ARM GAS  /var/tmp//ccjAXHKF.s 			page 29


 1597 00fd 0B       		.uleb128 0xb
 1598 00fe 01       		.uleb128 0x1
 1599 00ff 13       		.uleb128 0x13
 1600 0100 00       		.byte	0
 1601 0101 00       		.byte	0
 1602 0102 15       		.uleb128 0x15
 1603 0103 0D       		.uleb128 0xd
 1604 0104 00       		.byte	0
 1605 0105 03       		.uleb128 0x3
 1606 0106 0E       		.uleb128 0xe
 1607 0107 3A       		.uleb128 0x3a
 1608 0108 0B       		.uleb128 0xb
 1609 0109 3B       		.uleb128 0x3b
 1610 010a 05       		.uleb128 0x5
 1611 010b 49       		.uleb128 0x49
 1612 010c 13       		.uleb128 0x13
 1613 010d 00       		.byte	0
 1614 010e 00       		.byte	0
 1615 010f 16       		.uleb128 0x16
 1616 0110 26       		.uleb128 0x26
 1617 0111 00       		.byte	0
 1618 0112 49       		.uleb128 0x49
 1619 0113 13       		.uleb128 0x13
 1620 0114 00       		.byte	0
 1621 0115 00       		.byte	0
 1622 0116 17       		.uleb128 0x17
 1623 0117 01       		.uleb128 0x1
 1624 0118 01       		.byte	0x1
 1625 0119 49       		.uleb128 0x49
 1626 011a 13       		.uleb128 0x13
 1627 011b 01       		.uleb128 0x1
 1628 011c 13       		.uleb128 0x13
 1629 011d 00       		.byte	0
 1630 011e 00       		.byte	0
 1631 011f 18       		.uleb128 0x18
 1632 0120 21       		.uleb128 0x21
 1633 0121 00       		.byte	0
 1634 0122 49       		.uleb128 0x49
 1635 0123 13       		.uleb128 0x13
 1636 0124 2F       		.uleb128 0x2f
 1637 0125 0B       		.uleb128 0xb
 1638 0126 00       		.byte	0
 1639 0127 00       		.byte	0
 1640 0128 19       		.uleb128 0x19
 1641 0129 34       		.uleb128 0x34
 1642 012a 00       		.byte	0
 1643 012b 03       		.uleb128 0x3
 1644 012c 08       		.uleb128 0x8
 1645 012d 3A       		.uleb128 0x3a
 1646 012e 0B       		.uleb128 0xb
 1647 012f 3B       		.uleb128 0x3b
 1648 0130 05       		.uleb128 0x5
 1649 0131 49       		.uleb128 0x49
 1650 0132 13       		.uleb128 0x13
 1651 0133 3F       		.uleb128 0x3f
 1652 0134 19       		.uleb128 0x19
 1653 0135 3C       		.uleb128 0x3c
ARM GAS  /var/tmp//ccjAXHKF.s 			page 30


 1654 0136 19       		.uleb128 0x19
 1655 0137 00       		.byte	0
 1656 0138 00       		.byte	0
 1657 0139 1A       		.uleb128 0x1a
 1658 013a 2E       		.uleb128 0x2e
 1659 013b 01       		.byte	0x1
 1660 013c 3F       		.uleb128 0x3f
 1661 013d 19       		.uleb128 0x19
 1662 013e 03       		.uleb128 0x3
 1663 013f 0E       		.uleb128 0xe
 1664 0140 3A       		.uleb128 0x3a
 1665 0141 0B       		.uleb128 0xb
 1666 0142 3B       		.uleb128 0x3b
 1667 0143 0B       		.uleb128 0xb
 1668 0144 27       		.uleb128 0x27
 1669 0145 19       		.uleb128 0x19
 1670 0146 11       		.uleb128 0x11
 1671 0147 01       		.uleb128 0x1
 1672 0148 12       		.uleb128 0x12
 1673 0149 06       		.uleb128 0x6
 1674 014a 40       		.uleb128 0x40
 1675 014b 18       		.uleb128 0x18
 1676 014c 9742     		.uleb128 0x2117
 1677 014e 19       		.uleb128 0x19
 1678 014f 01       		.uleb128 0x1
 1679 0150 13       		.uleb128 0x13
 1680 0151 00       		.byte	0
 1681 0152 00       		.byte	0
 1682 0153 1B       		.uleb128 0x1b
 1683 0154 05       		.uleb128 0x5
 1684 0155 00       		.byte	0
 1685 0156 03       		.uleb128 0x3
 1686 0157 08       		.uleb128 0x8
 1687 0158 3A       		.uleb128 0x3a
 1688 0159 0B       		.uleb128 0xb
 1689 015a 3B       		.uleb128 0x3b
 1690 015b 0B       		.uleb128 0xb
 1691 015c 49       		.uleb128 0x49
 1692 015d 13       		.uleb128 0x13
 1693 015e 02       		.uleb128 0x2
 1694 015f 18       		.uleb128 0x18
 1695 0160 00       		.byte	0
 1696 0161 00       		.byte	0
 1697 0162 1C       		.uleb128 0x1c
 1698 0163 34       		.uleb128 0x34
 1699 0164 00       		.byte	0
 1700 0165 03       		.uleb128 0x3
 1701 0166 0E       		.uleb128 0xe
 1702 0167 49       		.uleb128 0x49
 1703 0168 13       		.uleb128 0x13
 1704 0169 34       		.uleb128 0x34
 1705 016a 19       		.uleb128 0x19
 1706 016b 00       		.byte	0
 1707 016c 00       		.byte	0
 1708 016d 1D       		.uleb128 0x1d
 1709 016e 05       		.uleb128 0x5
 1710 016f 00       		.byte	0
ARM GAS  /var/tmp//ccjAXHKF.s 			page 31


 1711 0170 03       		.uleb128 0x3
 1712 0171 0E       		.uleb128 0xe
 1713 0172 3A       		.uleb128 0x3a
 1714 0173 0B       		.uleb128 0xb
 1715 0174 3B       		.uleb128 0x3b
 1716 0175 0B       		.uleb128 0xb
 1717 0176 49       		.uleb128 0x49
 1718 0177 13       		.uleb128 0x13
 1719 0178 02       		.uleb128 0x2
 1720 0179 17       		.uleb128 0x17
 1721 017a 00       		.byte	0
 1722 017b 00       		.byte	0
 1723 017c 1E       		.uleb128 0x1e
 1724 017d 05       		.uleb128 0x5
 1725 017e 00       		.byte	0
 1726 017f 03       		.uleb128 0x3
 1727 0180 08       		.uleb128 0x8
 1728 0181 3A       		.uleb128 0x3a
 1729 0182 0B       		.uleb128 0xb
 1730 0183 3B       		.uleb128 0x3b
 1731 0184 0B       		.uleb128 0xb
 1732 0185 49       		.uleb128 0x49
 1733 0186 13       		.uleb128 0x13
 1734 0187 02       		.uleb128 0x2
 1735 0188 17       		.uleb128 0x17
 1736 0189 00       		.byte	0
 1737 018a 00       		.byte	0
 1738 018b 1F       		.uleb128 0x1f
 1739 018c 34       		.uleb128 0x34
 1740 018d 00       		.byte	0
 1741 018e 03       		.uleb128 0x3
 1742 018f 08       		.uleb128 0x8
 1743 0190 3A       		.uleb128 0x3a
 1744 0191 0B       		.uleb128 0xb
 1745 0192 3B       		.uleb128 0x3b
 1746 0193 0B       		.uleb128 0xb
 1747 0194 49       		.uleb128 0x49
 1748 0195 13       		.uleb128 0x13
 1749 0196 02       		.uleb128 0x2
 1750 0197 17       		.uleb128 0x17
 1751 0198 00       		.byte	0
 1752 0199 00       		.byte	0
 1753 019a 20       		.uleb128 0x20
 1754 019b 34       		.uleb128 0x34
 1755 019c 00       		.byte	0
 1756 019d 03       		.uleb128 0x3
 1757 019e 0E       		.uleb128 0xe
 1758 019f 3A       		.uleb128 0x3a
 1759 01a0 0B       		.uleb128 0xb
 1760 01a1 3B       		.uleb128 0x3b
 1761 01a2 0B       		.uleb128 0xb
 1762 01a3 49       		.uleb128 0x49
 1763 01a4 13       		.uleb128 0x13
 1764 01a5 02       		.uleb128 0x2
 1765 01a6 17       		.uleb128 0x17
 1766 01a7 00       		.byte	0
 1767 01a8 00       		.byte	0
ARM GAS  /var/tmp//ccjAXHKF.s 			page 32


 1768 01a9 21       		.uleb128 0x21
 1769 01aa 2E       		.uleb128 0x2e
 1770 01ab 00       		.byte	0
 1771 01ac 3F       		.uleb128 0x3f
 1772 01ad 19       		.uleb128 0x19
 1773 01ae 03       		.uleb128 0x3
 1774 01af 0E       		.uleb128 0xe
 1775 01b0 3A       		.uleb128 0x3a
 1776 01b1 0B       		.uleb128 0xb
 1777 01b2 3B       		.uleb128 0x3b
 1778 01b3 0B       		.uleb128 0xb
 1779 01b4 27       		.uleb128 0x27
 1780 01b5 19       		.uleb128 0x19
 1781 01b6 11       		.uleb128 0x11
 1782 01b7 01       		.uleb128 0x1
 1783 01b8 12       		.uleb128 0x12
 1784 01b9 06       		.uleb128 0x6
 1785 01ba 40       		.uleb128 0x40
 1786 01bb 18       		.uleb128 0x18
 1787 01bc 9742     		.uleb128 0x2117
 1788 01be 19       		.uleb128 0x19
 1789 01bf 00       		.byte	0
 1790 01c0 00       		.byte	0
 1791 01c1 00       		.byte	0
 1792              		.section	.debug_loc,"",%progbits
 1793              	.Ldebug_loc0:
 1794              	.LLST0:
 1795 0000 00000000 		.4byte	.LVL0
 1796 0004 10000000 		.4byte	.LVL2
 1797 0008 0100     		.2byte	0x1
 1798 000a 51       		.byte	0x51
 1799 000b 10000000 		.4byte	.LVL2
 1800 000f 3C000000 		.4byte	.LFE220
 1801 0013 0400     		.2byte	0x4
 1802 0015 F3       		.byte	0xf3
 1803 0016 01       		.uleb128 0x1
 1804 0017 51       		.byte	0x51
 1805 0018 9F       		.byte	0x9f
 1806 0019 00000000 		.4byte	0
 1807 001d 00000000 		.4byte	0
 1808              	.LLST1:
 1809 0021 00000000 		.4byte	.LVL0
 1810 0025 2C000000 		.4byte	.LVL6
 1811 0029 0100     		.2byte	0x1
 1812 002b 52       		.byte	0x52
 1813 002c 2C000000 		.4byte	.LVL6
 1814 0030 3C000000 		.4byte	.LFE220
 1815 0034 0200     		.2byte	0x2
 1816 0036 70       		.byte	0x70
 1817 0037 0C       		.sleb128 12
 1818 0038 00000000 		.4byte	0
 1819 003c 00000000 		.4byte	0
 1820              	.LLST2:
 1821 0040 00000000 		.4byte	.LVL0
 1822 0044 1C000000 		.4byte	.LVL5
 1823 0048 0100     		.2byte	0x1
 1824 004a 53       		.byte	0x53
ARM GAS  /var/tmp//ccjAXHKF.s 			page 33


 1825 004b 1C000000 		.4byte	.LVL5
 1826 004f 3C000000 		.4byte	.LFE220
 1827 0053 0200     		.2byte	0x2
 1828 0055 70       		.byte	0x70
 1829 0056 10       		.sleb128 16
 1830 0057 00000000 		.4byte	0
 1831 005b 00000000 		.4byte	0
 1832              	.LLST3:
 1833 005f 0E000000 		.4byte	.LVL1
 1834 0063 12000000 		.4byte	.LVL3
 1835 0067 0100     		.2byte	0x1
 1836 0069 54       		.byte	0x54
 1837 006a 14000000 		.4byte	.LVL4
 1838 006e 34000000 		.4byte	.LVL9
 1839 0072 0100     		.2byte	0x1
 1840 0074 54       		.byte	0x54
 1841 0075 00000000 		.4byte	0
 1842 0079 00000000 		.4byte	0
 1843              	.LLST4:
 1844 007d 0E000000 		.4byte	.LVL1
 1845 0081 2E000000 		.4byte	.LVL7
 1846 0085 0100     		.2byte	0x1
 1847 0087 51       		.byte	0x51
 1848 0088 2E000000 		.4byte	.LVL7
 1849 008c 30000000 		.4byte	.LVL8
 1850 0090 0500     		.2byte	0x5
 1851 0092 74       		.byte	0x74
 1852 0093 04       		.sleb128 4
 1853 0094 06       		.byte	0x6
 1854 0095 23       		.byte	0x23
 1855 0096 08       		.uleb128 0x8
 1856 0097 00000000 		.4byte	0
 1857 009b 00000000 		.4byte	0
 1858              		.section	.debug_aranges,"",%progbits
 1859 0000 2C000000 		.4byte	0x2c
 1860 0004 0200     		.2byte	0x2
 1861 0006 00000000 		.4byte	.Ldebug_info0
 1862 000a 04       		.byte	0x4
 1863 000b 00       		.byte	0
 1864 000c 0000     		.2byte	0
 1865 000e 0000     		.2byte	0
 1866 0010 00000000 		.4byte	.LFB219
 1867 0014 1C000000 		.4byte	.LFE219-.LFB219
 1868 0018 00000000 		.4byte	.LFB220
 1869 001c 3C000000 		.4byte	.LFE220-.LFB220
 1870 0020 00000000 		.4byte	.LFB221
 1871 0024 28000000 		.4byte	.LFE221-.LFB221
 1872 0028 00000000 		.4byte	0
 1873 002c 00000000 		.4byte	0
 1874              		.section	.debug_ranges,"",%progbits
 1875              	.Ldebug_ranges0:
 1876 0000 00000000 		.4byte	.LFB219
 1877 0004 1C000000 		.4byte	.LFE219
 1878 0008 00000000 		.4byte	.LFB220
 1879 000c 3C000000 		.4byte	.LFE220
 1880 0010 00000000 		.4byte	.LFB221
 1881 0014 28000000 		.4byte	.LFE221
ARM GAS  /var/tmp//ccjAXHKF.s 			page 34


 1882 0018 00000000 		.4byte	0
 1883 001c 00000000 		.4byte	0
 1884              		.section	.debug_line,"",%progbits
 1885              	.Ldebug_line0:
 1886 0000 B5020000 		.section	.debug_str,"MS",%progbits,1
 1886      02004002 
 1886      00000201 
 1886      FB0E0D00 
 1886      01010101 
 1887              	.LASF117:
 1888 0000 63665F6F 		.ascii	"cf_off_older\000"
 1888      66665F6F 
 1888      6C646572 
 1888      00
 1889              	.LASF55:
 1890 000d 72656164 		.ascii	"ready_list_t\000"
 1890      795F6C69 
 1890      73745F74 
 1890      00
 1891              	.LASF95:
 1892 001a 77747472 		.ascii	"wttrp\000"
 1892      7000
 1893              	.LASF132:
 1894 0020 64656C74 		.ascii	"delta\000"
 1894      6100
 1895              	.LASF92:
 1896 0026 7264796D 		.ascii	"rdymsg\000"
 1896      736700
 1897              	.LASF18:
 1898 002d 75696E74 		.ascii	"uint64_t\000"
 1898      36345F74 
 1898      00
 1899              	.LASF26:
 1900 0036 6576656E 		.ascii	"eventmask_t\000"
 1900      746D6173 
 1900      6B5F7400 
 1901              	.LASF4:
 1902 0042 5F5F7569 		.ascii	"__uint8_t\000"
 1902      6E74385F 
 1902      7400
 1903              	.LASF89:
 1904 004c 706F7274 		.ascii	"port_intctx\000"
 1904      5F696E74 
 1904      63747800 
 1905              	.LASF74:
 1906 0058 73797374 		.ascii	"system_debug_t\000"
 1906      656D5F64 
 1906      65627567 
 1906      5F7400
 1907              	.LASF13:
 1908 0067 6C6F6E67 		.ascii	"long long unsigned int\000"
 1908      206C6F6E 
 1908      6720756E 
 1908      7369676E 
 1908      65642069 
 1909              	.LASF113:
 1910 007e 63685F74 		.ascii	"ch_threadsize\000"
ARM GAS  /var/tmp//ccjAXHKF.s 			page 35


 1910      68726561 
 1910      6473697A 
 1910      6500
 1911              	.LASF128:
 1912 008c 63685654 		.ascii	"chVTDoResetI\000"
 1912      446F5265 
 1912      73657449 
 1912      00
 1913              	.LASF93:
 1914 0099 65786974 		.ascii	"exitcode\000"
 1914      636F6465 
 1914      00
 1915              	.LASF81:
 1916 00a2 6D61696E 		.ascii	"mainthread\000"
 1916      74687265 
 1916      616400
 1917              	.LASF71:
 1918 00ad 76697274 		.ascii	"virtual_timers_list_t\000"
 1918      75616C5F 
 1918      74696D65 
 1918      72735F6C 
 1918      6973745F 
 1919              	.LASF84:
 1920 00c3 49544D5F 		.ascii	"ITM_RxBuffer\000"
 1920      52784275 
 1920      66666572 
 1920      00
 1921              	.LASF54:
 1922 00d0 63685F74 		.ascii	"ch_threads_queue\000"
 1922      68726561 
 1922      64735F71 
 1922      75657565 
 1922      00
 1923              	.LASF32:
 1924 00e1 705F7072 		.ascii	"p_prio\000"
 1924      696F00
 1925              	.LASF120:
 1926 00e8 63665F6F 		.ascii	"cf_off_state\000"
 1926      66665F73 
 1926      74617465 
 1926      00
 1927              	.LASF137:
 1928 00f5 5F76745F 		.ascii	"_vt_init\000"
 1928      696E6974 
 1928      00
 1929              	.LASF11:
 1930 00fe 6C6F6E67 		.ascii	"long long int\000"
 1930      206C6F6E 
 1930      6720696E 
 1930      7400
 1931              	.LASF1:
 1932 010c 7369676E 		.ascii	"signed char\000"
 1932      65642063 
 1932      68617200 
 1933              	.LASF119:
 1934 0118 63665F6F 		.ascii	"cf_off_stklimit\000"
 1934      66665F73 
ARM GAS  /var/tmp//ccjAXHKF.s 			page 36


 1934      746B6C69 
 1934      6D697400 
 1935              	.LASF121:
 1936 0128 63665F6F 		.ascii	"cf_off_flags\000"
 1936      66665F66 
 1936      6C616773 
 1936      00
 1937              	.LASF48:
 1938 0135 705F6D70 		.ascii	"p_mpool\000"
 1938      6F6F6C00 
 1939              	.LASF103:
 1940 013d 6D5F7175 		.ascii	"m_queue\000"
 1940      65756500 
 1941              	.LASF80:
 1942 0145 76746C69 		.ascii	"vtlist\000"
 1942      737400
 1943              	.LASF23:
 1944 014c 74736C69 		.ascii	"tslices_t\000"
 1944      6365735F 
 1944      7400
 1945              	.LASF78:
 1946 0156 63685F73 		.ascii	"ch_system\000"
 1946      79737465 
 1946      6D00
 1947              	.LASF8:
 1948 0160 6C6F6E67 		.ascii	"long int\000"
 1948      20696E74 
 1948      00
 1949              	.LASF21:
 1950 0169 74737461 		.ascii	"tstate_t\000"
 1950      74655F74 
 1950      00
 1951              	.LASF34:
 1952 0172 705F6E65 		.ascii	"p_newer\000"
 1952      77657200 
 1953              	.LASF100:
 1954 017a 735F7175 		.ascii	"s_queue\000"
 1954      65756500 
 1955              	.LASF60:
 1956 0182 725F6E65 		.ascii	"r_newer\000"
 1956      77657200 
 1957              	.LASF86:
 1958 018a 72656761 		.ascii	"regarm_t\000"
 1958      726D5F74 
 1958      00
 1959              	.LASF67:
 1960 0193 76745F70 		.ascii	"vt_prev\000"
 1960      72657600 
 1961              	.LASF127:
 1962 019b 6D757465 		.ascii	"mutex_t\000"
 1962      785F7400 
 1963              	.LASF82:
 1964 01a3 69646C65 		.ascii	"idle_thread_wa\000"
 1964      5F746872 
 1964      6561645F 
 1964      776100
 1965              	.LASF27:
ARM GAS  /var/tmp//ccjAXHKF.s 			page 37


 1966 01b2 636E745F 		.ascii	"cnt_t\000"
 1966      7400
 1967              	.LASF0:
 1968 01b8 756E7369 		.ascii	"unsigned int\000"
 1968      676E6564 
 1968      20696E74 
 1968      00
 1969              	.LASF66:
 1970 01c5 76745F6E 		.ascii	"vt_next\000"
 1970      65787400 
 1971              	.LASF15:
 1972 01cd 75696E74 		.ascii	"uint16_t\000"
 1972      31365F74 
 1972      00
 1973              	.LASF85:
 1974 01d6 53797374 		.ascii	"SystemCoreClock\000"
 1974      656D436F 
 1974      7265436C 
 1974      6F636B00 
 1975              	.LASF41:
 1976 01e6 705F7469 		.ascii	"p_time\000"
 1976      6D6500
 1977              	.LASF96:
 1978 01ed 77747365 		.ascii	"wtsemp\000"
 1978      6D7000
 1979              	.LASF68:
 1980 01f4 76745F64 		.ascii	"vt_delta\000"
 1980      656C7461 
 1980      00
 1981              	.LASF43:
 1982 01fd 705F6D73 		.ascii	"p_msgqueue\000"
 1982      67717565 
 1982      756500
 1983              	.LASF126:
 1984 0208 63685F64 		.ascii	"ch_debug\000"
 1984      65627567 
 1984      00
 1985              	.LASF101:
 1986 0211 735F636E 		.ascii	"s_cnt\000"
 1986      7400
 1987              	.LASF6:
 1988 0217 73686F72 		.ascii	"short unsigned int\000"
 1988      7420756E 
 1988      7369676E 
 1988      65642069 
 1988      6E7400
 1989              	.LASF51:
 1990 022a 63685F74 		.ascii	"ch_thread\000"
 1990      68726561 
 1990      6400
 1991              	.LASF25:
 1992 0234 6D73675F 		.ascii	"msg_t\000"
 1992      7400
 1993              	.LASF136:
 1994 023a 2F557365 		.ascii	"/Users/yanrudall/Documents/eBike/ebikeSystem\000"
 1994      72732F79 
 1994      616E7275 
ARM GAS  /var/tmp//ccjAXHKF.s 			page 38


 1994      64616C6C 
 1994      2F446F63 
 1995              	.LASF124:
 1996 0267 63665F6F 		.ascii	"cf_off_time\000"
 1996      66665F74 
 1996      696D6500 
 1997              	.LASF56:
 1998 0273 63685F72 		.ascii	"ch_ready_list\000"
 1998      65616479 
 1998      5F6C6973 
 1998      7400
 1999              	.LASF129:
 2000 0281 63685654 		.ascii	"chVTDoSetI\000"
 2000      446F5365 
 2000      744900
 2001              	.LASF7:
 2002 028c 5F5F696E 		.ascii	"__int32_t\000"
 2002      7433325F 
 2002      7400
 2003              	.LASF87:
 2004 0296 73746B61 		.ascii	"stkalign_t\000"
 2004      6C69676E 
 2004      5F7400
 2005              	.LASF134:
 2006 02a1 474E5520 		.ascii	"GNU C99 6.3.1 20170620 (release) [ARM/embedded-6-br"
 2006      43393920 
 2006      362E332E 
 2006      31203230 
 2006      31373036 
 2007 02d4 616E6368 		.ascii	"anch revision 249437] -mcpu=cortex-m4 -mfloat-abi=h"
 2007      20726576 
 2007      6973696F 
 2007      6E203234 
 2007      39343337 
 2008 0307 61726420 		.ascii	"ard -mfpu=fpv4-sp-d16 -mno-thumb-interwork -mthumb "
 2008      2D6D6670 
 2008      753D6670 
 2008      76342D73 
 2008      702D6431 
 2009 033a 2D676764 		.ascii	"-ggdb -O2 -std=gnu99 -fomit-frame-pointer -falign-f"
 2009      62202D4F 
 2009      32202D73 
 2009      74643D67 
 2009      6E753939 
 2010 036d 756E6374 		.ascii	"unctions=16 -ffunction-sections -fdata-sections -fn"
 2010      696F6E73 
 2010      3D313620 
 2010      2D666675 
 2010      6E637469 
 2011 03a0 6F2D636F 		.ascii	"o-common -fsingle-precision-constant\000"
 2011      6D6D6F6E 
 2011      202D6673 
 2011      696E676C 
 2011      652D7072 
 2012              	.LASF50:
 2013 03c5 74687265 		.ascii	"threads_list_t\000"
 2013      6164735F 
ARM GAS  /var/tmp//ccjAXHKF.s 			page 39


 2013      6C697374 
 2013      5F7400
 2014              	.LASF108:
 2015 03d4 63685F7A 		.ascii	"ch_zero\000"
 2015      65726F00 
 2016              	.LASF122:
 2017 03dc 63665F6F 		.ascii	"cf_off_refs\000"
 2017      66665F72 
 2017      65667300 
 2018              	.LASF42:
 2019 03e8 705F7761 		.ascii	"p_waiting\000"
 2019      6974696E 
 2019      6700
 2020              	.LASF83:
 2021 03f2 73697A65 		.ascii	"sizetype\000"
 2021      74797065 
 2021      00
 2022              	.LASF72:
 2023 03fb 63685F76 		.ascii	"ch_virtual_timers_list\000"
 2023      69727475 
 2023      616C5F74 
 2023      696D6572 
 2023      735F6C69 
 2024              	.LASF112:
 2025 0412 63685F74 		.ascii	"ch_timesize\000"
 2025      696D6573 
 2025      697A6500 
 2026              	.LASF118:
 2027 041e 63665F6F 		.ascii	"cf_off_name\000"
 2027      66665F6E 
 2027      616D6500 
 2028              	.LASF35:
 2029 042a 705F6F6C 		.ascii	"p_older\000"
 2029      64657200 
 2030              	.LASF59:
 2031 0432 725F6374 		.ascii	"r_ctx\000"
 2031      7800
 2032              	.LASF33:
 2033 0438 705F6374 		.ascii	"p_ctx\000"
 2033      7800
 2034              	.LASF91:
 2035 043e 746D5F63 		.ascii	"tm_calibration_t\000"
 2035      616C6962 
 2035      72617469 
 2035      6F6E5F74 
 2035      00
 2036              	.LASF62:
 2037 044f 725F6375 		.ascii	"r_current\000"
 2037      7272656E 
 2037      7400
 2038              	.LASF61:
 2039 0459 725F6F6C 		.ascii	"r_older\000"
 2039      64657200 
 2040              	.LASF12:
 2041 0461 5F5F7569 		.ascii	"__uint64_t\000"
 2041      6E743634 
 2041      5F7400
ARM GAS  /var/tmp//ccjAXHKF.s 			page 40


 2042              	.LASF22:
 2043 046c 74726566 		.ascii	"trefs_t\000"
 2043      735F7400 
 2044              	.LASF111:
 2045 0474 63685F70 		.ascii	"ch_ptrsize\000"
 2045      74727369 
 2045      7A6500
 2046              	.LASF64:
 2047 047f 76697274 		.ascii	"virtual_timer_t\000"
 2047      75616C5F 
 2047      74696D65 
 2047      725F7400 
 2048              	.LASF31:
 2049 048f 705F7072 		.ascii	"p_prev\000"
 2049      657600
 2050              	.LASF24:
 2051 0496 74707269 		.ascii	"tprio_t\000"
 2051      6F5F7400 
 2052              	.LASF75:
 2053 049e 63685F73 		.ascii	"ch_system_debug\000"
 2053      79737465 
 2053      6D5F6465 
 2053      62756700 
 2054              	.LASF16:
 2055 04ae 696E7433 		.ascii	"int32_t\000"
 2055      325F7400 
 2056              	.LASF2:
 2057 04b6 756E7369 		.ascii	"unsigned char\000"
 2057      676E6564 
 2057      20636861 
 2057      7200
 2058              	.LASF130:
 2059 04c4 64656C61 		.ascii	"delay\000"
 2059      7900
 2060              	.LASF46:
 2061 04ca 705F6D74 		.ascii	"p_mtxlist\000"
 2061      786C6973 
 2061      7400
 2062              	.LASF3:
 2063 04d4 73686F72 		.ascii	"short int\000"
 2063      7420696E 
 2063      7400
 2064              	.LASF37:
 2065 04de 705F7374 		.ascii	"p_state\000"
 2065      61746500 
 2066              	.LASF40:
 2067 04e6 705F7072 		.ascii	"p_preempt\000"
 2067      65656D70 
 2067      7400
 2068              	.LASF58:
 2069 04f0 725F7072 		.ascii	"r_prio\000"
 2069      696F00
 2070              	.LASF98:
 2071 04f7 65776D61 		.ascii	"ewmask\000"
 2071      736B00
 2072              	.LASF30:
 2073 04fe 705F6E65 		.ascii	"p_next\000"
ARM GAS  /var/tmp//ccjAXHKF.s 			page 41


 2073      787400
 2074              	.LASF20:
 2075 0505 746D6F64 		.ascii	"tmode_t\000"
 2075      655F7400 
 2076              	.LASF123:
 2077 050d 63665F6F 		.ascii	"cf_off_preempt\000"
 2077      66665F70 
 2077      7265656D 
 2077      707400
 2078              	.LASF38:
 2079 051c 705F666C 		.ascii	"p_flags\000"
 2079      61677300 
 2080              	.LASF133:
 2081 0524 5F5F6675 		.ascii	"__func__\000"
 2081      6E635F5F 
 2081      00
 2082              	.LASF53:
 2083 052d 74687265 		.ascii	"threads_queue_t\000"
 2083      6164735F 
 2083      71756575 
 2083      655F7400 
 2084              	.LASF65:
 2085 053d 63685F76 		.ascii	"ch_virtual_timer\000"
 2085      69727475 
 2085      616C5F74 
 2085      696D6572 
 2085      00
 2086              	.LASF116:
 2087 054e 63665F6F 		.ascii	"cf_off_newer\000"
 2087      66665F6E 
 2087      65776572 
 2087      00
 2088              	.LASF99:
 2089 055b 63685F73 		.ascii	"ch_semaphore\000"
 2089      656D6170 
 2089      686F7265 
 2089      00
 2090              	.LASF45:
 2091 0568 705F6570 		.ascii	"p_epending\000"
 2091      656E6469 
 2091      6E6700
 2092              	.LASF17:
 2093 0573 75696E74 		.ascii	"uint32_t\000"
 2093      33325F74 
 2093      00
 2094              	.LASF114:
 2095 057c 63665F6F 		.ascii	"cf_off_prio\000"
 2095      66665F70 
 2095      72696F00 
 2096              	.LASF57:
 2097 0588 725F7175 		.ascii	"r_queue\000"
 2097      65756500 
 2098              	.LASF52:
 2099 0590 63685F74 		.ascii	"ch_threads_list\000"
 2099      68726561 
 2099      64735F6C 
 2099      69737400 
ARM GAS  /var/tmp//ccjAXHKF.s 			page 42


 2100              	.LASF109:
 2101 05a0 63685F73 		.ascii	"ch_size\000"
 2101      697A6500 
 2102              	.LASF10:
 2103 05a8 6C6F6E67 		.ascii	"long unsigned int\000"
 2103      20756E73 
 2103      69676E65 
 2103      6420696E 
 2103      7400
 2104              	.LASF106:
 2105 05ba 63686172 		.ascii	"char\000"
 2105      00
 2106              	.LASF97:
 2107 05bf 77746D74 		.ascii	"wtmtxp\000"
 2107      787000
 2108              	.LASF5:
 2109 05c6 5F5F7569 		.ascii	"__uint16_t\000"
 2109      6E743136 
 2109      5F7400
 2110              	.LASF29:
 2111 05d1 74687265 		.ascii	"thread_t\000"
 2111      61645F74 
 2111      00
 2112              	.LASF105:
 2113 05da 6D5F6E65 		.ascii	"m_next\000"
 2113      787400
 2114              	.LASF28:
 2115 05e1 73797374 		.ascii	"systime_t\000"
 2115      696D655F 
 2115      7400
 2116              	.LASF47:
 2117 05eb 705F7265 		.ascii	"p_realprio\000"
 2117      616C7072 
 2117      696F00
 2118              	.LASF63:
 2119 05f6 76746675 		.ascii	"vtfunc_t\000"
 2119      6E635F74 
 2119      00
 2120              	.LASF9:
 2121 05ff 5F5F7569 		.ascii	"__uint32_t\000"
 2121      6E743332 
 2121      5F7400
 2122              	.LASF76:
 2123 060a 70616E69 		.ascii	"panic_msg\000"
 2123      635F6D73 
 2123      6700
 2124              	.LASF90:
 2125 0614 6F666673 		.ascii	"offset\000"
 2125      657400
 2126              	.LASF88:
 2127 061b 636F6E74 		.ascii	"context\000"
 2127      65787400 
 2128              	.LASF77:
 2129 0623 63685F73 		.ascii	"ch_system_t\000"
 2129      79737465 
 2129      6D5F7400 
 2130              	.LASF44:
ARM GAS  /var/tmp//ccjAXHKF.s 			page 43


 2131 062f 705F6D73 		.ascii	"p_msg\000"
 2131      6700
 2132              	.LASF19:
 2133 0635 7274636E 		.ascii	"rtcnt_t\000"
 2133      745F7400 
 2134              	.LASF70:
 2135 063d 76745F70 		.ascii	"vt_par\000"
 2135      617200
 2136              	.LASF131:
 2137 0644 76746675 		.ascii	"vtfunc\000"
 2137      6E6300
 2138              	.LASF135:
 2139 064b 43686962 		.ascii	"ChibiOS_3.0.2/os/rt/src/chvt.c\000"
 2139      694F535F 
 2139      332E302E 
 2139      322F6F73 
 2139      2F72742F 
 2140              	.LASF115:
 2141 066a 63665F6F 		.ascii	"cf_off_ctx\000"
 2141      66665F63 
 2141      747800
 2142              	.LASF102:
 2143 0675 63685F6D 		.ascii	"ch_mutex\000"
 2143      75746578 
 2143      00
 2144              	.LASF39:
 2145 067e 705F7265 		.ascii	"p_refs\000"
 2145      667300
 2146              	.LASF79:
 2147 0685 726C6973 		.ascii	"rlist\000"
 2147      7400
 2148              	.LASF14:
 2149 068b 75696E74 		.ascii	"uint8_t\000"
 2149      385F7400 
 2150              	.LASF49:
 2151 0693 74687265 		.ascii	"thread_reference_t\000"
 2151      61645F72 
 2151      65666572 
 2151      656E6365 
 2151      5F7400
 2152              	.LASF94:
 2153 06a6 77746F62 		.ascii	"wtobjp\000"
 2153      6A7000
 2154              	.LASF36:
 2155 06ad 705F6E61 		.ascii	"p_name\000"
 2155      6D6500
 2156              	.LASF73:
 2157 06b4 76745F73 		.ascii	"vt_systime\000"
 2157      79737469 
 2157      6D6500
 2158              	.LASF110:
 2159 06bf 63685F76 		.ascii	"ch_version\000"
 2159      65727369 
 2159      6F6E00
 2160              	.LASF104:
 2161 06ca 6D5F6F77 		.ascii	"m_owner\000"
 2161      6E657200 
ARM GAS  /var/tmp//ccjAXHKF.s 			page 44


 2162              	.LASF125:
 2163 06d2 63686465 		.ascii	"chdebug_t\000"
 2163      6275675F 
 2163      7400
 2164              	.LASF107:
 2165 06dc 63685F69 		.ascii	"ch_identifier\000"
 2165      64656E74 
 2165      69666965 
 2165      7200
 2166              	.LASF69:
 2167 06ea 76745F66 		.ascii	"vt_func\000"
 2167      756E6300 
 2168              		.ident	"GCC: (GNU Tools for ARM Embedded Processors 6-2017-q2-update) 6.3.1 20170620 (release) [AR
ARM GAS  /var/tmp//ccjAXHKF.s 			page 45


DEFINED SYMBOLS
                            *ABS*:0000000000000000 chvt.c
/var/tmp//ccjAXHKF.s:18     .text._vt_init:0000000000000000 $t
/var/tmp//ccjAXHKF.s:26     .text._vt_init:0000000000000000 _vt_init
/var/tmp//ccjAXHKF.s:54     .text._vt_init:0000000000000018 $d
/var/tmp//ccjAXHKF.s:59     .text.chVTDoSetI:0000000000000000 $t
/var/tmp//ccjAXHKF.s:67     .text.chVTDoSetI:0000000000000000 chVTDoSetI
/var/tmp//ccjAXHKF.s:142    .text.chVTDoSetI:0000000000000038 $d
/var/tmp//ccjAXHKF.s:147    .text.chVTDoResetI:0000000000000000 $t
/var/tmp//ccjAXHKF.s:155    .text.chVTDoResetI:0000000000000000 chVTDoResetI
/var/tmp//ccjAXHKF.s:204    .text.chVTDoResetI:0000000000000024 $d
                     .debug_frame:0000000000000010 $d

UNDEFINED SYMBOLS
ch
