ARM GAS  /var/tmp//ccDIFBTf.s 			page 1


   1              		.cpu cortex-m4
   2              		.eabi_attribute 27, 1
   3              		.eabi_attribute 28, 1
   4              		.eabi_attribute 20, 1
   5              		.eabi_attribute 21, 1
   6              		.eabi_attribute 23, 3
   7              		.eabi_attribute 24, 1
   8              		.eabi_attribute 25, 1
   9              		.eabi_attribute 26, 1
  10              		.eabi_attribute 30, 2
  11              		.eabi_attribute 34, 1
  12              		.eabi_attribute 18, 4
  13              		.file	"crt1.c"
  14              		.text
  15              	.Ltext0:
  16              		.cfi_sections	.debug_frame
  17              		.section	.text.__core_init,"ax",%progbits
  18              		.align	1
  19              		.p2align 4,,15
  20              		.weak	__core_init
  21              		.syntax unified
  22              		.thumb
  23              		.thumb_func
  24              		.fpu fpv4-sp-d16
  25              		.type	__core_init, %function
  26              	__core_init:
  27              	.LFB119:
  28              		.cfi_startproc
  29              		@ args = 0, pretend = 0, frame = 0
  30              		@ frame_needed = 0, uses_anonymous_args = 0
  31              		@ link register save eliminated.
  32 0000 7047     		bx	lr
  33              		.cfi_endproc
  34              	.LFE119:
  35              		.size	__core_init, .-__core_init
  36 0002 00BF     		.section	.text.__early_init,"ax",%progbits
  37              		.align	1
  38              		.p2align 4,,15
  39              		.weak	__early_init
  40              		.syntax unified
  41              		.thumb
  42              		.thumb_func
  43              		.fpu fpv4-sp-d16
  44              		.type	__early_init, %function
  45              	__early_init:
  46              	.LFB117:
  47              		.cfi_startproc
  48              		@ args = 0, pretend = 0, frame = 0
  49              		@ frame_needed = 0, uses_anonymous_args = 0
  50              		@ link register save eliminated.
  51 0000 7047     		bx	lr
  52              		.cfi_endproc
  53              	.LFE117:
  54              		.size	__early_init, .-__early_init
  55 0002 00BF     		.section	.text.__late_init,"ax",%progbits
  56              		.align	1
  57              		.p2align 4,,15
ARM GAS  /var/tmp//ccDIFBTf.s 			page 2


  58              		.weak	__late_init
  59              		.syntax unified
  60              		.thumb
  61              		.thumb_func
  62              		.fpu fpv4-sp-d16
  63              		.type	__late_init, %function
  64              	__late_init:
  65              	.LFB114:
  66              		.file 1 "ChibiOS_3.0.2/os/common/ports/ARMCMx/compilers/GCC/crt1.c"
  67              		.loc 1 75 0
  68              		.cfi_startproc
  69              		@ args = 0, pretend = 0, frame = 0
  70              		@ frame_needed = 0, uses_anonymous_args = 0
  71              		@ link register save eliminated.
  72 0000 7047     		bx	lr
  73              		.cfi_endproc
  74              	.LFE114:
  75              		.size	__late_init, .-__late_init
  76 0002 00BF     		.section	.text.__default_exit,"ax",%progbits
  77              		.align	1
  78              		.p2align 4,,15
  79              		.weak	__default_exit
  80              		.syntax unified
  81              		.thumb
  82              		.thumb_func
  83              		.fpu fpv4-sp-d16
  84              		.type	__default_exit, %function
  85              	__default_exit:
  86              	.LFB115:
  87              		.loc 1 88 0
  88              		.cfi_startproc
  89              		@ Volatile: function does not return.
  90              		@ args = 0, pretend = 0, frame = 0
  91              		@ frame_needed = 0, uses_anonymous_args = 0
  92              		@ link register save eliminated.
  93              	.L5:
  94 0000 FEE7     		b	.L5
  95              		.cfi_endproc
  96              	.LFE115:
  97              		.size	__default_exit, .-__default_exit
  98 0002 00BF     		.text
  99              	.Letext0:
 100              		.file 2 "/usr/local/gcc_arm/gcc-arm-none-eabi-6-2017-q2-update/arm-none-eabi/include/machine/_defa
 101              		.file 3 "/usr/local/gcc_arm/gcc-arm-none-eabi-6-2017-q2-update/arm-none-eabi/include/sys/_stdint.h
 102              		.file 4 "ChibiOS_3.0.2/os/ext/CMSIS/include/core_cm4.h"
 103              		.file 5 "ChibiOS_3.0.2/os/ext/CMSIS/ST/system_stm32f4xx.h"
 104              		.section	.debug_info,"",%progbits
 105              	.Ldebug_info0:
 106 0000 ED000000 		.4byte	0xed
 107 0004 0400     		.2byte	0x4
 108 0006 00000000 		.4byte	.Ldebug_abbrev0
 109 000a 04       		.byte	0x4
 110 000b 01       		.uleb128 0x1
 111 000c 6E010000 		.4byte	.LASF18
 112 0010 0C       		.byte	0xc
 113 0011 E4000000 		.4byte	.LASF19
 114 0015 76000000 		.4byte	.LASF20
ARM GAS  /var/tmp//ccDIFBTf.s 			page 3


 115 0019 00000000 		.4byte	.Ldebug_ranges0+0
 116 001d 00000000 		.4byte	0
 117 0021 00000000 		.4byte	.Ldebug_line0
 118 0025 02       		.uleb128 0x2
 119 0026 01       		.byte	0x1
 120 0027 06       		.byte	0x6
 121 0028 58010000 		.4byte	.LASF0
 122 002c 02       		.uleb128 0x2
 123 002d 01       		.byte	0x1
 124 002e 08       		.byte	0x8
 125 002f 2E000000 		.4byte	.LASF1
 126 0033 02       		.uleb128 0x2
 127 0034 02       		.byte	0x2
 128 0035 05       		.byte	0x5
 129 0036 92020000 		.4byte	.LASF2
 130 003a 02       		.uleb128 0x2
 131 003b 02       		.byte	0x2
 132 003c 07       		.byte	0x7
 133 003d 0E000000 		.4byte	.LASF3
 134 0041 03       		.uleb128 0x3
 135 0042 64010000 		.4byte	.LASF5
 136 0046 02       		.byte	0x2
 137 0047 4D       		.byte	0x4d
 138 0048 4C000000 		.4byte	0x4c
 139 004c 02       		.uleb128 0x2
 140 004d 04       		.byte	0x4
 141 004e 05       		.byte	0x5
 142 004f 33010000 		.4byte	.LASF4
 143 0053 03       		.uleb128 0x3
 144 0054 3C000000 		.4byte	.LASF6
 145 0058 02       		.byte	0x2
 146 0059 4F       		.byte	0x4f
 147 005a 5E000000 		.4byte	0x5e
 148 005e 02       		.uleb128 0x2
 149 005f 04       		.byte	0x4
 150 0060 07       		.byte	0x7
 151 0061 64000000 		.4byte	.LASF7
 152 0065 02       		.uleb128 0x2
 153 0066 08       		.byte	0x8
 154 0067 05       		.byte	0x5
 155 0068 00000000 		.4byte	.LASF8
 156 006c 02       		.uleb128 0x2
 157 006d 08       		.byte	0x8
 158 006e 07       		.byte	0x7
 159 006f C1000000 		.4byte	.LASF9
 160 0073 04       		.uleb128 0x4
 161 0074 04       		.byte	0x4
 162 0075 05       		.byte	0x5
 163 0076 696E7400 		.ascii	"int\000"
 164 007a 02       		.uleb128 0x2
 165 007b 04       		.byte	0x4
 166 007c 07       		.byte	0x7
 167 007d 21000000 		.4byte	.LASF10
 168 0081 03       		.uleb128 0x3
 169 0082 9C020000 		.4byte	.LASF11
 170 0086 03       		.byte	0x3
 171 0087 2C       		.byte	0x2c
ARM GAS  /var/tmp//ccDIFBTf.s 			page 4


 172 0088 41000000 		.4byte	0x41
 173 008c 05       		.uleb128 0x5
 174 008d 81000000 		.4byte	0x81
 175 0091 03       		.uleb128 0x3
 176 0092 1E010000 		.4byte	.LASF12
 177 0096 03       		.byte	0x3
 178 0097 30       		.byte	0x30
 179 0098 53000000 		.4byte	0x53
 180 009c 02       		.uleb128 0x2
 181 009d 04       		.byte	0x4
 182 009e 07       		.byte	0x7
 183 009f A4020000 		.4byte	.LASF13
 184 00a3 06       		.uleb128 0x6
 185 00a4 4B010000 		.4byte	.LASF14
 186 00a8 04       		.byte	0x4
 187 00a9 A706     		.2byte	0x6a7
 188 00ab 8C000000 		.4byte	0x8c
 189 00af 07       		.uleb128 0x7
 190 00b0 47000000 		.4byte	.LASF15
 191 00b4 05       		.byte	0x5
 192 00b5 4C       		.byte	0x4c
 193 00b6 91000000 		.4byte	0x91
 194 00ba 08       		.uleb128 0x8
 195 00bb 3C010000 		.4byte	.LASF21
 196 00bf 01       		.byte	0x1
 197 00c0 58       		.byte	0x58
 198 00c1 00000000 		.4byte	.LFB115
 199 00c5 02000000 		.4byte	.LFE115-.LFB115
 200 00c9 01       		.uleb128 0x1
 201 00ca 9C       		.byte	0x9c
 202 00cb 09       		.uleb128 0x9
 203 00cc D8000000 		.4byte	.LASF22
 204 00d0 01       		.byte	0x1
 205 00d1 4B       		.byte	0x4b
 206 00d2 01       		.byte	0x1
 207 00d3 0A       		.uleb128 0xa
 208 00d4 57000000 		.4byte	.LASF16
 209 00d8 01       		.byte	0x1
 210 00d9 3D       		.byte	0x3d
 211 00da 0A       		.uleb128 0xa
 212 00db 27010000 		.4byte	.LASF17
 213 00df 01       		.byte	0x1
 214 00e0 2A       		.byte	0x2a
 215 00e1 0B       		.uleb128 0xb
 216 00e2 CB000000 		.4byte	0xcb
 217 00e6 00000000 		.4byte	.LFB114
 218 00ea 02000000 		.4byte	.LFE114-.LFB114
 219 00ee 01       		.uleb128 0x1
 220 00ef 9C       		.byte	0x9c
 221 00f0 00       		.byte	0
 222              		.section	.debug_abbrev,"",%progbits
 223              	.Ldebug_abbrev0:
 224 0000 01       		.uleb128 0x1
 225 0001 11       		.uleb128 0x11
 226 0002 01       		.byte	0x1
 227 0003 25       		.uleb128 0x25
 228 0004 0E       		.uleb128 0xe
ARM GAS  /var/tmp//ccDIFBTf.s 			page 5


 229 0005 13       		.uleb128 0x13
 230 0006 0B       		.uleb128 0xb
 231 0007 03       		.uleb128 0x3
 232 0008 0E       		.uleb128 0xe
 233 0009 1B       		.uleb128 0x1b
 234 000a 0E       		.uleb128 0xe
 235 000b 55       		.uleb128 0x55
 236 000c 17       		.uleb128 0x17
 237 000d 11       		.uleb128 0x11
 238 000e 01       		.uleb128 0x1
 239 000f 10       		.uleb128 0x10
 240 0010 17       		.uleb128 0x17
 241 0011 00       		.byte	0
 242 0012 00       		.byte	0
 243 0013 02       		.uleb128 0x2
 244 0014 24       		.uleb128 0x24
 245 0015 00       		.byte	0
 246 0016 0B       		.uleb128 0xb
 247 0017 0B       		.uleb128 0xb
 248 0018 3E       		.uleb128 0x3e
 249 0019 0B       		.uleb128 0xb
 250 001a 03       		.uleb128 0x3
 251 001b 0E       		.uleb128 0xe
 252 001c 00       		.byte	0
 253 001d 00       		.byte	0
 254 001e 03       		.uleb128 0x3
 255 001f 16       		.uleb128 0x16
 256 0020 00       		.byte	0
 257 0021 03       		.uleb128 0x3
 258 0022 0E       		.uleb128 0xe
 259 0023 3A       		.uleb128 0x3a
 260 0024 0B       		.uleb128 0xb
 261 0025 3B       		.uleb128 0x3b
 262 0026 0B       		.uleb128 0xb
 263 0027 49       		.uleb128 0x49
 264 0028 13       		.uleb128 0x13
 265 0029 00       		.byte	0
 266 002a 00       		.byte	0
 267 002b 04       		.uleb128 0x4
 268 002c 24       		.uleb128 0x24
 269 002d 00       		.byte	0
 270 002e 0B       		.uleb128 0xb
 271 002f 0B       		.uleb128 0xb
 272 0030 3E       		.uleb128 0x3e
 273 0031 0B       		.uleb128 0xb
 274 0032 03       		.uleb128 0x3
 275 0033 08       		.uleb128 0x8
 276 0034 00       		.byte	0
 277 0035 00       		.byte	0
 278 0036 05       		.uleb128 0x5
 279 0037 35       		.uleb128 0x35
 280 0038 00       		.byte	0
 281 0039 49       		.uleb128 0x49
 282 003a 13       		.uleb128 0x13
 283 003b 00       		.byte	0
 284 003c 00       		.byte	0
 285 003d 06       		.uleb128 0x6
ARM GAS  /var/tmp//ccDIFBTf.s 			page 6


 286 003e 34       		.uleb128 0x34
 287 003f 00       		.byte	0
 288 0040 03       		.uleb128 0x3
 289 0041 0E       		.uleb128 0xe
 290 0042 3A       		.uleb128 0x3a
 291 0043 0B       		.uleb128 0xb
 292 0044 3B       		.uleb128 0x3b
 293 0045 05       		.uleb128 0x5
 294 0046 49       		.uleb128 0x49
 295 0047 13       		.uleb128 0x13
 296 0048 3F       		.uleb128 0x3f
 297 0049 19       		.uleb128 0x19
 298 004a 3C       		.uleb128 0x3c
 299 004b 19       		.uleb128 0x19
 300 004c 00       		.byte	0
 301 004d 00       		.byte	0
 302 004e 07       		.uleb128 0x7
 303 004f 34       		.uleb128 0x34
 304 0050 00       		.byte	0
 305 0051 03       		.uleb128 0x3
 306 0052 0E       		.uleb128 0xe
 307 0053 3A       		.uleb128 0x3a
 308 0054 0B       		.uleb128 0xb
 309 0055 3B       		.uleb128 0x3b
 310 0056 0B       		.uleb128 0xb
 311 0057 49       		.uleb128 0x49
 312 0058 13       		.uleb128 0x13
 313 0059 3F       		.uleb128 0x3f
 314 005a 19       		.uleb128 0x19
 315 005b 3C       		.uleb128 0x3c
 316 005c 19       		.uleb128 0x19
 317 005d 00       		.byte	0
 318 005e 00       		.byte	0
 319 005f 08       		.uleb128 0x8
 320 0060 2E       		.uleb128 0x2e
 321 0061 00       		.byte	0
 322 0062 3F       		.uleb128 0x3f
 323 0063 19       		.uleb128 0x19
 324 0064 03       		.uleb128 0x3
 325 0065 0E       		.uleb128 0xe
 326 0066 3A       		.uleb128 0x3a
 327 0067 0B       		.uleb128 0xb
 328 0068 3B       		.uleb128 0x3b
 329 0069 0B       		.uleb128 0xb
 330 006a 27       		.uleb128 0x27
 331 006b 19       		.uleb128 0x19
 332 006c 8701     		.uleb128 0x87
 333 006e 19       		.uleb128 0x19
 334 006f 11       		.uleb128 0x11
 335 0070 01       		.uleb128 0x1
 336 0071 12       		.uleb128 0x12
 337 0072 06       		.uleb128 0x6
 338 0073 40       		.uleb128 0x40
 339 0074 18       		.uleb128 0x18
 340 0075 9742     		.uleb128 0x2117
 341 0077 19       		.uleb128 0x19
 342 0078 00       		.byte	0
ARM GAS  /var/tmp//ccDIFBTf.s 			page 7


 343 0079 00       		.byte	0
 344 007a 09       		.uleb128 0x9
 345 007b 2E       		.uleb128 0x2e
 346 007c 00       		.byte	0
 347 007d 3F       		.uleb128 0x3f
 348 007e 19       		.uleb128 0x19
 349 007f 03       		.uleb128 0x3
 350 0080 0E       		.uleb128 0xe
 351 0081 3A       		.uleb128 0x3a
 352 0082 0B       		.uleb128 0xb
 353 0083 3B       		.uleb128 0x3b
 354 0084 0B       		.uleb128 0xb
 355 0085 27       		.uleb128 0x27
 356 0086 19       		.uleb128 0x19
 357 0087 20       		.uleb128 0x20
 358 0088 0B       		.uleb128 0xb
 359 0089 00       		.byte	0
 360 008a 00       		.byte	0
 361 008b 0A       		.uleb128 0xa
 362 008c 2E       		.uleb128 0x2e
 363 008d 00       		.byte	0
 364 008e 3F       		.uleb128 0x3f
 365 008f 19       		.uleb128 0x19
 366 0090 03       		.uleb128 0x3
 367 0091 0E       		.uleb128 0xe
 368 0092 3A       		.uleb128 0x3a
 369 0093 0B       		.uleb128 0xb
 370 0094 3B       		.uleb128 0x3b
 371 0095 0B       		.uleb128 0xb
 372 0096 27       		.uleb128 0x27
 373 0097 19       		.uleb128 0x19
 374 0098 00       		.byte	0
 375 0099 00       		.byte	0
 376 009a 0B       		.uleb128 0xb
 377 009b 2E       		.uleb128 0x2e
 378 009c 00       		.byte	0
 379 009d 31       		.uleb128 0x31
 380 009e 13       		.uleb128 0x13
 381 009f 11       		.uleb128 0x11
 382 00a0 01       		.uleb128 0x1
 383 00a1 12       		.uleb128 0x12
 384 00a2 06       		.uleb128 0x6
 385 00a3 40       		.uleb128 0x40
 386 00a4 18       		.uleb128 0x18
 387 00a5 9742     		.uleb128 0x2117
 388 00a7 19       		.uleb128 0x19
 389 00a8 00       		.byte	0
 390 00a9 00       		.byte	0
 391 00aa 00       		.byte	0
 392              		.section	.debug_aranges,"",%progbits
 393 0000 24000000 		.4byte	0x24
 394 0004 0200     		.2byte	0x2
 395 0006 00000000 		.4byte	.Ldebug_info0
 396 000a 04       		.byte	0x4
 397 000b 00       		.byte	0
 398 000c 0000     		.2byte	0
 399 000e 0000     		.2byte	0
ARM GAS  /var/tmp//ccDIFBTf.s 			page 8


 400 0010 00000000 		.4byte	.LFB114
 401 0014 02000000 		.4byte	.LFE114-.LFB114
 402 0018 00000000 		.4byte	.LFB115
 403 001c 02000000 		.4byte	.LFE115-.LFB115
 404 0020 00000000 		.4byte	0
 405 0024 00000000 		.4byte	0
 406              		.section	.debug_ranges,"",%progbits
 407              	.Ldebug_ranges0:
 408 0000 00000000 		.4byte	.LFB114
 409 0004 02000000 		.4byte	.LFE114
 410 0008 00000000 		.4byte	.LFB115
 411 000c 02000000 		.4byte	.LFE115
 412 0010 00000000 		.4byte	0
 413 0014 00000000 		.4byte	0
 414              		.section	.debug_line,"",%progbits
 415              	.Ldebug_line0:
 416 0000 A0010000 		.section	.debug_str,"MS",%progbits,1
 416      02007A01 
 416      00000201 
 416      FB0E0D00 
 416      01010101 
 417              	.LASF8:
 418 0000 6C6F6E67 		.ascii	"long long int\000"
 418      206C6F6E 
 418      6720696E 
 418      7400
 419              	.LASF3:
 420 000e 73686F72 		.ascii	"short unsigned int\000"
 420      7420756E 
 420      7369676E 
 420      65642069 
 420      6E7400
 421              	.LASF10:
 422 0021 756E7369 		.ascii	"unsigned int\000"
 422      676E6564 
 422      20696E74 
 422      00
 423              	.LASF1:
 424 002e 756E7369 		.ascii	"unsigned char\000"
 424      676E6564 
 424      20636861 
 424      7200
 425              	.LASF6:
 426 003c 5F5F7569 		.ascii	"__uint32_t\000"
 426      6E743332 
 426      5F7400
 427              	.LASF15:
 428 0047 53797374 		.ascii	"SystemCoreClock\000"
 428      656D436F 
 428      7265436C 
 428      6F636B00 
 429              	.LASF16:
 430 0057 5F5F6561 		.ascii	"__early_init\000"
 430      726C795F 
 430      696E6974 
 430      00
 431              	.LASF7:
ARM GAS  /var/tmp//ccDIFBTf.s 			page 9


 432 0064 6C6F6E67 		.ascii	"long unsigned int\000"
 432      20756E73 
 432      69676E65 
 432      6420696E 
 432      7400
 433              	.LASF20:
 434 0076 2F557365 		.ascii	"/Users/yanrudall/Documents/eBike/eBikeTestApplicati"
 434      72732F79 
 434      616E7275 
 434      64616C6C 
 434      2F446F63 
 435 00a9 6F6E2F65 		.ascii	"on/eBikeTestApplication\000"
 435      42696B65 
 435      54657374 
 435      4170706C 
 435      69636174 
 436              	.LASF9:
 437 00c1 6C6F6E67 		.ascii	"long long unsigned int\000"
 437      206C6F6E 
 437      6720756E 
 437      7369676E 
 437      65642069 
 438              	.LASF22:
 439 00d8 5F5F6C61 		.ascii	"__late_init\000"
 439      74655F69 
 439      6E697400 
 440              	.LASF19:
 441 00e4 43686962 		.ascii	"ChibiOS_3.0.2/os/common/ports/ARMCMx/compilers/GCC/"
 441      694F535F 
 441      332E302E 
 441      322F6F73 
 441      2F636F6D 
 442 0117 63727431 		.ascii	"crt1.c\000"
 442      2E6300
 443              	.LASF12:
 444 011e 75696E74 		.ascii	"uint32_t\000"
 444      33325F74 
 444      00
 445              	.LASF17:
 446 0127 5F5F636F 		.ascii	"__core_init\000"
 446      72655F69 
 446      6E697400 
 447              	.LASF4:
 448 0133 6C6F6E67 		.ascii	"long int\000"
 448      20696E74 
 448      00
 449              	.LASF21:
 450 013c 5F5F6465 		.ascii	"__default_exit\000"
 450      6661756C 
 450      745F6578 
 450      697400
 451              	.LASF14:
 452 014b 49544D5F 		.ascii	"ITM_RxBuffer\000"
 452      52784275 
 452      66666572 
 452      00
 453              	.LASF0:
ARM GAS  /var/tmp//ccDIFBTf.s 			page 10


 454 0158 7369676E 		.ascii	"signed char\000"
 454      65642063 
 454      68617200 
 455              	.LASF5:
 456 0164 5F5F696E 		.ascii	"__int32_t\000"
 456      7433325F 
 456      7400
 457              	.LASF18:
 458 016e 474E5520 		.ascii	"GNU C99 6.3.1 20170620 (release) [ARM/embedded-6-br"
 458      43393920 
 458      362E332E 
 458      31203230 
 458      31373036 
 459 01a1 616E6368 		.ascii	"anch revision 249437] -mcpu=cortex-m4 -mfloat-abi=h"
 459      20726576 
 459      6973696F 
 459      6E203234 
 459      39343337 
 460 01d4 61726420 		.ascii	"ard -mfpu=fpv4-sp-d16 -mno-thumb-interwork -mthumb "
 460      2D6D6670 
 460      753D6670 
 460      76342D73 
 460      702D6431 
 461 0207 2D676764 		.ascii	"-ggdb -O2 -std=gnu99 -fomit-frame-pointer -falign-f"
 461      62202D4F 
 461      32202D73 
 461      74643D67 
 461      6E753939 
 462 023a 756E6374 		.ascii	"unctions=16 -ffunction-sections -fdata-sections -fn"
 462      696F6E73 
 462      3D313620 
 462      2D666675 
 462      6E637469 
 463 026d 6F2D636F 		.ascii	"o-common -fsingle-precision-constant\000"
 463      6D6D6F6E 
 463      202D6673 
 463      696E676C 
 463      652D7072 
 464              	.LASF2:
 465 0292 73686F72 		.ascii	"short int\000"
 465      7420696E 
 465      7400
 466              	.LASF11:
 467 029c 696E7433 		.ascii	"int32_t\000"
 467      325F7400 
 468              	.LASF13:
 469 02a4 73697A65 		.ascii	"sizetype\000"
 469      74797065 
 469      00
 470              		.ident	"GCC: (GNU Tools for ARM Embedded Processors 6-2017-q2-update) 6.3.1 20170620 (release) [AR
ARM GAS  /var/tmp//ccDIFBTf.s 			page 11


DEFINED SYMBOLS
                            *ABS*:0000000000000000 crt1.c
/var/tmp//ccDIFBTf.s:18     .text.__core_init:0000000000000000 $t
/var/tmp//ccDIFBTf.s:26     .text.__core_init:0000000000000000 __core_init
/var/tmp//ccDIFBTf.s:37     .text.__early_init:0000000000000000 $t
/var/tmp//ccDIFBTf.s:45     .text.__early_init:0000000000000000 __early_init
/var/tmp//ccDIFBTf.s:56     .text.__late_init:0000000000000000 $t
/var/tmp//ccDIFBTf.s:64     .text.__late_init:0000000000000000 __late_init
/var/tmp//ccDIFBTf.s:77     .text.__default_exit:0000000000000000 $t
/var/tmp//ccDIFBTf.s:85     .text.__default_exit:0000000000000000 __default_exit
                     .debug_frame:0000000000000010 $d

NO UNDEFINED SYMBOLS
