ARM GAS  C:\Users\Grillmo\AppData\Local\Temp\ccBRfowI.s 			page 1


   1              		.cpu cortex-m4
   2              		.eabi_attribute 27, 1
   3              		.eabi_attribute 28, 1
   4              		.eabi_attribute 20, 1
   5              		.eabi_attribute 21, 1
   6              		.eabi_attribute 23, 3
   7              		.eabi_attribute 24, 1
   8              		.eabi_attribute 25, 1
   9              		.eabi_attribute 26, 1
  10              		.eabi_attribute 30, 2
  11              		.eabi_attribute 34, 1
  12              		.eabi_attribute 18, 4
  13              		.file	"drv8305.c"
  14              		.text
  15              	.Ltext0:
  16              		.cfi_sections	.debug_frame
  17              	.Letext0:
  18              		.file 1 "c:\\chibistudio\\tools\\gnu tools arm embedded\\6.3 2017q1\\arm-none-eabi\\include\\machi
  19              		.file 2 "c:\\chibistudio\\tools\\gnu tools arm embedded\\6.3 2017q1\\arm-none-eabi\\include\\sys\\
  20              		.file 3 "ChibiOS_3.0.2/os/rt/ports/ARMCMx/compilers/GCC/chtypes.h"
  21              		.file 4 "ChibiOS_3.0.2/os/rt/include/chsystypes.h"
  22              		.file 5 "ChibiOS_3.0.2/os/rt/include/chschd.h"
  23              		.file 6 "ChibiOS_3.0.2/os/ext/CMSIS/include/core_cm4.h"
  24              		.file 7 "ChibiOS_3.0.2/os/ext/CMSIS/ST/system_stm32f4xx.h"
  25              		.file 8 "ChibiOS_3.0.2/os/rt/ports/ARMCMx/chcore.h"
  26              		.file 9 "ChibiOS_3.0.2/os/rt/ports/ARMCMx/chcore_v7m.h"
  27              		.file 10 "ChibiOS_3.0.2/os/rt/include/chtm.h"
  28              		.file 11 "ChibiOS_3.0.2/os/rt/include/chsem.h"
  29              		.file 12 "ChibiOS_3.0.2/os/rt/include/chmtx.h"
  30              		.file 13 "ChibiOS_3.0.2/os/rt/include/chregistry.h"
  31              		.file 14 "./conf_general.h"
  32              		.section	.debug_info,"",%progbits
  33              	.Ldebug_info0:
  34 0000 5B080000 		.4byte	0x85b
  35 0004 0400     		.2byte	0x4
  36 0006 00000000 		.4byte	.Ldebug_abbrev0
  37 000a 04       		.byte	0x4
  38 000b 01       		.uleb128 0x1
  39 000c 04020000 		.4byte	.LASF131
  40 0010 0C       		.byte	0xc
  41 0011 C2000000 		.4byte	.LASF132
  42 0015 60040000 		.4byte	.LASF133
  43 0019 00000000 		.4byte	.Ldebug_line0
  44 001d 02       		.uleb128 0x2
  45 001e 01       		.byte	0x1
  46 001f 06       		.byte	0x6
  47 0020 F5000000 		.4byte	.LASF0
  48 0024 03       		.uleb128 0x3
  49 0025 30000000 		.4byte	.LASF3
  50 0029 01       		.byte	0x1
  51 002a 2B       		.byte	0x2b
  52 002b 2F000000 		.4byte	0x2f
  53 002f 02       		.uleb128 0x2
  54 0030 01       		.byte	0x1
  55 0031 08       		.byte	0x8
  56 0032 C5040000 		.4byte	.LASF1
  57 0036 02       		.uleb128 0x2
ARM GAS  C:\Users\Grillmo\AppData\Local\Temp\ccBRfowI.s 			page 2


  58 0037 02       		.byte	0x2
  59 0038 05       		.byte	0x5
  60 0039 DD040000 		.4byte	.LASF2
  61 003d 03       		.uleb128 0x3
  62 003e C6050000 		.4byte	.LASF4
  63 0042 01       		.byte	0x1
  64 0043 39       		.byte	0x39
  65 0044 48000000 		.4byte	0x48
  66 0048 02       		.uleb128 0x2
  67 0049 02       		.byte	0x2
  68 004a 07       		.byte	0x7
  69 004b 2E030000 		.4byte	.LASF5
  70 004f 03       		.uleb128 0x3
  71 0050 A4030000 		.4byte	.LASF6
  72 0054 01       		.byte	0x1
  73 0055 4D       		.byte	0x4d
  74 0056 5A000000 		.4byte	0x5a
  75 005a 02       		.uleb128 0x2
  76 005b 04       		.byte	0x4
  77 005c 05       		.byte	0x5
  78 005d 49010000 		.4byte	.LASF7
  79 0061 03       		.uleb128 0x3
  80 0062 FF050000 		.4byte	.LASF8
  81 0066 01       		.byte	0x1
  82 0067 4F       		.byte	0x4f
  83 0068 6C000000 		.4byte	0x6c
  84 006c 02       		.uleb128 0x2
  85 006d 04       		.byte	0x4
  86 006e 07       		.byte	0x7
  87 006f A8050000 		.4byte	.LASF9
  88 0073 02       		.uleb128 0x2
  89 0074 08       		.byte	0x8
  90 0075 05       		.byte	0x5
  91 0076 E7000000 		.4byte	.LASF10
  92 007a 03       		.uleb128 0x3
  93 007b 55040000 		.4byte	.LASF11
  94 007f 01       		.byte	0x1
  95 0080 69       		.byte	0x69
  96 0081 85000000 		.4byte	0x85
  97 0085 02       		.uleb128 0x2
  98 0086 08       		.byte	0x8
  99 0087 07       		.byte	0x7
 100 0088 66000000 		.4byte	.LASF12
 101 008c 04       		.uleb128 0x4
 102 008d 04       		.byte	0x4
 103 008e 05       		.byte	0x5
 104 008f 696E7400 		.ascii	"int\000"
 105 0093 02       		.uleb128 0x2
 106 0094 04       		.byte	0x4
 107 0095 07       		.byte	0x7
 108 0096 AB010000 		.4byte	.LASF13
 109 009a 03       		.uleb128 0x3
 110 009b 59060000 		.4byte	.LASF14
 111 009f 02       		.byte	0x2
 112 00a0 18       		.byte	0x18
 113 00a1 24000000 		.4byte	0x24
 114 00a5 03       		.uleb128 0x3
ARM GAS  C:\Users\Grillmo\AppData\Local\Temp\ccBRfowI.s 			page 3


 115 00a6 C0010000 		.4byte	.LASF15
 116 00aa 02       		.byte	0x2
 117 00ab 24       		.byte	0x24
 118 00ac 3D000000 		.4byte	0x3d
 119 00b0 03       		.uleb128 0x3
 120 00b1 BD040000 		.4byte	.LASF16
 121 00b5 02       		.byte	0x2
 122 00b6 2C       		.byte	0x2c
 123 00b7 4F000000 		.4byte	0x4f
 124 00bb 05       		.uleb128 0x5
 125 00bc B0000000 		.4byte	0xb0
 126 00c0 03       		.uleb128 0x3
 127 00c1 73050000 		.4byte	.LASF17
 128 00c5 02       		.byte	0x2
 129 00c6 30       		.byte	0x30
 130 00c7 61000000 		.4byte	0x61
 131 00cb 03       		.uleb128 0x3
 132 00cc 27000000 		.4byte	.LASF18
 133 00d0 02       		.byte	0x2
 134 00d1 3C       		.byte	0x3c
 135 00d2 7A000000 		.4byte	0x7a
 136 00d6 03       		.uleb128 0x3
 137 00d7 29060000 		.4byte	.LASF19
 138 00db 03       		.byte	0x3
 139 00dc 45       		.byte	0x45
 140 00dd C0000000 		.4byte	0xc0
 141 00e1 03       		.uleb128 0x3
 142 00e2 0E050000 		.4byte	.LASF20
 143 00e6 03       		.byte	0x3
 144 00e7 48       		.byte	0x48
 145 00e8 9A000000 		.4byte	0x9a
 146 00ec 03       		.uleb128 0x3
 147 00ed 52010000 		.4byte	.LASF21
 148 00f1 03       		.byte	0x3
 149 00f2 49       		.byte	0x49
 150 00f3 9A000000 		.4byte	0x9a
 151 00f7 03       		.uleb128 0x3
 152 00f8 75040000 		.4byte	.LASF22
 153 00fc 03       		.byte	0x3
 154 00fd 4A       		.byte	0x4a
 155 00fe 9A000000 		.4byte	0x9a
 156 0102 03       		.uleb128 0x3
 157 0103 35010000 		.4byte	.LASF23
 158 0107 03       		.byte	0x3
 159 0108 4B       		.byte	0x4b
 160 0109 9A000000 		.4byte	0x9a
 161 010d 03       		.uleb128 0x3
 162 010e 9F040000 		.4byte	.LASF24
 163 0112 03       		.byte	0x3
 164 0113 4C       		.byte	0x4c
 165 0114 C0000000 		.4byte	0xc0
 166 0118 03       		.uleb128 0x3
 167 0119 6C030000 		.4byte	.LASF25
 168 011d 03       		.byte	0x3
 169 011e 4D       		.byte	0x4d
 170 011f B0000000 		.4byte	0xb0
 171 0123 03       		.uleb128 0x3
ARM GAS  C:\Users\Grillmo\AppData\Local\Temp\ccBRfowI.s 			page 4


 172 0124 98030000 		.4byte	.LASF26
 173 0128 03       		.byte	0x3
 174 0129 4F       		.byte	0x4f
 175 012a C0000000 		.4byte	0xc0
 176 012e 03       		.uleb128 0x3
 177 012f A5010000 		.4byte	.LASF27
 178 0133 03       		.byte	0x3
 179 0134 51       		.byte	0x51
 180 0135 B0000000 		.4byte	0xb0
 181 0139 03       		.uleb128 0x3
 182 013a E1050000 		.4byte	.LASF28
 183 013e 04       		.byte	0x4
 184 013f 33       		.byte	0x33
 185 0140 C0000000 		.4byte	0xc0
 186 0144 05       		.uleb128 0x5
 187 0145 39010000 		.4byte	0x139
 188 0149 03       		.uleb128 0x3
 189 014a D1050000 		.4byte	.LASF29
 190 014e 04       		.byte	0x4
 191 014f 3F       		.byte	0x3f
 192 0150 54010000 		.4byte	0x154
 193 0154 06       		.uleb128 0x6
 194 0155 62030000 		.4byte	.LASF51
 195 0159 48       		.byte	0x48
 196 015a 05       		.byte	0x5
 197 015b C2       		.byte	0xc2
 198 015c 59020000 		.4byte	0x259
 199 0160 07       		.uleb128 0x7
 200 0161 07050000 		.4byte	.LASF30
 201 0165 05       		.byte	0x5
 202 0166 C3       		.byte	0xc3
 203 0167 64020000 		.4byte	0x264
 204 016b 00       		.byte	0
 205 016c 07       		.uleb128 0x7
 206 016d 98040000 		.4byte	.LASF31
 207 0171 05       		.byte	0x5
 208 0172 C5       		.byte	0xc5
 209 0173 64020000 		.4byte	0x264
 210 0177 04       		.byte	0x4
 211 0178 07       		.uleb128 0x7
 212 0179 D3000000 		.4byte	.LASF32
 213 017d 05       		.byte	0x5
 214 017e C7       		.byte	0xc7
 215 017f 0D010000 		.4byte	0x10d
 216 0183 08       		.byte	0x8
 217 0184 07       		.uleb128 0x7
 218 0185 2C040000 		.4byte	.LASF33
 219 0189 05       		.byte	0x5
 220 018a C8       		.byte	0xc8
 221 018b AB040000 		.4byte	0x4ab
 222 018f 0C       		.byte	0xc
 223 0190 07       		.uleb128 0x7
 224 0191 65010000 		.4byte	.LASF34
 225 0195 05       		.byte	0x5
 226 0196 CA       		.byte	0xca
 227 0197 64020000 		.4byte	0x264
 228 019b 10       		.byte	0x10
ARM GAS  C:\Users\Grillmo\AppData\Local\Temp\ccBRfowI.s 			page 5


 229 019c 07       		.uleb128 0x7
 230 019d 1E040000 		.4byte	.LASF35
 231 01a1 05       		.byte	0x5
 232 01a2 CB       		.byte	0xcb
 233 01a3 64020000 		.4byte	0x264
 234 01a7 14       		.byte	0x14
 235 01a8 07       		.uleb128 0x7
 236 01a9 7B060000 		.4byte	.LASF36
 237 01ad 05       		.byte	0x5
 238 01ae D2       		.byte	0xd2
 239 01af F0060000 		.4byte	0x6f0
 240 01b3 18       		.byte	0x18
 241 01b4 07       		.uleb128 0x7
 242 01b5 E7040000 		.4byte	.LASF37
 243 01b9 05       		.byte	0x5
 244 01ba DD       		.byte	0xdd
 245 01bb EC000000 		.4byte	0xec
 246 01bf 1C       		.byte	0x1c
 247 01c0 07       		.uleb128 0x7
 248 01c1 25050000 		.4byte	.LASF38
 249 01c5 05       		.byte	0x5
 250 01c6 E1       		.byte	0xe1
 251 01c7 E1000000 		.4byte	0xe1
 252 01cb 1D       		.byte	0x1d
 253 01cc 07       		.uleb128 0x7
 254 01cd 4C060000 		.4byte	.LASF39
 255 01d1 05       		.byte	0x5
 256 01d2 E6       		.byte	0xe6
 257 01d3 F7000000 		.4byte	0xf7
 258 01d7 1E       		.byte	0x1e
 259 01d8 07       		.uleb128 0x7
 260 01d9 EF040000 		.4byte	.LASF40
 261 01dd 05       		.byte	0x5
 262 01de EC       		.byte	0xec
 263 01df 02010000 		.4byte	0x102
 264 01e3 1F       		.byte	0x1f
 265 01e4 07       		.uleb128 0x7
 266 01e5 D9010000 		.4byte	.LASF41
 267 01e9 05       		.byte	0x5
 268 01ea F3       		.byte	0xf3
 269 01eb 44010000 		.4byte	0x144
 270 01ef 20       		.byte	0x20
 271 01f0 08       		.uleb128 0x8
 272 01f1 705F7500 		.ascii	"p_u\000"
 273 01f5 05       		.byte	0x5
 274 01f6 3101     		.2byte	0x131
 275 01f8 2B060000 		.4byte	0x62b
 276 01fc 24       		.byte	0x24
 277 01fd 09       		.uleb128 0x9
 278 01fe DC030000 		.4byte	.LASF42
 279 0202 05       		.byte	0x5
 280 0203 3601     		.2byte	0x136
 281 0205 6A020000 		.4byte	0x26a
 282 0209 28       		.byte	0x28
 283 020a 09       		.uleb128 0x9
 284 020b F0010000 		.4byte	.LASF43
 285 020f 05       		.byte	0x5
ARM GAS  C:\Users\Grillmo\AppData\Local\Temp\ccBRfowI.s 			page 6


 286 0210 3C01     		.2byte	0x13c
 287 0212 8E020000 		.4byte	0x28e
 288 0216 2C       		.byte	0x2c
 289 0217 09       		.uleb128 0x9
 290 0218 23060000 		.4byte	.LASF44
 291 021c 05       		.byte	0x5
 292 021d 4001     		.2byte	0x140
 293 021f 18010000 		.4byte	0x118
 294 0223 34       		.byte	0x34
 295 0224 09       		.uleb128 0x9
 296 0225 68050000 		.4byte	.LASF45
 297 0229 05       		.byte	0x5
 298 022a 4601     		.2byte	0x146
 299 022c 23010000 		.4byte	0x123
 300 0230 38       		.byte	0x38
 301 0231 09       		.uleb128 0x9
 302 0232 D3040000 		.4byte	.LASF46
 303 0236 05       		.byte	0x5
 304 0237 4D01     		.2byte	0x14d
 305 0239 EA060000 		.4byte	0x6ea
 306 023d 3C       		.byte	0x3c
 307 023e 09       		.uleb128 0x9
 308 023f EB050000 		.4byte	.LASF47
 309 0243 05       		.byte	0x5
 310 0244 5101     		.2byte	0x151
 311 0246 0D010000 		.4byte	0x10d
 312 024a 40       		.byte	0x40
 313 024b 09       		.uleb128 0x9
 314 024c 1E010000 		.4byte	.LASF48
 315 0250 05       		.byte	0x5
 316 0251 5801     		.2byte	0x158
 317 0253 41030000 		.4byte	0x341
 318 0257 44       		.byte	0x44
 319 0258 00       		.byte	0
 320 0259 03       		.uleb128 0x3
 321 025a 61060000 		.4byte	.LASF49
 322 025e 04       		.byte	0x4
 323 025f 44       		.byte	0x44
 324 0260 64020000 		.4byte	0x264
 325 0264 0A       		.uleb128 0xa
 326 0265 04       		.byte	0x4
 327 0266 49010000 		.4byte	0x149
 328 026a 03       		.uleb128 0x3
 329 026b B9030000 		.4byte	.LASF50
 330 026f 04       		.byte	0x4
 331 0270 49       		.byte	0x49
 332 0271 75020000 		.4byte	0x275
 333 0275 06       		.uleb128 0x6
 334 0276 90050000 		.4byte	.LASF52
 335 027a 04       		.byte	0x4
 336 027b 05       		.byte	0x5
 337 027c B0       		.byte	0xb0
 338 027d 8E020000 		.4byte	0x28e
 339 0281 07       		.uleb128 0x7
 340 0282 07050000 		.4byte	.LASF30
 341 0286 05       		.byte	0x5
 342 0287 B1       		.byte	0xb1
ARM GAS  C:\Users\Grillmo\AppData\Local\Temp\ccBRfowI.s 			page 7


 343 0288 64020000 		.4byte	0x264
 344 028c 00       		.byte	0
 345 028d 00       		.byte	0
 346 028e 03       		.uleb128 0x3
 347 028f 2D050000 		.4byte	.LASF53
 348 0293 04       		.byte	0x4
 349 0294 50       		.byte	0x50
 350 0295 99020000 		.4byte	0x299
 351 0299 06       		.uleb128 0x6
 352 029a 46000000 		.4byte	.LASF54
 353 029e 08       		.byte	0x8
 354 029f 05       		.byte	0x5
 355 02a0 B7       		.byte	0xb7
 356 02a1 BE020000 		.4byte	0x2be
 357 02a5 07       		.uleb128 0x7
 358 02a6 07050000 		.4byte	.LASF30
 359 02aa 05       		.byte	0x5
 360 02ab B8       		.byte	0xb8
 361 02ac 64020000 		.4byte	0x264
 362 02b0 00       		.byte	0
 363 02b1 07       		.uleb128 0x7
 364 02b2 98040000 		.4byte	.LASF31
 365 02b6 05       		.byte	0x5
 366 02b7 B9       		.byte	0xb9
 367 02b8 64020000 		.4byte	0x264
 368 02bc 04       		.byte	0x4
 369 02bd 00       		.byte	0
 370 02be 03       		.uleb128 0x3
 371 02bf 0D000000 		.4byte	.LASF55
 372 02c3 04       		.byte	0x4
 373 02c4 57       		.byte	0x57
 374 02c5 C9020000 		.4byte	0x2c9
 375 02c9 0B       		.uleb128 0xb
 376 02ca 8A030000 		.4byte	.LASF56
 377 02ce 1C       		.byte	0x1c
 378 02cf 05       		.byte	0x5
 379 02d0 9001     		.2byte	0x190
 380 02d2 25030000 		.4byte	0x325
 381 02d6 09       		.uleb128 0x9
 382 02d7 88050000 		.4byte	.LASF57
 383 02db 05       		.byte	0x5
 384 02dc 9101     		.2byte	0x191
 385 02de 8E020000 		.4byte	0x28e
 386 02e2 00       		.byte	0
 387 02e3 09       		.uleb128 0x9
 388 02e4 F9040000 		.4byte	.LASF58
 389 02e8 05       		.byte	0x5
 390 02e9 9201     		.2byte	0x192
 391 02eb 0D010000 		.4byte	0x10d
 392 02ef 08       		.byte	0x8
 393 02f0 09       		.uleb128 0x9
 394 02f1 26040000 		.4byte	.LASF59
 395 02f5 05       		.byte	0x5
 396 02f6 9401     		.2byte	0x194
 397 02f8 AB040000 		.4byte	0x4ab
 398 02fc 0C       		.byte	0xc
 399 02fd 09       		.uleb128 0x9
ARM GAS  C:\Users\Grillmo\AppData\Local\Temp\ccBRfowI.s 			page 8


 400 02fe 75010000 		.4byte	.LASF60
 401 0302 05       		.byte	0x5
 402 0303 9701     		.2byte	0x197
 403 0305 64020000 		.4byte	0x264
 404 0309 10       		.byte	0x10
 405 030a 09       		.uleb128 0x9
 406 030b 4D040000 		.4byte	.LASF61
 407 030f 05       		.byte	0x5
 408 0310 9801     		.2byte	0x198
 409 0312 64020000 		.4byte	0x264
 410 0316 14       		.byte	0x14
 411 0317 09       		.uleb128 0x9
 412 0318 43040000 		.4byte	.LASF62
 413 031c 05       		.byte	0x5
 414 031d 9B01     		.2byte	0x19b
 415 031f 64020000 		.4byte	0x264
 416 0323 18       		.byte	0x18
 417 0324 00       		.byte	0
 418 0325 03       		.uleb128 0x3
 419 0326 F6050000 		.4byte	.LASF63
 420 032a 04       		.byte	0x4
 421 032b 5C       		.byte	0x5c
 422 032c 30030000 		.4byte	0x330
 423 0330 0A       		.uleb128 0xa
 424 0331 04       		.byte	0x4
 425 0332 36030000 		.4byte	0x336
 426 0336 0C       		.uleb128 0xc
 427 0337 41030000 		.4byte	0x341
 428 033b 0D       		.uleb128 0xd
 429 033c 41030000 		.4byte	0x341
 430 0340 00       		.byte	0
 431 0341 0E       		.uleb128 0xe
 432 0342 04       		.byte	0x4
 433 0343 03       		.uleb128 0x3
 434 0344 88040000 		.4byte	.LASF64
 435 0348 04       		.byte	0x4
 436 0349 61       		.byte	0x61
 437 034a 4E030000 		.4byte	0x34e
 438 034e 0B       		.uleb128 0xb
 439 034f 3D050000 		.4byte	.LASF65
 440 0353 14       		.byte	0x14
 441 0354 05       		.byte	0x5
 442 0355 6B01     		.2byte	0x16b
 443 0357 9D030000 		.4byte	0x39d
 444 035b 09       		.uleb128 0x9
 445 035c B8010000 		.4byte	.LASF66
 446 0360 05       		.byte	0x5
 447 0361 6C01     		.2byte	0x16c
 448 0363 07070000 		.4byte	0x707
 449 0367 00       		.byte	0
 450 0368 09       		.uleb128 0x9
 451 0369 86010000 		.4byte	.LASF67
 452 036d 05       		.byte	0x5
 453 036e 6D01     		.2byte	0x16d
 454 0370 07070000 		.4byte	0x707
 455 0374 04       		.byte	0x4
 456 0375 09       		.uleb128 0x9
ARM GAS  C:\Users\Grillmo\AppData\Local\Temp\ccBRfowI.s 			page 9


 457 0376 E7010000 		.4byte	.LASF68
 458 037a 05       		.byte	0x5
 459 037b 6E01     		.2byte	0x16e
 460 037d 39010000 		.4byte	0x139
 461 0381 08       		.byte	0x8
 462 0382 09       		.uleb128 0x9
 463 0383 AE060000 		.4byte	.LASF69
 464 0387 05       		.byte	0x5
 465 0388 6F01     		.2byte	0x16f
 466 038a 25030000 		.4byte	0x325
 467 038e 0C       		.byte	0xc
 468 038f 09       		.uleb128 0x9
 469 0390 31060000 		.4byte	.LASF70
 470 0394 05       		.byte	0x5
 471 0395 7101     		.2byte	0x171
 472 0397 41030000 		.4byte	0x341
 473 039b 10       		.byte	0x10
 474 039c 00       		.byte	0
 475 039d 03       		.uleb128 0x3
 476 039e 9F000000 		.4byte	.LASF71
 477 03a2 04       		.byte	0x4
 478 03a3 66       		.byte	0x66
 479 03a4 A8030000 		.4byte	0x3a8
 480 03a8 0B       		.uleb128 0xb
 481 03a9 EF030000 		.4byte	.LASF72
 482 03ad 10       		.byte	0x10
 483 03ae 05       		.byte	0x5
 484 03af 7B01     		.2byte	0x17b
 485 03b1 EA030000 		.4byte	0x3ea
 486 03b5 09       		.uleb128 0x9
 487 03b6 B8010000 		.4byte	.LASF66
 488 03ba 05       		.byte	0x5
 489 03bb 7C01     		.2byte	0x17c
 490 03bd 07070000 		.4byte	0x707
 491 03c1 00       		.byte	0
 492 03c2 09       		.uleb128 0x9
 493 03c3 86010000 		.4byte	.LASF67
 494 03c7 05       		.byte	0x5
 495 03c8 7E01     		.2byte	0x17e
 496 03ca 07070000 		.4byte	0x707
 497 03ce 04       		.byte	0x4
 498 03cf 09       		.uleb128 0x9
 499 03d0 E7010000 		.4byte	.LASF68
 500 03d4 05       		.byte	0x5
 501 03d5 8001     		.2byte	0x180
 502 03d7 39010000 		.4byte	0x139
 503 03db 08       		.byte	0x8
 504 03dc 09       		.uleb128 0x9
 505 03dd 82060000 		.4byte	.LASF73
 506 03e1 05       		.byte	0x5
 507 03e2 8201     		.2byte	0x182
 508 03e4 44010000 		.4byte	0x144
 509 03e8 0C       		.byte	0xc
 510 03e9 00       		.byte	0
 511 03ea 03       		.uleb128 0x3
 512 03eb 57000000 		.4byte	.LASF74
 513 03ef 04       		.byte	0x4
ARM GAS  C:\Users\Grillmo\AppData\Local\Temp\ccBRfowI.s 			page 10


 514 03f0 6B       		.byte	0x6b
 515 03f1 F5030000 		.4byte	0x3f5
 516 03f5 0B       		.uleb128 0xb
 517 03f6 A7040000 		.4byte	.LASF75
 518 03fa 04       		.byte	0x4
 519 03fb 05       		.byte	0x5
 520 03fc A201     		.2byte	0x1a2
 521 03fe 10040000 		.4byte	0x410
 522 0402 09       		.uleb128 0x9
 523 0403 0A060000 		.4byte	.LASF76
 524 0407 05       		.byte	0x5
 525 0408 AA01     		.2byte	0x1aa
 526 040a F6060000 		.4byte	0x6f6
 527 040e 00       		.byte	0
 528 040f 00       		.byte	0
 529 0410 03       		.uleb128 0x3
 530 0411 72030000 		.4byte	.LASF77
 531 0415 04       		.byte	0x4
 532 0416 70       		.byte	0x70
 533 0417 1B040000 		.4byte	0x41b
 534 041b 0F       		.uleb128 0xf
 535 041c 3F010000 		.4byte	.LASF78
 536 0420 5802     		.2byte	0x258
 537 0422 05       		.byte	0x5
 538 0423 C201     		.2byte	0x1c2
 539 0425 77040000 		.4byte	0x477
 540 0429 09       		.uleb128 0x9
 541 042a 53060000 		.4byte	.LASF79
 542 042e 05       		.byte	0x5
 543 042f C601     		.2byte	0x1c6
 544 0431 BE020000 		.4byte	0x2be
 545 0435 00       		.byte	0
 546 0436 09       		.uleb128 0x9
 547 0437 2E010000 		.4byte	.LASF80
 548 043b 05       		.byte	0x5
 549 043c CA01     		.2byte	0x1ca
 550 043e 9D030000 		.4byte	0x39d
 551 0442 1C       		.byte	0x1c
 552 0443 08       		.uleb128 0x8
 553 0444 64626700 		.ascii	"dbg\000"
 554 0448 05       		.byte	0x5
 555 0449 CE01     		.2byte	0x1ce
 556 044b EA030000 		.4byte	0x3ea
 557 044f 2C       		.byte	0x2c
 558 0450 09       		.uleb128 0x9
 559 0451 94000000 		.4byte	.LASF81
 560 0455 05       		.byte	0x5
 561 0456 D201     		.2byte	0x1d2
 562 0458 49010000 		.4byte	0x149
 563 045c 30       		.byte	0x30
 564 045d 08       		.uleb128 0x8
 565 045e 746D00   		.ascii	"tm\000"
 566 0461 05       		.byte	0x5
 567 0462 D701     		.2byte	0x1d7
 568 0464 20060000 		.4byte	0x620
 569 0468 78       		.byte	0x78
 570 0469 09       		.uleb128 0x9
ARM GAS  C:\Users\Grillmo\AppData\Local\Temp\ccBRfowI.s 			page 11


 571 046a 96010000 		.4byte	.LASF82
 572 046e 05       		.byte	0x5
 573 046f E301     		.2byte	0x1e3
 574 0471 0D070000 		.4byte	0x70d
 575 0475 80       		.byte	0x80
 576 0476 00       		.byte	0
 577 0477 02       		.uleb128 0x2
 578 0478 04       		.byte	0x4
 579 0479 07       		.byte	0x7
 580 047a E6030000 		.4byte	.LASF83
 581 047e 10       		.uleb128 0x10
 582 047f B5000000 		.4byte	.LASF84
 583 0483 06       		.byte	0x6
 584 0484 A706     		.2byte	0x6a7
 585 0486 BB000000 		.4byte	0xbb
 586 048a 11       		.uleb128 0x11
 587 048b C9010000 		.4byte	.LASF85
 588 048f 07       		.byte	0x7
 589 0490 4C       		.byte	0x4c
 590 0491 C0000000 		.4byte	0xc0
 591 0495 03       		.uleb128 0x3
 592 0496 7D010000 		.4byte	.LASF86
 593 049a 08       		.byte	0x8
 594 049b 65       		.byte	0x65
 595 049c 41030000 		.4byte	0x341
 596 04a0 03       		.uleb128 0x3
 597 04a1 AE030000 		.4byte	.LASF87
 598 04a5 08       		.byte	0x8
 599 04a6 6D       		.byte	0x6d
 600 04a7 CB000000 		.4byte	0xcb
 601 04ab 06       		.uleb128 0x6
 602 04ac 1B060000 		.4byte	.LASF88
 603 04b0 04       		.byte	0x4
 604 04b1 08       		.byte	0x8
 605 04b2 89       		.byte	0x89
 606 04b3 C4040000 		.4byte	0x4c4
 607 04b7 12       		.uleb128 0x12
 608 04b8 72313300 		.ascii	"r13\000"
 609 04bc 08       		.byte	0x8
 610 04bd 8A       		.byte	0x8a
 611 04be 05060000 		.4byte	0x605
 612 04c2 00       		.byte	0
 613 04c3 00       		.byte	0
 614 04c4 06       		.uleb128 0x6
 615 04c5 3A000000 		.4byte	.LASF89
 616 04c9 64       		.byte	0x64
 617 04ca 09       		.byte	0x9
 618 04cb F4       		.byte	0xf4
 619 04cc 05060000 		.4byte	0x605
 620 04d0 12       		.uleb128 0x12
 621 04d1 73313600 		.ascii	"s16\000"
 622 04d5 09       		.byte	0x9
 623 04d6 F6       		.byte	0xf6
 624 04d7 95040000 		.4byte	0x495
 625 04db 00       		.byte	0
 626 04dc 12       		.uleb128 0x12
 627 04dd 73313700 		.ascii	"s17\000"
ARM GAS  C:\Users\Grillmo\AppData\Local\Temp\ccBRfowI.s 			page 12


 628 04e1 09       		.byte	0x9
 629 04e2 F7       		.byte	0xf7
 630 04e3 95040000 		.4byte	0x495
 631 04e7 04       		.byte	0x4
 632 04e8 12       		.uleb128 0x12
 633 04e9 73313800 		.ascii	"s18\000"
 634 04ed 09       		.byte	0x9
 635 04ee F8       		.byte	0xf8
 636 04ef 95040000 		.4byte	0x495
 637 04f3 08       		.byte	0x8
 638 04f4 12       		.uleb128 0x12
 639 04f5 73313900 		.ascii	"s19\000"
 640 04f9 09       		.byte	0x9
 641 04fa F9       		.byte	0xf9
 642 04fb 95040000 		.4byte	0x495
 643 04ff 0C       		.byte	0xc
 644 0500 12       		.uleb128 0x12
 645 0501 73323000 		.ascii	"s20\000"
 646 0505 09       		.byte	0x9
 647 0506 FA       		.byte	0xfa
 648 0507 95040000 		.4byte	0x495
 649 050b 10       		.byte	0x10
 650 050c 12       		.uleb128 0x12
 651 050d 73323100 		.ascii	"s21\000"
 652 0511 09       		.byte	0x9
 653 0512 FB       		.byte	0xfb
 654 0513 95040000 		.4byte	0x495
 655 0517 14       		.byte	0x14
 656 0518 12       		.uleb128 0x12
 657 0519 73323200 		.ascii	"s22\000"
 658 051d 09       		.byte	0x9
 659 051e FC       		.byte	0xfc
 660 051f 95040000 		.4byte	0x495
 661 0523 18       		.byte	0x18
 662 0524 12       		.uleb128 0x12
 663 0525 73323300 		.ascii	"s23\000"
 664 0529 09       		.byte	0x9
 665 052a FD       		.byte	0xfd
 666 052b 95040000 		.4byte	0x495
 667 052f 1C       		.byte	0x1c
 668 0530 12       		.uleb128 0x12
 669 0531 73323400 		.ascii	"s24\000"
 670 0535 09       		.byte	0x9
 671 0536 FE       		.byte	0xfe
 672 0537 95040000 		.4byte	0x495
 673 053b 20       		.byte	0x20
 674 053c 12       		.uleb128 0x12
 675 053d 73323500 		.ascii	"s25\000"
 676 0541 09       		.byte	0x9
 677 0542 FF       		.byte	0xff
 678 0543 95040000 		.4byte	0x495
 679 0547 24       		.byte	0x24
 680 0548 08       		.uleb128 0x8
 681 0549 73323600 		.ascii	"s26\000"
 682 054d 09       		.byte	0x9
 683 054e 0001     		.2byte	0x100
 684 0550 95040000 		.4byte	0x495
ARM GAS  C:\Users\Grillmo\AppData\Local\Temp\ccBRfowI.s 			page 13


 685 0554 28       		.byte	0x28
 686 0555 08       		.uleb128 0x8
 687 0556 73323700 		.ascii	"s27\000"
 688 055a 09       		.byte	0x9
 689 055b 0101     		.2byte	0x101
 690 055d 95040000 		.4byte	0x495
 691 0561 2C       		.byte	0x2c
 692 0562 08       		.uleb128 0x8
 693 0563 73323800 		.ascii	"s28\000"
 694 0567 09       		.byte	0x9
 695 0568 0201     		.2byte	0x102
 696 056a 95040000 		.4byte	0x495
 697 056e 30       		.byte	0x30
 698 056f 08       		.uleb128 0x8
 699 0570 73323900 		.ascii	"s29\000"
 700 0574 09       		.byte	0x9
 701 0575 0301     		.2byte	0x103
 702 0577 95040000 		.4byte	0x495
 703 057b 34       		.byte	0x34
 704 057c 08       		.uleb128 0x8
 705 057d 73333000 		.ascii	"s30\000"
 706 0581 09       		.byte	0x9
 707 0582 0401     		.2byte	0x104
 708 0584 95040000 		.4byte	0x495
 709 0588 38       		.byte	0x38
 710 0589 08       		.uleb128 0x8
 711 058a 73333100 		.ascii	"s31\000"
 712 058e 09       		.byte	0x9
 713 058f 0501     		.2byte	0x105
 714 0591 95040000 		.4byte	0x495
 715 0595 3C       		.byte	0x3c
 716 0596 08       		.uleb128 0x8
 717 0597 723400   		.ascii	"r4\000"
 718 059a 09       		.byte	0x9
 719 059b 0701     		.2byte	0x107
 720 059d 95040000 		.4byte	0x495
 721 05a1 40       		.byte	0x40
 722 05a2 08       		.uleb128 0x8
 723 05a3 723500   		.ascii	"r5\000"
 724 05a6 09       		.byte	0x9
 725 05a7 0801     		.2byte	0x108
 726 05a9 95040000 		.4byte	0x495
 727 05ad 44       		.byte	0x44
 728 05ae 08       		.uleb128 0x8
 729 05af 723600   		.ascii	"r6\000"
 730 05b2 09       		.byte	0x9
 731 05b3 0901     		.2byte	0x109
 732 05b5 95040000 		.4byte	0x495
 733 05b9 48       		.byte	0x48
 734 05ba 08       		.uleb128 0x8
 735 05bb 723700   		.ascii	"r7\000"
 736 05be 09       		.byte	0x9
 737 05bf 0A01     		.2byte	0x10a
 738 05c1 95040000 		.4byte	0x495
 739 05c5 4C       		.byte	0x4c
 740 05c6 08       		.uleb128 0x8
 741 05c7 723800   		.ascii	"r8\000"
ARM GAS  C:\Users\Grillmo\AppData\Local\Temp\ccBRfowI.s 			page 14


 742 05ca 09       		.byte	0x9
 743 05cb 0B01     		.2byte	0x10b
 744 05cd 95040000 		.4byte	0x495
 745 05d1 50       		.byte	0x50
 746 05d2 08       		.uleb128 0x8
 747 05d3 723900   		.ascii	"r9\000"
 748 05d6 09       		.byte	0x9
 749 05d7 0C01     		.2byte	0x10c
 750 05d9 95040000 		.4byte	0x495
 751 05dd 54       		.byte	0x54
 752 05de 08       		.uleb128 0x8
 753 05df 72313000 		.ascii	"r10\000"
 754 05e3 09       		.byte	0x9
 755 05e4 0D01     		.2byte	0x10d
 756 05e6 95040000 		.4byte	0x495
 757 05ea 58       		.byte	0x58
 758 05eb 08       		.uleb128 0x8
 759 05ec 72313100 		.ascii	"r11\000"
 760 05f0 09       		.byte	0x9
 761 05f1 0E01     		.2byte	0x10e
 762 05f3 95040000 		.4byte	0x495
 763 05f7 5C       		.byte	0x5c
 764 05f8 08       		.uleb128 0x8
 765 05f9 6C7200   		.ascii	"lr\000"
 766 05fc 09       		.byte	0x9
 767 05fd 0F01     		.2byte	0x10f
 768 05ff 95040000 		.4byte	0x495
 769 0603 60       		.byte	0x60
 770 0604 00       		.byte	0
 771 0605 0A       		.uleb128 0xa
 772 0606 04       		.byte	0x4
 773 0607 C4040000 		.4byte	0x4c4
 774 060b 13       		.uleb128 0x13
 775 060c 04       		.byte	0x4
 776 060d 0A       		.byte	0xa
 777 060e 38       		.byte	0x38
 778 060f 20060000 		.4byte	0x620
 779 0613 07       		.uleb128 0x7
 780 0614 14060000 		.4byte	.LASF90
 781 0618 0A       		.byte	0xa
 782 0619 3C       		.byte	0x3c
 783 061a D6000000 		.4byte	0xd6
 784 061e 00       		.byte	0
 785 061f 00       		.byte	0
 786 0620 03       		.uleb128 0x3
 787 0621 32040000 		.4byte	.LASF91
 788 0625 0A       		.byte	0xa
 789 0626 3D       		.byte	0x3d
 790 0627 0B060000 		.4byte	0x60b
 791 062b 14       		.uleb128 0x14
 792 062c 04       		.byte	0x4
 793 062d 05       		.byte	0x5
 794 062e FA       		.byte	0xfa
 795 062f 88060000 		.4byte	0x688
 796 0633 15       		.uleb128 0x15
 797 0634 20000000 		.4byte	.LASF92
 798 0638 05       		.byte	0x5
ARM GAS  C:\Users\Grillmo\AppData\Local\Temp\ccBRfowI.s 			page 15


 799 0639 0101     		.2byte	0x101
 800 063b 18010000 		.4byte	0x118
 801 063f 15       		.uleb128 0x15
 802 0640 8B000000 		.4byte	.LASF93
 803 0644 05       		.byte	0x5
 804 0645 0801     		.2byte	0x108
 805 0647 18010000 		.4byte	0x118
 806 064b 15       		.uleb128 0x15
 807 064c 74060000 		.4byte	.LASF94
 808 0650 05       		.byte	0x5
 809 0651 0F01     		.2byte	0x10f
 810 0653 41030000 		.4byte	0x341
 811 0657 15       		.uleb128 0x15
 812 0658 1A000000 		.4byte	.LASF95
 813 065c 05       		.byte	0x5
 814 065d 1601     		.2byte	0x116
 815 065f 88060000 		.4byte	0x688
 816 0663 15       		.uleb128 0x15
 817 0664 E0010000 		.4byte	.LASF96
 818 0668 05       		.byte	0x5
 819 0669 1E01     		.2byte	0x11e
 820 066b B3060000 		.4byte	0x6b3
 821 066f 15       		.uleb128 0x15
 822 0670 BF050000 		.4byte	.LASF97
 823 0674 05       		.byte	0x5
 824 0675 2701     		.2byte	0x127
 825 0677 EA060000 		.4byte	0x6ea
 826 067b 15       		.uleb128 0x15
 827 067c 00050000 		.4byte	.LASF98
 828 0680 05       		.byte	0x5
 829 0681 2F01     		.2byte	0x12f
 830 0683 23010000 		.4byte	0x123
 831 0687 00       		.byte	0
 832 0688 0A       		.uleb128 0xa
 833 0689 04       		.byte	0x4
 834 068a 59020000 		.4byte	0x259
 835 068e 06       		.uleb128 0x6
 836 068f 5B050000 		.4byte	.LASF99
 837 0693 0C       		.byte	0xc
 838 0694 0B       		.byte	0xb
 839 0695 34       		.byte	0x34
 840 0696 B3060000 		.4byte	0x6b3
 841 069a 07       		.uleb128 0x7
 842 069b 6D010000 		.4byte	.LASF100
 843 069f 0B       		.byte	0xb
 844 06a0 35       		.byte	0x35
 845 06a1 8E020000 		.4byte	0x28e
 846 06a5 00       		.byte	0
 847 06a6 07       		.uleb128 0x7
 848 06a7 28030000 		.4byte	.LASF101
 849 06ab 0B       		.byte	0xb
 850 06ac 37       		.byte	0x37
 851 06ad 2E010000 		.4byte	0x12e
 852 06b1 08       		.byte	0x8
 853 06b2 00       		.byte	0
 854 06b3 0A       		.uleb128 0xa
 855 06b4 04       		.byte	0x4
ARM GAS  C:\Users\Grillmo\AppData\Local\Temp\ccBRfowI.s 			page 16


 856 06b5 8E060000 		.4byte	0x68e
 857 06b9 06       		.uleb128 0x6
 858 06ba 43060000 		.4byte	.LASF102
 859 06be 10       		.byte	0x10
 860 06bf 0C       		.byte	0xc
 861 06c0 39       		.byte	0x39
 862 06c1 EA060000 		.4byte	0x6ea
 863 06c5 07       		.uleb128 0x7
 864 06c6 26010000 		.4byte	.LASF103
 865 06ca 0C       		.byte	0xc
 866 06cb 3A       		.byte	0x3a
 867 06cc 8E020000 		.4byte	0x28e
 868 06d0 00       		.byte	0
 869 06d1 07       		.uleb128 0x7
 870 06d2 98060000 		.4byte	.LASF104
 871 06d6 0C       		.byte	0xc
 872 06d7 3C       		.byte	0x3c
 873 06d8 64020000 		.4byte	0x264
 874 06dc 08       		.byte	0x8
 875 06dd 07       		.uleb128 0x7
 876 06de DA050000 		.4byte	.LASF105
 877 06e2 0C       		.byte	0xc
 878 06e3 3E       		.byte	0x3e
 879 06e4 3F080000 		.4byte	0x83f
 880 06e8 0C       		.byte	0xc
 881 06e9 00       		.byte	0
 882 06ea 0A       		.uleb128 0xa
 883 06eb 04       		.byte	0x4
 884 06ec B9060000 		.4byte	0x6b9
 885 06f0 0A       		.uleb128 0xa
 886 06f1 04       		.byte	0x4
 887 06f2 02070000 		.4byte	0x702
 888 06f6 05       		.uleb128 0x5
 889 06f7 F0060000 		.4byte	0x6f0
 890 06fb 02       		.uleb128 0x2
 891 06fc 01       		.byte	0x1
 892 06fd 08       		.byte	0x8
 893 06fe BA050000 		.4byte	.LASF106
 894 0702 16       		.uleb128 0x16
 895 0703 FB060000 		.4byte	0x6fb
 896 0707 0A       		.uleb128 0xa
 897 0708 04       		.byte	0x4
 898 0709 43030000 		.4byte	0x343
 899 070d 17       		.uleb128 0x17
 900 070e A0040000 		.4byte	0x4a0
 901 0712 1D070000 		.4byte	0x71d
 902 0716 18       		.uleb128 0x18
 903 0717 77040000 		.4byte	0x477
 904 071b 3A       		.byte	0x3a
 905 071c 00       		.byte	0
 906 071d 19       		.uleb128 0x19
 907 071e 636800   		.ascii	"ch\000"
 908 0721 05       		.byte	0x5
 909 0722 0902     		.2byte	0x209
 910 0724 10040000 		.4byte	0x410
 911 0728 13       		.uleb128 0x13
 912 0729 16       		.byte	0x16
ARM GAS  C:\Users\Grillmo\AppData\Local\Temp\ccBRfowI.s 			page 17


 913 072a 0D       		.byte	0xd
 914 072b 34       		.byte	0x34
 915 072c 09080000 		.4byte	0x809
 916 0730 07       		.uleb128 0x7
 917 0731 A0060000 		.4byte	.LASF107
 918 0735 0D       		.byte	0xd
 919 0736 35       		.byte	0x35
 920 0737 09080000 		.4byte	0x809
 921 073b 00       		.byte	0
 922 073c 07       		.uleb128 0x7
 923 073d C8030000 		.4byte	.LASF108
 924 0741 0D       		.byte	0xd
 925 0742 36       		.byte	0x36
 926 0743 9A000000 		.4byte	0x9a
 927 0747 04       		.byte	0x4
 928 0748 07       		.uleb128 0x7
 929 0749 A0050000 		.4byte	.LASF109
 930 074d 0D       		.byte	0xd
 931 074e 37       		.byte	0x37
 932 074f 9A000000 		.4byte	0x9a
 933 0753 05       		.byte	0x5
 934 0754 07       		.uleb128 0x7
 935 0755 8D060000 		.4byte	.LASF110
 936 0759 0D       		.byte	0xd
 937 075a 38       		.byte	0x38
 938 075b A5000000 		.4byte	0xa5
 939 075f 06       		.byte	0x6
 940 0760 07       		.uleb128 0x7
 941 0761 7D040000 		.4byte	.LASF111
 942 0765 0D       		.byte	0xd
 943 0766 39       		.byte	0x39
 944 0767 9A000000 		.4byte	0x9a
 945 076b 08       		.byte	0x8
 946 076c 07       		.uleb128 0x7
 947 076d 06040000 		.4byte	.LASF112
 948 0771 0D       		.byte	0xd
 949 0772 3A       		.byte	0x3a
 950 0773 9A000000 		.4byte	0x9a
 951 0777 09       		.byte	0x9
 952 0778 07       		.uleb128 0x7
 953 0779 7D000000 		.4byte	.LASF113
 954 077d 0D       		.byte	0xd
 955 077e 3B       		.byte	0x3b
 956 077f 9A000000 		.4byte	0x9a
 957 0783 0A       		.byte	0xa
 958 0784 07       		.uleb128 0x7
 959 0785 7C050000 		.4byte	.LASF114
 960 0789 0D       		.byte	0xd
 961 078a 3C       		.byte	0x3c
 962 078b 9A000000 		.4byte	0x9a
 963 078f 0B       		.byte	0xb
 964 0790 07       		.uleb128 0x7
 965 0791 38060000 		.4byte	.LASF115
 966 0795 0D       		.byte	0xd
 967 0796 3D       		.byte	0x3d
 968 0797 9A000000 		.4byte	0x9a
 969 079b 0C       		.byte	0xc
ARM GAS  C:\Users\Grillmo\AppData\Local\Temp\ccBRfowI.s 			page 18


 970 079c 07       		.uleb128 0x7
 971 079d 4E050000 		.4byte	.LASF116
 972 07a1 0D       		.byte	0xd
 973 07a2 3E       		.byte	0x3e
 974 07a3 9A000000 		.4byte	0x9a
 975 07a7 0D       		.byte	0xd
 976 07a8 07       		.uleb128 0x7
 977 07a9 00000000 		.4byte	.LASF117
 978 07ad 0D       		.byte	0xd
 979 07ae 3F       		.byte	0x3f
 980 07af 9A000000 		.4byte	0x9a
 981 07b3 0E       		.byte	0xe
 982 07b4 07       		.uleb128 0x7
 983 07b5 12040000 		.4byte	.LASF118
 984 07b9 0D       		.byte	0xd
 985 07ba 40       		.byte	0x40
 986 07bb 9A000000 		.4byte	0x9a
 987 07bf 0F       		.byte	0xf
 988 07c0 07       		.uleb128 0x7
 989 07c1 01010000 		.4byte	.LASF119
 990 07c5 0D       		.byte	0xd
 991 07c6 41       		.byte	0x41
 992 07c7 9A000000 		.4byte	0x9a
 993 07cb 10       		.byte	0x10
 994 07cc 07       		.uleb128 0x7
 995 07cd DA000000 		.4byte	.LASF120
 996 07d1 0D       		.byte	0xd
 997 07d2 43       		.byte	0x43
 998 07d3 9A000000 		.4byte	0x9a
 999 07d7 11       		.byte	0x11
 1000 07d8 07       		.uleb128 0x7
 1001 07d9 11010000 		.4byte	.LASF121
 1002 07dd 0D       		.byte	0xd
 1003 07de 44       		.byte	0x44
 1004 07df 9A000000 		.4byte	0x9a
 1005 07e3 12       		.byte	0x12
 1006 07e4 07       		.uleb128 0x7
 1007 07e5 D0030000 		.4byte	.LASF122
 1008 07e9 0D       		.byte	0xd
 1009 07ea 45       		.byte	0x45
 1010 07eb 9A000000 		.4byte	0x9a
 1011 07ef 13       		.byte	0x13
 1012 07f0 07       		.uleb128 0x7
 1013 07f1 16050000 		.4byte	.LASF123
 1014 07f5 0D       		.byte	0xd
 1015 07f6 46       		.byte	0x46
 1016 07f7 9A000000 		.4byte	0x9a
 1017 07fb 14       		.byte	0x14
 1018 07fc 07       		.uleb128 0x7
 1019 07fd 7E030000 		.4byte	.LASF124
 1020 0801 0D       		.byte	0xd
 1021 0802 48       		.byte	0x48
 1022 0803 9A000000 		.4byte	0x9a
 1023 0807 15       		.byte	0x15
 1024 0808 00       		.byte	0
 1025 0809 17       		.uleb128 0x17
 1026 080a FB060000 		.4byte	0x6fb
ARM GAS  C:\Users\Grillmo\AppData\Local\Temp\ccBRfowI.s 			page 19


 1027 080e 19080000 		.4byte	0x819
 1028 0812 18       		.uleb128 0x18
 1029 0813 77040000 		.4byte	0x477
 1030 0817 03       		.byte	0x3
 1031 0818 00       		.byte	0
 1032 0819 03       		.uleb128 0x3
 1033 081a 5B010000 		.4byte	.LASF125
 1034 081e 0D       		.byte	0xd
 1035 081f 49       		.byte	0x49
 1036 0820 28070000 		.4byte	0x728
 1037 0824 16       		.uleb128 0x16
 1038 0825 19080000 		.4byte	0x819
 1039 0829 11       		.uleb128 0x11
 1040 082a FB010000 		.4byte	.LASF126
 1041 082e 0D       		.byte	0xd
 1042 082f 6E       		.byte	0x6e
 1043 0830 24080000 		.4byte	0x824
 1044 0834 03       		.uleb128 0x3
 1045 0835 8E010000 		.4byte	.LASF127
 1046 0839 0C       		.byte	0xc
 1047 083a 34       		.byte	0x34
 1048 083b B9060000 		.4byte	0x6b9
 1049 083f 0A       		.uleb128 0xa
 1050 0840 04       		.byte	0x4
 1051 0841 34080000 		.4byte	0x834
 1052 0845 02       		.uleb128 0x2
 1053 0846 04       		.byte	0x4
 1054 0847 04       		.byte	0x4
 1055 0848 6F040000 		.4byte	.LASF128
 1056 084c 02       		.uleb128 0x2
 1057 084d 01       		.byte	0x1
 1058 084e 02       		.byte	0x2
 1059 084f B7040000 		.4byte	.LASF129
 1060 0853 11       		.uleb128 0x11
 1061 0854 41030000 		.4byte	.LASF130
 1062 0858 0E       		.byte	0xe
 1063 0859 A0       		.byte	0xa0
 1064 085a 4C080000 		.4byte	0x84c
 1065 085e 00       		.byte	0
 1066              		.section	.debug_abbrev,"",%progbits
 1067              	.Ldebug_abbrev0:
 1068 0000 01       		.uleb128 0x1
 1069 0001 11       		.uleb128 0x11
 1070 0002 01       		.byte	0x1
 1071 0003 25       		.uleb128 0x25
 1072 0004 0E       		.uleb128 0xe
 1073 0005 13       		.uleb128 0x13
 1074 0006 0B       		.uleb128 0xb
 1075 0007 03       		.uleb128 0x3
 1076 0008 0E       		.uleb128 0xe
 1077 0009 1B       		.uleb128 0x1b
 1078 000a 0E       		.uleb128 0xe
 1079 000b 10       		.uleb128 0x10
 1080 000c 17       		.uleb128 0x17
 1081 000d 00       		.byte	0
 1082 000e 00       		.byte	0
 1083 000f 02       		.uleb128 0x2
ARM GAS  C:\Users\Grillmo\AppData\Local\Temp\ccBRfowI.s 			page 20


 1084 0010 24       		.uleb128 0x24
 1085 0011 00       		.byte	0
 1086 0012 0B       		.uleb128 0xb
 1087 0013 0B       		.uleb128 0xb
 1088 0014 3E       		.uleb128 0x3e
 1089 0015 0B       		.uleb128 0xb
 1090 0016 03       		.uleb128 0x3
 1091 0017 0E       		.uleb128 0xe
 1092 0018 00       		.byte	0
 1093 0019 00       		.byte	0
 1094 001a 03       		.uleb128 0x3
 1095 001b 16       		.uleb128 0x16
 1096 001c 00       		.byte	0
 1097 001d 03       		.uleb128 0x3
 1098 001e 0E       		.uleb128 0xe
 1099 001f 3A       		.uleb128 0x3a
 1100 0020 0B       		.uleb128 0xb
 1101 0021 3B       		.uleb128 0x3b
 1102 0022 0B       		.uleb128 0xb
 1103 0023 49       		.uleb128 0x49
 1104 0024 13       		.uleb128 0x13
 1105 0025 00       		.byte	0
 1106 0026 00       		.byte	0
 1107 0027 04       		.uleb128 0x4
 1108 0028 24       		.uleb128 0x24
 1109 0029 00       		.byte	0
 1110 002a 0B       		.uleb128 0xb
 1111 002b 0B       		.uleb128 0xb
 1112 002c 3E       		.uleb128 0x3e
 1113 002d 0B       		.uleb128 0xb
 1114 002e 03       		.uleb128 0x3
 1115 002f 08       		.uleb128 0x8
 1116 0030 00       		.byte	0
 1117 0031 00       		.byte	0
 1118 0032 05       		.uleb128 0x5
 1119 0033 35       		.uleb128 0x35
 1120 0034 00       		.byte	0
 1121 0035 49       		.uleb128 0x49
 1122 0036 13       		.uleb128 0x13
 1123 0037 00       		.byte	0
 1124 0038 00       		.byte	0
 1125 0039 06       		.uleb128 0x6
 1126 003a 13       		.uleb128 0x13
 1127 003b 01       		.byte	0x1
 1128 003c 03       		.uleb128 0x3
 1129 003d 0E       		.uleb128 0xe
 1130 003e 0B       		.uleb128 0xb
 1131 003f 0B       		.uleb128 0xb
 1132 0040 3A       		.uleb128 0x3a
 1133 0041 0B       		.uleb128 0xb
 1134 0042 3B       		.uleb128 0x3b
 1135 0043 0B       		.uleb128 0xb
 1136 0044 01       		.uleb128 0x1
 1137 0045 13       		.uleb128 0x13
 1138 0046 00       		.byte	0
 1139 0047 00       		.byte	0
 1140 0048 07       		.uleb128 0x7
ARM GAS  C:\Users\Grillmo\AppData\Local\Temp\ccBRfowI.s 			page 21


 1141 0049 0D       		.uleb128 0xd
 1142 004a 00       		.byte	0
 1143 004b 03       		.uleb128 0x3
 1144 004c 0E       		.uleb128 0xe
 1145 004d 3A       		.uleb128 0x3a
 1146 004e 0B       		.uleb128 0xb
 1147 004f 3B       		.uleb128 0x3b
 1148 0050 0B       		.uleb128 0xb
 1149 0051 49       		.uleb128 0x49
 1150 0052 13       		.uleb128 0x13
 1151 0053 38       		.uleb128 0x38
 1152 0054 0B       		.uleb128 0xb
 1153 0055 00       		.byte	0
 1154 0056 00       		.byte	0
 1155 0057 08       		.uleb128 0x8
 1156 0058 0D       		.uleb128 0xd
 1157 0059 00       		.byte	0
 1158 005a 03       		.uleb128 0x3
 1159 005b 08       		.uleb128 0x8
 1160 005c 3A       		.uleb128 0x3a
 1161 005d 0B       		.uleb128 0xb
 1162 005e 3B       		.uleb128 0x3b
 1163 005f 05       		.uleb128 0x5
 1164 0060 49       		.uleb128 0x49
 1165 0061 13       		.uleb128 0x13
 1166 0062 38       		.uleb128 0x38
 1167 0063 0B       		.uleb128 0xb
 1168 0064 00       		.byte	0
 1169 0065 00       		.byte	0
 1170 0066 09       		.uleb128 0x9
 1171 0067 0D       		.uleb128 0xd
 1172 0068 00       		.byte	0
 1173 0069 03       		.uleb128 0x3
 1174 006a 0E       		.uleb128 0xe
 1175 006b 3A       		.uleb128 0x3a
 1176 006c 0B       		.uleb128 0xb
 1177 006d 3B       		.uleb128 0x3b
 1178 006e 05       		.uleb128 0x5
 1179 006f 49       		.uleb128 0x49
 1180 0070 13       		.uleb128 0x13
 1181 0071 38       		.uleb128 0x38
 1182 0072 0B       		.uleb128 0xb
 1183 0073 00       		.byte	0
 1184 0074 00       		.byte	0
 1185 0075 0A       		.uleb128 0xa
 1186 0076 0F       		.uleb128 0xf
 1187 0077 00       		.byte	0
 1188 0078 0B       		.uleb128 0xb
 1189 0079 0B       		.uleb128 0xb
 1190 007a 49       		.uleb128 0x49
 1191 007b 13       		.uleb128 0x13
 1192 007c 00       		.byte	0
 1193 007d 00       		.byte	0
 1194 007e 0B       		.uleb128 0xb
 1195 007f 13       		.uleb128 0x13
 1196 0080 01       		.byte	0x1
 1197 0081 03       		.uleb128 0x3
ARM GAS  C:\Users\Grillmo\AppData\Local\Temp\ccBRfowI.s 			page 22


 1198 0082 0E       		.uleb128 0xe
 1199 0083 0B       		.uleb128 0xb
 1200 0084 0B       		.uleb128 0xb
 1201 0085 3A       		.uleb128 0x3a
 1202 0086 0B       		.uleb128 0xb
 1203 0087 3B       		.uleb128 0x3b
 1204 0088 05       		.uleb128 0x5
 1205 0089 01       		.uleb128 0x1
 1206 008a 13       		.uleb128 0x13
 1207 008b 00       		.byte	0
 1208 008c 00       		.byte	0
 1209 008d 0C       		.uleb128 0xc
 1210 008e 15       		.uleb128 0x15
 1211 008f 01       		.byte	0x1
 1212 0090 27       		.uleb128 0x27
 1213 0091 19       		.uleb128 0x19
 1214 0092 01       		.uleb128 0x1
 1215 0093 13       		.uleb128 0x13
 1216 0094 00       		.byte	0
 1217 0095 00       		.byte	0
 1218 0096 0D       		.uleb128 0xd
 1219 0097 05       		.uleb128 0x5
 1220 0098 00       		.byte	0
 1221 0099 49       		.uleb128 0x49
 1222 009a 13       		.uleb128 0x13
 1223 009b 00       		.byte	0
 1224 009c 00       		.byte	0
 1225 009d 0E       		.uleb128 0xe
 1226 009e 0F       		.uleb128 0xf
 1227 009f 00       		.byte	0
 1228 00a0 0B       		.uleb128 0xb
 1229 00a1 0B       		.uleb128 0xb
 1230 00a2 00       		.byte	0
 1231 00a3 00       		.byte	0
 1232 00a4 0F       		.uleb128 0xf
 1233 00a5 13       		.uleb128 0x13
 1234 00a6 01       		.byte	0x1
 1235 00a7 03       		.uleb128 0x3
 1236 00a8 0E       		.uleb128 0xe
 1237 00a9 0B       		.uleb128 0xb
 1238 00aa 05       		.uleb128 0x5
 1239 00ab 3A       		.uleb128 0x3a
 1240 00ac 0B       		.uleb128 0xb
 1241 00ad 3B       		.uleb128 0x3b
 1242 00ae 05       		.uleb128 0x5
 1243 00af 01       		.uleb128 0x1
 1244 00b0 13       		.uleb128 0x13
 1245 00b1 00       		.byte	0
 1246 00b2 00       		.byte	0
 1247 00b3 10       		.uleb128 0x10
 1248 00b4 34       		.uleb128 0x34
 1249 00b5 00       		.byte	0
 1250 00b6 03       		.uleb128 0x3
 1251 00b7 0E       		.uleb128 0xe
 1252 00b8 3A       		.uleb128 0x3a
 1253 00b9 0B       		.uleb128 0xb
 1254 00ba 3B       		.uleb128 0x3b
ARM GAS  C:\Users\Grillmo\AppData\Local\Temp\ccBRfowI.s 			page 23


 1255 00bb 05       		.uleb128 0x5
 1256 00bc 49       		.uleb128 0x49
 1257 00bd 13       		.uleb128 0x13
 1258 00be 3F       		.uleb128 0x3f
 1259 00bf 19       		.uleb128 0x19
 1260 00c0 3C       		.uleb128 0x3c
 1261 00c1 19       		.uleb128 0x19
 1262 00c2 00       		.byte	0
 1263 00c3 00       		.byte	0
 1264 00c4 11       		.uleb128 0x11
 1265 00c5 34       		.uleb128 0x34
 1266 00c6 00       		.byte	0
 1267 00c7 03       		.uleb128 0x3
 1268 00c8 0E       		.uleb128 0xe
 1269 00c9 3A       		.uleb128 0x3a
 1270 00ca 0B       		.uleb128 0xb
 1271 00cb 3B       		.uleb128 0x3b
 1272 00cc 0B       		.uleb128 0xb
 1273 00cd 49       		.uleb128 0x49
 1274 00ce 13       		.uleb128 0x13
 1275 00cf 3F       		.uleb128 0x3f
 1276 00d0 19       		.uleb128 0x19
 1277 00d1 3C       		.uleb128 0x3c
 1278 00d2 19       		.uleb128 0x19
 1279 00d3 00       		.byte	0
 1280 00d4 00       		.byte	0
 1281 00d5 12       		.uleb128 0x12
 1282 00d6 0D       		.uleb128 0xd
 1283 00d7 00       		.byte	0
 1284 00d8 03       		.uleb128 0x3
 1285 00d9 08       		.uleb128 0x8
 1286 00da 3A       		.uleb128 0x3a
 1287 00db 0B       		.uleb128 0xb
 1288 00dc 3B       		.uleb128 0x3b
 1289 00dd 0B       		.uleb128 0xb
 1290 00de 49       		.uleb128 0x49
 1291 00df 13       		.uleb128 0x13
 1292 00e0 38       		.uleb128 0x38
 1293 00e1 0B       		.uleb128 0xb
 1294 00e2 00       		.byte	0
 1295 00e3 00       		.byte	0
 1296 00e4 13       		.uleb128 0x13
 1297 00e5 13       		.uleb128 0x13
 1298 00e6 01       		.byte	0x1
 1299 00e7 0B       		.uleb128 0xb
 1300 00e8 0B       		.uleb128 0xb
 1301 00e9 3A       		.uleb128 0x3a
 1302 00ea 0B       		.uleb128 0xb
 1303 00eb 3B       		.uleb128 0x3b
 1304 00ec 0B       		.uleb128 0xb
 1305 00ed 01       		.uleb128 0x1
 1306 00ee 13       		.uleb128 0x13
 1307 00ef 00       		.byte	0
 1308 00f0 00       		.byte	0
 1309 00f1 14       		.uleb128 0x14
 1310 00f2 17       		.uleb128 0x17
 1311 00f3 01       		.byte	0x1
ARM GAS  C:\Users\Grillmo\AppData\Local\Temp\ccBRfowI.s 			page 24


 1312 00f4 0B       		.uleb128 0xb
 1313 00f5 0B       		.uleb128 0xb
 1314 00f6 3A       		.uleb128 0x3a
 1315 00f7 0B       		.uleb128 0xb
 1316 00f8 3B       		.uleb128 0x3b
 1317 00f9 0B       		.uleb128 0xb
 1318 00fa 01       		.uleb128 0x1
 1319 00fb 13       		.uleb128 0x13
 1320 00fc 00       		.byte	0
 1321 00fd 00       		.byte	0
 1322 00fe 15       		.uleb128 0x15
 1323 00ff 0D       		.uleb128 0xd
 1324 0100 00       		.byte	0
 1325 0101 03       		.uleb128 0x3
 1326 0102 0E       		.uleb128 0xe
 1327 0103 3A       		.uleb128 0x3a
 1328 0104 0B       		.uleb128 0xb
 1329 0105 3B       		.uleb128 0x3b
 1330 0106 05       		.uleb128 0x5
 1331 0107 49       		.uleb128 0x49
 1332 0108 13       		.uleb128 0x13
 1333 0109 00       		.byte	0
 1334 010a 00       		.byte	0
 1335 010b 16       		.uleb128 0x16
 1336 010c 26       		.uleb128 0x26
 1337 010d 00       		.byte	0
 1338 010e 49       		.uleb128 0x49
 1339 010f 13       		.uleb128 0x13
 1340 0110 00       		.byte	0
 1341 0111 00       		.byte	0
 1342 0112 17       		.uleb128 0x17
 1343 0113 01       		.uleb128 0x1
 1344 0114 01       		.byte	0x1
 1345 0115 49       		.uleb128 0x49
 1346 0116 13       		.uleb128 0x13
 1347 0117 01       		.uleb128 0x1
 1348 0118 13       		.uleb128 0x13
 1349 0119 00       		.byte	0
 1350 011a 00       		.byte	0
 1351 011b 18       		.uleb128 0x18
 1352 011c 21       		.uleb128 0x21
 1353 011d 00       		.byte	0
 1354 011e 49       		.uleb128 0x49
 1355 011f 13       		.uleb128 0x13
 1356 0120 2F       		.uleb128 0x2f
 1357 0121 0B       		.uleb128 0xb
 1358 0122 00       		.byte	0
 1359 0123 00       		.byte	0
 1360 0124 19       		.uleb128 0x19
 1361 0125 34       		.uleb128 0x34
 1362 0126 00       		.byte	0
 1363 0127 03       		.uleb128 0x3
 1364 0128 08       		.uleb128 0x8
 1365 0129 3A       		.uleb128 0x3a
 1366 012a 0B       		.uleb128 0xb
 1367 012b 3B       		.uleb128 0x3b
 1368 012c 05       		.uleb128 0x5
ARM GAS  C:\Users\Grillmo\AppData\Local\Temp\ccBRfowI.s 			page 25


 1369 012d 49       		.uleb128 0x49
 1370 012e 13       		.uleb128 0x13
 1371 012f 3F       		.uleb128 0x3f
 1372 0130 19       		.uleb128 0x19
 1373 0131 3C       		.uleb128 0x3c
 1374 0132 19       		.uleb128 0x19
 1375 0133 00       		.byte	0
 1376 0134 00       		.byte	0
 1377 0135 00       		.byte	0
 1378              		.section	.debug_aranges,"",%progbits
 1379 0000 14000000 		.4byte	0x14
 1380 0004 0200     		.2byte	0x2
 1381 0006 00000000 		.4byte	.Ldebug_info0
 1382 000a 04       		.byte	0x4
 1383 000b 00       		.byte	0
 1384 000c 0000     		.2byte	0
 1385 000e 0000     		.2byte	0
 1386 0010 00000000 		.4byte	0
 1387 0014 00000000 		.4byte	0
 1388              		.section	.debug_line,"",%progbits
 1389              	.Ldebug_line0:
 1390 0000 3A020000 		.section	.debug_str,"MS",%progbits,1
 1390      02003402 
 1390      00000201 
 1390      FB0E0D00 
 1390      01010101 
 1391              	.LASF117:
 1392 0000 63665F6F 		.ascii	"cf_off_older\000"
 1392      66665F6F 
 1392      6C646572 
 1392      00
 1393              	.LASF55:
 1394 000d 72656164 		.ascii	"ready_list_t\000"
 1394      795F6C69 
 1394      73745F74 
 1394      00
 1395              	.LASF95:
 1396 001a 77747472 		.ascii	"wttrp\000"
 1396      7000
 1397              	.LASF92:
 1398 0020 7264796D 		.ascii	"rdymsg\000"
 1398      736700
 1399              	.LASF18:
 1400 0027 75696E74 		.ascii	"uint64_t\000"
 1400      36345F74 
 1400      00
 1401              	.LASF3:
 1402 0030 5F5F7569 		.ascii	"__uint8_t\000"
 1402      6E74385F 
 1402      7400
 1403              	.LASF89:
 1404 003a 706F7274 		.ascii	"port_intctx\000"
 1404      5F696E74 
 1404      63747800 
 1405              	.LASF54:
 1406 0046 63685F74 		.ascii	"ch_threads_queue\000"
 1406      68726561 
ARM GAS  C:\Users\Grillmo\AppData\Local\Temp\ccBRfowI.s 			page 26


 1406      64735F71 
 1406      75657565 
 1406      00
 1407              	.LASF74:
 1408 0057 73797374 		.ascii	"system_debug_t\000"
 1408      656D5F64 
 1408      65627567 
 1408      5F7400
 1409              	.LASF12:
 1410 0066 6C6F6E67 		.ascii	"long long unsigned int\000"
 1410      206C6F6E 
 1410      6720756E 
 1410      7369676E 
 1410      65642069 
 1411              	.LASF113:
 1412 007d 63685F74 		.ascii	"ch_threadsize\000"
 1412      68726561 
 1412      6473697A 
 1412      6500
 1413              	.LASF93:
 1414 008b 65786974 		.ascii	"exitcode\000"
 1414      636F6465 
 1414      00
 1415              	.LASF81:
 1416 0094 6D61696E 		.ascii	"mainthread\000"
 1416      74687265 
 1416      616400
 1417              	.LASF71:
 1418 009f 76697274 		.ascii	"virtual_timers_list_t\000"
 1418      75616C5F 
 1418      74696D65 
 1418      72735F6C 
 1418      6973745F 
 1419              	.LASF84:
 1420 00b5 49544D5F 		.ascii	"ITM_RxBuffer\000"
 1420      52784275 
 1420      66666572 
 1420      00
 1421              	.LASF132:
 1422 00c2 6877636F 		.ascii	"hwconf/drv8305.c\000"
 1422      6E662F64 
 1422      72763833 
 1422      30352E63 
 1422      00
 1423              	.LASF32:
 1424 00d3 705F7072 		.ascii	"p_prio\000"
 1424      696F00
 1425              	.LASF120:
 1426 00da 63665F6F 		.ascii	"cf_off_state\000"
 1426      66665F73 
 1426      74617465 
 1426      00
 1427              	.LASF10:
 1428 00e7 6C6F6E67 		.ascii	"long long int\000"
 1428      206C6F6E 
 1428      6720696E 
 1428      7400
ARM GAS  C:\Users\Grillmo\AppData\Local\Temp\ccBRfowI.s 			page 27


 1429              	.LASF0:
 1430 00f5 7369676E 		.ascii	"signed char\000"
 1430      65642063 
 1430      68617200 
 1431              	.LASF119:
 1432 0101 63665F6F 		.ascii	"cf_off_stklimit\000"
 1432      66665F73 
 1432      746B6C69 
 1432      6D697400 
 1433              	.LASF121:
 1434 0111 63665F6F 		.ascii	"cf_off_flags\000"
 1434      66665F66 
 1434      6C616773 
 1434      00
 1435              	.LASF48:
 1436 011e 705F6D70 		.ascii	"p_mpool\000"
 1436      6F6F6C00 
 1437              	.LASF103:
 1438 0126 6D5F7175 		.ascii	"m_queue\000"
 1438      65756500 
 1439              	.LASF80:
 1440 012e 76746C69 		.ascii	"vtlist\000"
 1440      737400
 1441              	.LASF23:
 1442 0135 74736C69 		.ascii	"tslices_t\000"
 1442      6365735F 
 1442      7400
 1443              	.LASF78:
 1444 013f 63685F73 		.ascii	"ch_system\000"
 1444      79737465 
 1444      6D00
 1445              	.LASF7:
 1446 0149 6C6F6E67 		.ascii	"long int\000"
 1446      20696E74 
 1446      00
 1447              	.LASF21:
 1448 0152 74737461 		.ascii	"tstate_t\000"
 1448      74655F74 
 1448      00
 1449              	.LASF125:
 1450 015b 63686465 		.ascii	"chdebug_t\000"
 1450      6275675F 
 1450      7400
 1451              	.LASF34:
 1452 0165 705F6E65 		.ascii	"p_newer\000"
 1452      77657200 
 1453              	.LASF100:
 1454 016d 735F7175 		.ascii	"s_queue\000"
 1454      65756500 
 1455              	.LASF60:
 1456 0175 725F6E65 		.ascii	"r_newer\000"
 1456      77657200 
 1457              	.LASF86:
 1458 017d 72656761 		.ascii	"regarm_t\000"
 1458      726D5F74 
 1458      00
 1459              	.LASF67:
ARM GAS  C:\Users\Grillmo\AppData\Local\Temp\ccBRfowI.s 			page 28


 1460 0186 76745F70 		.ascii	"vt_prev\000"
 1460      72657600 
 1461              	.LASF127:
 1462 018e 6D757465 		.ascii	"mutex_t\000"
 1462      785F7400 
 1463              	.LASF82:
 1464 0196 69646C65 		.ascii	"idle_thread_wa\000"
 1464      5F746872 
 1464      6561645F 
 1464      776100
 1465              	.LASF27:
 1466 01a5 636E745F 		.ascii	"cnt_t\000"
 1466      7400
 1467              	.LASF13:
 1468 01ab 756E7369 		.ascii	"unsigned int\000"
 1468      676E6564 
 1468      20696E74 
 1468      00
 1469              	.LASF66:
 1470 01b8 76745F6E 		.ascii	"vt_next\000"
 1470      65787400 
 1471              	.LASF15:
 1472 01c0 75696E74 		.ascii	"uint16_t\000"
 1472      31365F74 
 1472      00
 1473              	.LASF85:
 1474 01c9 53797374 		.ascii	"SystemCoreClock\000"
 1474      656D436F 
 1474      7265436C 
 1474      6F636B00 
 1475              	.LASF41:
 1476 01d9 705F7469 		.ascii	"p_time\000"
 1476      6D6500
 1477              	.LASF96:
 1478 01e0 77747365 		.ascii	"wtsemp\000"
 1478      6D7000
 1479              	.LASF68:
 1480 01e7 76745F64 		.ascii	"vt_delta\000"
 1480      656C7461 
 1480      00
 1481              	.LASF43:
 1482 01f0 705F6D73 		.ascii	"p_msgqueue\000"
 1482      67717565 
 1482      756500
 1483              	.LASF126:
 1484 01fb 63685F64 		.ascii	"ch_debug\000"
 1484      65627567 
 1484      00
 1485              	.LASF131:
 1486 0204 474E5520 		.ascii	"GNU C99 6.3.1 20170215 (release) [ARM/embedded-6-br"
 1486      43393920 
 1486      362E332E 
 1486      31203230 
 1486      31373032 
 1487 0237 616E6368 		.ascii	"anch revision 245512] -mcpu=cortex-m4 -mfloat-abi=h"
 1487      20726576 
 1487      6973696F 
ARM GAS  C:\Users\Grillmo\AppData\Local\Temp\ccBRfowI.s 			page 29


 1487      6E203234 
 1487      35353132 
 1488 026a 61726420 		.ascii	"ard -mfpu=fpv4-sp-d16 -mno-thumb-interwork -mthumb "
 1488      2D6D6670 
 1488      753D6670 
 1488      76342D73 
 1488      702D6431 
 1489 029d 2D676764 		.ascii	"-ggdb -O2 -std=gnu99 -fomit-frame-pointer -falign-f"
 1489      62202D4F 
 1489      32202D73 
 1489      74643D67 
 1489      6E753939 
 1490 02d0 756E6374 		.ascii	"unctions=16 -ffunction-sections -fdata-sections -fn"
 1490      696F6E73 
 1490      3D313620 
 1490      2D666675 
 1490      6E637469 
 1491 0303 6F2D636F 		.ascii	"o-common -fsingle-precision-constant\000"
 1491      6D6D6F6E 
 1491      202D6673 
 1491      696E676C 
 1491      652D7072 
 1492              	.LASF101:
 1493 0328 735F636E 		.ascii	"s_cnt\000"
 1493      7400
 1494              	.LASF5:
 1495 032e 73686F72 		.ascii	"short unsigned int\000"
 1495      7420756E 
 1495      7369676E 
 1495      65642069 
 1495      6E7400
 1496              	.LASF130:
 1497 0341 636F6E66 		.ascii	"conf_general_permanent_nrf_found\000"
 1497      5F67656E 
 1497      6572616C 
 1497      5F706572 
 1497      6D616E65 
 1498              	.LASF51:
 1499 0362 63685F74 		.ascii	"ch_thread\000"
 1499      68726561 
 1499      6400
 1500              	.LASF25:
 1501 036c 6D73675F 		.ascii	"msg_t\000"
 1501      7400
 1502              	.LASF77:
 1503 0372 63685F73 		.ascii	"ch_system_t\000"
 1503      79737465 
 1503      6D5F7400 
 1504              	.LASF124:
 1505 037e 63665F6F 		.ascii	"cf_off_time\000"
 1505      66665F74 
 1505      696D6500 
 1506              	.LASF56:
 1507 038a 63685F72 		.ascii	"ch_ready_list\000"
 1507      65616479 
 1507      5F6C6973 
 1507      7400
ARM GAS  C:\Users\Grillmo\AppData\Local\Temp\ccBRfowI.s 			page 30


 1508              	.LASF26:
 1509 0398 6576656E 		.ascii	"eventmask_t\000"
 1509      746D6173 
 1509      6B5F7400 
 1510              	.LASF6:
 1511 03a4 5F5F696E 		.ascii	"__int32_t\000"
 1511      7433325F 
 1511      7400
 1512              	.LASF87:
 1513 03ae 73746B61 		.ascii	"stkalign_t\000"
 1513      6C69676E 
 1513      5F7400
 1514              	.LASF50:
 1515 03b9 74687265 		.ascii	"threads_list_t\000"
 1515      6164735F 
 1515      6C697374 
 1515      5F7400
 1516              	.LASF108:
 1517 03c8 63685F7A 		.ascii	"ch_zero\000"
 1517      65726F00 
 1518              	.LASF122:
 1519 03d0 63665F6F 		.ascii	"cf_off_refs\000"
 1519      66665F72 
 1519      65667300 
 1520              	.LASF42:
 1521 03dc 705F7761 		.ascii	"p_waiting\000"
 1521      6974696E 
 1521      6700
 1522              	.LASF83:
 1523 03e6 73697A65 		.ascii	"sizetype\000"
 1523      74797065 
 1523      00
 1524              	.LASF72:
 1525 03ef 63685F76 		.ascii	"ch_virtual_timers_list\000"
 1525      69727475 
 1525      616C5F74 
 1525      696D6572 
 1525      735F6C69 
 1526              	.LASF112:
 1527 0406 63685F74 		.ascii	"ch_timesize\000"
 1527      696D6573 
 1527      697A6500 
 1528              	.LASF118:
 1529 0412 63665F6F 		.ascii	"cf_off_name\000"
 1529      66665F6E 
 1529      616D6500 
 1530              	.LASF35:
 1531 041e 705F6F6C 		.ascii	"p_older\000"
 1531      64657200 
 1532              	.LASF59:
 1533 0426 725F6374 		.ascii	"r_ctx\000"
 1533      7800
 1534              	.LASF33:
 1535 042c 705F6374 		.ascii	"p_ctx\000"
 1535      7800
 1536              	.LASF91:
 1537 0432 746D5F63 		.ascii	"tm_calibration_t\000"
ARM GAS  C:\Users\Grillmo\AppData\Local\Temp\ccBRfowI.s 			page 31


 1537      616C6962 
 1537      72617469 
 1537      6F6E5F74 
 1537      00
 1538              	.LASF62:
 1539 0443 725F6375 		.ascii	"r_current\000"
 1539      7272656E 
 1539      7400
 1540              	.LASF61:
 1541 044d 725F6F6C 		.ascii	"r_older\000"
 1541      64657200 
 1542              	.LASF11:
 1543 0455 5F5F7569 		.ascii	"__uint64_t\000"
 1543      6E743634 
 1543      5F7400
 1544              	.LASF133:
 1545 0460 443A5C65 		.ascii	"D:\\ebikeSystem\000"
 1545      62696B65 
 1545      53797374 
 1545      656D00
 1546              	.LASF128:
 1547 046f 666C6F61 		.ascii	"float\000"
 1547      7400
 1548              	.LASF22:
 1549 0475 74726566 		.ascii	"trefs_t\000"
 1549      735F7400 
 1550              	.LASF111:
 1551 047d 63685F70 		.ascii	"ch_ptrsize\000"
 1551      74727369 
 1551      7A6500
 1552              	.LASF64:
 1553 0488 76697274 		.ascii	"virtual_timer_t\000"
 1553      75616C5F 
 1553      74696D65 
 1553      725F7400 
 1554              	.LASF31:
 1555 0498 705F7072 		.ascii	"p_prev\000"
 1555      657600
 1556              	.LASF24:
 1557 049f 74707269 		.ascii	"tprio_t\000"
 1557      6F5F7400 
 1558              	.LASF75:
 1559 04a7 63685F73 		.ascii	"ch_system_debug\000"
 1559      79737465 
 1559      6D5F6465 
 1559      62756700 
 1560              	.LASF129:
 1561 04b7 5F426F6F 		.ascii	"_Bool\000"
 1561      6C00
 1562              	.LASF16:
 1563 04bd 696E7433 		.ascii	"int32_t\000"
 1563      325F7400 
 1564              	.LASF1:
 1565 04c5 756E7369 		.ascii	"unsigned char\000"
 1565      676E6564 
 1565      20636861 
 1565      7200
ARM GAS  C:\Users\Grillmo\AppData\Local\Temp\ccBRfowI.s 			page 32


 1566              	.LASF46:
 1567 04d3 705F6D74 		.ascii	"p_mtxlist\000"
 1567      786C6973 
 1567      7400
 1568              	.LASF2:
 1569 04dd 73686F72 		.ascii	"short int\000"
 1569      7420696E 
 1569      7400
 1570              	.LASF37:
 1571 04e7 705F7374 		.ascii	"p_state\000"
 1571      61746500 
 1572              	.LASF40:
 1573 04ef 705F7072 		.ascii	"p_preempt\000"
 1573      65656D70 
 1573      7400
 1574              	.LASF58:
 1575 04f9 725F7072 		.ascii	"r_prio\000"
 1575      696F00
 1576              	.LASF98:
 1577 0500 65776D61 		.ascii	"ewmask\000"
 1577      736B00
 1578              	.LASF30:
 1579 0507 705F6E65 		.ascii	"p_next\000"
 1579      787400
 1580              	.LASF20:
 1581 050e 746D6F64 		.ascii	"tmode_t\000"
 1581      655F7400 
 1582              	.LASF123:
 1583 0516 63665F6F 		.ascii	"cf_off_preempt\000"
 1583      66665F70 
 1583      7265656D 
 1583      707400
 1584              	.LASF38:
 1585 0525 705F666C 		.ascii	"p_flags\000"
 1585      61677300 
 1586              	.LASF53:
 1587 052d 74687265 		.ascii	"threads_queue_t\000"
 1587      6164735F 
 1587      71756575 
 1587      655F7400 
 1588              	.LASF65:
 1589 053d 63685F76 		.ascii	"ch_virtual_timer\000"
 1589      69727475 
 1589      616C5F74 
 1589      696D6572 
 1589      00
 1590              	.LASF116:
 1591 054e 63665F6F 		.ascii	"cf_off_newer\000"
 1591      66665F6E 
 1591      65776572 
 1591      00
 1592              	.LASF99:
 1593 055b 63685F73 		.ascii	"ch_semaphore\000"
 1593      656D6170 
 1593      686F7265 
 1593      00
 1594              	.LASF45:
ARM GAS  C:\Users\Grillmo\AppData\Local\Temp\ccBRfowI.s 			page 33


 1595 0568 705F6570 		.ascii	"p_epending\000"
 1595      656E6469 
 1595      6E6700
 1596              	.LASF17:
 1597 0573 75696E74 		.ascii	"uint32_t\000"
 1597      33325F74 
 1597      00
 1598              	.LASF114:
 1599 057c 63665F6F 		.ascii	"cf_off_prio\000"
 1599      66665F70 
 1599      72696F00 
 1600              	.LASF57:
 1601 0588 725F7175 		.ascii	"r_queue\000"
 1601      65756500 
 1602              	.LASF52:
 1603 0590 63685F74 		.ascii	"ch_threads_list\000"
 1603      68726561 
 1603      64735F6C 
 1603      69737400 
 1604              	.LASF109:
 1605 05a0 63685F73 		.ascii	"ch_size\000"
 1605      697A6500 
 1606              	.LASF9:
 1607 05a8 6C6F6E67 		.ascii	"long unsigned int\000"
 1607      20756E73 
 1607      69676E65 
 1607      6420696E 
 1607      7400
 1608              	.LASF106:
 1609 05ba 63686172 		.ascii	"char\000"
 1609      00
 1610              	.LASF97:
 1611 05bf 77746D74 		.ascii	"wtmtxp\000"
 1611      787000
 1612              	.LASF4:
 1613 05c6 5F5F7569 		.ascii	"__uint16_t\000"
 1613      6E743136 
 1613      5F7400
 1614              	.LASF29:
 1615 05d1 74687265 		.ascii	"thread_t\000"
 1615      61645F74 
 1615      00
 1616              	.LASF105:
 1617 05da 6D5F6E65 		.ascii	"m_next\000"
 1617      787400
 1618              	.LASF28:
 1619 05e1 73797374 		.ascii	"systime_t\000"
 1619      696D655F 
 1619      7400
 1620              	.LASF47:
 1621 05eb 705F7265 		.ascii	"p_realprio\000"
 1621      616C7072 
 1621      696F00
 1622              	.LASF63:
 1623 05f6 76746675 		.ascii	"vtfunc_t\000"
 1623      6E635F74 
 1623      00
ARM GAS  C:\Users\Grillmo\AppData\Local\Temp\ccBRfowI.s 			page 34


 1624              	.LASF8:
 1625 05ff 5F5F7569 		.ascii	"__uint32_t\000"
 1625      6E743332 
 1625      5F7400
 1626              	.LASF76:
 1627 060a 70616E69 		.ascii	"panic_msg\000"
 1627      635F6D73 
 1627      6700
 1628              	.LASF90:
 1629 0614 6F666673 		.ascii	"offset\000"
 1629      657400
 1630              	.LASF88:
 1631 061b 636F6E74 		.ascii	"context\000"
 1631      65787400 
 1632              	.LASF44:
 1633 0623 705F6D73 		.ascii	"p_msg\000"
 1633      6700
 1634              	.LASF19:
 1635 0629 7274636E 		.ascii	"rtcnt_t\000"
 1635      745F7400 
 1636              	.LASF70:
 1637 0631 76745F70 		.ascii	"vt_par\000"
 1637      617200
 1638              	.LASF115:
 1639 0638 63665F6F 		.ascii	"cf_off_ctx\000"
 1639      66665F63 
 1639      747800
 1640              	.LASF102:
 1641 0643 63685F6D 		.ascii	"ch_mutex\000"
 1641      75746578 
 1641      00
 1642              	.LASF39:
 1643 064c 705F7265 		.ascii	"p_refs\000"
 1643      667300
 1644              	.LASF79:
 1645 0653 726C6973 		.ascii	"rlist\000"
 1645      7400
 1646              	.LASF14:
 1647 0659 75696E74 		.ascii	"uint8_t\000"
 1647      385F7400 
 1648              	.LASF49:
 1649 0661 74687265 		.ascii	"thread_reference_t\000"
 1649      61645F72 
 1649      65666572 
 1649      656E6365 
 1649      5F7400
 1650              	.LASF94:
 1651 0674 77746F62 		.ascii	"wtobjp\000"
 1651      6A7000
 1652              	.LASF36:
 1653 067b 705F6E61 		.ascii	"p_name\000"
 1653      6D6500
 1654              	.LASF73:
 1655 0682 76745F73 		.ascii	"vt_systime\000"
 1655      79737469 
 1655      6D6500
 1656              	.LASF110:
ARM GAS  C:\Users\Grillmo\AppData\Local\Temp\ccBRfowI.s 			page 35


 1657 068d 63685F76 		.ascii	"ch_version\000"
 1657      65727369 
 1657      6F6E00
 1658              	.LASF104:
 1659 0698 6D5F6F77 		.ascii	"m_owner\000"
 1659      6E657200 
 1660              	.LASF107:
 1661 06a0 63685F69 		.ascii	"ch_identifier\000"
 1661      64656E74 
 1661      69666965 
 1661      7200
 1662              	.LASF69:
 1663 06ae 76745F66 		.ascii	"vt_func\000"
 1663      756E6300 
 1664              		.ident	"GCC: (GNU Tools for ARM Embedded Processors 6-2017-q1-update) 6.3.1 20170215 (release) [AR
ARM GAS  C:\Users\Grillmo\AppData\Local\Temp\ccBRfowI.s 			page 36


DEFINED SYMBOLS
                            *ABS*:00000000 drv8305.c

NO UNDEFINED SYMBOLS
