ARM GAS  C:\Users\Grillmo\AppData\Local\Temp\ccu2uxk8.s 			page 1


   1              		.cpu cortex-m4
   2              		.eabi_attribute 27, 1
   3              		.eabi_attribute 28, 1
   4              		.eabi_attribute 20, 1
   5              		.eabi_attribute 21, 1
   6              		.eabi_attribute 23, 3
   7              		.eabi_attribute 24, 1
   8              		.eabi_attribute 25, 1
   9              		.eabi_attribute 26, 1
  10              		.eabi_attribute 30, 2
  11              		.eabi_attribute 34, 1
  12              		.eabi_attribute 18, 4
  13              		.file	"misc.c"
  14              		.text
  15              	.Ltext0:
  16              		.cfi_sections	.debug_frame
  17              		.section	.text.NVIC_PriorityGroupConfig,"ax",%progbits
  18              		.align	1
  19              		.p2align 4,,15
  20              		.global	NVIC_PriorityGroupConfig
  21              		.syntax unified
  22              		.thumb
  23              		.thumb_func
  24              		.fpu fpv4-sp-d16
  25              		.type	NVIC_PriorityGroupConfig, %function
  26              	NVIC_PriorityGroupConfig:
  27              	.LFB112:
  28              		.file 1 "ChibiOS_3.0.2/ext/stdperiph_stm32f4/src/misc.c"
  29              		.loc 1 123 0
  30              		.cfi_startproc
  31              		@ args = 0, pretend = 0, frame = 0
  32              		@ frame_needed = 0, uses_anonymous_args = 0
  33              		@ link register save eliminated.
  34              	.LVL0:
  35              		.loc 1 128 0
  36 0000 40F0BF60 		orr	r0, r0, #100139008
  37              	.LVL1:
  38 0004 024B     		ldr	r3, .L2
  39 0006 40F40030 		orr	r0, r0, #131072
  40 000a D860     		str	r0, [r3, #12]
  41 000c 7047     		bx	lr
  42              	.L3:
  43 000e 00BF     		.align	2
  44              	.L2:
  45 0010 00ED00E0 		.word	-536810240
  46              		.cfi_endproc
  47              	.LFE112:
  48              		.size	NVIC_PriorityGroupConfig, .-NVIC_PriorityGroupConfig
  49              		.section	.text.NVIC_Init,"ax",%progbits
  50              		.align	1
  51              		.p2align 4,,15
  52              		.global	NVIC_Init
  53              		.syntax unified
  54              		.thumb
  55              		.thumb_func
  56              		.fpu fpv4-sp-d16
  57              		.type	NVIC_Init, %function
ARM GAS  C:\Users\Grillmo\AppData\Local\Temp\ccu2uxk8.s 			page 2


  58              	NVIC_Init:
  59              	.LFB113:
  60              		.loc 1 141 0
  61              		.cfi_startproc
  62              		@ args = 0, pretend = 0, frame = 0
  63              		@ frame_needed = 0, uses_anonymous_args = 0
  64              		@ link register save eliminated.
  65              	.LVL2:
  66              		.loc 1 149 0
  67 0000 C378     		ldrb	r3, [r0, #3]	@ zero_extendqisi2
  68 0002 5BB9     		cbnz	r3, .L12
  69              		.loc 1 170 0
  70 0004 0378     		ldrb	r3, [r0]	@ zero_extendqisi2
  71 0006 1648     		ldr	r0, .L13
  72              	.LVL3:
  73 0008 5A09     		lsrs	r2, r3, #5
  74 000a 2032     		adds	r2, r2, #32
  75              		.loc 1 171 0
  76 000c 03F01F03 		and	r3, r3, #31
  77 0010 0121     		movs	r1, #1
  78 0012 01FA03F3 		lsl	r3, r1, r3
  79              		.loc 1 170 0
  80 0016 40F82230 		str	r3, [r0, r2, lsl #2]
  81              		.loc 1 173 0
  82 001a 7047     		bx	lr
  83              	.LVL4:
  84              	.L12:
  85              		.loc 1 152 0
  86 001c 114A     		ldr	r2, .L13+4
  87              		.loc 1 141 0
  88 001e 70B4     		push	{r4, r5, r6}
  89              		.cfi_def_cfa_offset 12
  90              		.cfi_offset 4, -12
  91              		.cfi_offset 5, -8
  92              		.cfi_offset 6, -4
  93              		.loc 1 152 0
  94 0020 D268     		ldr	r2, [r2, #12]
  95              		.loc 1 156 0
  96 0022 4378     		ldrb	r3, [r0, #1]	@ zero_extendqisi2
  97              		.loc 1 157 0
  98 0024 8678     		ldrb	r6, [r0, #2]	@ zero_extendqisi2
  99              		.loc 1 161 0
 100 0026 0178     		ldrb	r1, [r0]	@ zero_extendqisi2
 101 0028 0D48     		ldr	r0, .L13
 102              	.LVL5:
 103              		.loc 1 152 0
 104 002a D243     		mvns	r2, r2
 105 002c C2F30222 		ubfx	r2, r2, #8, #3
 106              	.LVL6:
 107              		.loc 1 153 0
 108 0030 C2F10405 		rsb	r5, r2, #4
 109              		.loc 1 156 0
 110 0034 EDB2     		uxtb	r5, r5
 111              		.loc 1 154 0
 112 0036 0F24     		movs	r4, #15
 113              		.loc 1 156 0
 114 0038 AB40     		lsls	r3, r3, r5
ARM GAS  C:\Users\Grillmo\AppData\Local\Temp\ccu2uxk8.s 			page 3


 115              		.loc 1 154 0
 116 003a 44FA02F2 		asr	r2, r4, r2
 117              	.LVL7:
 118              		.loc 1 157 0
 119 003e 3240     		ands	r2, r2, r6
 120              		.loc 1 156 0
 121 0040 DBB2     		uxtb	r3, r3
 122              	.LVL8:
 123              		.loc 1 157 0
 124 0042 1343     		orrs	r3, r3, r2
 125              	.LVL9:
 126              		.loc 1 161 0
 127 0044 4418     		adds	r4, r0, r1
 128              		.loc 1 159 0
 129 0046 1B01     		lsls	r3, r3, #4
 130              	.LVL10:
 131              		.loc 1 165 0
 132 0048 01F01F05 		and	r5, r1, #31
 133              	.LVL11:
 134 004c 0122     		movs	r2, #1
 135              		.loc 1 164 0
 136 004e 4909     		lsrs	r1, r1, #5
 137              		.loc 1 159 0
 138 0050 DBB2     		uxtb	r3, r3
 139              	.LVL12:
 140              		.loc 1 165 0
 141 0052 AA40     		lsls	r2, r2, r5
 142              		.loc 1 161 0
 143 0054 84F80033 		strb	r3, [r4, #768]
 144              		.loc 1 173 0
 145 0058 70BC     		pop	{r4, r5, r6}
 146              		.cfi_restore 6
 147              		.cfi_restore 5
 148              		.cfi_restore 4
 149              		.cfi_def_cfa_offset 0
 150              		.loc 1 164 0
 151 005a 40F82120 		str	r2, [r0, r1, lsl #2]
 152              		.loc 1 173 0
 153 005e 7047     		bx	lr
 154              	.L14:
 155              		.align	2
 156              	.L13:
 157 0060 00E100E0 		.word	-536813312
 158 0064 00ED00E0 		.word	-536810240
 159              		.cfi_endproc
 160              	.LFE113:
 161              		.size	NVIC_Init, .-NVIC_Init
 162              		.section	.text.NVIC_SetVectorTable,"ax",%progbits
 163              		.align	1
 164              		.p2align 4,,15
 165              		.global	NVIC_SetVectorTable
 166              		.syntax unified
 167              		.thumb
 168              		.thumb_func
 169              		.fpu fpv4-sp-d16
 170              		.type	NVIC_SetVectorTable, %function
 171              	NVIC_SetVectorTable:
ARM GAS  C:\Users\Grillmo\AppData\Local\Temp\ccu2uxk8.s 			page 4


 172              	.LFB114:
 173              		.loc 1 185 0
 174              		.cfi_startproc
 175              		@ args = 0, pretend = 0, frame = 0
 176              		@ frame_needed = 0, uses_anonymous_args = 0
 177              		@ link register save eliminated.
 178              	.LVL13:
 179              		.loc 1 190 0
 180 0000 21F06041 		bic	r1, r1, #-536870912
 181              	.LVL14:
 182 0004 21F07F01 		bic	r1, r1, #127
 183 0008 014B     		ldr	r3, .L16
 184 000a 0143     		orrs	r1, r1, r0
 185 000c 9960     		str	r1, [r3, #8]
 186 000e 7047     		bx	lr
 187              	.L17:
 188              		.align	2
 189              	.L16:
 190 0010 00ED00E0 		.word	-536810240
 191              		.cfi_endproc
 192              	.LFE114:
 193              		.size	NVIC_SetVectorTable, .-NVIC_SetVectorTable
 194              		.section	.text.NVIC_SystemLPConfig,"ax",%progbits
 195              		.align	1
 196              		.p2align 4,,15
 197              		.global	NVIC_SystemLPConfig
 198              		.syntax unified
 199              		.thumb
 200              		.thumb_func
 201              		.fpu fpv4-sp-d16
 202              		.type	NVIC_SystemLPConfig, %function
 203              	NVIC_SystemLPConfig:
 204              	.LFB115:
 205              		.loc 1 204 0
 206              		.cfi_startproc
 207              		@ args = 0, pretend = 0, frame = 0
 208              		@ frame_needed = 0, uses_anonymous_args = 0
 209              		@ link register save eliminated.
 210              	.LVL15:
 211              		.loc 1 209 0
 212 0000 29B9     		cbnz	r1, .L21
 213              		.loc 1 215 0
 214 0002 054A     		ldr	r2, .L22
 215 0004 1369     		ldr	r3, [r2, #16]
 216 0006 23EA0000 		bic	r0, r3, r0
 217              	.LVL16:
 218 000a 1061     		str	r0, [r2, #16]
 219 000c 7047     		bx	lr
 220              	.LVL17:
 221              	.L21:
 222              		.loc 1 211 0
 223 000e 024B     		ldr	r3, .L22
 224 0010 1A69     		ldr	r2, [r3, #16]
 225 0012 1043     		orrs	r0, r0, r2
 226              	.LVL18:
 227 0014 1861     		str	r0, [r3, #16]
 228 0016 7047     		bx	lr
ARM GAS  C:\Users\Grillmo\AppData\Local\Temp\ccu2uxk8.s 			page 5


 229              	.L23:
 230              		.align	2
 231              	.L22:
 232 0018 00ED00E0 		.word	-536810240
 233              		.cfi_endproc
 234              	.LFE115:
 235              		.size	NVIC_SystemLPConfig, .-NVIC_SystemLPConfig
 236              		.section	.text.SysTick_CLKSourceConfig,"ax",%progbits
 237              		.align	1
 238              		.p2align 4,,15
 239              		.global	SysTick_CLKSourceConfig
 240              		.syntax unified
 241              		.thumb
 242              		.thumb_func
 243              		.fpu fpv4-sp-d16
 244              		.type	SysTick_CLKSourceConfig, %function
 245              	SysTick_CLKSourceConfig:
 246              	.LFB116:
 247              		.loc 1 228 0
 248              		.cfi_startproc
 249              		@ args = 0, pretend = 0, frame = 0
 250              		@ frame_needed = 0, uses_anonymous_args = 0
 251              		@ link register save eliminated.
 252              	.LVL19:
 253              		.loc 1 233 0
 254 0000 044A     		ldr	r2, .L27
 255 0002 1368     		ldr	r3, [r2]
 256              		.loc 1 231 0
 257 0004 0428     		cmp	r0, #4
 258              		.loc 1 233 0
 259 0006 0CBF     		ite	eq
 260 0008 43F00403 		orreq	r3, r3, #4
 261              		.loc 1 237 0
 262 000c 23F00403 		bicne	r3, r3, #4
 263 0010 1360     		str	r3, [r2]
 264 0012 7047     		bx	lr
 265              	.L28:
 266              		.align	2
 267              	.L27:
 268 0014 10E000E0 		.word	-536813552
 269              		.cfi_endproc
 270              	.LFE116:
 271              		.size	SysTick_CLKSourceConfig, .-SysTick_CLKSourceConfig
 272              		.text
 273              	.Letext0:
 274              		.file 2 "c:\\chibistudio\\tools\\gnu tools arm embedded\\6.3 2017q1\\arm-none-eabi\\include\\machi
 275              		.file 3 "c:\\chibistudio\\tools\\gnu tools arm embedded\\6.3 2017q1\\arm-none-eabi\\include\\sys\\
 276              		.file 4 "ChibiOS_3.0.2/os/ext/CMSIS/include/core_cm4.h"
 277              		.file 5 "ChibiOS_3.0.2/os/ext/CMSIS/ST/system_stm32f4xx.h"
 278              		.file 6 "ChibiOS_3.0.2/os/ext/CMSIS/ST/stm32f4xx.h"
 279              		.file 7 "ChibiOS_3.0.2/ext/stdperiph_stm32f4/inc/misc.h"
 280              		.section	.debug_info,"",%progbits
 281              	.Ldebug_info0:
 282 0000 4B050000 		.4byte	0x54b
 283 0004 0400     		.2byte	0x4
 284 0006 00000000 		.4byte	.Ldebug_abbrev0
 285 000a 04       		.byte	0x4
ARM GAS  C:\Users\Grillmo\AppData\Local\Temp\ccu2uxk8.s 			page 6


 286 000b 01       		.uleb128 0x1
 287 000c DB000000 		.4byte	.LASF72
 288 0010 0C       		.byte	0xc
 289 0011 63000000 		.4byte	.LASF73
 290 0015 79020000 		.4byte	.LASF74
 291 0019 00000000 		.4byte	.Ldebug_ranges0+0
 292 001d 00000000 		.4byte	0
 293 0021 00000000 		.4byte	.Ldebug_line0
 294 0025 02       		.uleb128 0x2
 295 0026 01       		.byte	0x1
 296 0027 06       		.byte	0x6
 297 0028 BE020000 		.4byte	.LASF0
 298 002c 03       		.uleb128 0x3
 299 002d 6F020000 		.4byte	.LASF4
 300 0031 02       		.byte	0x2
 301 0032 2B       		.byte	0x2b
 302 0033 37000000 		.4byte	0x37
 303 0037 02       		.uleb128 0x2
 304 0038 01       		.byte	0x1
 305 0039 08       		.byte	0x8
 306 003a 8D020000 		.4byte	.LASF1
 307 003e 02       		.uleb128 0x2
 308 003f 02       		.byte	0x2
 309 0040 05       		.byte	0x5
 310 0041 30020000 		.4byte	.LASF2
 311 0045 02       		.uleb128 0x2
 312 0046 02       		.byte	0x2
 313 0047 07       		.byte	0x7
 314 0048 32030000 		.4byte	.LASF3
 315 004c 03       		.uleb128 0x3
 316 004d 23040000 		.4byte	.LASF5
 317 0051 02       		.byte	0x2
 318 0052 4D       		.byte	0x4d
 319 0053 57000000 		.4byte	0x57
 320 0057 02       		.uleb128 0x2
 321 0058 04       		.byte	0x4
 322 0059 05       		.byte	0x5
 323 005a 66020000 		.4byte	.LASF6
 324 005e 03       		.uleb128 0x3
 325 005f C0000000 		.4byte	.LASF7
 326 0063 02       		.byte	0x2
 327 0064 4F       		.byte	0x4f
 328 0065 69000000 		.4byte	0x69
 329 0069 02       		.uleb128 0x2
 330 006a 04       		.byte	0x4
 331 006b 07       		.byte	0x7
 332 006c DF030000 		.4byte	.LASF8
 333 0070 02       		.uleb128 0x2
 334 0071 08       		.byte	0x8
 335 0072 05       		.byte	0x5
 336 0073 48020000 		.4byte	.LASF9
 337 0077 02       		.uleb128 0x2
 338 0078 08       		.byte	0x8
 339 0079 07       		.byte	0x7
 340 007a CA020000 		.4byte	.LASF10
 341 007e 04       		.uleb128 0x4
 342 007f 04       		.byte	0x4
ARM GAS  C:\Users\Grillmo\AppData\Local\Temp\ccu2uxk8.s 			page 7


 343 0080 05       		.byte	0x5
 344 0081 696E7400 		.ascii	"int\000"
 345 0085 02       		.uleb128 0x2
 346 0086 04       		.byte	0x4
 347 0087 07       		.byte	0x7
 348 0088 EA020000 		.4byte	.LASF11
 349 008c 03       		.uleb128 0x3
 350 008d FF010000 		.4byte	.LASF12
 351 0091 03       		.byte	0x3
 352 0092 18       		.byte	0x18
 353 0093 2C000000 		.4byte	0x2c
 354 0097 05       		.uleb128 0x5
 355 0098 8C000000 		.4byte	0x8c
 356 009c 03       		.uleb128 0x3
 357 009d 51030000 		.4byte	.LASF13
 358 00a1 03       		.byte	0x3
 359 00a2 2C       		.byte	0x2c
 360 00a3 4C000000 		.4byte	0x4c
 361 00a7 05       		.uleb128 0x5
 362 00a8 9C000000 		.4byte	0x9c
 363 00ac 03       		.uleb128 0x3
 364 00ad E1020000 		.4byte	.LASF14
 365 00b1 03       		.byte	0x3
 366 00b2 30       		.byte	0x30
 367 00b3 5E000000 		.4byte	0x5e
 368 00b7 05       		.uleb128 0x5
 369 00b8 AC000000 		.4byte	0xac
 370 00bc 06       		.uleb128 0x6
 371 00bd B7000000 		.4byte	0xb7
 372 00c1 07       		.uleb128 0x7
 373 00c2 040E     		.2byte	0xe04
 374 00c4 04       		.byte	0x4
 375 00c5 5001     		.2byte	0x150
 376 00c7 7D010000 		.4byte	0x17d
 377 00cb 08       		.uleb128 0x8
 378 00cc B2030000 		.4byte	.LASF15
 379 00d0 04       		.byte	0x4
 380 00d1 5201     		.2byte	0x152
 381 00d3 8D010000 		.4byte	0x18d
 382 00d7 00       		.byte	0
 383 00d8 08       		.uleb128 0x8
 384 00d9 D1000000 		.4byte	.LASF16
 385 00dd 04       		.byte	0x4
 386 00de 5301     		.2byte	0x153
 387 00e0 99010000 		.4byte	0x199
 388 00e4 20       		.byte	0x20
 389 00e5 08       		.uleb128 0x8
 390 00e6 A8030000 		.4byte	.LASF17
 391 00ea 04       		.byte	0x4
 392 00eb 5401     		.2byte	0x154
 393 00ed 8D010000 		.4byte	0x18d
 394 00f1 80       		.byte	0x80
 395 00f2 08       		.uleb128 0x8
 396 00f3 3F020000 		.4byte	.LASF18
 397 00f7 04       		.byte	0x4
 398 00f8 5501     		.2byte	0x155
 399 00fa 99010000 		.4byte	0x199
ARM GAS  C:\Users\Grillmo\AppData\Local\Temp\ccu2uxk8.s 			page 8


 400 00fe A0       		.byte	0xa0
 401 00ff 09       		.uleb128 0x9
 402 0100 5E030000 		.4byte	.LASF19
 403 0104 04       		.byte	0x4
 404 0105 5601     		.2byte	0x156
 405 0107 8D010000 		.4byte	0x18d
 406 010b 0001     		.2byte	0x100
 407 010d 09       		.uleb128 0x9
 408 010e B7030000 		.4byte	.LASF20
 409 0112 04       		.byte	0x4
 410 0113 5701     		.2byte	0x157
 411 0115 99010000 		.4byte	0x199
 412 0119 2001     		.2byte	0x120
 413 011b 09       		.uleb128 0x9
 414 011c B9020000 		.4byte	.LASF21
 415 0120 04       		.byte	0x4
 416 0121 5801     		.2byte	0x158
 417 0123 8D010000 		.4byte	0x18d
 418 0127 8001     		.2byte	0x180
 419 0129 09       		.uleb128 0x9
 420 012a C1030000 		.4byte	.LASF22
 421 012e 04       		.byte	0x4
 422 012f 5901     		.2byte	0x159
 423 0131 99010000 		.4byte	0x199
 424 0135 A001     		.2byte	0x1a0
 425 0137 09       		.uleb128 0x9
 426 0138 00000000 		.4byte	.LASF23
 427 013c 04       		.byte	0x4
 428 013d 5A01     		.2byte	0x15a
 429 013f 8D010000 		.4byte	0x18d
 430 0143 0002     		.2byte	0x200
 431 0145 09       		.uleb128 0x9
 432 0146 CB030000 		.4byte	.LASF24
 433 014a 04       		.byte	0x4
 434 014b 5B01     		.2byte	0x15b
 435 014d A9010000 		.4byte	0x1a9
 436 0151 2002     		.2byte	0x220
 437 0153 0A       		.uleb128 0xa
 438 0154 495000   		.ascii	"IP\000"
 439 0157 04       		.byte	0x4
 440 0158 5C01     		.2byte	0x15c
 441 015a C9010000 		.4byte	0x1c9
 442 015e 0003     		.2byte	0x300
 443 0160 09       		.uleb128 0x9
 444 0161 D5030000 		.4byte	.LASF25
 445 0165 04       		.byte	0x4
 446 0166 5D01     		.2byte	0x15d
 447 0168 CE010000 		.4byte	0x1ce
 448 016c F003     		.2byte	0x3f0
 449 016e 09       		.uleb128 0x9
 450 016f 23020000 		.4byte	.LASF26
 451 0173 04       		.byte	0x4
 452 0174 5E01     		.2byte	0x15e
 453 0176 B7000000 		.4byte	0xb7
 454 017a 000E     		.2byte	0xe00
 455 017c 00       		.byte	0
 456 017d 0B       		.uleb128 0xb
ARM GAS  C:\Users\Grillmo\AppData\Local\Temp\ccu2uxk8.s 			page 9


 457 017e B7000000 		.4byte	0xb7
 458 0182 8D010000 		.4byte	0x18d
 459 0186 0C       		.uleb128 0xc
 460 0187 92010000 		.4byte	0x192
 461 018b 07       		.byte	0x7
 462 018c 00       		.byte	0
 463 018d 05       		.uleb128 0x5
 464 018e 7D010000 		.4byte	0x17d
 465 0192 02       		.uleb128 0x2
 466 0193 04       		.byte	0x4
 467 0194 07       		.byte	0x7
 468 0195 A6000000 		.4byte	.LASF27
 469 0199 0B       		.uleb128 0xb
 470 019a AC000000 		.4byte	0xac
 471 019e A9010000 		.4byte	0x1a9
 472 01a2 0C       		.uleb128 0xc
 473 01a3 92010000 		.4byte	0x192
 474 01a7 17       		.byte	0x17
 475 01a8 00       		.byte	0
 476 01a9 0B       		.uleb128 0xb
 477 01aa AC000000 		.4byte	0xac
 478 01ae B9010000 		.4byte	0x1b9
 479 01b2 0C       		.uleb128 0xc
 480 01b3 92010000 		.4byte	0x192
 481 01b7 37       		.byte	0x37
 482 01b8 00       		.byte	0
 483 01b9 0B       		.uleb128 0xb
 484 01ba 97000000 		.4byte	0x97
 485 01be C9010000 		.4byte	0x1c9
 486 01c2 0C       		.uleb128 0xc
 487 01c3 92010000 		.4byte	0x192
 488 01c7 EF       		.byte	0xef
 489 01c8 00       		.byte	0
 490 01c9 05       		.uleb128 0x5
 491 01ca B9010000 		.4byte	0x1b9
 492 01ce 0B       		.uleb128 0xb
 493 01cf AC000000 		.4byte	0xac
 494 01d3 DF010000 		.4byte	0x1df
 495 01d7 0D       		.uleb128 0xd
 496 01d8 92010000 		.4byte	0x192
 497 01dc 8302     		.2byte	0x283
 498 01de 00       		.byte	0
 499 01df 0E       		.uleb128 0xe
 500 01e0 AF020000 		.4byte	.LASF28
 501 01e4 04       		.byte	0x4
 502 01e5 5F01     		.2byte	0x15f
 503 01e7 C1000000 		.4byte	0xc1
 504 01eb 0F       		.uleb128 0xf
 505 01ec 8C       		.byte	0x8c
 506 01ed 04       		.byte	0x4
 507 01ee 7001     		.2byte	0x170
 508 01f0 06030000 		.4byte	0x306
 509 01f4 08       		.uleb128 0x8
 510 01f5 CB000000 		.4byte	.LASF29
 511 01f9 04       		.byte	0x4
 512 01fa 7201     		.2byte	0x172
 513 01fc BC000000 		.4byte	0xbc
ARM GAS  C:\Users\Grillmo\AppData\Local\Temp\ccu2uxk8.s 			page 10


 514 0200 00       		.byte	0
 515 0201 08       		.uleb128 0x8
 516 0202 3A020000 		.4byte	.LASF30
 517 0206 04       		.byte	0x4
 518 0207 7301     		.2byte	0x173
 519 0209 B7000000 		.4byte	0xb7
 520 020d 04       		.byte	0x4
 521 020e 08       		.uleb128 0x8
 522 020f 5C020000 		.4byte	.LASF31
 523 0213 04       		.byte	0x4
 524 0214 7401     		.2byte	0x174
 525 0216 B7000000 		.4byte	0xb7
 526 021a 08       		.byte	0x8
 527 021b 08       		.uleb128 0x8
 528 021c 9B020000 		.4byte	.LASF32
 529 0220 04       		.byte	0x4
 530 0221 7501     		.2byte	0x175
 531 0223 B7000000 		.4byte	0xb7
 532 0227 0C       		.byte	0xc
 533 0228 10       		.uleb128 0x10
 534 0229 53435200 		.ascii	"SCR\000"
 535 022d 04       		.byte	0x4
 536 022e 7601     		.2byte	0x176
 537 0230 B7000000 		.4byte	0xb7
 538 0234 10       		.byte	0x10
 539 0235 10       		.uleb128 0x10
 540 0236 43435200 		.ascii	"CCR\000"
 541 023a 04       		.byte	0x4
 542 023b 7701     		.2byte	0x177
 543 023d B7000000 		.4byte	0xb7
 544 0241 14       		.byte	0x14
 545 0242 10       		.uleb128 0x10
 546 0243 53485000 		.ascii	"SHP\000"
 547 0247 04       		.byte	0x4
 548 0248 7801     		.2byte	0x178
 549 024a 16030000 		.4byte	0x316
 550 024e 18       		.byte	0x18
 551 024f 08       		.uleb128 0x8
 552 0250 F7020000 		.4byte	.LASF33
 553 0254 04       		.byte	0x4
 554 0255 7901     		.2byte	0x179
 555 0257 B7000000 		.4byte	0xb7
 556 025b 24       		.byte	0x24
 557 025c 08       		.uleb128 0x8
 558 025d 88020000 		.4byte	.LASF34
 559 0261 04       		.byte	0x4
 560 0262 7A01     		.2byte	0x17a
 561 0264 B7000000 		.4byte	0xb7
 562 0268 28       		.byte	0x28
 563 0269 08       		.uleb128 0x8
 564 026a A3030000 		.4byte	.LASF35
 565 026e 04       		.byte	0x4
 566 026f 7B01     		.2byte	0x17b
 567 0271 B7000000 		.4byte	0xb7
 568 0275 2C       		.byte	0x2c
 569 0276 08       		.uleb128 0x8
 570 0277 63030000 		.4byte	.LASF36
ARM GAS  C:\Users\Grillmo\AppData\Local\Temp\ccu2uxk8.s 			page 11


 571 027b 04       		.byte	0x4
 572 027c 7C01     		.2byte	0x17c
 573 027e B7000000 		.4byte	0xb7
 574 0282 30       		.byte	0x30
 575 0283 08       		.uleb128 0x8
 576 0284 FD020000 		.4byte	.LASF37
 577 0288 04       		.byte	0x4
 578 0289 7D01     		.2byte	0x17d
 579 028b B7000000 		.4byte	0xb7
 580 028f 34       		.byte	0x34
 581 0290 08       		.uleb128 0x8
 582 0291 61020000 		.4byte	.LASF38
 583 0295 04       		.byte	0x4
 584 0296 7E01     		.2byte	0x17e
 585 0298 B7000000 		.4byte	0xb7
 586 029c 38       		.byte	0x38
 587 029d 08       		.uleb128 0x8
 588 029e 3F040000 		.4byte	.LASF39
 589 02a2 04       		.byte	0x4
 590 02a3 7F01     		.2byte	0x17f
 591 02a5 B7000000 		.4byte	0xb7
 592 02a9 3C       		.byte	0x3c
 593 02aa 10       		.uleb128 0x10
 594 02ab 50465200 		.ascii	"PFR\000"
 595 02af 04       		.byte	0x4
 596 02b0 8001     		.2byte	0x180
 597 02b2 30030000 		.4byte	0x330
 598 02b6 40       		.byte	0x40
 599 02b7 10       		.uleb128 0x10
 600 02b8 44465200 		.ascii	"DFR\000"
 601 02bc 04       		.byte	0x4
 602 02bd 8101     		.2byte	0x181
 603 02bf BC000000 		.4byte	0xbc
 604 02c3 48       		.byte	0x48
 605 02c4 10       		.uleb128 0x10
 606 02c5 41445200 		.ascii	"ADR\000"
 607 02c9 04       		.byte	0x4
 608 02ca 8201     		.2byte	0x182
 609 02cc BC000000 		.4byte	0xbc
 610 02d0 4C       		.byte	0x4c
 611 02d1 08       		.uleb128 0x8
 612 02d2 AD030000 		.4byte	.LASF40
 613 02d6 04       		.byte	0x4
 614 02d7 8301     		.2byte	0x183
 615 02d9 4A030000 		.4byte	0x34a
 616 02dd 50       		.byte	0x50
 617 02de 08       		.uleb128 0x8
 618 02df 59030000 		.4byte	.LASF41
 619 02e3 04       		.byte	0x4
 620 02e4 8401     		.2byte	0x184
 621 02e6 64030000 		.4byte	0x364
 622 02ea 60       		.byte	0x60
 623 02eb 08       		.uleb128 0x8
 624 02ec D1000000 		.4byte	.LASF16
 625 02f0 04       		.byte	0x4
 626 02f1 8501     		.2byte	0x185
 627 02f3 69030000 		.4byte	0x369
ARM GAS  C:\Users\Grillmo\AppData\Local\Temp\ccu2uxk8.s 			page 12


 628 02f7 74       		.byte	0x74
 629 02f8 08       		.uleb128 0x8
 630 02f9 5E040000 		.4byte	.LASF42
 631 02fd 04       		.byte	0x4
 632 02fe 8601     		.2byte	0x186
 633 0300 B7000000 		.4byte	0xb7
 634 0304 88       		.byte	0x88
 635 0305 00       		.byte	0
 636 0306 0B       		.uleb128 0xb
 637 0307 97000000 		.4byte	0x97
 638 030b 16030000 		.4byte	0x316
 639 030f 0C       		.uleb128 0xc
 640 0310 92010000 		.4byte	0x192
 641 0314 0B       		.byte	0xb
 642 0315 00       		.byte	0
 643 0316 05       		.uleb128 0x5
 644 0317 06030000 		.4byte	0x306
 645 031b 0B       		.uleb128 0xb
 646 031c BC000000 		.4byte	0xbc
 647 0320 2B030000 		.4byte	0x32b
 648 0324 0C       		.uleb128 0xc
 649 0325 92010000 		.4byte	0x192
 650 0329 01       		.byte	0x1
 651 032a 00       		.byte	0
 652 032b 06       		.uleb128 0x6
 653 032c 1B030000 		.4byte	0x31b
 654 0330 05       		.uleb128 0x5
 655 0331 2B030000 		.4byte	0x32b
 656 0335 0B       		.uleb128 0xb
 657 0336 BC000000 		.4byte	0xbc
 658 033a 45030000 		.4byte	0x345
 659 033e 0C       		.uleb128 0xc
 660 033f 92010000 		.4byte	0x192
 661 0343 03       		.byte	0x3
 662 0344 00       		.byte	0
 663 0345 06       		.uleb128 0x6
 664 0346 35030000 		.4byte	0x335
 665 034a 05       		.uleb128 0x5
 666 034b 45030000 		.4byte	0x345
 667 034f 0B       		.uleb128 0xb
 668 0350 BC000000 		.4byte	0xbc
 669 0354 5F030000 		.4byte	0x35f
 670 0358 0C       		.uleb128 0xc
 671 0359 92010000 		.4byte	0x192
 672 035d 04       		.byte	0x4
 673 035e 00       		.byte	0
 674 035f 06       		.uleb128 0x6
 675 0360 4F030000 		.4byte	0x34f
 676 0364 05       		.uleb128 0x5
 677 0365 5F030000 		.4byte	0x35f
 678 0369 0B       		.uleb128 0xb
 679 036a AC000000 		.4byte	0xac
 680 036e 79030000 		.4byte	0x379
 681 0372 0C       		.uleb128 0xc
 682 0373 92010000 		.4byte	0x192
 683 0377 04       		.byte	0x4
 684 0378 00       		.byte	0
ARM GAS  C:\Users\Grillmo\AppData\Local\Temp\ccu2uxk8.s 			page 13


 685 0379 0E       		.uleb128 0xe
 686 037a A1020000 		.4byte	.LASF43
 687 037e 04       		.byte	0x4
 688 037f 8701     		.2byte	0x187
 689 0381 EB010000 		.4byte	0x1eb
 690 0385 0F       		.uleb128 0xf
 691 0386 10       		.byte	0x10
 692 0387 04       		.byte	0x4
 693 0388 6F02     		.2byte	0x26f
 694 038a C3030000 		.4byte	0x3c3
 695 038e 08       		.uleb128 0x8
 696 038f AA020000 		.4byte	.LASF44
 697 0393 04       		.byte	0x4
 698 0394 7102     		.2byte	0x271
 699 0396 B7000000 		.4byte	0xb7
 700 039a 00       		.byte	0
 701 039b 08       		.uleb128 0x8
 702 039c 3A040000 		.4byte	.LASF45
 703 03a0 04       		.byte	0x4
 704 03a1 7202     		.2byte	0x272
 705 03a3 B7000000 		.4byte	0xb7
 706 03a7 04       		.byte	0x4
 707 03a8 10       		.uleb128 0x10
 708 03a9 56414C00 		.ascii	"VAL\000"
 709 03ad 04       		.byte	0x4
 710 03ae 7302     		.2byte	0x273
 711 03b0 B7000000 		.4byte	0xb7
 712 03b4 08       		.byte	0x8
 713 03b5 08       		.uleb128 0x8
 714 03b6 56020000 		.4byte	.LASF46
 715 03ba 04       		.byte	0x4
 716 03bb 7402     		.2byte	0x274
 717 03bd BC000000 		.4byte	0xbc
 718 03c1 0C       		.byte	0xc
 719 03c2 00       		.byte	0
 720 03c3 0E       		.uleb128 0xe
 721 03c4 25030000 		.4byte	.LASF47
 722 03c8 04       		.byte	0x4
 723 03c9 7502     		.2byte	0x275
 724 03cb 85030000 		.4byte	0x385
 725 03cf 11       		.uleb128 0x11
 726 03d0 51040000 		.4byte	.LASF48
 727 03d4 04       		.byte	0x4
 728 03d5 A706     		.2byte	0x6a7
 729 03d7 A7000000 		.4byte	0xa7
 730 03db 12       		.uleb128 0x12
 731 03dc 93030000 		.4byte	.LASF49
 732 03e0 05       		.byte	0x5
 733 03e1 4C       		.byte	0x4c
 734 03e2 AC000000 		.4byte	0xac
 735 03e6 13       		.uleb128 0x13
 736 03e7 01       		.byte	0x1
 737 03e8 37000000 		.4byte	0x37
 738 03ec 06       		.byte	0x6
 739 03ed A8       		.byte	0xa8
 740 03ee FF030000 		.4byte	0x3ff
 741 03f2 14       		.uleb128 0x14
ARM GAS  C:\Users\Grillmo\AppData\Local\Temp\ccu2uxk8.s 			page 14


 742 03f3 28020000 		.4byte	.LASF50
 743 03f7 00       		.byte	0
 744 03f8 14       		.uleb128 0x14
 745 03f9 64040000 		.4byte	.LASF51
 746 03fd 01       		.byte	0x1
 747 03fe 00       		.byte	0
 748 03ff 03       		.uleb128 0x3
 749 0400 13040000 		.4byte	.LASF52
 750 0404 06       		.byte	0x6
 751 0405 AB       		.byte	0xab
 752 0406 E6030000 		.4byte	0x3e6
 753 040a 15       		.uleb128 0x15
 754 040b 04       		.byte	0x4
 755 040c 07       		.byte	0x7
 756 040d 36       		.byte	0x36
 757 040e 43040000 		.4byte	0x443
 758 0412 16       		.uleb128 0x16
 759 0413 68030000 		.4byte	.LASF53
 760 0417 07       		.byte	0x7
 761 0418 38       		.byte	0x38
 762 0419 8C000000 		.4byte	0x8c
 763 041d 00       		.byte	0
 764 041e 16       		.uleb128 0x16
 765 041f F1030000 		.4byte	.LASF54
 766 0423 07       		.byte	0x7
 767 0424 3D       		.byte	0x3d
 768 0425 8C000000 		.4byte	0x8c
 769 0429 01       		.byte	0x1
 770 042a 16       		.uleb128 0x16
 771 042b 78030000 		.4byte	.LASF55
 772 042f 07       		.byte	0x7
 773 0430 42       		.byte	0x42
 774 0431 8C000000 		.4byte	0x8c
 775 0435 02       		.byte	0x2
 776 0436 16       		.uleb128 0x16
 777 0437 16000000 		.4byte	.LASF56
 778 043b 07       		.byte	0x7
 779 043c 47       		.byte	0x47
 780 043d FF030000 		.4byte	0x3ff
 781 0441 03       		.byte	0x3
 782 0442 00       		.byte	0
 783 0443 03       		.uleb128 0x3
 784 0444 05000000 		.4byte	.LASF57
 785 0448 07       		.byte	0x7
 786 0449 4A       		.byte	0x4a
 787 044a 0A040000 		.4byte	0x40a
 788 044e 17       		.uleb128 0x17
 789 044f 4B000000 		.4byte	.LASF58
 790 0453 01       		.byte	0x1
 791 0454 E3       		.byte	0xe3
 792 0455 00000000 		.4byte	.LFB116
 793 0459 18000000 		.4byte	.LFE116-.LFB116
 794 045d 01       		.uleb128 0x1
 795 045e 9C       		.byte	0x9c
 796 045f 71040000 		.4byte	0x471
 797 0463 18       		.uleb128 0x18
 798 0464 29000000 		.4byte	.LASF60
ARM GAS  C:\Users\Grillmo\AppData\Local\Temp\ccu2uxk8.s 			page 15


 799 0468 01       		.byte	0x1
 800 0469 E3       		.byte	0xe3
 801 046a AC000000 		.4byte	0xac
 802 046e 01       		.uleb128 0x1
 803 046f 50       		.byte	0x50
 804 0470 00       		.byte	0
 805 0471 17       		.uleb128 0x17
 806 0472 0A030000 		.4byte	.LASF59
 807 0476 01       		.byte	0x1
 808 0477 CB       		.byte	0xcb
 809 0478 00000000 		.4byte	.LFB115
 810 047c 1C000000 		.4byte	.LFE115-.LFB115
 811 0480 01       		.uleb128 0x1
 812 0481 9C       		.byte	0x9c
 813 0482 A3040000 		.4byte	0x4a3
 814 0486 19       		.uleb128 0x19
 815 0487 44040000 		.4byte	.LASF61
 816 048b 01       		.byte	0x1
 817 048c CB       		.byte	0xcb
 818 048d 8C000000 		.4byte	0x8c
 819 0491 00000000 		.4byte	.LLST6
 820 0495 18       		.uleb128 0x18
 821 0496 1A020000 		.4byte	.LASF62
 822 049a 01       		.byte	0x1
 823 049b CB       		.byte	0xcb
 824 049c FF030000 		.4byte	0x3ff
 825 04a0 01       		.uleb128 0x1
 826 04a1 51       		.byte	0x51
 827 04a2 00       		.byte	0
 828 04a3 17       		.uleb128 0x17
 829 04a4 92000000 		.4byte	.LASF63
 830 04a8 01       		.byte	0x1
 831 04a9 B8       		.byte	0xb8
 832 04aa 00000000 		.4byte	.LFB114
 833 04ae 14000000 		.4byte	.LFE114-.LFB114
 834 04b2 01       		.uleb128 0x1
 835 04b3 9C       		.byte	0x9c
 836 04b4 D5040000 		.4byte	0x4d5
 837 04b8 18       		.uleb128 0x18
 838 04b9 2D040000 		.4byte	.LASF64
 839 04bd 01       		.byte	0x1
 840 04be B8       		.byte	0xb8
 841 04bf AC000000 		.4byte	0xac
 842 04c3 01       		.uleb128 0x1
 843 04c4 50       		.byte	0x50
 844 04c5 19       		.uleb128 0x19
 845 04c6 1E030000 		.4byte	.LASF65
 846 04ca 01       		.byte	0x1
 847 04cb B8       		.byte	0xb8
 848 04cc AC000000 		.4byte	0xac
 849 04d0 3A000000 		.4byte	.LLST5
 850 04d4 00       		.byte	0
 851 04d5 17       		.uleb128 0x17
 852 04d6 AF000000 		.4byte	.LASF66
 853 04da 01       		.byte	0x1
 854 04db 8C       		.byte	0x8c
 855 04dc 00000000 		.4byte	.LFB113
ARM GAS  C:\Users\Grillmo\AppData\Local\Temp\ccu2uxk8.s 			page 16


 856 04e0 68000000 		.4byte	.LFE113-.LFB113
 857 04e4 01       		.uleb128 0x1
 858 04e5 9C       		.byte	0x9c
 859 04e6 27050000 		.4byte	0x527
 860 04ea 19       		.uleb128 0x19
 861 04eb 3B000000 		.4byte	.LASF67
 862 04ef 01       		.byte	0x1
 863 04f0 8C       		.byte	0x8c
 864 04f1 27050000 		.4byte	0x527
 865 04f5 5B000000 		.4byte	.LLST1
 866 04f9 1A       		.uleb128 0x1a
 867 04fa 45030000 		.4byte	.LASF68
 868 04fe 01       		.byte	0x1
 869 04ff 8E       		.byte	0x8e
 870 0500 8C000000 		.4byte	0x8c
 871 0504 95000000 		.4byte	.LLST2
 872 0508 1A       		.uleb128 0x1a
 873 0509 B9000000 		.4byte	.LASF69
 874 050d 01       		.byte	0x1
 875 050e 8E       		.byte	0x8e
 876 050f 8C000000 		.4byte	0x8c
 877 0513 E8000000 		.4byte	.LLST3
 878 0517 1A       		.uleb128 0x1a
 879 0518 03030000 		.4byte	.LASF70
 880 051c 01       		.byte	0x1
 881 051d 8E       		.byte	0x8e
 882 051e 8C000000 		.4byte	0x8c
 883 0522 0B010000 		.4byte	.LLST4
 884 0526 00       		.byte	0
 885 0527 1B       		.uleb128 0x1b
 886 0528 04       		.byte	0x4
 887 0529 43040000 		.4byte	0x443
 888 052d 1C       		.uleb128 0x1c
 889 052e 6B040000 		.4byte	.LASF75
 890 0532 01       		.byte	0x1
 891 0533 7A       		.byte	0x7a
 892 0534 00000000 		.4byte	.LFB112
 893 0538 14000000 		.4byte	.LFE112-.LFB112
 894 053c 01       		.uleb128 0x1
 895 053d 9C       		.byte	0x9c
 896 053e 19       		.uleb128 0x19
 897 053f 07020000 		.4byte	.LASF71
 898 0543 01       		.byte	0x1
 899 0544 7A       		.byte	0x7a
 900 0545 AC000000 		.4byte	0xac
 901 0549 31010000 		.4byte	.LLST0
 902 054d 00       		.byte	0
 903 054e 00       		.byte	0
 904              		.section	.debug_abbrev,"",%progbits
 905              	.Ldebug_abbrev0:
 906 0000 01       		.uleb128 0x1
 907 0001 11       		.uleb128 0x11
 908 0002 01       		.byte	0x1
 909 0003 25       		.uleb128 0x25
 910 0004 0E       		.uleb128 0xe
 911 0005 13       		.uleb128 0x13
 912 0006 0B       		.uleb128 0xb
ARM GAS  C:\Users\Grillmo\AppData\Local\Temp\ccu2uxk8.s 			page 17


 913 0007 03       		.uleb128 0x3
 914 0008 0E       		.uleb128 0xe
 915 0009 1B       		.uleb128 0x1b
 916 000a 0E       		.uleb128 0xe
 917 000b 55       		.uleb128 0x55
 918 000c 17       		.uleb128 0x17
 919 000d 11       		.uleb128 0x11
 920 000e 01       		.uleb128 0x1
 921 000f 10       		.uleb128 0x10
 922 0010 17       		.uleb128 0x17
 923 0011 00       		.byte	0
 924 0012 00       		.byte	0
 925 0013 02       		.uleb128 0x2
 926 0014 24       		.uleb128 0x24
 927 0015 00       		.byte	0
 928 0016 0B       		.uleb128 0xb
 929 0017 0B       		.uleb128 0xb
 930 0018 3E       		.uleb128 0x3e
 931 0019 0B       		.uleb128 0xb
 932 001a 03       		.uleb128 0x3
 933 001b 0E       		.uleb128 0xe
 934 001c 00       		.byte	0
 935 001d 00       		.byte	0
 936 001e 03       		.uleb128 0x3
 937 001f 16       		.uleb128 0x16
 938 0020 00       		.byte	0
 939 0021 03       		.uleb128 0x3
 940 0022 0E       		.uleb128 0xe
 941 0023 3A       		.uleb128 0x3a
 942 0024 0B       		.uleb128 0xb
 943 0025 3B       		.uleb128 0x3b
 944 0026 0B       		.uleb128 0xb
 945 0027 49       		.uleb128 0x49
 946 0028 13       		.uleb128 0x13
 947 0029 00       		.byte	0
 948 002a 00       		.byte	0
 949 002b 04       		.uleb128 0x4
 950 002c 24       		.uleb128 0x24
 951 002d 00       		.byte	0
 952 002e 0B       		.uleb128 0xb
 953 002f 0B       		.uleb128 0xb
 954 0030 3E       		.uleb128 0x3e
 955 0031 0B       		.uleb128 0xb
 956 0032 03       		.uleb128 0x3
 957 0033 08       		.uleb128 0x8
 958 0034 00       		.byte	0
 959 0035 00       		.byte	0
 960 0036 05       		.uleb128 0x5
 961 0037 35       		.uleb128 0x35
 962 0038 00       		.byte	0
 963 0039 49       		.uleb128 0x49
 964 003a 13       		.uleb128 0x13
 965 003b 00       		.byte	0
 966 003c 00       		.byte	0
 967 003d 06       		.uleb128 0x6
 968 003e 26       		.uleb128 0x26
 969 003f 00       		.byte	0
ARM GAS  C:\Users\Grillmo\AppData\Local\Temp\ccu2uxk8.s 			page 18


 970 0040 49       		.uleb128 0x49
 971 0041 13       		.uleb128 0x13
 972 0042 00       		.byte	0
 973 0043 00       		.byte	0
 974 0044 07       		.uleb128 0x7
 975 0045 13       		.uleb128 0x13
 976 0046 01       		.byte	0x1
 977 0047 0B       		.uleb128 0xb
 978 0048 05       		.uleb128 0x5
 979 0049 3A       		.uleb128 0x3a
 980 004a 0B       		.uleb128 0xb
 981 004b 3B       		.uleb128 0x3b
 982 004c 05       		.uleb128 0x5
 983 004d 01       		.uleb128 0x1
 984 004e 13       		.uleb128 0x13
 985 004f 00       		.byte	0
 986 0050 00       		.byte	0
 987 0051 08       		.uleb128 0x8
 988 0052 0D       		.uleb128 0xd
 989 0053 00       		.byte	0
 990 0054 03       		.uleb128 0x3
 991 0055 0E       		.uleb128 0xe
 992 0056 3A       		.uleb128 0x3a
 993 0057 0B       		.uleb128 0xb
 994 0058 3B       		.uleb128 0x3b
 995 0059 05       		.uleb128 0x5
 996 005a 49       		.uleb128 0x49
 997 005b 13       		.uleb128 0x13
 998 005c 38       		.uleb128 0x38
 999 005d 0B       		.uleb128 0xb
 1000 005e 00       		.byte	0
 1001 005f 00       		.byte	0
 1002 0060 09       		.uleb128 0x9
 1003 0061 0D       		.uleb128 0xd
 1004 0062 00       		.byte	0
 1005 0063 03       		.uleb128 0x3
 1006 0064 0E       		.uleb128 0xe
 1007 0065 3A       		.uleb128 0x3a
 1008 0066 0B       		.uleb128 0xb
 1009 0067 3B       		.uleb128 0x3b
 1010 0068 05       		.uleb128 0x5
 1011 0069 49       		.uleb128 0x49
 1012 006a 13       		.uleb128 0x13
 1013 006b 38       		.uleb128 0x38
 1014 006c 05       		.uleb128 0x5
 1015 006d 00       		.byte	0
 1016 006e 00       		.byte	0
 1017 006f 0A       		.uleb128 0xa
 1018 0070 0D       		.uleb128 0xd
 1019 0071 00       		.byte	0
 1020 0072 03       		.uleb128 0x3
 1021 0073 08       		.uleb128 0x8
 1022 0074 3A       		.uleb128 0x3a
 1023 0075 0B       		.uleb128 0xb
 1024 0076 3B       		.uleb128 0x3b
 1025 0077 05       		.uleb128 0x5
 1026 0078 49       		.uleb128 0x49
ARM GAS  C:\Users\Grillmo\AppData\Local\Temp\ccu2uxk8.s 			page 19


 1027 0079 13       		.uleb128 0x13
 1028 007a 38       		.uleb128 0x38
 1029 007b 05       		.uleb128 0x5
 1030 007c 00       		.byte	0
 1031 007d 00       		.byte	0
 1032 007e 0B       		.uleb128 0xb
 1033 007f 01       		.uleb128 0x1
 1034 0080 01       		.byte	0x1
 1035 0081 49       		.uleb128 0x49
 1036 0082 13       		.uleb128 0x13
 1037 0083 01       		.uleb128 0x1
 1038 0084 13       		.uleb128 0x13
 1039 0085 00       		.byte	0
 1040 0086 00       		.byte	0
 1041 0087 0C       		.uleb128 0xc
 1042 0088 21       		.uleb128 0x21
 1043 0089 00       		.byte	0
 1044 008a 49       		.uleb128 0x49
 1045 008b 13       		.uleb128 0x13
 1046 008c 2F       		.uleb128 0x2f
 1047 008d 0B       		.uleb128 0xb
 1048 008e 00       		.byte	0
 1049 008f 00       		.byte	0
 1050 0090 0D       		.uleb128 0xd
 1051 0091 21       		.uleb128 0x21
 1052 0092 00       		.byte	0
 1053 0093 49       		.uleb128 0x49
 1054 0094 13       		.uleb128 0x13
 1055 0095 2F       		.uleb128 0x2f
 1056 0096 05       		.uleb128 0x5
 1057 0097 00       		.byte	0
 1058 0098 00       		.byte	0
 1059 0099 0E       		.uleb128 0xe
 1060 009a 16       		.uleb128 0x16
 1061 009b 00       		.byte	0
 1062 009c 03       		.uleb128 0x3
 1063 009d 0E       		.uleb128 0xe
 1064 009e 3A       		.uleb128 0x3a
 1065 009f 0B       		.uleb128 0xb
 1066 00a0 3B       		.uleb128 0x3b
 1067 00a1 05       		.uleb128 0x5
 1068 00a2 49       		.uleb128 0x49
 1069 00a3 13       		.uleb128 0x13
 1070 00a4 00       		.byte	0
 1071 00a5 00       		.byte	0
 1072 00a6 0F       		.uleb128 0xf
 1073 00a7 13       		.uleb128 0x13
 1074 00a8 01       		.byte	0x1
 1075 00a9 0B       		.uleb128 0xb
 1076 00aa 0B       		.uleb128 0xb
 1077 00ab 3A       		.uleb128 0x3a
 1078 00ac 0B       		.uleb128 0xb
 1079 00ad 3B       		.uleb128 0x3b
 1080 00ae 05       		.uleb128 0x5
 1081 00af 01       		.uleb128 0x1
 1082 00b0 13       		.uleb128 0x13
 1083 00b1 00       		.byte	0
ARM GAS  C:\Users\Grillmo\AppData\Local\Temp\ccu2uxk8.s 			page 20


 1084 00b2 00       		.byte	0
 1085 00b3 10       		.uleb128 0x10
 1086 00b4 0D       		.uleb128 0xd
 1087 00b5 00       		.byte	0
 1088 00b6 03       		.uleb128 0x3
 1089 00b7 08       		.uleb128 0x8
 1090 00b8 3A       		.uleb128 0x3a
 1091 00b9 0B       		.uleb128 0xb
 1092 00ba 3B       		.uleb128 0x3b
 1093 00bb 05       		.uleb128 0x5
 1094 00bc 49       		.uleb128 0x49
 1095 00bd 13       		.uleb128 0x13
 1096 00be 38       		.uleb128 0x38
 1097 00bf 0B       		.uleb128 0xb
 1098 00c0 00       		.byte	0
 1099 00c1 00       		.byte	0
 1100 00c2 11       		.uleb128 0x11
 1101 00c3 34       		.uleb128 0x34
 1102 00c4 00       		.byte	0
 1103 00c5 03       		.uleb128 0x3
 1104 00c6 0E       		.uleb128 0xe
 1105 00c7 3A       		.uleb128 0x3a
 1106 00c8 0B       		.uleb128 0xb
 1107 00c9 3B       		.uleb128 0x3b
 1108 00ca 05       		.uleb128 0x5
 1109 00cb 49       		.uleb128 0x49
 1110 00cc 13       		.uleb128 0x13
 1111 00cd 3F       		.uleb128 0x3f
 1112 00ce 19       		.uleb128 0x19
 1113 00cf 3C       		.uleb128 0x3c
 1114 00d0 19       		.uleb128 0x19
 1115 00d1 00       		.byte	0
 1116 00d2 00       		.byte	0
 1117 00d3 12       		.uleb128 0x12
 1118 00d4 34       		.uleb128 0x34
 1119 00d5 00       		.byte	0
 1120 00d6 03       		.uleb128 0x3
 1121 00d7 0E       		.uleb128 0xe
 1122 00d8 3A       		.uleb128 0x3a
 1123 00d9 0B       		.uleb128 0xb
 1124 00da 3B       		.uleb128 0x3b
 1125 00db 0B       		.uleb128 0xb
 1126 00dc 49       		.uleb128 0x49
 1127 00dd 13       		.uleb128 0x13
 1128 00de 3F       		.uleb128 0x3f
 1129 00df 19       		.uleb128 0x19
 1130 00e0 3C       		.uleb128 0x3c
 1131 00e1 19       		.uleb128 0x19
 1132 00e2 00       		.byte	0
 1133 00e3 00       		.byte	0
 1134 00e4 13       		.uleb128 0x13
 1135 00e5 04       		.uleb128 0x4
 1136 00e6 01       		.byte	0x1
 1137 00e7 0B       		.uleb128 0xb
 1138 00e8 0B       		.uleb128 0xb
 1139 00e9 49       		.uleb128 0x49
 1140 00ea 13       		.uleb128 0x13
ARM GAS  C:\Users\Grillmo\AppData\Local\Temp\ccu2uxk8.s 			page 21


 1141 00eb 3A       		.uleb128 0x3a
 1142 00ec 0B       		.uleb128 0xb
 1143 00ed 3B       		.uleb128 0x3b
 1144 00ee 0B       		.uleb128 0xb
 1145 00ef 01       		.uleb128 0x1
 1146 00f0 13       		.uleb128 0x13
 1147 00f1 00       		.byte	0
 1148 00f2 00       		.byte	0
 1149 00f3 14       		.uleb128 0x14
 1150 00f4 28       		.uleb128 0x28
 1151 00f5 00       		.byte	0
 1152 00f6 03       		.uleb128 0x3
 1153 00f7 0E       		.uleb128 0xe
 1154 00f8 1C       		.uleb128 0x1c
 1155 00f9 0B       		.uleb128 0xb
 1156 00fa 00       		.byte	0
 1157 00fb 00       		.byte	0
 1158 00fc 15       		.uleb128 0x15
 1159 00fd 13       		.uleb128 0x13
 1160 00fe 01       		.byte	0x1
 1161 00ff 0B       		.uleb128 0xb
 1162 0100 0B       		.uleb128 0xb
 1163 0101 3A       		.uleb128 0x3a
 1164 0102 0B       		.uleb128 0xb
 1165 0103 3B       		.uleb128 0x3b
 1166 0104 0B       		.uleb128 0xb
 1167 0105 01       		.uleb128 0x1
 1168 0106 13       		.uleb128 0x13
 1169 0107 00       		.byte	0
 1170 0108 00       		.byte	0
 1171 0109 16       		.uleb128 0x16
 1172 010a 0D       		.uleb128 0xd
 1173 010b 00       		.byte	0
 1174 010c 03       		.uleb128 0x3
 1175 010d 0E       		.uleb128 0xe
 1176 010e 3A       		.uleb128 0x3a
 1177 010f 0B       		.uleb128 0xb
 1178 0110 3B       		.uleb128 0x3b
 1179 0111 0B       		.uleb128 0xb
 1180 0112 49       		.uleb128 0x49
 1181 0113 13       		.uleb128 0x13
 1182 0114 38       		.uleb128 0x38
 1183 0115 0B       		.uleb128 0xb
 1184 0116 00       		.byte	0
 1185 0117 00       		.byte	0
 1186 0118 17       		.uleb128 0x17
 1187 0119 2E       		.uleb128 0x2e
 1188 011a 01       		.byte	0x1
 1189 011b 3F       		.uleb128 0x3f
 1190 011c 19       		.uleb128 0x19
 1191 011d 03       		.uleb128 0x3
 1192 011e 0E       		.uleb128 0xe
 1193 011f 3A       		.uleb128 0x3a
 1194 0120 0B       		.uleb128 0xb
 1195 0121 3B       		.uleb128 0x3b
 1196 0122 0B       		.uleb128 0xb
 1197 0123 27       		.uleb128 0x27
ARM GAS  C:\Users\Grillmo\AppData\Local\Temp\ccu2uxk8.s 			page 22


 1198 0124 19       		.uleb128 0x19
 1199 0125 11       		.uleb128 0x11
 1200 0126 01       		.uleb128 0x1
 1201 0127 12       		.uleb128 0x12
 1202 0128 06       		.uleb128 0x6
 1203 0129 40       		.uleb128 0x40
 1204 012a 18       		.uleb128 0x18
 1205 012b 9742     		.uleb128 0x2117
 1206 012d 19       		.uleb128 0x19
 1207 012e 01       		.uleb128 0x1
 1208 012f 13       		.uleb128 0x13
 1209 0130 00       		.byte	0
 1210 0131 00       		.byte	0
 1211 0132 18       		.uleb128 0x18
 1212 0133 05       		.uleb128 0x5
 1213 0134 00       		.byte	0
 1214 0135 03       		.uleb128 0x3
 1215 0136 0E       		.uleb128 0xe
 1216 0137 3A       		.uleb128 0x3a
 1217 0138 0B       		.uleb128 0xb
 1218 0139 3B       		.uleb128 0x3b
 1219 013a 0B       		.uleb128 0xb
 1220 013b 49       		.uleb128 0x49
 1221 013c 13       		.uleb128 0x13
 1222 013d 02       		.uleb128 0x2
 1223 013e 18       		.uleb128 0x18
 1224 013f 00       		.byte	0
 1225 0140 00       		.byte	0
 1226 0141 19       		.uleb128 0x19
 1227 0142 05       		.uleb128 0x5
 1228 0143 00       		.byte	0
 1229 0144 03       		.uleb128 0x3
 1230 0145 0E       		.uleb128 0xe
 1231 0146 3A       		.uleb128 0x3a
 1232 0147 0B       		.uleb128 0xb
 1233 0148 3B       		.uleb128 0x3b
 1234 0149 0B       		.uleb128 0xb
 1235 014a 49       		.uleb128 0x49
 1236 014b 13       		.uleb128 0x13
 1237 014c 02       		.uleb128 0x2
 1238 014d 17       		.uleb128 0x17
 1239 014e 00       		.byte	0
 1240 014f 00       		.byte	0
 1241 0150 1A       		.uleb128 0x1a
 1242 0151 34       		.uleb128 0x34
 1243 0152 00       		.byte	0
 1244 0153 03       		.uleb128 0x3
 1245 0154 0E       		.uleb128 0xe
 1246 0155 3A       		.uleb128 0x3a
 1247 0156 0B       		.uleb128 0xb
 1248 0157 3B       		.uleb128 0x3b
 1249 0158 0B       		.uleb128 0xb
 1250 0159 49       		.uleb128 0x49
 1251 015a 13       		.uleb128 0x13
 1252 015b 02       		.uleb128 0x2
 1253 015c 17       		.uleb128 0x17
 1254 015d 00       		.byte	0
ARM GAS  C:\Users\Grillmo\AppData\Local\Temp\ccu2uxk8.s 			page 23


 1255 015e 00       		.byte	0
 1256 015f 1B       		.uleb128 0x1b
 1257 0160 0F       		.uleb128 0xf
 1258 0161 00       		.byte	0
 1259 0162 0B       		.uleb128 0xb
 1260 0163 0B       		.uleb128 0xb
 1261 0164 49       		.uleb128 0x49
 1262 0165 13       		.uleb128 0x13
 1263 0166 00       		.byte	0
 1264 0167 00       		.byte	0
 1265 0168 1C       		.uleb128 0x1c
 1266 0169 2E       		.uleb128 0x2e
 1267 016a 01       		.byte	0x1
 1268 016b 3F       		.uleb128 0x3f
 1269 016c 19       		.uleb128 0x19
 1270 016d 03       		.uleb128 0x3
 1271 016e 0E       		.uleb128 0xe
 1272 016f 3A       		.uleb128 0x3a
 1273 0170 0B       		.uleb128 0xb
 1274 0171 3B       		.uleb128 0x3b
 1275 0172 0B       		.uleb128 0xb
 1276 0173 27       		.uleb128 0x27
 1277 0174 19       		.uleb128 0x19
 1278 0175 11       		.uleb128 0x11
 1279 0176 01       		.uleb128 0x1
 1280 0177 12       		.uleb128 0x12
 1281 0178 06       		.uleb128 0x6
 1282 0179 40       		.uleb128 0x40
 1283 017a 18       		.uleb128 0x18
 1284 017b 9742     		.uleb128 0x2117
 1285 017d 19       		.uleb128 0x19
 1286 017e 00       		.byte	0
 1287 017f 00       		.byte	0
 1288 0180 00       		.byte	0
 1289              		.section	.debug_loc,"",%progbits
 1290              	.Ldebug_loc0:
 1291              	.LLST6:
 1292 0000 00000000 		.4byte	.LVL15
 1293 0004 0A000000 		.4byte	.LVL16
 1294 0008 0100     		.2byte	0x1
 1295 000a 50       		.byte	0x50
 1296 000b 0A000000 		.4byte	.LVL16
 1297 000f 0E000000 		.4byte	.LVL17
 1298 0013 0400     		.2byte	0x4
 1299 0015 F3       		.byte	0xf3
 1300 0016 01       		.uleb128 0x1
 1301 0017 50       		.byte	0x50
 1302 0018 9F       		.byte	0x9f
 1303 0019 0E000000 		.4byte	.LVL17
 1304 001d 14000000 		.4byte	.LVL18
 1305 0021 0100     		.2byte	0x1
 1306 0023 50       		.byte	0x50
 1307 0024 14000000 		.4byte	.LVL18
 1308 0028 1C000000 		.4byte	.LFE115
 1309 002c 0400     		.2byte	0x4
 1310 002e F3       		.byte	0xf3
 1311 002f 01       		.uleb128 0x1
ARM GAS  C:\Users\Grillmo\AppData\Local\Temp\ccu2uxk8.s 			page 24


 1312 0030 50       		.byte	0x50
 1313 0031 9F       		.byte	0x9f
 1314 0032 00000000 		.4byte	0
 1315 0036 00000000 		.4byte	0
 1316              	.LLST5:
 1317 003a 00000000 		.4byte	.LVL13
 1318 003e 04000000 		.4byte	.LVL14
 1319 0042 0100     		.2byte	0x1
 1320 0044 51       		.byte	0x51
 1321 0045 04000000 		.4byte	.LVL14
 1322 0049 14000000 		.4byte	.LFE114
 1323 004d 0400     		.2byte	0x4
 1324 004f F3       		.byte	0xf3
 1325 0050 01       		.uleb128 0x1
 1326 0051 51       		.byte	0x51
 1327 0052 9F       		.byte	0x9f
 1328 0053 00000000 		.4byte	0
 1329 0057 00000000 		.4byte	0
 1330              	.LLST1:
 1331 005b 00000000 		.4byte	.LVL2
 1332 005f 08000000 		.4byte	.LVL3
 1333 0063 0100     		.2byte	0x1
 1334 0065 50       		.byte	0x50
 1335 0066 08000000 		.4byte	.LVL3
 1336 006a 1C000000 		.4byte	.LVL4
 1337 006e 0400     		.2byte	0x4
 1338 0070 F3       		.byte	0xf3
 1339 0071 01       		.uleb128 0x1
 1340 0072 50       		.byte	0x50
 1341 0073 9F       		.byte	0x9f
 1342 0074 1C000000 		.4byte	.LVL4
 1343 0078 2A000000 		.4byte	.LVL5
 1344 007c 0100     		.2byte	0x1
 1345 007e 50       		.byte	0x50
 1346 007f 2A000000 		.4byte	.LVL5
 1347 0083 68000000 		.4byte	.LFE113
 1348 0087 0400     		.2byte	0x4
 1349 0089 F3       		.byte	0xf3
 1350 008a 01       		.uleb128 0x1
 1351 008b 50       		.byte	0x50
 1352 008c 9F       		.byte	0x9f
 1353 008d 00000000 		.4byte	0
 1354 0091 00000000 		.4byte	0
 1355              	.LLST2:
 1356 0095 00000000 		.4byte	.LVL2
 1357 0099 30000000 		.4byte	.LVL6
 1358 009d 0200     		.2byte	0x2
 1359 009f 30       		.byte	0x30
 1360 00a0 9F       		.byte	0x9f
 1361 00a1 30000000 		.4byte	.LVL6
 1362 00a5 3E000000 		.4byte	.LVL7
 1363 00a9 0100     		.2byte	0x1
 1364 00ab 52       		.byte	0x52
 1365 00ac 42000000 		.4byte	.LVL8
 1366 00b0 48000000 		.4byte	.LVL10
 1367 00b4 0100     		.2byte	0x1
 1368 00b6 53       		.byte	0x53
ARM GAS  C:\Users\Grillmo\AppData\Local\Temp\ccu2uxk8.s 			page 25


 1369 00b7 48000000 		.4byte	.LVL10
 1370 00bb 4C000000 		.4byte	.LVL11
 1371 00bf 1400     		.2byte	0x14
 1372 00c1 F3       		.byte	0xf3
 1373 00c2 01       		.uleb128 0x1
 1374 00c3 50       		.byte	0x50
 1375 00c4 23       		.byte	0x23
 1376 00c5 01       		.uleb128 0x1
 1377 00c6 94       		.byte	0x94
 1378 00c7 01       		.byte	0x1
 1379 00c8 08       		.byte	0x8
 1380 00c9 FF       		.byte	0xff
 1381 00ca 1A       		.byte	0x1a
 1382 00cb 75       		.byte	0x75
 1383 00cc 00       		.sleb128 0
 1384 00cd 24       		.byte	0x24
 1385 00ce 08       		.byte	0x8
 1386 00cf FF       		.byte	0xff
 1387 00d0 1A       		.byte	0x1a
 1388 00d1 72       		.byte	0x72
 1389 00d2 00       		.sleb128 0
 1390 00d3 21       		.byte	0x21
 1391 00d4 9F       		.byte	0x9f
 1392 00d5 52000000 		.4byte	.LVL12
 1393 00d9 68000000 		.4byte	.LFE113
 1394 00dd 0100     		.2byte	0x1
 1395 00df 53       		.byte	0x53
 1396 00e0 00000000 		.4byte	0
 1397 00e4 00000000 		.4byte	0
 1398              	.LLST3:
 1399 00e8 00000000 		.4byte	.LVL2
 1400 00ec 30000000 		.4byte	.LVL6
 1401 00f0 0200     		.2byte	0x2
 1402 00f2 30       		.byte	0x30
 1403 00f3 9F       		.byte	0x9f
 1404 00f4 30000000 		.4byte	.LVL6
 1405 00f8 3E000000 		.4byte	.LVL7
 1406 00fc 0500     		.2byte	0x5
 1407 00fe 34       		.byte	0x34
 1408 00ff 72       		.byte	0x72
 1409 0100 00       		.sleb128 0
 1410 0101 1C       		.byte	0x1c
 1411 0102 9F       		.byte	0x9f
 1412 0103 00000000 		.4byte	0
 1413 0107 00000000 		.4byte	0
 1414              	.LLST4:
 1415 010b 00000000 		.4byte	.LVL2
 1416 010f 30000000 		.4byte	.LVL6
 1417 0113 0200     		.2byte	0x2
 1418 0115 3F       		.byte	0x3f
 1419 0116 9F       		.byte	0x9f
 1420 0117 30000000 		.4byte	.LVL6
 1421 011b 3E000000 		.4byte	.LVL7
 1422 011f 0800     		.2byte	0x8
 1423 0121 3F       		.byte	0x3f
 1424 0122 72       		.byte	0x72
 1425 0123 00       		.sleb128 0
ARM GAS  C:\Users\Grillmo\AppData\Local\Temp\ccu2uxk8.s 			page 26


 1426 0124 08       		.byte	0x8
 1427 0125 FF       		.byte	0xff
 1428 0126 1A       		.byte	0x1a
 1429 0127 26       		.byte	0x26
 1430 0128 9F       		.byte	0x9f
 1431 0129 00000000 		.4byte	0
 1432 012d 00000000 		.4byte	0
 1433              	.LLST0:
 1434 0131 00000000 		.4byte	.LVL0
 1435 0135 04000000 		.4byte	.LVL1
 1436 0139 0100     		.2byte	0x1
 1437 013b 50       		.byte	0x50
 1438 013c 04000000 		.4byte	.LVL1
 1439 0140 14000000 		.4byte	.LFE112
 1440 0144 0400     		.2byte	0x4
 1441 0146 F3       		.byte	0xf3
 1442 0147 01       		.uleb128 0x1
 1443 0148 50       		.byte	0x50
 1444 0149 9F       		.byte	0x9f
 1445 014a 00000000 		.4byte	0
 1446 014e 00000000 		.4byte	0
 1447              		.section	.debug_aranges,"",%progbits
 1448 0000 3C000000 		.4byte	0x3c
 1449 0004 0200     		.2byte	0x2
 1450 0006 00000000 		.4byte	.Ldebug_info0
 1451 000a 04       		.byte	0x4
 1452 000b 00       		.byte	0
 1453 000c 0000     		.2byte	0
 1454 000e 0000     		.2byte	0
 1455 0010 00000000 		.4byte	.LFB112
 1456 0014 14000000 		.4byte	.LFE112-.LFB112
 1457 0018 00000000 		.4byte	.LFB113
 1458 001c 68000000 		.4byte	.LFE113-.LFB113
 1459 0020 00000000 		.4byte	.LFB114
 1460 0024 14000000 		.4byte	.LFE114-.LFB114
 1461 0028 00000000 		.4byte	.LFB115
 1462 002c 1C000000 		.4byte	.LFE115-.LFB115
 1463 0030 00000000 		.4byte	.LFB116
 1464 0034 18000000 		.4byte	.LFE116-.LFB116
 1465 0038 00000000 		.4byte	0
 1466 003c 00000000 		.4byte	0
 1467              		.section	.debug_ranges,"",%progbits
 1468              	.Ldebug_ranges0:
 1469 0000 00000000 		.4byte	.LFB112
 1470 0004 14000000 		.4byte	.LFE112
 1471 0008 00000000 		.4byte	.LFB113
 1472 000c 68000000 		.4byte	.LFE113
 1473 0010 00000000 		.4byte	.LFB114
 1474 0014 14000000 		.4byte	.LFE114
 1475 0018 00000000 		.4byte	.LFB115
 1476 001c 1C000000 		.4byte	.LFE115
 1477 0020 00000000 		.4byte	.LFB116
 1478 0024 18000000 		.4byte	.LFE116
 1479 0028 00000000 		.4byte	0
 1480 002c 00000000 		.4byte	0
 1481              		.section	.debug_line,"",%progbits
 1482              	.Ldebug_line0:
ARM GAS  C:\Users\Grillmo\AppData\Local\Temp\ccu2uxk8.s 			page 27


 1483 0000 3F020000 		.section	.debug_str,"MS",%progbits,1
 1483      0200B201 
 1483      00000201 
 1483      FB0E0D00 
 1483      01010101 
 1484              	.LASF23:
 1485 0000 49414252 		.ascii	"IABR\000"
 1485      00
 1486              	.LASF57:
 1487 0005 4E564943 		.ascii	"NVIC_InitTypeDef\000"
 1487      5F496E69 
 1487      74547970 
 1487      65446566 
 1487      00
 1488              	.LASF56:
 1489 0016 4E564943 		.ascii	"NVIC_IRQChannelCmd\000"
 1489      5F495251 
 1489      4368616E 
 1489      6E656C43 
 1489      6D6400
 1490              	.LASF60:
 1491 0029 53797354 		.ascii	"SysTick_CLKSource\000"
 1491      69636B5F 
 1491      434C4B53 
 1491      6F757263 
 1491      6500
 1492              	.LASF67:
 1493 003b 4E564943 		.ascii	"NVIC_InitStruct\000"
 1493      5F496E69 
 1493      74537472 
 1493      75637400 
 1494              	.LASF58:
 1495 004b 53797354 		.ascii	"SysTick_CLKSourceConfig\000"
 1495      69636B5F 
 1495      434C4B53 
 1495      6F757263 
 1495      65436F6E 
 1496              	.LASF73:
 1497 0063 43686962 		.ascii	"ChibiOS_3.0.2/ext/stdperiph_stm32f4/src/misc.c\000"
 1497      694F535F 
 1497      332E302E 
 1497      322F6578 
 1497      742F7374 
 1498              	.LASF63:
 1499 0092 4E564943 		.ascii	"NVIC_SetVectorTable\000"
 1499      5F536574 
 1499      56656374 
 1499      6F725461 
 1499      626C6500 
 1500              	.LASF27:
 1501 00a6 73697A65 		.ascii	"sizetype\000"
 1501      74797065 
 1501      00
 1502              	.LASF66:
 1503 00af 4E564943 		.ascii	"NVIC_Init\000"
 1503      5F496E69 
 1503      7400
ARM GAS  C:\Users\Grillmo\AppData\Local\Temp\ccu2uxk8.s 			page 28


 1504              	.LASF69:
 1505 00b9 746D7070 		.ascii	"tmppre\000"
 1505      726500
 1506              	.LASF7:
 1507 00c0 5F5F7569 		.ascii	"__uint32_t\000"
 1507      6E743332 
 1507      5F7400
 1508              	.LASF29:
 1509 00cb 43505549 		.ascii	"CPUID\000"
 1509      4400
 1510              	.LASF16:
 1511 00d1 52455345 		.ascii	"RESERVED0\000"
 1511      52564544 
 1511      3000
 1512              	.LASF72:
 1513 00db 474E5520 		.ascii	"GNU C99 6.3.1 20170215 (release) [ARM/embedded-6-br"
 1513      43393920 
 1513      362E332E 
 1513      31203230 
 1513      31373032 
 1514 010e 616E6368 		.ascii	"anch revision 245512] -mcpu=cortex-m4 -mfloat-abi=h"
 1514      20726576 
 1514      6973696F 
 1514      6E203234 
 1514      35353132 
 1515 0141 61726420 		.ascii	"ard -mfpu=fpv4-sp-d16 -mno-thumb-interwork -mthumb "
 1515      2D6D6670 
 1515      753D6670 
 1515      76342D73 
 1515      702D6431 
 1516 0174 2D676764 		.ascii	"-ggdb -O2 -std=gnu99 -fomit-frame-pointer -falign-f"
 1516      62202D4F 
 1516      32202D73 
 1516      74643D67 
 1516      6E753939 
 1517 01a7 756E6374 		.ascii	"unctions=16 -ffunction-sections -fdata-sections -fn"
 1517      696F6E73 
 1517      3D313620 
 1517      2D666675 
 1517      6E637469 
 1518 01da 6F2D636F 		.ascii	"o-common -fsingle-precision-constant\000"
 1518      6D6D6F6E 
 1518      202D6673 
 1518      696E676C 
 1518      652D7072 
 1519              	.LASF12:
 1520 01ff 75696E74 		.ascii	"uint8_t\000"
 1520      385F7400 
 1521              	.LASF71:
 1522 0207 4E564943 		.ascii	"NVIC_PriorityGroup\000"
 1522      5F507269 
 1522      6F726974 
 1522      7947726F 
 1522      757000
 1523              	.LASF62:
 1524 021a 4E657753 		.ascii	"NewState\000"
 1524      74617465 
ARM GAS  C:\Users\Grillmo\AppData\Local\Temp\ccu2uxk8.s 			page 29


 1524      00
 1525              	.LASF26:
 1526 0223 53544952 		.ascii	"STIR\000"
 1526      00
 1527              	.LASF50:
 1528 0228 44495341 		.ascii	"DISABLE\000"
 1528      424C4500 
 1529              	.LASF2:
 1530 0230 73686F72 		.ascii	"short int\000"
 1530      7420696E 
 1530      7400
 1531              	.LASF30:
 1532 023a 49435352 		.ascii	"ICSR\000"
 1532      00
 1533              	.LASF18:
 1534 023f 52534552 		.ascii	"RSERVED1\000"
 1534      56454431 
 1534      00
 1535              	.LASF9:
 1536 0248 6C6F6E67 		.ascii	"long long int\000"
 1536      206C6F6E 
 1536      6720696E 
 1536      7400
 1537              	.LASF46:
 1538 0256 43414C49 		.ascii	"CALIB\000"
 1538      4200
 1539              	.LASF31:
 1540 025c 56544F52 		.ascii	"VTOR\000"
 1540      00
 1541              	.LASF38:
 1542 0261 42464152 		.ascii	"BFAR\000"
 1542      00
 1543              	.LASF6:
 1544 0266 6C6F6E67 		.ascii	"long int\000"
 1544      20696E74 
 1544      00
 1545              	.LASF4:
 1546 026f 5F5F7569 		.ascii	"__uint8_t\000"
 1546      6E74385F 
 1546      7400
 1547              	.LASF74:
 1548 0279 443A5C65 		.ascii	"D:\\ebikeSystem\000"
 1548      62696B65 
 1548      53797374 
 1548      656D00
 1549              	.LASF34:
 1550 0288 43465352 		.ascii	"CFSR\000"
 1550      00
 1551              	.LASF1:
 1552 028d 756E7369 		.ascii	"unsigned char\000"
 1552      676E6564 
 1552      20636861 
 1552      7200
 1553              	.LASF32:
 1554 029b 41495243 		.ascii	"AIRCR\000"
 1554      5200
 1555              	.LASF43:
ARM GAS  C:\Users\Grillmo\AppData\Local\Temp\ccu2uxk8.s 			page 30


 1556 02a1 5343425F 		.ascii	"SCB_Type\000"
 1556      54797065 
 1556      00
 1557              	.LASF44:
 1558 02aa 4354524C 		.ascii	"CTRL\000"
 1558      00
 1559              	.LASF28:
 1560 02af 4E564943 		.ascii	"NVIC_Type\000"
 1560      5F547970 
 1560      6500
 1561              	.LASF21:
 1562 02b9 49435052 		.ascii	"ICPR\000"
 1562      00
 1563              	.LASF0:
 1564 02be 7369676E 		.ascii	"signed char\000"
 1564      65642063 
 1564      68617200 
 1565              	.LASF10:
 1566 02ca 6C6F6E67 		.ascii	"long long unsigned int\000"
 1566      206C6F6E 
 1566      6720756E 
 1566      7369676E 
 1566      65642069 
 1567              	.LASF14:
 1568 02e1 75696E74 		.ascii	"uint32_t\000"
 1568      33325F74 
 1568      00
 1569              	.LASF11:
 1570 02ea 756E7369 		.ascii	"unsigned int\000"
 1570      676E6564 
 1570      20696E74 
 1570      00
 1571              	.LASF33:
 1572 02f7 53484353 		.ascii	"SHCSR\000"
 1572      5200
 1573              	.LASF37:
 1574 02fd 4D4D4641 		.ascii	"MMFAR\000"
 1574      5200
 1575              	.LASF70:
 1576 0303 746D7073 		.ascii	"tmpsub\000"
 1576      756200
 1577              	.LASF59:
 1578 030a 4E564943 		.ascii	"NVIC_SystemLPConfig\000"
 1578      5F537973 
 1578      74656D4C 
 1578      50436F6E 
 1578      66696700 
 1579              	.LASF65:
 1580 031e 4F666673 		.ascii	"Offset\000"
 1580      657400
 1581              	.LASF47:
 1582 0325 53797354 		.ascii	"SysTick_Type\000"
 1582      69636B5F 
 1582      54797065 
 1582      00
 1583              	.LASF3:
 1584 0332 73686F72 		.ascii	"short unsigned int\000"
ARM GAS  C:\Users\Grillmo\AppData\Local\Temp\ccu2uxk8.s 			page 31


 1584      7420756E 
 1584      7369676E 
 1584      65642069 
 1584      6E7400
 1585              	.LASF68:
 1586 0345 746D7070 		.ascii	"tmppriority\000"
 1586      72696F72 
 1586      69747900 
 1587              	.LASF13:
 1588 0351 696E7433 		.ascii	"int32_t\000"
 1588      325F7400 
 1589              	.LASF41:
 1590 0359 49534152 		.ascii	"ISAR\000"
 1590      00
 1591              	.LASF19:
 1592 035e 49535052 		.ascii	"ISPR\000"
 1592      00
 1593              	.LASF36:
 1594 0363 44465352 		.ascii	"DFSR\000"
 1594      00
 1595              	.LASF53:
 1596 0368 4E564943 		.ascii	"NVIC_IRQChannel\000"
 1596      5F495251 
 1596      4368616E 
 1596      6E656C00 
 1597              	.LASF55:
 1598 0378 4E564943 		.ascii	"NVIC_IRQChannelSubPriority\000"
 1598      5F495251 
 1598      4368616E 
 1598      6E656C53 
 1598      75625072 
 1599              	.LASF49:
 1600 0393 53797374 		.ascii	"SystemCoreClock\000"
 1600      656D436F 
 1600      7265436C 
 1600      6F636B00 
 1601              	.LASF35:
 1602 03a3 48465352 		.ascii	"HFSR\000"
 1602      00
 1603              	.LASF17:
 1604 03a8 49434552 		.ascii	"ICER\000"
 1604      00
 1605              	.LASF40:
 1606 03ad 4D4D4652 		.ascii	"MMFR\000"
 1606      00
 1607              	.LASF15:
 1608 03b2 49534552 		.ascii	"ISER\000"
 1608      00
 1609              	.LASF20:
 1610 03b7 52455345 		.ascii	"RESERVED2\000"
 1610      52564544 
 1610      3200
 1611              	.LASF22:
 1612 03c1 52455345 		.ascii	"RESERVED3\000"
 1612      52564544 
 1612      3300
 1613              	.LASF24:
ARM GAS  C:\Users\Grillmo\AppData\Local\Temp\ccu2uxk8.s 			page 32


 1614 03cb 52455345 		.ascii	"RESERVED4\000"
 1614      52564544 
 1614      3400
 1615              	.LASF25:
 1616 03d5 52455345 		.ascii	"RESERVED5\000"
 1616      52564544 
 1616      3500
 1617              	.LASF8:
 1618 03df 6C6F6E67 		.ascii	"long unsigned int\000"
 1618      20756E73 
 1618      69676E65 
 1618      6420696E 
 1618      7400
 1619              	.LASF54:
 1620 03f1 4E564943 		.ascii	"NVIC_IRQChannelPreemptionPriority\000"
 1620      5F495251 
 1620      4368616E 
 1620      6E656C50 
 1620      7265656D 
 1621              	.LASF52:
 1622 0413 46756E63 		.ascii	"FunctionalState\000"
 1622      74696F6E 
 1622      616C5374 
 1622      61746500 
 1623              	.LASF5:
 1624 0423 5F5F696E 		.ascii	"__int32_t\000"
 1624      7433325F 
 1624      7400
 1625              	.LASF64:
 1626 042d 4E564943 		.ascii	"NVIC_VectTab\000"
 1626      5F566563 
 1626      74546162 
 1626      00
 1627              	.LASF45:
 1628 043a 4C4F4144 		.ascii	"LOAD\000"
 1628      00
 1629              	.LASF39:
 1630 043f 41465352 		.ascii	"AFSR\000"
 1630      00
 1631              	.LASF61:
 1632 0444 4C6F7750 		.ascii	"LowPowerMode\000"
 1632      6F776572 
 1632      4D6F6465 
 1632      00
 1633              	.LASF48:
 1634 0451 49544D5F 		.ascii	"ITM_RxBuffer\000"
 1634      52784275 
 1634      66666572 
 1634      00
 1635              	.LASF42:
 1636 045e 43504143 		.ascii	"CPACR\000"
 1636      5200
 1637              	.LASF51:
 1638 0464 454E4142 		.ascii	"ENABLE\000"
 1638      4C4500
 1639              	.LASF75:
 1640 046b 4E564943 		.ascii	"NVIC_PriorityGroupConfig\000"
ARM GAS  C:\Users\Grillmo\AppData\Local\Temp\ccu2uxk8.s 			page 33


 1640      5F507269 
 1640      6F726974 
 1640      7947726F 
 1640      7570436F 
 1641              		.ident	"GCC: (GNU Tools for ARM Embedded Processors 6-2017-q1-update) 6.3.1 20170215 (release) [AR
ARM GAS  C:\Users\Grillmo\AppData\Local\Temp\ccu2uxk8.s 			page 34


DEFINED SYMBOLS
                            *ABS*:00000000 misc.c
C:\Users\Grillmo\AppData\Local\Temp\ccu2uxk8.s:18     .text.NVIC_PriorityGroupConfig:00000000 $t
C:\Users\Grillmo\AppData\Local\Temp\ccu2uxk8.s:26     .text.NVIC_PriorityGroupConfig:00000000 NVIC_PriorityGroupConfig
C:\Users\Grillmo\AppData\Local\Temp\ccu2uxk8.s:45     .text.NVIC_PriorityGroupConfig:00000010 $d
C:\Users\Grillmo\AppData\Local\Temp\ccu2uxk8.s:50     .text.NVIC_Init:00000000 $t
C:\Users\Grillmo\AppData\Local\Temp\ccu2uxk8.s:58     .text.NVIC_Init:00000000 NVIC_Init
C:\Users\Grillmo\AppData\Local\Temp\ccu2uxk8.s:157    .text.NVIC_Init:00000060 $d
C:\Users\Grillmo\AppData\Local\Temp\ccu2uxk8.s:163    .text.NVIC_SetVectorTable:00000000 $t
C:\Users\Grillmo\AppData\Local\Temp\ccu2uxk8.s:171    .text.NVIC_SetVectorTable:00000000 NVIC_SetVectorTable
C:\Users\Grillmo\AppData\Local\Temp\ccu2uxk8.s:190    .text.NVIC_SetVectorTable:00000010 $d
C:\Users\Grillmo\AppData\Local\Temp\ccu2uxk8.s:195    .text.NVIC_SystemLPConfig:00000000 $t
C:\Users\Grillmo\AppData\Local\Temp\ccu2uxk8.s:203    .text.NVIC_SystemLPConfig:00000000 NVIC_SystemLPConfig
C:\Users\Grillmo\AppData\Local\Temp\ccu2uxk8.s:232    .text.NVIC_SystemLPConfig:00000018 $d
C:\Users\Grillmo\AppData\Local\Temp\ccu2uxk8.s:237    .text.SysTick_CLKSourceConfig:00000000 $t
C:\Users\Grillmo\AppData\Local\Temp\ccu2uxk8.s:245    .text.SysTick_CLKSourceConfig:00000000 SysTick_CLKSourceConfig
C:\Users\Grillmo\AppData\Local\Temp\ccu2uxk8.s:268    .text.SysTick_CLKSourceConfig:00000014 $d
                     .debug_frame:00000010 $d

NO UNDEFINED SYMBOLS
