ARM GAS  C:\Users\Grillmo\AppData\Local\Temp\ccRzqowA.s 			page 1


   1              		.cpu cortex-m4
   2              		.eabi_attribute 27, 1
   3              		.eabi_attribute 28, 1
   4              		.eabi_attribute 20, 1
   5              		.eabi_attribute 21, 1
   6              		.eabi_attribute 23, 3
   7              		.eabi_attribute 24, 1
   8              		.eabi_attribute 25, 1
   9              		.eabi_attribute 26, 1
  10              		.eabi_attribute 30, 2
  11              		.eabi_attribute 34, 1
  12              		.eabi_attribute 18, 4
  13              		.file	"stm32f4xx_exti.c"
  14              		.text
  15              	.Ltext0:
  16              		.cfi_sections	.debug_frame
  17              		.section	.text.EXTI_DeInit,"ax",%progbits
  18              		.align	1
  19              		.p2align 4,,15
  20              		.global	EXTI_DeInit
  21              		.syntax unified
  22              		.thumb
  23              		.thumb_func
  24              		.fpu fpv4-sp-d16
  25              		.type	EXTI_DeInit, %function
  26              	EXTI_DeInit:
  27              	.LFB112:
  28              		.file 1 "ChibiOS_3.0.2/ext/stdperiph_stm32f4/src/stm32f4xx_exti.c"
  29              		.loc 1 115 0
  30              		.cfi_startproc
  31              		@ args = 0, pretend = 0, frame = 0
  32              		@ frame_needed = 0, uses_anonymous_args = 0
  33              		@ link register save eliminated.
  34              		.loc 1 116 0
  35 0000 044B     		ldr	r3, .L2
  36              		.loc 1 120 0
  37 0002 0549     		ldr	r1, .L2+4
  38              		.loc 1 116 0
  39 0004 0022     		movs	r2, #0
  40 0006 1A60     		str	r2, [r3]
  41              		.loc 1 117 0
  42 0008 5A60     		str	r2, [r3, #4]
  43              		.loc 1 118 0
  44 000a 9A60     		str	r2, [r3, #8]
  45              		.loc 1 119 0
  46 000c DA60     		str	r2, [r3, #12]
  47              		.loc 1 120 0
  48 000e 5961     		str	r1, [r3, #20]
  49 0010 7047     		bx	lr
  50              	.L3:
  51 0012 00BF     		.align	2
  52              	.L2:
  53 0014 003C0140 		.word	1073822720
  54 0018 FFFF7F00 		.word	8388607
  55              		.cfi_endproc
  56              	.LFE112:
  57              		.size	EXTI_DeInit, .-EXTI_DeInit
ARM GAS  C:\Users\Grillmo\AppData\Local\Temp\ccRzqowA.s 			page 2


  58              		.section	.text.EXTI_Init,"ax",%progbits
  59              		.align	1
  60              		.p2align 4,,15
  61              		.global	EXTI_Init
  62              		.syntax unified
  63              		.thumb
  64              		.thumb_func
  65              		.fpu fpv4-sp-d16
  66              		.type	EXTI_Init, %function
  67              	EXTI_Init:
  68              	.LFB113:
  69              		.loc 1 131 0
  70              		.cfi_startproc
  71              		@ args = 0, pretend = 0, frame = 0
  72              		@ frame_needed = 0, uses_anonymous_args = 0
  73              		@ link register save eliminated.
  74              	.LVL0:
  75              		.loc 1 142 0
  76 0000 8379     		ldrb	r3, [r0, #6]	@ zero_extendqisi2
  77 0002 33B3     		cbz	r3, .L5
  78              		.loc 1 145 0
  79 0004 1C4B     		ldr	r3, .L14
  80              		.loc 1 148 0
  81 0006 0279     		ldrb	r2, [r0, #4]	@ zero_extendqisi2
  82              		.loc 1 157 0
  83 0008 4179     		ldrb	r1, [r0, #5]	@ zero_extendqisi2
  84              		.loc 1 131 0
  85 000a 70B4     		push	{r4, r5, r6}
  86              		.cfi_def_cfa_offset 12
  87              		.cfi_offset 4, -12
  88              		.cfi_offset 5, -8
  89              		.cfi_offset 6, -4
  90              		.loc 1 145 0
  91 000c 0468     		ldr	r4, [r0]
  92 000e 1E68     		ldr	r6, [r3]
  93 0010 E543     		mvns	r5, r4
  94 0012 2E40     		ands	r6, r6, r5
  95 0014 1E60     		str	r6, [r3]
  96              		.loc 1 146 0
  97 0016 5E68     		ldr	r6, [r3, #4]
  98              		.loc 1 148 0
  99 0018 02F18042 		add	r2, r2, #1073741824
 100 001c 02F59E32 		add	r2, r2, #80896
 101              		.loc 1 146 0
 102 0020 3540     		ands	r5, r5, r6
 103 0022 5D60     		str	r5, [r3, #4]
 104              	.LVL1:
 105              		.loc 1 150 0
 106 0024 1568     		ldr	r5, [r2]
 107 0026 2C43     		orrs	r4, r4, r5
 108 0028 1460     		str	r4, [r2]
 109              		.loc 1 153 0
 110 002a 0268     		ldr	r2, [r0]
 111 002c 9C68     		ldr	r4, [r3, #8]
 112 002e D043     		mvns	r0, r2
 113              	.LVL2:
 114 0030 0440     		ands	r4, r4, r0
ARM GAS  C:\Users\Grillmo\AppData\Local\Temp\ccRzqowA.s 			page 3


 115 0032 9C60     		str	r4, [r3, #8]
 116              		.loc 1 154 0
 117 0034 DC68     		ldr	r4, [r3, #12]
 118              		.loc 1 157 0
 119 0036 1029     		cmp	r1, #16
 120              		.loc 1 154 0
 121 0038 00EA0400 		and	r0, r0, r4
 122 003c D860     		str	r0, [r3, #12]
 123              		.loc 1 157 0
 124 003e 13D0     		beq	.L13
 125              	.LVL3:
 126              		.loc 1 166 0
 127 0040 01F18043 		add	r3, r1, #1073741824
 128 0044 03F59E33 		add	r3, r3, #80896
 129              		.loc 1 178 0
 130 0048 70BC     		pop	{r4, r5, r6}
 131              		.cfi_restore 6
 132              		.cfi_restore 5
 133              		.cfi_restore 4
 134              		.cfi_def_cfa_offset 0
 135              		.loc 1 168 0
 136 004a 1968     		ldr	r1, [r3]
 137              	.LVL4:
 138 004c 0A43     		orrs	r2, r2, r1
 139 004e 1A60     		str	r2, [r3]
 140              		.loc 1 178 0
 141 0050 7047     		bx	lr
 142              	.LVL5:
 143              	.L5:
 144              		.loc 1 173 0
 145 0052 0379     		ldrb	r3, [r0, #4]	@ zero_extendqisi2
 146              		.loc 1 176 0
 147 0054 0168     		ldr	r1, [r0]
 148              		.loc 1 173 0
 149 0056 03F18043 		add	r3, r3, #1073741824
 150 005a 03F59E33 		add	r3, r3, #80896
 151              		.loc 1 176 0
 152 005e 1A68     		ldr	r2, [r3]
 153 0060 22EA0102 		bic	r2, r2, r1
 154 0064 1A60     		str	r2, [r3]
 155              		.loc 1 178 0
 156 0066 7047     		bx	lr
 157              	.LVL6:
 158              	.L13:
 159              		.cfi_def_cfa_offset 12
 160              		.cfi_offset 4, -12
 161              		.cfi_offset 5, -8
 162              		.cfi_offset 6, -4
 163              		.loc 1 160 0
 164 0068 9968     		ldr	r1, [r3, #8]
 165 006a 1143     		orrs	r1, r1, r2
 166 006c 9960     		str	r1, [r3, #8]
 167              		.loc 1 161 0
 168 006e D968     		ldr	r1, [r3, #12]
 169 0070 0A43     		orrs	r2, r2, r1
 170 0072 DA60     		str	r2, [r3, #12]
 171              		.loc 1 178 0
ARM GAS  C:\Users\Grillmo\AppData\Local\Temp\ccRzqowA.s 			page 4


 172 0074 70BC     		pop	{r4, r5, r6}
 173              		.cfi_restore 4
 174              		.cfi_restore 5
 175              		.cfi_restore 6
 176              		.cfi_def_cfa_offset 0
 177 0076 7047     		bx	lr
 178              	.L15:
 179              		.align	2
 180              	.L14:
 181 0078 003C0140 		.word	1073822720
 182              		.cfi_endproc
 183              	.LFE113:
 184              		.size	EXTI_Init, .-EXTI_Init
 185              		.section	.text.EXTI_StructInit,"ax",%progbits
 186              		.align	1
 187              		.p2align 4,,15
 188              		.global	EXTI_StructInit
 189              		.syntax unified
 190              		.thumb
 191              		.thumb_func
 192              		.fpu fpv4-sp-d16
 193              		.type	EXTI_StructInit, %function
 194              	EXTI_StructInit:
 195              	.LFB114:
 196              		.loc 1 187 0
 197              		.cfi_startproc
 198              		@ args = 0, pretend = 0, frame = 0
 199              		@ frame_needed = 0, uses_anonymous_args = 0
 200              		@ link register save eliminated.
 201              	.LVL7:
 202              		.loc 1 188 0
 203 0000 0023     		movs	r3, #0
 204              		.loc 1 190 0
 205 0002 0C22     		movs	r2, #12
 206 0004 4271     		strb	r2, [r0, #5]
 207              		.loc 1 188 0
 208 0006 0360     		str	r3, [r0]
 209              		.loc 1 189 0
 210 0008 0371     		strb	r3, [r0, #4]
 211              		.loc 1 191 0
 212 000a 8371     		strb	r3, [r0, #6]
 213 000c 7047     		bx	lr
 214              		.cfi_endproc
 215              	.LFE114:
 216              		.size	EXTI_StructInit, .-EXTI_StructInit
 217 000e 00BF     		.section	.text.EXTI_GenerateSWInterrupt,"ax",%progbits
 218              		.align	1
 219              		.p2align 4,,15
 220              		.global	EXTI_GenerateSWInterrupt
 221              		.syntax unified
 222              		.thumb
 223              		.thumb_func
 224              		.fpu fpv4-sp-d16
 225              		.type	EXTI_GenerateSWInterrupt, %function
 226              	EXTI_GenerateSWInterrupt:
 227              	.LFB115:
 228              		.loc 1 202 0
ARM GAS  C:\Users\Grillmo\AppData\Local\Temp\ccRzqowA.s 			page 5


 229              		.cfi_startproc
 230              		@ args = 0, pretend = 0, frame = 0
 231              		@ frame_needed = 0, uses_anonymous_args = 0
 232              		@ link register save eliminated.
 233              	.LVL8:
 234              		.loc 1 206 0
 235 0000 024A     		ldr	r2, .L18
 236 0002 1369     		ldr	r3, [r2, #16]
 237 0004 1843     		orrs	r0, r0, r3
 238              	.LVL9:
 239 0006 1061     		str	r0, [r2, #16]
 240 0008 7047     		bx	lr
 241              	.L19:
 242 000a 00BF     		.align	2
 243              	.L18:
 244 000c 003C0140 		.word	1073822720
 245              		.cfi_endproc
 246              	.LFE115:
 247              		.size	EXTI_GenerateSWInterrupt, .-EXTI_GenerateSWInterrupt
 248              		.section	.text.EXTI_ClearFlag,"ax",%progbits
 249              		.align	1
 250              		.p2align 4,,15
 251              		.global	EXTI_ClearFlag
 252              		.syntax unified
 253              		.thumb
 254              		.thumb_func
 255              		.fpu fpv4-sp-d16
 256              		.type	EXTI_ClearFlag, %function
 257              	EXTI_ClearFlag:
 258              	.LFB123:
 259              		.cfi_startproc
 260              		@ args = 0, pretend = 0, frame = 0
 261              		@ frame_needed = 0, uses_anonymous_args = 0
 262              		@ link register save eliminated.
 263 0000 014B     		ldr	r3, .L21
 264 0002 5861     		str	r0, [r3, #20]
 265 0004 7047     		bx	lr
 266              	.L22:
 267 0006 00BF     		.align	2
 268              	.L21:
 269 0008 003C0140 		.word	1073822720
 270              		.cfi_endproc
 271              	.LFE123:
 272              		.size	EXTI_ClearFlag, .-EXTI_ClearFlag
 273              		.section	.text.EXTI_GetITStatus,"ax",%progbits
 274              		.align	1
 275              		.p2align 4,,15
 276              		.global	EXTI_GetITStatus
 277              		.syntax unified
 278              		.thumb
 279              		.thumb_func
 280              		.fpu fpv4-sp-d16
 281              		.type	EXTI_GetITStatus, %function
 282              	EXTI_GetITStatus:
 283              	.LFB118:
 284              		.loc 1 269 0
 285              		.cfi_startproc
ARM GAS  C:\Users\Grillmo\AppData\Local\Temp\ccRzqowA.s 			page 6


 286              		@ args = 0, pretend = 0, frame = 0
 287              		@ frame_needed = 0, uses_anonymous_args = 0
 288              		@ link register save eliminated.
 289              	.LVL10:
 290              		.loc 1 274 0
 291 0000 034B     		ldr	r3, .L24
 292 0002 5B69     		ldr	r3, [r3, #20]
 293              	.LVL11:
 294 0004 0342     		tst	r3, r0
 295              		.loc 1 284 0
 296 0006 14BF     		ite	ne
 297 0008 0120     		movne	r0, #1
 298              	.LVL12:
 299 000a 0020     		moveq	r0, #0
 300 000c 7047     		bx	lr
 301              	.L25:
 302 000e 00BF     		.align	2
 303              	.L24:
 304 0010 003C0140 		.word	1073822720
 305              		.cfi_endproc
 306              	.LFE118:
 307              		.size	EXTI_GetITStatus, .-EXTI_GetITStatus
 308              		.section	.text.EXTI_GetFlagStatus,"ax",%progbits
 309              		.align	1
 310              		.p2align 4,,15
 311              		.global	EXTI_GetFlagStatus
 312              		.syntax unified
 313              		.thumb
 314              		.thumb_func
 315              		.fpu fpv4-sp-d16
 316              		.type	EXTI_GetFlagStatus, %function
 317              	EXTI_GetFlagStatus:
 318              	.LFB121:
 319              		.cfi_startproc
 320              		@ args = 0, pretend = 0, frame = 0
 321              		@ frame_needed = 0, uses_anonymous_args = 0
 322              		@ link register save eliminated.
 323 0000 FFF7FEBF 		b	EXTI_GetITStatus
 324              		.cfi_endproc
 325              	.LFE121:
 326              		.size	EXTI_GetFlagStatus, .-EXTI_GetFlagStatus
 327              		.section	.text.EXTI_ClearITPendingBit,"ax",%progbits
 328              		.align	1
 329              		.p2align 4,,15
 330              		.global	EXTI_ClearITPendingBit
 331              		.syntax unified
 332              		.thumb
 333              		.thumb_func
 334              		.fpu fpv4-sp-d16
 335              		.type	EXTI_ClearITPendingBit, %function
 336              	EXTI_ClearITPendingBit:
 337              	.LFB119:
 338              		.loc 1 293 0
 339              		.cfi_startproc
 340              		@ args = 0, pretend = 0, frame = 0
 341              		@ frame_needed = 0, uses_anonymous_args = 0
 342              		@ link register save eliminated.
ARM GAS  C:\Users\Grillmo\AppData\Local\Temp\ccRzqowA.s 			page 7


 343              	.LVL13:
 344              		.loc 1 297 0
 345 0000 014B     		ldr	r3, .L28
 346 0002 5861     		str	r0, [r3, #20]
 347 0004 7047     		bx	lr
 348              	.L29:
 349 0006 00BF     		.align	2
 350              	.L28:
 351 0008 003C0140 		.word	1073822720
 352              		.cfi_endproc
 353              	.LFE119:
 354              		.size	EXTI_ClearITPendingBit, .-EXTI_ClearITPendingBit
 355              		.text
 356              	.Letext0:
 357              		.file 2 "c:\\chibistudio\\tools\\gnu tools arm embedded\\6.3 2017q1\\arm-none-eabi\\include\\machi
 358              		.file 3 "c:\\chibistudio\\tools\\gnu tools arm embedded\\6.3 2017q1\\arm-none-eabi\\include\\sys\\
 359              		.file 4 "ChibiOS_3.0.2/os/ext/CMSIS/include/core_cm4.h"
 360              		.file 5 "ChibiOS_3.0.2/os/ext/CMSIS/ST/system_stm32f4xx.h"
 361              		.file 6 "ChibiOS_3.0.2/os/ext/CMSIS/ST/stm32f407xx.h"
 362              		.file 7 "ChibiOS_3.0.2/os/ext/CMSIS/ST/stm32f4xx.h"
 363              		.file 8 "ChibiOS_3.0.2/ext/stdperiph_stm32f4/inc/stm32f4xx_exti.h"
 364              		.section	.debug_info,"",%progbits
 365              	.Ldebug_info0:
 366 0000 40030000 		.4byte	0x340
 367 0004 0400     		.2byte	0x4
 368 0006 00000000 		.4byte	.Ldebug_abbrev0
 369 000a 04       		.byte	0x4
 370 000b 01       		.uleb128 0x1
 371 000c 49020000 		.4byte	.LASF45
 372 0010 0C       		.byte	0xc
 373 0011 A7000000 		.4byte	.LASF46
 374 0015 DE010000 		.4byte	.LASF47
 375 0019 00000000 		.4byte	.Ldebug_ranges0+0
 376 001d 00000000 		.4byte	0
 377 0021 00000000 		.4byte	.Ldebug_line0
 378 0025 02       		.uleb128 0x2
 379 0026 01       		.byte	0x1
 380 0027 06       		.byte	0x6
 381 0028 17020000 		.4byte	.LASF0
 382 002c 02       		.uleb128 0x2
 383 002d 01       		.byte	0x1
 384 002e 08       		.byte	0x8
 385 002f 1C010000 		.4byte	.LASF1
 386 0033 02       		.uleb128 0x2
 387 0034 02       		.byte	0x2
 388 0035 05       		.byte	0x5
 389 0036 B3030000 		.4byte	.LASF2
 390 003a 02       		.uleb128 0x2
 391 003b 02       		.byte	0x2
 392 003c 07       		.byte	0x7
 393 003d 7A000000 		.4byte	.LASF3
 394 0041 03       		.uleb128 0x3
 395 0042 50000000 		.4byte	.LASF5
 396 0046 02       		.byte	0x2
 397 0047 4D       		.byte	0x4d
 398 0048 4C000000 		.4byte	0x4c
 399 004c 02       		.uleb128 0x2
ARM GAS  C:\Users\Grillmo\AppData\Local\Temp\ccRzqowA.s 			page 8


 400 004d 04       		.byte	0x4
 401 004e 05       		.byte	0x5
 402 004f C6030000 		.4byte	.LASF4
 403 0053 03       		.uleb128 0x3
 404 0054 8C010000 		.4byte	.LASF6
 405 0058 02       		.byte	0x2
 406 0059 4F       		.byte	0x4f
 407 005a 5E000000 		.4byte	0x5e
 408 005e 02       		.uleb128 0x2
 409 005f 04       		.byte	0x4
 410 0060 07       		.byte	0x7
 411 0061 44010000 		.4byte	.LASF7
 412 0065 02       		.uleb128 0x2
 413 0066 08       		.byte	0x8
 414 0067 05       		.byte	0x5
 415 0068 6D030000 		.4byte	.LASF8
 416 006c 02       		.uleb128 0x2
 417 006d 08       		.byte	0x8
 418 006e 07       		.byte	0x7
 419 006f 00020000 		.4byte	.LASF9
 420 0073 04       		.uleb128 0x4
 421 0074 04       		.byte	0x4
 422 0075 05       		.byte	0x5
 423 0076 696E7400 		.ascii	"int\000"
 424 007a 02       		.uleb128 0x2
 425 007b 04       		.byte	0x4
 426 007c 07       		.byte	0x7
 427 007d C7010000 		.4byte	.LASF10
 428 0081 03       		.uleb128 0x3
 429 0082 38020000 		.4byte	.LASF11
 430 0086 03       		.byte	0x3
 431 0087 2C       		.byte	0x2c
 432 0088 41000000 		.4byte	0x41
 433 008c 05       		.uleb128 0x5
 434 008d 81000000 		.4byte	0x81
 435 0091 03       		.uleb128 0x3
 436 0092 BD030000 		.4byte	.LASF12
 437 0096 03       		.byte	0x3
 438 0097 30       		.byte	0x30
 439 0098 53000000 		.4byte	0x53
 440 009c 05       		.uleb128 0x5
 441 009d 91000000 		.4byte	0x91
 442 00a1 02       		.uleb128 0x2
 443 00a2 04       		.byte	0x4
 444 00a3 07       		.byte	0x7
 445 00a4 40020000 		.4byte	.LASF13
 446 00a8 06       		.uleb128 0x6
 447 00a9 7A010000 		.4byte	.LASF14
 448 00ad 04       		.byte	0x4
 449 00ae A706     		.2byte	0x6a7
 450 00b0 8C000000 		.4byte	0x8c
 451 00b4 07       		.uleb128 0x7
 452 00b5 7B030000 		.4byte	.LASF15
 453 00b9 05       		.byte	0x5
 454 00ba 4C       		.byte	0x4c
 455 00bb 91000000 		.4byte	0x91
 456 00bf 08       		.uleb128 0x8
ARM GAS  C:\Users\Grillmo\AppData\Local\Temp\ccRzqowA.s 			page 9


 457 00c0 18       		.byte	0x18
 458 00c1 06       		.byte	0x6
 459 00c2 CC01     		.2byte	0x1cc
 460 00c4 16010000 		.4byte	0x116
 461 00c8 09       		.uleb128 0x9
 462 00c9 494D5200 		.ascii	"IMR\000"
 463 00cd 06       		.byte	0x6
 464 00ce CE01     		.2byte	0x1ce
 465 00d0 9C000000 		.4byte	0x9c
 466 00d4 00       		.byte	0
 467 00d5 09       		.uleb128 0x9
 468 00d6 454D5200 		.ascii	"EMR\000"
 469 00da 06       		.byte	0x6
 470 00db CF01     		.2byte	0x1cf
 471 00dd 9C000000 		.4byte	0x9c
 472 00e1 04       		.byte	0x4
 473 00e2 0A       		.uleb128 0xa
 474 00e3 87010000 		.4byte	.LASF16
 475 00e7 06       		.byte	0x6
 476 00e8 D001     		.2byte	0x1d0
 477 00ea 9C000000 		.4byte	0x9c
 478 00ee 08       		.byte	0x8
 479 00ef 0A       		.uleb128 0xa
 480 00f0 FD030000 		.4byte	.LASF17
 481 00f4 06       		.byte	0x6
 482 00f5 D101     		.2byte	0x1d1
 483 00f7 9C000000 		.4byte	0x9c
 484 00fb 0C       		.byte	0xc
 485 00fc 0A       		.uleb128 0xa
 486 00fd EB030000 		.4byte	.LASF18
 487 0101 06       		.byte	0x6
 488 0102 D201     		.2byte	0x1d2
 489 0104 9C000000 		.4byte	0x9c
 490 0108 10       		.byte	0x10
 491 0109 09       		.uleb128 0x9
 492 010a 505200   		.ascii	"PR\000"
 493 010d 06       		.byte	0x6
 494 010e D301     		.2byte	0x1d3
 495 0110 9C000000 		.4byte	0x9c
 496 0114 14       		.byte	0x14
 497 0115 00       		.byte	0
 498 0116 0B       		.uleb128 0xb
 499 0117 6D010000 		.4byte	.LASF19
 500 011b 06       		.byte	0x6
 501 011c D401     		.2byte	0x1d4
 502 011e BF000000 		.4byte	0xbf
 503 0122 0C       		.uleb128 0xc
 504 0123 01       		.byte	0x1
 505 0124 2C000000 		.4byte	0x2c
 506 0128 07       		.byte	0x7
 507 0129 A2       		.byte	0xa2
 508 012a 3B010000 		.4byte	0x13b
 509 012e 0D       		.uleb128 0xd
 510 012f 56010000 		.4byte	.LASF20
 511 0133 00       		.byte	0
 512 0134 0E       		.uleb128 0xe
 513 0135 53455400 		.ascii	"SET\000"
ARM GAS  C:\Users\Grillmo\AppData\Local\Temp\ccRzqowA.s 			page 10


 514 0139 01       		.byte	0x1
 515 013a 00       		.byte	0
 516 013b 03       		.uleb128 0x3
 517 013c 2A010000 		.4byte	.LASF21
 518 0140 07       		.byte	0x7
 519 0141 A5       		.byte	0xa5
 520 0142 22010000 		.4byte	0x122
 521 0146 03       		.uleb128 0x3
 522 0147 2D000000 		.4byte	.LASF22
 523 014b 07       		.byte	0x7
 524 014c A5       		.byte	0xa5
 525 014d 22010000 		.4byte	0x122
 526 0151 0C       		.uleb128 0xc
 527 0152 01       		.byte	0x1
 528 0153 2C000000 		.4byte	0x2c
 529 0157 07       		.byte	0x7
 530 0158 A8       		.byte	0xa8
 531 0159 6A010000 		.4byte	0x16a
 532 015d 0D       		.uleb128 0xd
 533 015e CF030000 		.4byte	.LASF23
 534 0162 00       		.byte	0
 535 0163 0D       		.uleb128 0xd
 536 0164 01010000 		.4byte	.LASF24
 537 0168 01       		.byte	0x1
 538 0169 00       		.byte	0
 539 016a 03       		.uleb128 0x3
 540 016b 8D000000 		.4byte	.LASF25
 541 016f 07       		.byte	0x7
 542 0170 AB       		.byte	0xab
 543 0171 51010000 		.4byte	0x151
 544 0175 0C       		.uleb128 0xc
 545 0176 01       		.byte	0x1
 546 0177 2C000000 		.4byte	0x2c
 547 017b 08       		.byte	0x8
 548 017c 37       		.byte	0x37
 549 017d 8E010000 		.4byte	0x18e
 550 0181 0D       		.uleb128 0xd
 551 0182 08010000 		.4byte	.LASF26
 552 0186 00       		.byte	0
 553 0187 0D       		.uleb128 0xd
 554 0188 6A000000 		.4byte	.LASF27
 555 018c 04       		.byte	0x4
 556 018d 00       		.byte	0
 557 018e 03       		.uleb128 0x3
 558 018f 5C010000 		.4byte	.LASF28
 559 0193 08       		.byte	0x8
 560 0194 3A       		.byte	0x3a
 561 0195 75010000 		.4byte	0x175
 562 0199 0C       		.uleb128 0xc
 563 019a 01       		.byte	0x1
 564 019b 2C000000 		.4byte	0x2c
 565 019f 08       		.byte	0x8
 566 01a0 43       		.byte	0x43
 567 01a1 B8010000 		.4byte	0x1b8
 568 01a5 0D       		.uleb128 0xd
 569 01a6 97010000 		.4byte	.LASF29
 570 01aa 08       		.byte	0x8
ARM GAS  C:\Users\Grillmo\AppData\Local\Temp\ccRzqowA.s 			page 11


 571 01ab 0D       		.uleb128 0xd
 572 01ac 23020000 		.4byte	.LASF30
 573 01b0 0C       		.byte	0xc
 574 01b1 0D       		.uleb128 0xd
 575 01b2 AB010000 		.4byte	.LASF31
 576 01b6 10       		.byte	0x10
 577 01b7 00       		.byte	0
 578 01b8 03       		.uleb128 0x3
 579 01b9 D7030000 		.4byte	.LASF32
 580 01bd 08       		.byte	0x8
 581 01be 47       		.byte	0x47
 582 01bf 99010000 		.4byte	0x199
 583 01c3 0F       		.uleb128 0xf
 584 01c4 08       		.byte	0x8
 585 01c5 08       		.byte	0x8
 586 01c6 50       		.byte	0x50
 587 01c7 FC010000 		.4byte	0x1fc
 588 01cb 10       		.uleb128 0x10
 589 01cc 00000000 		.4byte	.LASF33
 590 01d0 08       		.byte	0x8
 591 01d1 52       		.byte	0x52
 592 01d2 91000000 		.4byte	0x91
 593 01d6 00       		.byte	0
 594 01d7 10       		.uleb128 0x10
 595 01d8 0A000000 		.4byte	.LASF34
 596 01dc 08       		.byte	0x8
 597 01dd 55       		.byte	0x55
 598 01de 8E010000 		.4byte	0x18e
 599 01e2 04       		.byte	0x4
 600 01e3 10       		.uleb128 0x10
 601 01e4 43000000 		.4byte	.LASF35
 602 01e8 08       		.byte	0x8
 603 01e9 58       		.byte	0x58
 604 01ea B8010000 		.4byte	0x1b8
 605 01ee 05       		.byte	0x5
 606 01ef 10       		.uleb128 0x10
 607 01f0 36000000 		.4byte	.LASF36
 608 01f4 08       		.byte	0x8
 609 01f5 5B       		.byte	0x5b
 610 01f6 6A010000 		.4byte	0x16a
 611 01fa 06       		.byte	0x6
 612 01fb 00       		.byte	0
 613 01fc 03       		.uleb128 0x3
 614 01fd E0000000 		.4byte	.LASF37
 615 0201 08       		.byte	0x8
 616 0202 5D       		.byte	0x5d
 617 0203 C3010000 		.4byte	0x1c3
 618 0207 11       		.uleb128 0x11
 619 0208 9C030000 		.4byte	.LASF38
 620 020c 01       		.byte	0x1
 621 020d 2401     		.2byte	0x124
 622 020f 01       		.byte	0x1
 623 0210 21020000 		.4byte	0x221
 624 0214 12       		.uleb128 0x12
 625 0215 00000000 		.4byte	.LASF33
 626 0219 01       		.byte	0x1
 627 021a 2401     		.2byte	0x124
ARM GAS  C:\Users\Grillmo\AppData\Local\Temp\ccRzqowA.s 			page 12


 628 021c 91000000 		.4byte	0x91
 629 0220 00       		.byte	0
 630 0221 13       		.uleb128 0x13
 631 0222 8B030000 		.4byte	.LASF48
 632 0226 01       		.byte	0x1
 633 0227 0C01     		.2byte	0x10c
 634 0229 46010000 		.4byte	0x146
 635 022d 00000000 		.4byte	.LFB118
 636 0231 14000000 		.4byte	.LFE118-.LFB118
 637 0235 01       		.uleb128 0x1
 638 0236 9C       		.byte	0x9c
 639 0237 5C020000 		.4byte	0x25c
 640 023b 14       		.uleb128 0x14
 641 023c 00000000 		.4byte	.LASF33
 642 0240 01       		.byte	0x1
 643 0241 0C01     		.2byte	0x10c
 644 0243 91000000 		.4byte	0x91
 645 0247 00000000 		.4byte	.LLST3
 646 024b 15       		.uleb128 0x15
 647 024c 9D000000 		.4byte	.LASF44
 648 0250 01       		.byte	0x1
 649 0251 0E01     		.2byte	0x10e
 650 0253 3B010000 		.4byte	0x13b
 651 0257 21000000 		.4byte	.LLST4
 652 025b 00       		.byte	0
 653 025c 16       		.uleb128 0x16
 654 025d 35010000 		.4byte	.LASF49
 655 0261 01       		.byte	0x1
 656 0262 FE       		.byte	0xfe
 657 0263 73020000 		.4byte	0x273
 658 0267 17       		.uleb128 0x17
 659 0268 00000000 		.4byte	.LASF33
 660 026c 01       		.byte	0x1
 661 026d FE       		.byte	0xfe
 662 026e 91000000 		.4byte	0x91
 663 0272 00       		.byte	0
 664 0273 18       		.uleb128 0x18
 665 0274 ED010000 		.4byte	.LASF39
 666 0278 01       		.byte	0x1
 667 0279 E7       		.byte	0xe7
 668 027a 3B010000 		.4byte	0x13b
 669 027e 99020000 		.4byte	0x299
 670 0282 17       		.uleb128 0x17
 671 0283 00000000 		.4byte	.LASF33
 672 0287 01       		.byte	0x1
 673 0288 E7       		.byte	0xe7
 674 0289 91000000 		.4byte	0x91
 675 028d 19       		.uleb128 0x19
 676 028e 9D000000 		.4byte	.LASF44
 677 0292 01       		.byte	0x1
 678 0293 E9       		.byte	0xe9
 679 0294 3B010000 		.4byte	0x13b
 680 0298 00       		.byte	0
 681 0299 1A       		.uleb128 0x1a
 682 029a 14000000 		.4byte	.LASF40
 683 029e 01       		.byte	0x1
 684 029f C9       		.byte	0xc9
ARM GAS  C:\Users\Grillmo\AppData\Local\Temp\ccRzqowA.s 			page 13


 685 02a0 00000000 		.4byte	.LFB115
 686 02a4 10000000 		.4byte	.LFE115-.LFB115
 687 02a8 01       		.uleb128 0x1
 688 02a9 9C       		.byte	0x9c
 689 02aa BE020000 		.4byte	0x2be
 690 02ae 1B       		.uleb128 0x1b
 691 02af 00000000 		.4byte	.LASF33
 692 02b3 01       		.byte	0x1
 693 02b4 C9       		.byte	0xc9
 694 02b5 91000000 		.4byte	0x91
 695 02b9 5A000000 		.4byte	.LLST2
 696 02bd 00       		.byte	0
 697 02be 1A       		.uleb128 0x1a
 698 02bf 5A000000 		.4byte	.LASF41
 699 02c3 01       		.byte	0x1
 700 02c4 BA       		.byte	0xba
 701 02c5 00000000 		.4byte	.LFB114
 702 02c9 0E000000 		.4byte	.LFE114-.LFB114
 703 02cd 01       		.uleb128 0x1
 704 02ce 9C       		.byte	0x9c
 705 02cf E1020000 		.4byte	0x2e1
 706 02d3 1C       		.uleb128 0x1c
 707 02d4 F1000000 		.4byte	.LASF42
 708 02d8 01       		.byte	0x1
 709 02d9 BA       		.byte	0xba
 710 02da E1020000 		.4byte	0x2e1
 711 02de 01       		.uleb128 0x1
 712 02df 50       		.byte	0x50
 713 02e0 00       		.byte	0
 714 02e1 1D       		.uleb128 0x1d
 715 02e2 04       		.byte	0x4
 716 02e3 FC010000 		.4byte	0x1fc
 717 02e7 1A       		.uleb128 0x1a
 718 02e8 D4010000 		.4byte	.LASF43
 719 02ec 01       		.byte	0x1
 720 02ed 82       		.byte	0x82
 721 02ee 00000000 		.4byte	.LFB113
 722 02f2 7C000000 		.4byte	.LFE113-.LFB113
 723 02f6 01       		.uleb128 0x1
 724 02f7 9C       		.byte	0x9c
 725 02f8 1B030000 		.4byte	0x31b
 726 02fc 1B       		.uleb128 0x1b
 727 02fd F1000000 		.4byte	.LASF42
 728 0301 01       		.byte	0x1
 729 0302 82       		.byte	0x82
 730 0303 E1020000 		.4byte	0x2e1
 731 0307 7B000000 		.4byte	.LLST0
 732 030b 1E       		.uleb128 0x1e
 733 030c 746D7000 		.ascii	"tmp\000"
 734 0310 01       		.byte	0x1
 735 0311 84       		.byte	0x84
 736 0312 91000000 		.4byte	0x91
 737 0316 B5000000 		.4byte	.LLST1
 738 031a 00       		.byte	0
 739 031b 1F       		.uleb128 0x1f
 740 031c F1030000 		.4byte	.LASF50
 741 0320 01       		.byte	0x1
ARM GAS  C:\Users\Grillmo\AppData\Local\Temp\ccRzqowA.s 			page 14


 742 0321 72       		.byte	0x72
 743 0322 00000000 		.4byte	.LFB112
 744 0326 1C000000 		.4byte	.LFE112-.LFB112
 745 032a 01       		.uleb128 0x1
 746 032b 9C       		.byte	0x9c
 747 032c 20       		.uleb128 0x20
 748 032d 07020000 		.4byte	0x207
 749 0331 00000000 		.4byte	.LFB119
 750 0335 0C000000 		.4byte	.LFE119-.LFB119
 751 0339 01       		.uleb128 0x1
 752 033a 9C       		.byte	0x9c
 753 033b 21       		.uleb128 0x21
 754 033c 14020000 		.4byte	0x214
 755 0340 01       		.uleb128 0x1
 756 0341 50       		.byte	0x50
 757 0342 00       		.byte	0
 758 0343 00       		.byte	0
 759              		.section	.debug_abbrev,"",%progbits
 760              	.Ldebug_abbrev0:
 761 0000 01       		.uleb128 0x1
 762 0001 11       		.uleb128 0x11
 763 0002 01       		.byte	0x1
 764 0003 25       		.uleb128 0x25
 765 0004 0E       		.uleb128 0xe
 766 0005 13       		.uleb128 0x13
 767 0006 0B       		.uleb128 0xb
 768 0007 03       		.uleb128 0x3
 769 0008 0E       		.uleb128 0xe
 770 0009 1B       		.uleb128 0x1b
 771 000a 0E       		.uleb128 0xe
 772 000b 55       		.uleb128 0x55
 773 000c 17       		.uleb128 0x17
 774 000d 11       		.uleb128 0x11
 775 000e 01       		.uleb128 0x1
 776 000f 10       		.uleb128 0x10
 777 0010 17       		.uleb128 0x17
 778 0011 00       		.byte	0
 779 0012 00       		.byte	0
 780 0013 02       		.uleb128 0x2
 781 0014 24       		.uleb128 0x24
 782 0015 00       		.byte	0
 783 0016 0B       		.uleb128 0xb
 784 0017 0B       		.uleb128 0xb
 785 0018 3E       		.uleb128 0x3e
 786 0019 0B       		.uleb128 0xb
 787 001a 03       		.uleb128 0x3
 788 001b 0E       		.uleb128 0xe
 789 001c 00       		.byte	0
 790 001d 00       		.byte	0
 791 001e 03       		.uleb128 0x3
 792 001f 16       		.uleb128 0x16
 793 0020 00       		.byte	0
 794 0021 03       		.uleb128 0x3
 795 0022 0E       		.uleb128 0xe
 796 0023 3A       		.uleb128 0x3a
 797 0024 0B       		.uleb128 0xb
 798 0025 3B       		.uleb128 0x3b
ARM GAS  C:\Users\Grillmo\AppData\Local\Temp\ccRzqowA.s 			page 15


 799 0026 0B       		.uleb128 0xb
 800 0027 49       		.uleb128 0x49
 801 0028 13       		.uleb128 0x13
 802 0029 00       		.byte	0
 803 002a 00       		.byte	0
 804 002b 04       		.uleb128 0x4
 805 002c 24       		.uleb128 0x24
 806 002d 00       		.byte	0
 807 002e 0B       		.uleb128 0xb
 808 002f 0B       		.uleb128 0xb
 809 0030 3E       		.uleb128 0x3e
 810 0031 0B       		.uleb128 0xb
 811 0032 03       		.uleb128 0x3
 812 0033 08       		.uleb128 0x8
 813 0034 00       		.byte	0
 814 0035 00       		.byte	0
 815 0036 05       		.uleb128 0x5
 816 0037 35       		.uleb128 0x35
 817 0038 00       		.byte	0
 818 0039 49       		.uleb128 0x49
 819 003a 13       		.uleb128 0x13
 820 003b 00       		.byte	0
 821 003c 00       		.byte	0
 822 003d 06       		.uleb128 0x6
 823 003e 34       		.uleb128 0x34
 824 003f 00       		.byte	0
 825 0040 03       		.uleb128 0x3
 826 0041 0E       		.uleb128 0xe
 827 0042 3A       		.uleb128 0x3a
 828 0043 0B       		.uleb128 0xb
 829 0044 3B       		.uleb128 0x3b
 830 0045 05       		.uleb128 0x5
 831 0046 49       		.uleb128 0x49
 832 0047 13       		.uleb128 0x13
 833 0048 3F       		.uleb128 0x3f
 834 0049 19       		.uleb128 0x19
 835 004a 3C       		.uleb128 0x3c
 836 004b 19       		.uleb128 0x19
 837 004c 00       		.byte	0
 838 004d 00       		.byte	0
 839 004e 07       		.uleb128 0x7
 840 004f 34       		.uleb128 0x34
 841 0050 00       		.byte	0
 842 0051 03       		.uleb128 0x3
 843 0052 0E       		.uleb128 0xe
 844 0053 3A       		.uleb128 0x3a
 845 0054 0B       		.uleb128 0xb
 846 0055 3B       		.uleb128 0x3b
 847 0056 0B       		.uleb128 0xb
 848 0057 49       		.uleb128 0x49
 849 0058 13       		.uleb128 0x13
 850 0059 3F       		.uleb128 0x3f
 851 005a 19       		.uleb128 0x19
 852 005b 3C       		.uleb128 0x3c
 853 005c 19       		.uleb128 0x19
 854 005d 00       		.byte	0
 855 005e 00       		.byte	0
ARM GAS  C:\Users\Grillmo\AppData\Local\Temp\ccRzqowA.s 			page 16


 856 005f 08       		.uleb128 0x8
 857 0060 13       		.uleb128 0x13
 858 0061 01       		.byte	0x1
 859 0062 0B       		.uleb128 0xb
 860 0063 0B       		.uleb128 0xb
 861 0064 3A       		.uleb128 0x3a
 862 0065 0B       		.uleb128 0xb
 863 0066 3B       		.uleb128 0x3b
 864 0067 05       		.uleb128 0x5
 865 0068 01       		.uleb128 0x1
 866 0069 13       		.uleb128 0x13
 867 006a 00       		.byte	0
 868 006b 00       		.byte	0
 869 006c 09       		.uleb128 0x9
 870 006d 0D       		.uleb128 0xd
 871 006e 00       		.byte	0
 872 006f 03       		.uleb128 0x3
 873 0070 08       		.uleb128 0x8
 874 0071 3A       		.uleb128 0x3a
 875 0072 0B       		.uleb128 0xb
 876 0073 3B       		.uleb128 0x3b
 877 0074 05       		.uleb128 0x5
 878 0075 49       		.uleb128 0x49
 879 0076 13       		.uleb128 0x13
 880 0077 38       		.uleb128 0x38
 881 0078 0B       		.uleb128 0xb
 882 0079 00       		.byte	0
 883 007a 00       		.byte	0
 884 007b 0A       		.uleb128 0xa
 885 007c 0D       		.uleb128 0xd
 886 007d 00       		.byte	0
 887 007e 03       		.uleb128 0x3
 888 007f 0E       		.uleb128 0xe
 889 0080 3A       		.uleb128 0x3a
 890 0081 0B       		.uleb128 0xb
 891 0082 3B       		.uleb128 0x3b
 892 0083 05       		.uleb128 0x5
 893 0084 49       		.uleb128 0x49
 894 0085 13       		.uleb128 0x13
 895 0086 38       		.uleb128 0x38
 896 0087 0B       		.uleb128 0xb
 897 0088 00       		.byte	0
 898 0089 00       		.byte	0
 899 008a 0B       		.uleb128 0xb
 900 008b 16       		.uleb128 0x16
 901 008c 00       		.byte	0
 902 008d 03       		.uleb128 0x3
 903 008e 0E       		.uleb128 0xe
 904 008f 3A       		.uleb128 0x3a
 905 0090 0B       		.uleb128 0xb
 906 0091 3B       		.uleb128 0x3b
 907 0092 05       		.uleb128 0x5
 908 0093 49       		.uleb128 0x49
 909 0094 13       		.uleb128 0x13
 910 0095 00       		.byte	0
 911 0096 00       		.byte	0
 912 0097 0C       		.uleb128 0xc
ARM GAS  C:\Users\Grillmo\AppData\Local\Temp\ccRzqowA.s 			page 17


 913 0098 04       		.uleb128 0x4
 914 0099 01       		.byte	0x1
 915 009a 0B       		.uleb128 0xb
 916 009b 0B       		.uleb128 0xb
 917 009c 49       		.uleb128 0x49
 918 009d 13       		.uleb128 0x13
 919 009e 3A       		.uleb128 0x3a
 920 009f 0B       		.uleb128 0xb
 921 00a0 3B       		.uleb128 0x3b
 922 00a1 0B       		.uleb128 0xb
 923 00a2 01       		.uleb128 0x1
 924 00a3 13       		.uleb128 0x13
 925 00a4 00       		.byte	0
 926 00a5 00       		.byte	0
 927 00a6 0D       		.uleb128 0xd
 928 00a7 28       		.uleb128 0x28
 929 00a8 00       		.byte	0
 930 00a9 03       		.uleb128 0x3
 931 00aa 0E       		.uleb128 0xe
 932 00ab 1C       		.uleb128 0x1c
 933 00ac 0B       		.uleb128 0xb
 934 00ad 00       		.byte	0
 935 00ae 00       		.byte	0
 936 00af 0E       		.uleb128 0xe
 937 00b0 28       		.uleb128 0x28
 938 00b1 00       		.byte	0
 939 00b2 03       		.uleb128 0x3
 940 00b3 08       		.uleb128 0x8
 941 00b4 1C       		.uleb128 0x1c
 942 00b5 0B       		.uleb128 0xb
 943 00b6 00       		.byte	0
 944 00b7 00       		.byte	0
 945 00b8 0F       		.uleb128 0xf
 946 00b9 13       		.uleb128 0x13
 947 00ba 01       		.byte	0x1
 948 00bb 0B       		.uleb128 0xb
 949 00bc 0B       		.uleb128 0xb
 950 00bd 3A       		.uleb128 0x3a
 951 00be 0B       		.uleb128 0xb
 952 00bf 3B       		.uleb128 0x3b
 953 00c0 0B       		.uleb128 0xb
 954 00c1 01       		.uleb128 0x1
 955 00c2 13       		.uleb128 0x13
 956 00c3 00       		.byte	0
 957 00c4 00       		.byte	0
 958 00c5 10       		.uleb128 0x10
 959 00c6 0D       		.uleb128 0xd
 960 00c7 00       		.byte	0
 961 00c8 03       		.uleb128 0x3
 962 00c9 0E       		.uleb128 0xe
 963 00ca 3A       		.uleb128 0x3a
 964 00cb 0B       		.uleb128 0xb
 965 00cc 3B       		.uleb128 0x3b
 966 00cd 0B       		.uleb128 0xb
 967 00ce 49       		.uleb128 0x49
 968 00cf 13       		.uleb128 0x13
 969 00d0 38       		.uleb128 0x38
ARM GAS  C:\Users\Grillmo\AppData\Local\Temp\ccRzqowA.s 			page 18


 970 00d1 0B       		.uleb128 0xb
 971 00d2 00       		.byte	0
 972 00d3 00       		.byte	0
 973 00d4 11       		.uleb128 0x11
 974 00d5 2E       		.uleb128 0x2e
 975 00d6 01       		.byte	0x1
 976 00d7 3F       		.uleb128 0x3f
 977 00d8 19       		.uleb128 0x19
 978 00d9 03       		.uleb128 0x3
 979 00da 0E       		.uleb128 0xe
 980 00db 3A       		.uleb128 0x3a
 981 00dc 0B       		.uleb128 0xb
 982 00dd 3B       		.uleb128 0x3b
 983 00de 05       		.uleb128 0x5
 984 00df 27       		.uleb128 0x27
 985 00e0 19       		.uleb128 0x19
 986 00e1 20       		.uleb128 0x20
 987 00e2 0B       		.uleb128 0xb
 988 00e3 01       		.uleb128 0x1
 989 00e4 13       		.uleb128 0x13
 990 00e5 00       		.byte	0
 991 00e6 00       		.byte	0
 992 00e7 12       		.uleb128 0x12
 993 00e8 05       		.uleb128 0x5
 994 00e9 00       		.byte	0
 995 00ea 03       		.uleb128 0x3
 996 00eb 0E       		.uleb128 0xe
 997 00ec 3A       		.uleb128 0x3a
 998 00ed 0B       		.uleb128 0xb
 999 00ee 3B       		.uleb128 0x3b
 1000 00ef 05       		.uleb128 0x5
 1001 00f0 49       		.uleb128 0x49
 1002 00f1 13       		.uleb128 0x13
 1003 00f2 00       		.byte	0
 1004 00f3 00       		.byte	0
 1005 00f4 13       		.uleb128 0x13
 1006 00f5 2E       		.uleb128 0x2e
 1007 00f6 01       		.byte	0x1
 1008 00f7 3F       		.uleb128 0x3f
 1009 00f8 19       		.uleb128 0x19
 1010 00f9 03       		.uleb128 0x3
 1011 00fa 0E       		.uleb128 0xe
 1012 00fb 3A       		.uleb128 0x3a
 1013 00fc 0B       		.uleb128 0xb
 1014 00fd 3B       		.uleb128 0x3b
 1015 00fe 05       		.uleb128 0x5
 1016 00ff 27       		.uleb128 0x27
 1017 0100 19       		.uleb128 0x19
 1018 0101 49       		.uleb128 0x49
 1019 0102 13       		.uleb128 0x13
 1020 0103 11       		.uleb128 0x11
 1021 0104 01       		.uleb128 0x1
 1022 0105 12       		.uleb128 0x12
 1023 0106 06       		.uleb128 0x6
 1024 0107 40       		.uleb128 0x40
 1025 0108 18       		.uleb128 0x18
 1026 0109 9742     		.uleb128 0x2117
ARM GAS  C:\Users\Grillmo\AppData\Local\Temp\ccRzqowA.s 			page 19


 1027 010b 19       		.uleb128 0x19
 1028 010c 01       		.uleb128 0x1
 1029 010d 13       		.uleb128 0x13
 1030 010e 00       		.byte	0
 1031 010f 00       		.byte	0
 1032 0110 14       		.uleb128 0x14
 1033 0111 05       		.uleb128 0x5
 1034 0112 00       		.byte	0
 1035 0113 03       		.uleb128 0x3
 1036 0114 0E       		.uleb128 0xe
 1037 0115 3A       		.uleb128 0x3a
 1038 0116 0B       		.uleb128 0xb
 1039 0117 3B       		.uleb128 0x3b
 1040 0118 05       		.uleb128 0x5
 1041 0119 49       		.uleb128 0x49
 1042 011a 13       		.uleb128 0x13
 1043 011b 02       		.uleb128 0x2
 1044 011c 17       		.uleb128 0x17
 1045 011d 00       		.byte	0
 1046 011e 00       		.byte	0
 1047 011f 15       		.uleb128 0x15
 1048 0120 34       		.uleb128 0x34
 1049 0121 00       		.byte	0
 1050 0122 03       		.uleb128 0x3
 1051 0123 0E       		.uleb128 0xe
 1052 0124 3A       		.uleb128 0x3a
 1053 0125 0B       		.uleb128 0xb
 1054 0126 3B       		.uleb128 0x3b
 1055 0127 05       		.uleb128 0x5
 1056 0128 49       		.uleb128 0x49
 1057 0129 13       		.uleb128 0x13
 1058 012a 02       		.uleb128 0x2
 1059 012b 17       		.uleb128 0x17
 1060 012c 00       		.byte	0
 1061 012d 00       		.byte	0
 1062 012e 16       		.uleb128 0x16
 1063 012f 2E       		.uleb128 0x2e
 1064 0130 01       		.byte	0x1
 1065 0131 3F       		.uleb128 0x3f
 1066 0132 19       		.uleb128 0x19
 1067 0133 03       		.uleb128 0x3
 1068 0134 0E       		.uleb128 0xe
 1069 0135 3A       		.uleb128 0x3a
 1070 0136 0B       		.uleb128 0xb
 1071 0137 3B       		.uleb128 0x3b
 1072 0138 0B       		.uleb128 0xb
 1073 0139 27       		.uleb128 0x27
 1074 013a 19       		.uleb128 0x19
 1075 013b 01       		.uleb128 0x1
 1076 013c 13       		.uleb128 0x13
 1077 013d 00       		.byte	0
 1078 013e 00       		.byte	0
 1079 013f 17       		.uleb128 0x17
 1080 0140 05       		.uleb128 0x5
 1081 0141 00       		.byte	0
 1082 0142 03       		.uleb128 0x3
 1083 0143 0E       		.uleb128 0xe
ARM GAS  C:\Users\Grillmo\AppData\Local\Temp\ccRzqowA.s 			page 20


 1084 0144 3A       		.uleb128 0x3a
 1085 0145 0B       		.uleb128 0xb
 1086 0146 3B       		.uleb128 0x3b
 1087 0147 0B       		.uleb128 0xb
 1088 0148 49       		.uleb128 0x49
 1089 0149 13       		.uleb128 0x13
 1090 014a 00       		.byte	0
 1091 014b 00       		.byte	0
 1092 014c 18       		.uleb128 0x18
 1093 014d 2E       		.uleb128 0x2e
 1094 014e 01       		.byte	0x1
 1095 014f 3F       		.uleb128 0x3f
 1096 0150 19       		.uleb128 0x19
 1097 0151 03       		.uleb128 0x3
 1098 0152 0E       		.uleb128 0xe
 1099 0153 3A       		.uleb128 0x3a
 1100 0154 0B       		.uleb128 0xb
 1101 0155 3B       		.uleb128 0x3b
 1102 0156 0B       		.uleb128 0xb
 1103 0157 27       		.uleb128 0x27
 1104 0158 19       		.uleb128 0x19
 1105 0159 49       		.uleb128 0x49
 1106 015a 13       		.uleb128 0x13
 1107 015b 01       		.uleb128 0x1
 1108 015c 13       		.uleb128 0x13
 1109 015d 00       		.byte	0
 1110 015e 00       		.byte	0
 1111 015f 19       		.uleb128 0x19
 1112 0160 34       		.uleb128 0x34
 1113 0161 00       		.byte	0
 1114 0162 03       		.uleb128 0x3
 1115 0163 0E       		.uleb128 0xe
 1116 0164 3A       		.uleb128 0x3a
 1117 0165 0B       		.uleb128 0xb
 1118 0166 3B       		.uleb128 0x3b
 1119 0167 0B       		.uleb128 0xb
 1120 0168 49       		.uleb128 0x49
 1121 0169 13       		.uleb128 0x13
 1122 016a 00       		.byte	0
 1123 016b 00       		.byte	0
 1124 016c 1A       		.uleb128 0x1a
 1125 016d 2E       		.uleb128 0x2e
 1126 016e 01       		.byte	0x1
 1127 016f 3F       		.uleb128 0x3f
 1128 0170 19       		.uleb128 0x19
 1129 0171 03       		.uleb128 0x3
 1130 0172 0E       		.uleb128 0xe
 1131 0173 3A       		.uleb128 0x3a
 1132 0174 0B       		.uleb128 0xb
 1133 0175 3B       		.uleb128 0x3b
 1134 0176 0B       		.uleb128 0xb
 1135 0177 27       		.uleb128 0x27
 1136 0178 19       		.uleb128 0x19
 1137 0179 11       		.uleb128 0x11
 1138 017a 01       		.uleb128 0x1
 1139 017b 12       		.uleb128 0x12
 1140 017c 06       		.uleb128 0x6
ARM GAS  C:\Users\Grillmo\AppData\Local\Temp\ccRzqowA.s 			page 21


 1141 017d 40       		.uleb128 0x40
 1142 017e 18       		.uleb128 0x18
 1143 017f 9742     		.uleb128 0x2117
 1144 0181 19       		.uleb128 0x19
 1145 0182 01       		.uleb128 0x1
 1146 0183 13       		.uleb128 0x13
 1147 0184 00       		.byte	0
 1148 0185 00       		.byte	0
 1149 0186 1B       		.uleb128 0x1b
 1150 0187 05       		.uleb128 0x5
 1151 0188 00       		.byte	0
 1152 0189 03       		.uleb128 0x3
 1153 018a 0E       		.uleb128 0xe
 1154 018b 3A       		.uleb128 0x3a
 1155 018c 0B       		.uleb128 0xb
 1156 018d 3B       		.uleb128 0x3b
 1157 018e 0B       		.uleb128 0xb
 1158 018f 49       		.uleb128 0x49
 1159 0190 13       		.uleb128 0x13
 1160 0191 02       		.uleb128 0x2
 1161 0192 17       		.uleb128 0x17
 1162 0193 00       		.byte	0
 1163 0194 00       		.byte	0
 1164 0195 1C       		.uleb128 0x1c
 1165 0196 05       		.uleb128 0x5
 1166 0197 00       		.byte	0
 1167 0198 03       		.uleb128 0x3
 1168 0199 0E       		.uleb128 0xe
 1169 019a 3A       		.uleb128 0x3a
 1170 019b 0B       		.uleb128 0xb
 1171 019c 3B       		.uleb128 0x3b
 1172 019d 0B       		.uleb128 0xb
 1173 019e 49       		.uleb128 0x49
 1174 019f 13       		.uleb128 0x13
 1175 01a0 02       		.uleb128 0x2
 1176 01a1 18       		.uleb128 0x18
 1177 01a2 00       		.byte	0
 1178 01a3 00       		.byte	0
 1179 01a4 1D       		.uleb128 0x1d
 1180 01a5 0F       		.uleb128 0xf
 1181 01a6 00       		.byte	0
 1182 01a7 0B       		.uleb128 0xb
 1183 01a8 0B       		.uleb128 0xb
 1184 01a9 49       		.uleb128 0x49
 1185 01aa 13       		.uleb128 0x13
 1186 01ab 00       		.byte	0
 1187 01ac 00       		.byte	0
 1188 01ad 1E       		.uleb128 0x1e
 1189 01ae 34       		.uleb128 0x34
 1190 01af 00       		.byte	0
 1191 01b0 03       		.uleb128 0x3
 1192 01b1 08       		.uleb128 0x8
 1193 01b2 3A       		.uleb128 0x3a
 1194 01b3 0B       		.uleb128 0xb
 1195 01b4 3B       		.uleb128 0x3b
 1196 01b5 0B       		.uleb128 0xb
 1197 01b6 49       		.uleb128 0x49
ARM GAS  C:\Users\Grillmo\AppData\Local\Temp\ccRzqowA.s 			page 22


 1198 01b7 13       		.uleb128 0x13
 1199 01b8 02       		.uleb128 0x2
 1200 01b9 17       		.uleb128 0x17
 1201 01ba 00       		.byte	0
 1202 01bb 00       		.byte	0
 1203 01bc 1F       		.uleb128 0x1f
 1204 01bd 2E       		.uleb128 0x2e
 1205 01be 00       		.byte	0
 1206 01bf 3F       		.uleb128 0x3f
 1207 01c0 19       		.uleb128 0x19
 1208 01c1 03       		.uleb128 0x3
 1209 01c2 0E       		.uleb128 0xe
 1210 01c3 3A       		.uleb128 0x3a
 1211 01c4 0B       		.uleb128 0xb
 1212 01c5 3B       		.uleb128 0x3b
 1213 01c6 0B       		.uleb128 0xb
 1214 01c7 27       		.uleb128 0x27
 1215 01c8 19       		.uleb128 0x19
 1216 01c9 11       		.uleb128 0x11
 1217 01ca 01       		.uleb128 0x1
 1218 01cb 12       		.uleb128 0x12
 1219 01cc 06       		.uleb128 0x6
 1220 01cd 40       		.uleb128 0x40
 1221 01ce 18       		.uleb128 0x18
 1222 01cf 9742     		.uleb128 0x2117
 1223 01d1 19       		.uleb128 0x19
 1224 01d2 00       		.byte	0
 1225 01d3 00       		.byte	0
 1226 01d4 20       		.uleb128 0x20
 1227 01d5 2E       		.uleb128 0x2e
 1228 01d6 01       		.byte	0x1
 1229 01d7 31       		.uleb128 0x31
 1230 01d8 13       		.uleb128 0x13
 1231 01d9 11       		.uleb128 0x11
 1232 01da 01       		.uleb128 0x1
 1233 01db 12       		.uleb128 0x12
 1234 01dc 06       		.uleb128 0x6
 1235 01dd 40       		.uleb128 0x40
 1236 01de 18       		.uleb128 0x18
 1237 01df 9742     		.uleb128 0x2117
 1238 01e1 19       		.uleb128 0x19
 1239 01e2 00       		.byte	0
 1240 01e3 00       		.byte	0
 1241 01e4 21       		.uleb128 0x21
 1242 01e5 05       		.uleb128 0x5
 1243 01e6 00       		.byte	0
 1244 01e7 31       		.uleb128 0x31
 1245 01e8 13       		.uleb128 0x13
 1246 01e9 02       		.uleb128 0x2
 1247 01ea 18       		.uleb128 0x18
 1248 01eb 00       		.byte	0
 1249 01ec 00       		.byte	0
 1250 01ed 00       		.byte	0
 1251              		.section	.debug_loc,"",%progbits
 1252              	.Ldebug_loc0:
 1253              	.LLST3:
 1254 0000 00000000 		.4byte	.LVL10
ARM GAS  C:\Users\Grillmo\AppData\Local\Temp\ccRzqowA.s 			page 23


 1255 0004 0A000000 		.4byte	.LVL12
 1256 0008 0100     		.2byte	0x1
 1257 000a 50       		.byte	0x50
 1258 000b 0A000000 		.4byte	.LVL12
 1259 000f 14000000 		.4byte	.LFE118
 1260 0013 0400     		.2byte	0x4
 1261 0015 F3       		.byte	0xf3
 1262 0016 01       		.uleb128 0x1
 1263 0017 50       		.byte	0x50
 1264 0018 9F       		.byte	0x9f
 1265 0019 00000000 		.4byte	0
 1266 001d 00000000 		.4byte	0
 1267              	.LLST4:
 1268 0021 00000000 		.4byte	.LVL10
 1269 0025 04000000 		.4byte	.LVL11
 1270 0029 0200     		.2byte	0x2
 1271 002b 30       		.byte	0x30
 1272 002c 9F       		.byte	0x9f
 1273 002d 04000000 		.4byte	.LVL11
 1274 0031 0A000000 		.4byte	.LVL12
 1275 0035 0800     		.2byte	0x8
 1276 0037 73       		.byte	0x73
 1277 0038 00       		.sleb128 0
 1278 0039 70       		.byte	0x70
 1279 003a 00       		.sleb128 0
 1280 003b 1A       		.byte	0x1a
 1281 003c 30       		.byte	0x30
 1282 003d 2E       		.byte	0x2e
 1283 003e 9F       		.byte	0x9f
 1284 003f 0A000000 		.4byte	.LVL12
 1285 0043 14000000 		.4byte	.LFE118
 1286 0047 0900     		.2byte	0x9
 1287 0049 73       		.byte	0x73
 1288 004a 00       		.sleb128 0
 1289 004b F3       		.byte	0xf3
 1290 004c 01       		.uleb128 0x1
 1291 004d 50       		.byte	0x50
 1292 004e 1A       		.byte	0x1a
 1293 004f 30       		.byte	0x30
 1294 0050 2E       		.byte	0x2e
 1295 0051 9F       		.byte	0x9f
 1296 0052 00000000 		.4byte	0
 1297 0056 00000000 		.4byte	0
 1298              	.LLST2:
 1299 005a 00000000 		.4byte	.LVL8
 1300 005e 06000000 		.4byte	.LVL9
 1301 0062 0100     		.2byte	0x1
 1302 0064 50       		.byte	0x50
 1303 0065 06000000 		.4byte	.LVL9
 1304 0069 10000000 		.4byte	.LFE115
 1305 006d 0400     		.2byte	0x4
 1306 006f F3       		.byte	0xf3
 1307 0070 01       		.uleb128 0x1
 1308 0071 50       		.byte	0x50
 1309 0072 9F       		.byte	0x9f
 1310 0073 00000000 		.4byte	0
 1311 0077 00000000 		.4byte	0
ARM GAS  C:\Users\Grillmo\AppData\Local\Temp\ccRzqowA.s 			page 24


 1312              	.LLST0:
 1313 007b 00000000 		.4byte	.LVL0
 1314 007f 30000000 		.4byte	.LVL2
 1315 0083 0100     		.2byte	0x1
 1316 0085 50       		.byte	0x50
 1317 0086 30000000 		.4byte	.LVL2
 1318 008a 52000000 		.4byte	.LVL5
 1319 008e 0400     		.2byte	0x4
 1320 0090 F3       		.byte	0xf3
 1321 0091 01       		.uleb128 0x1
 1322 0092 50       		.byte	0x50
 1323 0093 9F       		.byte	0x9f
 1324 0094 52000000 		.4byte	.LVL5
 1325 0098 68000000 		.4byte	.LVL6
 1326 009c 0100     		.2byte	0x1
 1327 009e 50       		.byte	0x50
 1328 009f 68000000 		.4byte	.LVL6
 1329 00a3 7C000000 		.4byte	.LFE113
 1330 00a7 0400     		.2byte	0x4
 1331 00a9 F3       		.byte	0xf3
 1332 00aa 01       		.uleb128 0x1
 1333 00ab 50       		.byte	0x50
 1334 00ac 9F       		.byte	0x9f
 1335 00ad 00000000 		.4byte	0
 1336 00b1 00000000 		.4byte	0
 1337              	.LLST1:
 1338 00b5 00000000 		.4byte	.LVL0
 1339 00b9 24000000 		.4byte	.LVL1
 1340 00bd 0600     		.2byte	0x6
 1341 00bf 0C       		.byte	0xc
 1342 00c0 003C0140 		.4byte	0x40013c00
 1343 00c4 9F       		.byte	0x9f
 1344 00c5 24000000 		.4byte	.LVL1
 1345 00c9 30000000 		.4byte	.LVL2
 1346 00cd 0E00     		.2byte	0xe
 1347 00cf 70       		.byte	0x70
 1348 00d0 04       		.sleb128 4
 1349 00d1 94       		.byte	0x94
 1350 00d2 01       		.byte	0x1
 1351 00d3 08       		.byte	0x8
 1352 00d4 FF       		.byte	0xff
 1353 00d5 1A       		.byte	0x1a
 1354 00d6 23       		.byte	0x23
 1355 00d7 80F88480 		.uleb128 0x40013c00
 1355      04
 1356 00dc 9F       		.byte	0x9f
 1357 00dd 30000000 		.4byte	.LVL2
 1358 00e1 40000000 		.4byte	.LVL3
 1359 00e5 1100     		.2byte	0x11
 1360 00e7 F3       		.byte	0xf3
 1361 00e8 01       		.uleb128 0x1
 1362 00e9 50       		.byte	0x50
 1363 00ea 23       		.byte	0x23
 1364 00eb 04       		.uleb128 0x4
 1365 00ec 94       		.byte	0x94
 1366 00ed 01       		.byte	0x1
 1367 00ee 08       		.byte	0x8
ARM GAS  C:\Users\Grillmo\AppData\Local\Temp\ccRzqowA.s 			page 25


 1368 00ef FF       		.byte	0xff
 1369 00f0 1A       		.byte	0x1a
 1370 00f1 23       		.byte	0x23
 1371 00f2 80F88480 		.uleb128 0x40013c00
 1371      04
 1372 00f7 9F       		.byte	0x9f
 1373 00f8 40000000 		.4byte	.LVL3
 1374 00fc 4C000000 		.4byte	.LVL4
 1375 0100 0C00     		.2byte	0xc
 1376 0102 71       		.byte	0x71
 1377 0103 00       		.sleb128 0
 1378 0104 08       		.byte	0x8
 1379 0105 FF       		.byte	0xff
 1380 0106 1A       		.byte	0x1a
 1381 0107 23       		.byte	0x23
 1382 0108 80F88480 		.uleb128 0x40013c00
 1382      04
 1383 010d 9F       		.byte	0x9f
 1384 010e 4C000000 		.4byte	.LVL4
 1385 0112 52000000 		.4byte	.LVL5
 1386 0116 1000     		.2byte	0x10
 1387 0118 73       		.byte	0x73
 1388 0119 8088FBFF 		.sleb128 -1073822720
 1388      7B
 1389 011e 08       		.byte	0x8
 1390 011f FF       		.byte	0xff
 1391 0120 1A       		.byte	0x1a
 1392 0121 23       		.byte	0x23
 1393 0122 80F88480 		.uleb128 0x40013c00
 1393      04
 1394 0127 9F       		.byte	0x9f
 1395 0128 52000000 		.4byte	.LVL5
 1396 012c 68000000 		.4byte	.LVL6
 1397 0130 0E00     		.2byte	0xe
 1398 0132 70       		.byte	0x70
 1399 0133 04       		.sleb128 4
 1400 0134 94       		.byte	0x94
 1401 0135 01       		.byte	0x1
 1402 0136 08       		.byte	0x8
 1403 0137 FF       		.byte	0xff
 1404 0138 1A       		.byte	0x1a
 1405 0139 23       		.byte	0x23
 1406 013a 80F88480 		.uleb128 0x40013c00
 1406      04
 1407 013f 9F       		.byte	0x9f
 1408 0140 68000000 		.4byte	.LVL6
 1409 0144 7C000000 		.4byte	.LFE113
 1410 0148 1100     		.2byte	0x11
 1411 014a F3       		.byte	0xf3
 1412 014b 01       		.uleb128 0x1
 1413 014c 50       		.byte	0x50
 1414 014d 23       		.byte	0x23
 1415 014e 04       		.uleb128 0x4
 1416 014f 94       		.byte	0x94
 1417 0150 01       		.byte	0x1
 1418 0151 08       		.byte	0x8
 1419 0152 FF       		.byte	0xff
ARM GAS  C:\Users\Grillmo\AppData\Local\Temp\ccRzqowA.s 			page 26


 1420 0153 1A       		.byte	0x1a
 1421 0154 23       		.byte	0x23
 1422 0155 80F88480 		.uleb128 0x40013c00
 1422      04
 1423 015a 9F       		.byte	0x9f
 1424 015b 00000000 		.4byte	0
 1425 015f 00000000 		.4byte	0
 1426              		.section	.debug_aranges,"",%progbits
 1427 0000 44000000 		.4byte	0x44
 1428 0004 0200     		.2byte	0x2
 1429 0006 00000000 		.4byte	.Ldebug_info0
 1430 000a 04       		.byte	0x4
 1431 000b 00       		.byte	0
 1432 000c 0000     		.2byte	0
 1433 000e 0000     		.2byte	0
 1434 0010 00000000 		.4byte	.LFB112
 1435 0014 1C000000 		.4byte	.LFE112-.LFB112
 1436 0018 00000000 		.4byte	.LFB113
 1437 001c 7C000000 		.4byte	.LFE113-.LFB113
 1438 0020 00000000 		.4byte	.LFB114
 1439 0024 0E000000 		.4byte	.LFE114-.LFB114
 1440 0028 00000000 		.4byte	.LFB115
 1441 002c 10000000 		.4byte	.LFE115-.LFB115
 1442 0030 00000000 		.4byte	.LFB118
 1443 0034 14000000 		.4byte	.LFE118-.LFB118
 1444 0038 00000000 		.4byte	.LFB119
 1445 003c 0C000000 		.4byte	.LFE119-.LFB119
 1446 0040 00000000 		.4byte	0
 1447 0044 00000000 		.4byte	0
 1448              		.section	.debug_ranges,"",%progbits
 1449              	.Ldebug_ranges0:
 1450 0000 00000000 		.4byte	.LFB112
 1451 0004 1C000000 		.4byte	.LFE112
 1452 0008 00000000 		.4byte	.LFB113
 1453 000c 7C000000 		.4byte	.LFE113
 1454 0010 00000000 		.4byte	.LFB114
 1455 0014 0E000000 		.4byte	.LFE114
 1456 0018 00000000 		.4byte	.LFB115
 1457 001c 10000000 		.4byte	.LFE115
 1458 0020 00000000 		.4byte	.LFB118
 1459 0024 14000000 		.4byte	.LFE118
 1460 0028 00000000 		.4byte	.LFB119
 1461 002c 0C000000 		.4byte	.LFE119
 1462 0030 00000000 		.4byte	0
 1463 0034 00000000 		.4byte	0
 1464              		.section	.debug_line,"",%progbits
 1465              	.Ldebug_line0:
 1466 0000 7E020000 		.section	.debug_str,"MS",%progbits,1
 1466      0200D701 
 1466      00000201 
 1466      FB0E0D00 
 1466      01010101 
 1467              	.LASF33:
 1468 0000 45585449 		.ascii	"EXTI_Line\000"
 1468      5F4C696E 
 1468      6500
 1469              	.LASF34:
ARM GAS  C:\Users\Grillmo\AppData\Local\Temp\ccRzqowA.s 			page 27


 1470 000a 45585449 		.ascii	"EXTI_Mode\000"
 1470      5F4D6F64 
 1470      6500
 1471              	.LASF40:
 1472 0014 45585449 		.ascii	"EXTI_GenerateSWInterrupt\000"
 1472      5F47656E 
 1472      65726174 
 1472      65535749 
 1472      6E746572 
 1473              	.LASF22:
 1474 002d 49545374 		.ascii	"ITStatus\000"
 1474      61747573 
 1474      00
 1475              	.LASF36:
 1476 0036 45585449 		.ascii	"EXTI_LineCmd\000"
 1476      5F4C696E 
 1476      65436D64 
 1476      00
 1477              	.LASF35:
 1478 0043 45585449 		.ascii	"EXTI_Trigger\000"
 1478      5F547269 
 1478      67676572 
 1478      00
 1479              	.LASF5:
 1480 0050 5F5F696E 		.ascii	"__int32_t\000"
 1480      7433325F 
 1480      7400
 1481              	.LASF41:
 1482 005a 45585449 		.ascii	"EXTI_StructInit\000"
 1482      5F537472 
 1482      75637449 
 1482      6E697400 
 1483              	.LASF27:
 1484 006a 45585449 		.ascii	"EXTI_Mode_Event\000"
 1484      5F4D6F64 
 1484      655F4576 
 1484      656E7400 
 1485              	.LASF3:
 1486 007a 73686F72 		.ascii	"short unsigned int\000"
 1486      7420756E 
 1486      7369676E 
 1486      65642069 
 1486      6E7400
 1487              	.LASF25:
 1488 008d 46756E63 		.ascii	"FunctionalState\000"
 1488      74696F6E 
 1488      616C5374 
 1488      61746500 
 1489              	.LASF44:
 1490 009d 62697473 		.ascii	"bitstatus\000"
 1490      74617475 
 1490      7300
 1491              	.LASF46:
 1492 00a7 43686962 		.ascii	"ChibiOS_3.0.2/ext/stdperiph_stm32f4/src/stm32f4xx_e"
 1492      694F535F 
 1492      332E302E 
 1492      322F6578 
ARM GAS  C:\Users\Grillmo\AppData\Local\Temp\ccRzqowA.s 			page 28


 1492      742F7374 
 1493 00da 7874692E 		.ascii	"xti.c\000"
 1493      6300
 1494              	.LASF37:
 1495 00e0 45585449 		.ascii	"EXTI_InitTypeDef\000"
 1495      5F496E69 
 1495      74547970 
 1495      65446566 
 1495      00
 1496              	.LASF42:
 1497 00f1 45585449 		.ascii	"EXTI_InitStruct\000"
 1497      5F496E69 
 1497      74537472 
 1497      75637400 
 1498              	.LASF24:
 1499 0101 454E4142 		.ascii	"ENABLE\000"
 1499      4C4500
 1500              	.LASF26:
 1501 0108 45585449 		.ascii	"EXTI_Mode_Interrupt\000"
 1501      5F4D6F64 
 1501      655F496E 
 1501      74657272 
 1501      75707400 
 1502              	.LASF1:
 1503 011c 756E7369 		.ascii	"unsigned char\000"
 1503      676E6564 
 1503      20636861 
 1503      7200
 1504              	.LASF21:
 1505 012a 466C6167 		.ascii	"FlagStatus\000"
 1505      53746174 
 1505      757300
 1506              	.LASF49:
 1507 0135 45585449 		.ascii	"EXTI_ClearFlag\000"
 1507      5F436C65 
 1507      6172466C 
 1507      616700
 1508              	.LASF7:
 1509 0144 6C6F6E67 		.ascii	"long unsigned int\000"
 1509      20756E73 
 1509      69676E65 
 1509      6420696E 
 1509      7400
 1510              	.LASF20:
 1511 0156 52455345 		.ascii	"RESET\000"
 1511      5400
 1512              	.LASF28:
 1513 015c 45585449 		.ascii	"EXTIMode_TypeDef\000"
 1513      4D6F6465 
 1513      5F547970 
 1513      65446566 
 1513      00
 1514              	.LASF19:
 1515 016d 45585449 		.ascii	"EXTI_TypeDef\000"
 1515      5F547970 
 1515      65446566 
 1515      00
ARM GAS  C:\Users\Grillmo\AppData\Local\Temp\ccRzqowA.s 			page 29


 1516              	.LASF14:
 1517 017a 49544D5F 		.ascii	"ITM_RxBuffer\000"
 1517      52784275 
 1517      66666572 
 1517      00
 1518              	.LASF16:
 1519 0187 52545352 		.ascii	"RTSR\000"
 1519      00
 1520              	.LASF6:
 1521 018c 5F5F7569 		.ascii	"__uint32_t\000"
 1521      6E743332 
 1521      5F7400
 1522              	.LASF29:
 1523 0197 45585449 		.ascii	"EXTI_Trigger_Rising\000"
 1523      5F547269 
 1523      67676572 
 1523      5F526973 
 1523      696E6700 
 1524              	.LASF31:
 1525 01ab 45585449 		.ascii	"EXTI_Trigger_Rising_Falling\000"
 1525      5F547269 
 1525      67676572 
 1525      5F526973 
 1525      696E675F 
 1526              	.LASF10:
 1527 01c7 756E7369 		.ascii	"unsigned int\000"
 1527      676E6564 
 1527      20696E74 
 1527      00
 1528              	.LASF43:
 1529 01d4 45585449 		.ascii	"EXTI_Init\000"
 1529      5F496E69 
 1529      7400
 1530              	.LASF47:
 1531 01de 443A5C65 		.ascii	"D:\\ebikeSystem\000"
 1531      62696B65 
 1531      53797374 
 1531      656D00
 1532              	.LASF39:
 1533 01ed 45585449 		.ascii	"EXTI_GetFlagStatus\000"
 1533      5F476574 
 1533      466C6167 
 1533      53746174 
 1533      757300
 1534              	.LASF9:
 1535 0200 6C6F6E67 		.ascii	"long long unsigned int\000"
 1535      206C6F6E 
 1535      6720756E 
 1535      7369676E 
 1535      65642069 
 1536              	.LASF0:
 1537 0217 7369676E 		.ascii	"signed char\000"
 1537      65642063 
 1537      68617200 
 1538              	.LASF30:
 1539 0223 45585449 		.ascii	"EXTI_Trigger_Falling\000"
 1539      5F547269 
ARM GAS  C:\Users\Grillmo\AppData\Local\Temp\ccRzqowA.s 			page 30


 1539      67676572 
 1539      5F46616C 
 1539      6C696E67 
 1540              	.LASF11:
 1541 0238 696E7433 		.ascii	"int32_t\000"
 1541      325F7400 
 1542              	.LASF13:
 1543 0240 73697A65 		.ascii	"sizetype\000"
 1543      74797065 
 1543      00
 1544              	.LASF45:
 1545 0249 474E5520 		.ascii	"GNU C99 6.3.1 20170215 (release) [ARM/embedded-6-br"
 1545      43393920 
 1545      362E332E 
 1545      31203230 
 1545      31373032 
 1546 027c 616E6368 		.ascii	"anch revision 245512] -mcpu=cortex-m4 -mfloat-abi=h"
 1546      20726576 
 1546      6973696F 
 1546      6E203234 
 1546      35353132 
 1547 02af 61726420 		.ascii	"ard -mfpu=fpv4-sp-d16 -mno-thumb-interwork -mthumb "
 1547      2D6D6670 
 1547      753D6670 
 1547      76342D73 
 1547      702D6431 
 1548 02e2 2D676764 		.ascii	"-ggdb -O2 -std=gnu99 -fomit-frame-pointer -falign-f"
 1548      62202D4F 
 1548      32202D73 
 1548      74643D67 
 1548      6E753939 
 1549 0315 756E6374 		.ascii	"unctions=16 -ffunction-sections -fdata-sections -fn"
 1549      696F6E73 
 1549      3D313620 
 1549      2D666675 
 1549      6E637469 
 1550 0348 6F2D636F 		.ascii	"o-common -fsingle-precision-constant\000"
 1550      6D6D6F6E 
 1550      202D6673 
 1550      696E676C 
 1550      652D7072 
 1551              	.LASF8:
 1552 036d 6C6F6E67 		.ascii	"long long int\000"
 1552      206C6F6E 
 1552      6720696E 
 1552      7400
 1553              	.LASF15:
 1554 037b 53797374 		.ascii	"SystemCoreClock\000"
 1554      656D436F 
 1554      7265436C 
 1554      6F636B00 
 1555              	.LASF48:
 1556 038b 45585449 		.ascii	"EXTI_GetITStatus\000"
 1556      5F476574 
 1556      49545374 
 1556      61747573 
 1556      00
ARM GAS  C:\Users\Grillmo\AppData\Local\Temp\ccRzqowA.s 			page 31


 1557              	.LASF38:
 1558 039c 45585449 		.ascii	"EXTI_ClearITPendingBit\000"
 1558      5F436C65 
 1558      61724954 
 1558      50656E64 
 1558      696E6742 
 1559              	.LASF2:
 1560 03b3 73686F72 		.ascii	"short int\000"
 1560      7420696E 
 1560      7400
 1561              	.LASF12:
 1562 03bd 75696E74 		.ascii	"uint32_t\000"
 1562      33325F74 
 1562      00
 1563              	.LASF4:
 1564 03c6 6C6F6E67 		.ascii	"long int\000"
 1564      20696E74 
 1564      00
 1565              	.LASF23:
 1566 03cf 44495341 		.ascii	"DISABLE\000"
 1566      424C4500 
 1567              	.LASF32:
 1568 03d7 45585449 		.ascii	"EXTITrigger_TypeDef\000"
 1568      54726967 
 1568      6765725F 
 1568      54797065 
 1568      44656600 
 1569              	.LASF18:
 1570 03eb 53574945 		.ascii	"SWIER\000"
 1570      5200
 1571              	.LASF50:
 1572 03f1 45585449 		.ascii	"EXTI_DeInit\000"
 1572      5F446549 
 1572      6E697400 
 1573              	.LASF17:
 1574 03fd 46545352 		.ascii	"FTSR\000"
 1574      00
 1575              		.ident	"GCC: (GNU Tools for ARM Embedded Processors 6-2017-q1-update) 6.3.1 20170215 (release) [AR
ARM GAS  C:\Users\Grillmo\AppData\Local\Temp\ccRzqowA.s 			page 32


DEFINED SYMBOLS
                            *ABS*:00000000 stm32f4xx_exti.c
C:\Users\Grillmo\AppData\Local\Temp\ccRzqowA.s:18     .text.EXTI_DeInit:00000000 $t
C:\Users\Grillmo\AppData\Local\Temp\ccRzqowA.s:26     .text.EXTI_DeInit:00000000 EXTI_DeInit
C:\Users\Grillmo\AppData\Local\Temp\ccRzqowA.s:53     .text.EXTI_DeInit:00000014 $d
C:\Users\Grillmo\AppData\Local\Temp\ccRzqowA.s:59     .text.EXTI_Init:00000000 $t
C:\Users\Grillmo\AppData\Local\Temp\ccRzqowA.s:67     .text.EXTI_Init:00000000 EXTI_Init
C:\Users\Grillmo\AppData\Local\Temp\ccRzqowA.s:181    .text.EXTI_Init:00000078 $d
C:\Users\Grillmo\AppData\Local\Temp\ccRzqowA.s:186    .text.EXTI_StructInit:00000000 $t
C:\Users\Grillmo\AppData\Local\Temp\ccRzqowA.s:194    .text.EXTI_StructInit:00000000 EXTI_StructInit
C:\Users\Grillmo\AppData\Local\Temp\ccRzqowA.s:218    .text.EXTI_GenerateSWInterrupt:00000000 $t
C:\Users\Grillmo\AppData\Local\Temp\ccRzqowA.s:226    .text.EXTI_GenerateSWInterrupt:00000000 EXTI_GenerateSWInterrupt
C:\Users\Grillmo\AppData\Local\Temp\ccRzqowA.s:244    .text.EXTI_GenerateSWInterrupt:0000000c $d
C:\Users\Grillmo\AppData\Local\Temp\ccRzqowA.s:249    .text.EXTI_ClearFlag:00000000 $t
C:\Users\Grillmo\AppData\Local\Temp\ccRzqowA.s:257    .text.EXTI_ClearFlag:00000000 EXTI_ClearFlag
C:\Users\Grillmo\AppData\Local\Temp\ccRzqowA.s:269    .text.EXTI_ClearFlag:00000008 $d
C:\Users\Grillmo\AppData\Local\Temp\ccRzqowA.s:274    .text.EXTI_GetITStatus:00000000 $t
C:\Users\Grillmo\AppData\Local\Temp\ccRzqowA.s:282    .text.EXTI_GetITStatus:00000000 EXTI_GetITStatus
C:\Users\Grillmo\AppData\Local\Temp\ccRzqowA.s:304    .text.EXTI_GetITStatus:00000010 $d
C:\Users\Grillmo\AppData\Local\Temp\ccRzqowA.s:309    .text.EXTI_GetFlagStatus:00000000 $t
C:\Users\Grillmo\AppData\Local\Temp\ccRzqowA.s:317    .text.EXTI_GetFlagStatus:00000000 EXTI_GetFlagStatus
C:\Users\Grillmo\AppData\Local\Temp\ccRzqowA.s:328    .text.EXTI_ClearITPendingBit:00000000 $t
C:\Users\Grillmo\AppData\Local\Temp\ccRzqowA.s:336    .text.EXTI_ClearITPendingBit:00000000 EXTI_ClearITPendingBit
C:\Users\Grillmo\AppData\Local\Temp\ccRzqowA.s:351    .text.EXTI_ClearITPendingBit:00000008 $d
                     .debug_frame:00000010 $d

NO UNDEFINED SYMBOLS
