ARM GAS  C:\Users\Grillmo\AppData\Local\Temp\cc26i0c8.s 			page 1


   1              		.cpu cortex-m4
   2              		.eabi_attribute 27, 1
   3              		.eabi_attribute 28, 1
   4              		.eabi_attribute 20, 1
   5              		.eabi_attribute 21, 1
   6              		.eabi_attribute 23, 3
   7              		.eabi_attribute 24, 1
   8              		.eabi_attribute 25, 1
   9              		.eabi_attribute 26, 1
  10              		.eabi_attribute 30, 2
  11              		.eabi_attribute 34, 1
  12              		.eabi_attribute 18, 4
  13              		.file	"stm32f4xx_wwdg.c"
  14              		.text
  15              	.Ltext0:
  16              		.cfi_sections	.debug_frame
  17              		.section	.text.WWDG_DeInit,"ax",%progbits
  18              		.align	1
  19              		.p2align 4,,15
  20              		.global	WWDG_DeInit
  21              		.syntax unified
  22              		.thumb
  23              		.thumb_func
  24              		.fpu fpv4-sp-d16
  25              		.type	WWDG_DeInit, %function
  26              	WWDG_DeInit:
  27              	.LFB112:
  28              		.file 1 "ChibiOS_3.0.2/ext/stdperiph_stm32f4/src/stm32f4xx_wwdg.c"
  29              		.loc 1 143 0
  30              		.cfi_startproc
  31              		@ args = 0, pretend = 0, frame = 0
  32              		@ frame_needed = 0, uses_anonymous_args = 0
  33 0000 08B5     		push	{r3, lr}
  34              		.cfi_def_cfa_offset 8
  35              		.cfi_offset 3, -8
  36              		.cfi_offset 14, -4
  37              		.loc 1 144 0
  38 0002 0121     		movs	r1, #1
  39 0004 4FF40060 		mov	r0, #2048
  40 0008 FFF7FEFF 		bl	RCC_APB1PeriphResetCmd
  41              	.LVL0:
  42              		.loc 1 145 0
  43 000c 0021     		movs	r1, #0
  44 000e 4FF40060 		mov	r0, #2048
  45              		.loc 1 146 0
  46 0012 BDE80840 		pop	{r3, lr}
  47              		.cfi_restore 14
  48              		.cfi_restore 3
  49              		.cfi_def_cfa_offset 0
  50              		.loc 1 145 0
  51 0016 FFF7FEBF 		b	RCC_APB1PeriphResetCmd
  52              	.LVL1:
  53              		.cfi_endproc
  54              	.LFE112:
  55              		.size	WWDG_DeInit, .-WWDG_DeInit
  56 001a 00BF     		.section	.text.WWDG_SetPrescaler,"ax",%progbits
  57              		.align	1
ARM GAS  C:\Users\Grillmo\AppData\Local\Temp\cc26i0c8.s 			page 2


  58              		.p2align 4,,15
  59              		.global	WWDG_SetPrescaler
  60              		.syntax unified
  61              		.thumb
  62              		.thumb_func
  63              		.fpu fpv4-sp-d16
  64              		.type	WWDG_SetPrescaler, %function
  65              	WWDG_SetPrescaler:
  66              	.LFB113:
  67              		.loc 1 159 0
  68              		.cfi_startproc
  69              		@ args = 0, pretend = 0, frame = 0
  70              		@ frame_needed = 0, uses_anonymous_args = 0
  71              		@ link register save eliminated.
  72              	.LVL2:
  73              		.loc 1 164 0
  74 0000 034A     		ldr	r2, .L4
  75 0002 5368     		ldr	r3, [r2, #4]
  76 0004 23F4C073 		bic	r3, r3, #384
  77              	.LVL3:
  78              		.loc 1 166 0
  79 0008 1843     		orrs	r0, r0, r3
  80              	.LVL4:
  81              		.loc 1 168 0
  82 000a 5060     		str	r0, [r2, #4]
  83 000c 7047     		bx	lr
  84              	.L5:
  85 000e 00BF     		.align	2
  86              	.L4:
  87 0010 002C0040 		.word	1073753088
  88              		.cfi_endproc
  89              	.LFE113:
  90              		.size	WWDG_SetPrescaler, .-WWDG_SetPrescaler
  91              		.section	.text.WWDG_SetWindowValue,"ax",%progbits
  92              		.align	1
  93              		.p2align 4,,15
  94              		.global	WWDG_SetWindowValue
  95              		.syntax unified
  96              		.thumb
  97              		.thumb_func
  98              		.fpu fpv4-sp-d16
  99              		.type	WWDG_SetWindowValue, %function
 100              	WWDG_SetWindowValue:
 101              	.LFB114:
 102              		.loc 1 178 0
 103              		.cfi_startproc
 104              		@ args = 0, pretend = 0, frame = 8
 105              		@ frame_needed = 0, uses_anonymous_args = 0
 106              		@ link register save eliminated.
 107              	.LVL5:
 108 0000 82B0     		sub	sp, sp, #8
 109              		.cfi_def_cfa_offset 8
 110              		.loc 1 185 0
 111 0002 084A     		ldr	r2, .L8
 112              		.loc 1 179 0
 113 0004 0023     		movs	r3, #0
 114 0006 0193     		str	r3, [sp, #4]
ARM GAS  C:\Users\Grillmo\AppData\Local\Temp\cc26i0c8.s 			page 3


 115              		.loc 1 185 0
 116 0008 5368     		ldr	r3, [r2, #4]
 117 000a 23F07F03 		bic	r3, r3, #127
 118 000e 0193     		str	r3, [sp, #4]
 119              		.loc 1 188 0
 120 0010 019B     		ldr	r3, [sp, #4]
 121 0012 00F07F00 		and	r0, r0, #127
 122              	.LVL6:
 123 0016 1843     		orrs	r0, r0, r3
 124 0018 0190     		str	r0, [sp, #4]
 125              		.loc 1 191 0
 126 001a 019B     		ldr	r3, [sp, #4]
 127 001c 5360     		str	r3, [r2, #4]
 128              		.loc 1 192 0
 129 001e 02B0     		add	sp, sp, #8
 130              		.cfi_def_cfa_offset 0
 131              		@ sp needed
 132 0020 7047     		bx	lr
 133              	.L9:
 134 0022 00BF     		.align	2
 135              	.L8:
 136 0024 002C0040 		.word	1073753088
 137              		.cfi_endproc
 138              	.LFE114:
 139              		.size	WWDG_SetWindowValue, .-WWDG_SetWindowValue
 140              		.section	.text.WWDG_EnableIT,"ax",%progbits
 141              		.align	1
 142              		.p2align 4,,15
 143              		.global	WWDG_EnableIT
 144              		.syntax unified
 145              		.thumb
 146              		.thumb_func
 147              		.fpu fpv4-sp-d16
 148              		.type	WWDG_EnableIT, %function
 149              	WWDG_EnableIT:
 150              	.LFB115:
 151              		.loc 1 201 0
 152              		.cfi_startproc
 153              		@ args = 0, pretend = 0, frame = 0
 154              		@ frame_needed = 0, uses_anonymous_args = 0
 155              		@ link register save eliminated.
 156              		.loc 1 202 0
 157 0000 014B     		ldr	r3, .L11
 158 0002 0122     		movs	r2, #1
 159 0004 1A60     		str	r2, [r3]
 160 0006 7047     		bx	lr
 161              	.L12:
 162              		.align	2
 163              	.L11:
 164 0008 A4800542 		.word	1107656868
 165              		.cfi_endproc
 166              	.LFE115:
 167              		.size	WWDG_EnableIT, .-WWDG_EnableIT
 168              		.section	.text.WWDG_SetCounter,"ax",%progbits
 169              		.align	1
 170              		.p2align 4,,15
 171              		.global	WWDG_SetCounter
ARM GAS  C:\Users\Grillmo\AppData\Local\Temp\cc26i0c8.s 			page 4


 172              		.syntax unified
 173              		.thumb
 174              		.thumb_func
 175              		.fpu fpv4-sp-d16
 176              		.type	WWDG_SetCounter, %function
 177              	WWDG_SetCounter:
 178              	.LFB116:
 179              		.loc 1 213 0
 180              		.cfi_startproc
 181              		@ args = 0, pretend = 0, frame = 0
 182              		@ frame_needed = 0, uses_anonymous_args = 0
 183              		@ link register save eliminated.
 184              	.LVL7:
 185              		.loc 1 218 0
 186 0000 024B     		ldr	r3, .L14
 187 0002 00F07F00 		and	r0, r0, #127
 188              	.LVL8:
 189 0006 1860     		str	r0, [r3]
 190 0008 7047     		bx	lr
 191              	.L15:
 192 000a 00BF     		.align	2
 193              	.L14:
 194 000c 002C0040 		.word	1073753088
 195              		.cfi_endproc
 196              	.LFE116:
 197              		.size	WWDG_SetCounter, .-WWDG_SetCounter
 198              		.section	.text.WWDG_Enable,"ax",%progbits
 199              		.align	1
 200              		.p2align 4,,15
 201              		.global	WWDG_Enable
 202              		.syntax unified
 203              		.thumb
 204              		.thumb_func
 205              		.fpu fpv4-sp-d16
 206              		.type	WWDG_Enable, %function
 207              	WWDG_Enable:
 208              	.LFB117:
 209              		.loc 1 244 0
 210              		.cfi_startproc
 211              		@ args = 0, pretend = 0, frame = 0
 212              		@ frame_needed = 0, uses_anonymous_args = 0
 213              		@ link register save eliminated.
 214              	.LVL9:
 215              		.loc 1 247 0
 216 0000 024B     		ldr	r3, .L17
 217 0002 40F08000 		orr	r0, r0, #128
 218              	.LVL10:
 219 0006 1860     		str	r0, [r3]
 220 0008 7047     		bx	lr
 221              	.L18:
 222 000a 00BF     		.align	2
 223              	.L17:
 224 000c 002C0040 		.word	1073753088
 225              		.cfi_endproc
 226              	.LFE117:
 227              		.size	WWDG_Enable, .-WWDG_Enable
 228              		.section	.text.WWDG_GetFlagStatus,"ax",%progbits
ARM GAS  C:\Users\Grillmo\AppData\Local\Temp\cc26i0c8.s 			page 5


 229              		.align	1
 230              		.p2align 4,,15
 231              		.global	WWDG_GetFlagStatus
 232              		.syntax unified
 233              		.thumb
 234              		.thumb_func
 235              		.fpu fpv4-sp-d16
 236              		.type	WWDG_GetFlagStatus, %function
 237              	WWDG_GetFlagStatus:
 238              	.LFB118:
 239              		.loc 1 271 0
 240              		.cfi_startproc
 241              		@ args = 0, pretend = 0, frame = 0
 242              		@ frame_needed = 0, uses_anonymous_args = 0
 243              		@ link register save eliminated.
 244              	.LVL11:
 245              		.loc 1 274 0
 246 0000 024B     		ldr	r3, .L20
 247 0002 9868     		ldr	r0, [r3, #8]
 248              	.LVL12:
 249              		.loc 1 283 0
 250 0004 0030     		adds	r0, r0, #0
 251 0006 18BF     		it	ne
 252 0008 0120     		movne	r0, #1
 253              	.LVL13:
 254 000a 7047     		bx	lr
 255              	.L21:
 256              		.align	2
 257              	.L20:
 258 000c 002C0040 		.word	1073753088
 259              		.cfi_endproc
 260              	.LFE118:
 261              		.size	WWDG_GetFlagStatus, .-WWDG_GetFlagStatus
 262              		.section	.text.WWDG_ClearFlag,"ax",%progbits
 263              		.align	1
 264              		.p2align 4,,15
 265              		.global	WWDG_ClearFlag
 266              		.syntax unified
 267              		.thumb
 268              		.thumb_func
 269              		.fpu fpv4-sp-d16
 270              		.type	WWDG_ClearFlag, %function
 271              	WWDG_ClearFlag:
 272              	.LFB119:
 273              		.loc 1 291 0
 274              		.cfi_startproc
 275              		@ args = 0, pretend = 0, frame = 0
 276              		@ frame_needed = 0, uses_anonymous_args = 0
 277              		@ link register save eliminated.
 278              		.loc 1 292 0
 279 0000 014B     		ldr	r3, .L23
 280 0002 0022     		movs	r2, #0
 281 0004 9A60     		str	r2, [r3, #8]
 282 0006 7047     		bx	lr
 283              	.L24:
 284              		.align	2
 285              	.L23:
ARM GAS  C:\Users\Grillmo\AppData\Local\Temp\cc26i0c8.s 			page 6


 286 0008 002C0040 		.word	1073753088
 287              		.cfi_endproc
 288              	.LFE119:
 289              		.size	WWDG_ClearFlag, .-WWDG_ClearFlag
 290              		.text
 291              	.Letext0:
 292              		.file 2 "c:\\chibistudio\\tools\\gnu tools arm embedded\\6.3 2017q1\\arm-none-eabi\\include\\machi
 293              		.file 3 "c:\\chibistudio\\tools\\gnu tools arm embedded\\6.3 2017q1\\arm-none-eabi\\include\\sys\\
 294              		.file 4 "ChibiOS_3.0.2/os/ext/CMSIS/include/core_cm4.h"
 295              		.file 5 "ChibiOS_3.0.2/os/ext/CMSIS/ST/system_stm32f4xx.h"
 296              		.file 6 "ChibiOS_3.0.2/os/ext/CMSIS/ST/stm32f407xx.h"
 297              		.file 7 "ChibiOS_3.0.2/os/ext/CMSIS/ST/stm32f4xx.h"
 298              		.file 8 "ChibiOS_3.0.2/ext/stdperiph_stm32f4/inc/stm32f4xx_rcc.h"
 299              		.section	.debug_info,"",%progbits
 300              	.Ldebug_info0:
 301 0000 9B020000 		.4byte	0x29b
 302 0004 0400     		.2byte	0x4
 303 0006 00000000 		.4byte	.Ldebug_abbrev0
 304 000a 04       		.byte	0x4
 305 000b 01       		.uleb128 0x1
 306 000c 88010000 		.4byte	.LASF35
 307 0010 0C       		.byte	0xc
 308 0011 30010000 		.4byte	.LASF36
 309 0015 F0000000 		.4byte	.LASF37
 310 0019 00000000 		.4byte	.Ldebug_ranges0+0
 311 001d 00000000 		.4byte	0
 312 0021 00000000 		.4byte	.Ldebug_line0
 313 0025 02       		.uleb128 0x2
 314 0026 01       		.byte	0x1
 315 0027 06       		.byte	0x6
 316 0028 64000000 		.4byte	.LASF0
 317 002c 03       		.uleb128 0x3
 318 002d 00000000 		.4byte	.LASF4
 319 0031 02       		.byte	0x2
 320 0032 2B       		.byte	0x2b
 321 0033 37000000 		.4byte	0x37
 322 0037 02       		.uleb128 0x2
 323 0038 01       		.byte	0x1
 324 0039 08       		.byte	0x8
 325 003a C1000000 		.4byte	.LASF1
 326 003e 02       		.uleb128 0x2
 327 003f 02       		.byte	0x2
 328 0040 05       		.byte	0x5
 329 0041 D3020000 		.4byte	.LASF2
 330 0045 02       		.uleb128 0x2
 331 0046 02       		.byte	0x2
 332 0047 07       		.byte	0x7
 333 0048 14000000 		.4byte	.LASF3
 334 004c 03       		.uleb128 0x3
 335 004d 0A000000 		.4byte	.LASF5
 336 0051 02       		.byte	0x2
 337 0052 4D       		.byte	0x4d
 338 0053 57000000 		.4byte	0x57
 339 0057 02       		.uleb128 0x2
 340 0058 04       		.byte	0x4
 341 0059 05       		.byte	0x5
 342 005a 1C030000 		.4byte	.LASF6
ARM GAS  C:\Users\Grillmo\AppData\Local\Temp\cc26i0c8.s 			page 7


 343 005e 03       		.uleb128 0x3
 344 005f 52000000 		.4byte	.LASF7
 345 0063 02       		.byte	0x2
 346 0064 4F       		.byte	0x4f
 347 0065 69000000 		.4byte	0x69
 348 0069 02       		.uleb128 0x2
 349 006a 04       		.byte	0x4
 350 006b 07       		.byte	0x7
 351 006c 9C000000 		.4byte	.LASF8
 352 0070 02       		.uleb128 0x2
 353 0071 08       		.byte	0x8
 354 0072 05       		.byte	0x5
 355 0073 B5020000 		.4byte	.LASF9
 356 0077 02       		.uleb128 0x2
 357 0078 08       		.byte	0x8
 358 0079 07       		.byte	0x7
 359 007a FF000000 		.4byte	.LASF10
 360 007e 04       		.uleb128 0x4
 361 007f 04       		.byte	0x4
 362 0080 05       		.byte	0x5
 363 0081 696E7400 		.ascii	"int\000"
 364 0085 02       		.uleb128 0x2
 365 0086 04       		.byte	0x4
 366 0087 07       		.byte	0x7
 367 0088 E3000000 		.4byte	.LASF11
 368 008c 03       		.uleb128 0x3
 369 008d 16010000 		.4byte	.LASF12
 370 0091 03       		.byte	0x3
 371 0092 18       		.byte	0x18
 372 0093 2C000000 		.4byte	0x2c
 373 0097 03       		.uleb128 0x3
 374 0098 3E000000 		.4byte	.LASF13
 375 009c 03       		.byte	0x3
 376 009d 2C       		.byte	0x2c
 377 009e 4C000000 		.4byte	0x4c
 378 00a2 05       		.uleb128 0x5
 379 00a3 97000000 		.4byte	0x97
 380 00a7 03       		.uleb128 0x3
 381 00a8 13030000 		.4byte	.LASF14
 382 00ac 03       		.byte	0x3
 383 00ad 30       		.byte	0x30
 384 00ae 5E000000 		.4byte	0x5e
 385 00b2 05       		.uleb128 0x5
 386 00b3 A7000000 		.4byte	0xa7
 387 00b7 02       		.uleb128 0x2
 388 00b8 04       		.byte	0x4
 389 00b9 07       		.byte	0x7
 390 00ba AC020000 		.4byte	.LASF15
 391 00be 06       		.uleb128 0x6
 392 00bf B4000000 		.4byte	.LASF16
 393 00c3 04       		.byte	0x4
 394 00c4 A706     		.2byte	0x6a7
 395 00c6 A2000000 		.4byte	0xa2
 396 00ca 07       		.uleb128 0x7
 397 00cb C3020000 		.4byte	.LASF17
 398 00cf 05       		.byte	0x5
 399 00d0 4C       		.byte	0x4c
ARM GAS  C:\Users\Grillmo\AppData\Local\Temp\cc26i0c8.s 			page 8


 400 00d1 A7000000 		.4byte	0xa7
 401 00d5 08       		.uleb128 0x8
 402 00d6 0C       		.byte	0xc
 403 00d7 06       		.byte	0x6
 404 00d8 1803     		.2byte	0x318
 405 00da 04010000 		.4byte	0x104
 406 00de 09       		.uleb128 0x9
 407 00df 435200   		.ascii	"CR\000"
 408 00e2 06       		.byte	0x6
 409 00e3 1A03     		.2byte	0x31a
 410 00e5 B2000000 		.4byte	0xb2
 411 00e9 00       		.byte	0
 412 00ea 09       		.uleb128 0x9
 413 00eb 43465200 		.ascii	"CFR\000"
 414 00ef 06       		.byte	0x6
 415 00f0 1B03     		.2byte	0x31b
 416 00f2 B2000000 		.4byte	0xb2
 417 00f6 04       		.byte	0x4
 418 00f7 09       		.uleb128 0x9
 419 00f8 535200   		.ascii	"SR\000"
 420 00fb 06       		.byte	0x6
 421 00fc 1C03     		.2byte	0x31c
 422 00fe B2000000 		.4byte	0xb2
 423 0102 08       		.byte	0x8
 424 0103 00       		.byte	0
 425 0104 0A       		.uleb128 0xa
 426 0105 27000000 		.4byte	.LASF18
 427 0109 06       		.byte	0x6
 428 010a 1D03     		.2byte	0x31d
 429 010c D5000000 		.4byte	0xd5
 430 0110 0B       		.uleb128 0xb
 431 0111 01       		.byte	0x1
 432 0112 37000000 		.4byte	0x37
 433 0116 07       		.byte	0x7
 434 0117 A2       		.byte	0xa2
 435 0118 29010000 		.4byte	0x129
 436 011c 0C       		.uleb128 0xc
 437 011d AE000000 		.4byte	.LASF19
 438 0121 00       		.byte	0
 439 0122 0D       		.uleb128 0xd
 440 0123 53455400 		.ascii	"SET\000"
 441 0127 01       		.byte	0x1
 442 0128 00       		.byte	0
 443 0129 03       		.uleb128 0x3
 444 012a 7E000000 		.4byte	.LASF20
 445 012e 07       		.byte	0x7
 446 012f A5       		.byte	0xa5
 447 0130 10010000 		.4byte	0x110
 448 0134 0B       		.uleb128 0xb
 449 0135 01       		.byte	0x1
 450 0136 37000000 		.4byte	0x37
 451 013a 07       		.byte	0x7
 452 013b A8       		.byte	0xa8
 453 013c 4D010000 		.4byte	0x14d
 454 0140 0C       		.uleb128 0xc
 455 0141 25030000 		.4byte	.LASF21
 456 0145 00       		.byte	0
ARM GAS  C:\Users\Grillmo\AppData\Local\Temp\cc26i0c8.s 			page 9


 457 0146 0C       		.uleb128 0xc
 458 0147 5D000000 		.4byte	.LASF22
 459 014b 01       		.byte	0x1
 460 014c 00       		.byte	0
 461 014d 0E       		.uleb128 0xe
 462 014e E4020000 		.4byte	.LASF26
 463 0152 01       		.byte	0x1
 464 0153 2201     		.2byte	0x122
 465 0155 00000000 		.4byte	.LFB119
 466 0159 0C000000 		.4byte	.LFE119-.LFB119
 467 015d 01       		.uleb128 0x1
 468 015e 9C       		.byte	0x9c
 469 015f 0F       		.uleb128 0xf
 470 0160 89000000 		.4byte	.LASF38
 471 0164 01       		.byte	0x1
 472 0165 0E01     		.2byte	0x10e
 473 0167 29010000 		.4byte	0x129
 474 016b 00000000 		.4byte	.LFB118
 475 016f 10000000 		.4byte	.LFE118-.LFB118
 476 0173 01       		.uleb128 0x1
 477 0174 9C       		.byte	0x9c
 478 0175 8A010000 		.4byte	0x18a
 479 0179 10       		.uleb128 0x10
 480 017a 34000000 		.4byte	.LASF30
 481 017e 01       		.byte	0x1
 482 017f 1001     		.2byte	0x110
 483 0181 29010000 		.4byte	0x129
 484 0185 00000000 		.4byte	.LLST5
 485 0189 00       		.byte	0
 486 018a 11       		.uleb128 0x11
 487 018b 46000000 		.4byte	.LASF23
 488 018f 01       		.byte	0x1
 489 0190 F3       		.byte	0xf3
 490 0191 00000000 		.4byte	.LFB117
 491 0195 10000000 		.4byte	.LFE117-.LFB117
 492 0199 01       		.uleb128 0x1
 493 019a 9C       		.byte	0x9c
 494 019b AF010000 		.4byte	0x1af
 495 019f 12       		.uleb128 0x12
 496 01a0 DB000000 		.4byte	.LASF25
 497 01a4 01       		.byte	0x1
 498 01a5 F3       		.byte	0xf3
 499 01a6 8C000000 		.4byte	0x8c
 500 01aa 23000000 		.4byte	.LLST4
 501 01ae 00       		.byte	0
 502 01af 11       		.uleb128 0x11
 503 01b0 69010000 		.4byte	.LASF24
 504 01b4 01       		.byte	0x1
 505 01b5 D4       		.byte	0xd4
 506 01b6 00000000 		.4byte	.LFB116
 507 01ba 10000000 		.4byte	.LFE116-.LFB116
 508 01be 01       		.uleb128 0x1
 509 01bf 9C       		.byte	0x9c
 510 01c0 D4010000 		.4byte	0x1d4
 511 01c4 12       		.uleb128 0x12
 512 01c5 DB000000 		.4byte	.LASF25
 513 01c9 01       		.byte	0x1
ARM GAS  C:\Users\Grillmo\AppData\Local\Temp\cc26i0c8.s 			page 10


 514 01ca D4       		.byte	0xd4
 515 01cb 8C000000 		.4byte	0x8c
 516 01cf 44000000 		.4byte	.LLST3
 517 01d3 00       		.byte	0
 518 01d4 13       		.uleb128 0x13
 519 01d5 70000000 		.4byte	.LASF27
 520 01d9 01       		.byte	0x1
 521 01da C8       		.byte	0xc8
 522 01db 00000000 		.4byte	.LFB115
 523 01df 0C000000 		.4byte	.LFE115-.LFB115
 524 01e3 01       		.uleb128 0x1
 525 01e4 9C       		.byte	0x9c
 526 01e5 11       		.uleb128 0x11
 527 01e6 F3020000 		.4byte	.LASF28
 528 01ea 01       		.byte	0x1
 529 01eb B1       		.byte	0xb1
 530 01ec 00000000 		.4byte	.LFB114
 531 01f0 28000000 		.4byte	.LFE114-.LFB114
 532 01f4 01       		.uleb128 0x1
 533 01f5 9C       		.byte	0x9c
 534 01f6 18020000 		.4byte	0x218
 535 01fa 12       		.uleb128 0x12
 536 01fb CF000000 		.4byte	.LASF29
 537 01ff 01       		.byte	0x1
 538 0200 B1       		.byte	0xb1
 539 0201 8C000000 		.4byte	0x8c
 540 0205 65000000 		.4byte	.LLST2
 541 0209 14       		.uleb128 0x14
 542 020a DD020000 		.4byte	.LASF31
 543 020e 01       		.byte	0x1
 544 020f B3       		.byte	0xb3
 545 0210 B2000000 		.4byte	0xb2
 546 0214 02       		.uleb128 0x2
 547 0215 91       		.byte	0x91
 548 0216 7C       		.sleb128 -4
 549 0217 00       		.byte	0
 550 0218 11       		.uleb128 0x11
 551 0219 1E010000 		.4byte	.LASF32
 552 021d 01       		.byte	0x1
 553 021e 9E       		.byte	0x9e
 554 021f 00000000 		.4byte	.LFB113
 555 0223 14000000 		.4byte	.LFE113-.LFB113
 556 0227 01       		.uleb128 0x1
 557 0228 9C       		.byte	0x9c
 558 0229 4C020000 		.4byte	0x24c
 559 022d 12       		.uleb128 0x12
 560 022e 79010000 		.4byte	.LASF33
 561 0232 01       		.byte	0x1
 562 0233 9E       		.byte	0x9e
 563 0234 A7000000 		.4byte	0xa7
 564 0238 86000000 		.4byte	.LLST0
 565 023c 15       		.uleb128 0x15
 566 023d DD020000 		.4byte	.LASF31
 567 0241 01       		.byte	0x1
 568 0242 A0       		.byte	0xa0
 569 0243 A7000000 		.4byte	0xa7
 570 0247 A7000000 		.4byte	.LLST1
ARM GAS  C:\Users\Grillmo\AppData\Local\Temp\cc26i0c8.s 			page 11


 571 024b 00       		.byte	0
 572 024c 11       		.uleb128 0x11
 573 024d 07030000 		.4byte	.LASF34
 574 0251 01       		.byte	0x1
 575 0252 8E       		.byte	0x8e
 576 0253 00000000 		.4byte	.LFB112
 577 0257 1A000000 		.4byte	.LFE112-.LFB112
 578 025b 01       		.uleb128 0x1
 579 025c 9C       		.byte	0x9c
 580 025d 92020000 		.4byte	0x292
 581 0261 16       		.uleb128 0x16
 582 0262 0C000000 		.4byte	.LVL0
 583 0266 92020000 		.4byte	0x292
 584 026a 7B020000 		.4byte	0x27b
 585 026e 17       		.uleb128 0x17
 586 026f 01       		.uleb128 0x1
 587 0270 50       		.byte	0x50
 588 0271 03       		.uleb128 0x3
 589 0272 0A       		.byte	0xa
 590 0273 0008     		.2byte	0x800
 591 0275 17       		.uleb128 0x17
 592 0276 01       		.uleb128 0x1
 593 0277 51       		.byte	0x51
 594 0278 01       		.uleb128 0x1
 595 0279 31       		.byte	0x31
 596 027a 00       		.byte	0
 597 027b 18       		.uleb128 0x18
 598 027c 1A000000 		.4byte	.LVL1
 599 0280 92020000 		.4byte	0x292
 600 0284 17       		.uleb128 0x17
 601 0285 01       		.uleb128 0x1
 602 0286 50       		.byte	0x50
 603 0287 03       		.uleb128 0x3
 604 0288 0A       		.byte	0xa
 605 0289 0008     		.2byte	0x800
 606 028b 17       		.uleb128 0x17
 607 028c 01       		.uleb128 0x1
 608 028d 51       		.byte	0x51
 609 028e 01       		.uleb128 0x1
 610 028f 30       		.byte	0x30
 611 0290 00       		.byte	0
 612 0291 00       		.byte	0
 613 0292 19       		.uleb128 0x19
 614 0293 2D030000 		.4byte	.LASF39
 615 0297 2D030000 		.4byte	.LASF39
 616 029b 08       		.byte	0x8
 617 029c 6103     		.2byte	0x361
 618 029e 00       		.byte	0
 619              		.section	.debug_abbrev,"",%progbits
 620              	.Ldebug_abbrev0:
 621 0000 01       		.uleb128 0x1
 622 0001 11       		.uleb128 0x11
 623 0002 01       		.byte	0x1
 624 0003 25       		.uleb128 0x25
 625 0004 0E       		.uleb128 0xe
 626 0005 13       		.uleb128 0x13
 627 0006 0B       		.uleb128 0xb
ARM GAS  C:\Users\Grillmo\AppData\Local\Temp\cc26i0c8.s 			page 12


 628 0007 03       		.uleb128 0x3
 629 0008 0E       		.uleb128 0xe
 630 0009 1B       		.uleb128 0x1b
 631 000a 0E       		.uleb128 0xe
 632 000b 55       		.uleb128 0x55
 633 000c 17       		.uleb128 0x17
 634 000d 11       		.uleb128 0x11
 635 000e 01       		.uleb128 0x1
 636 000f 10       		.uleb128 0x10
 637 0010 17       		.uleb128 0x17
 638 0011 00       		.byte	0
 639 0012 00       		.byte	0
 640 0013 02       		.uleb128 0x2
 641 0014 24       		.uleb128 0x24
 642 0015 00       		.byte	0
 643 0016 0B       		.uleb128 0xb
 644 0017 0B       		.uleb128 0xb
 645 0018 3E       		.uleb128 0x3e
 646 0019 0B       		.uleb128 0xb
 647 001a 03       		.uleb128 0x3
 648 001b 0E       		.uleb128 0xe
 649 001c 00       		.byte	0
 650 001d 00       		.byte	0
 651 001e 03       		.uleb128 0x3
 652 001f 16       		.uleb128 0x16
 653 0020 00       		.byte	0
 654 0021 03       		.uleb128 0x3
 655 0022 0E       		.uleb128 0xe
 656 0023 3A       		.uleb128 0x3a
 657 0024 0B       		.uleb128 0xb
 658 0025 3B       		.uleb128 0x3b
 659 0026 0B       		.uleb128 0xb
 660 0027 49       		.uleb128 0x49
 661 0028 13       		.uleb128 0x13
 662 0029 00       		.byte	0
 663 002a 00       		.byte	0
 664 002b 04       		.uleb128 0x4
 665 002c 24       		.uleb128 0x24
 666 002d 00       		.byte	0
 667 002e 0B       		.uleb128 0xb
 668 002f 0B       		.uleb128 0xb
 669 0030 3E       		.uleb128 0x3e
 670 0031 0B       		.uleb128 0xb
 671 0032 03       		.uleb128 0x3
 672 0033 08       		.uleb128 0x8
 673 0034 00       		.byte	0
 674 0035 00       		.byte	0
 675 0036 05       		.uleb128 0x5
 676 0037 35       		.uleb128 0x35
 677 0038 00       		.byte	0
 678 0039 49       		.uleb128 0x49
 679 003a 13       		.uleb128 0x13
 680 003b 00       		.byte	0
 681 003c 00       		.byte	0
 682 003d 06       		.uleb128 0x6
 683 003e 34       		.uleb128 0x34
 684 003f 00       		.byte	0
ARM GAS  C:\Users\Grillmo\AppData\Local\Temp\cc26i0c8.s 			page 13


 685 0040 03       		.uleb128 0x3
 686 0041 0E       		.uleb128 0xe
 687 0042 3A       		.uleb128 0x3a
 688 0043 0B       		.uleb128 0xb
 689 0044 3B       		.uleb128 0x3b
 690 0045 05       		.uleb128 0x5
 691 0046 49       		.uleb128 0x49
 692 0047 13       		.uleb128 0x13
 693 0048 3F       		.uleb128 0x3f
 694 0049 19       		.uleb128 0x19
 695 004a 3C       		.uleb128 0x3c
 696 004b 19       		.uleb128 0x19
 697 004c 00       		.byte	0
 698 004d 00       		.byte	0
 699 004e 07       		.uleb128 0x7
 700 004f 34       		.uleb128 0x34
 701 0050 00       		.byte	0
 702 0051 03       		.uleb128 0x3
 703 0052 0E       		.uleb128 0xe
 704 0053 3A       		.uleb128 0x3a
 705 0054 0B       		.uleb128 0xb
 706 0055 3B       		.uleb128 0x3b
 707 0056 0B       		.uleb128 0xb
 708 0057 49       		.uleb128 0x49
 709 0058 13       		.uleb128 0x13
 710 0059 3F       		.uleb128 0x3f
 711 005a 19       		.uleb128 0x19
 712 005b 3C       		.uleb128 0x3c
 713 005c 19       		.uleb128 0x19
 714 005d 00       		.byte	0
 715 005e 00       		.byte	0
 716 005f 08       		.uleb128 0x8
 717 0060 13       		.uleb128 0x13
 718 0061 01       		.byte	0x1
 719 0062 0B       		.uleb128 0xb
 720 0063 0B       		.uleb128 0xb
 721 0064 3A       		.uleb128 0x3a
 722 0065 0B       		.uleb128 0xb
 723 0066 3B       		.uleb128 0x3b
 724 0067 05       		.uleb128 0x5
 725 0068 01       		.uleb128 0x1
 726 0069 13       		.uleb128 0x13
 727 006a 00       		.byte	0
 728 006b 00       		.byte	0
 729 006c 09       		.uleb128 0x9
 730 006d 0D       		.uleb128 0xd
 731 006e 00       		.byte	0
 732 006f 03       		.uleb128 0x3
 733 0070 08       		.uleb128 0x8
 734 0071 3A       		.uleb128 0x3a
 735 0072 0B       		.uleb128 0xb
 736 0073 3B       		.uleb128 0x3b
 737 0074 05       		.uleb128 0x5
 738 0075 49       		.uleb128 0x49
 739 0076 13       		.uleb128 0x13
 740 0077 38       		.uleb128 0x38
 741 0078 0B       		.uleb128 0xb
ARM GAS  C:\Users\Grillmo\AppData\Local\Temp\cc26i0c8.s 			page 14


 742 0079 00       		.byte	0
 743 007a 00       		.byte	0
 744 007b 0A       		.uleb128 0xa
 745 007c 16       		.uleb128 0x16
 746 007d 00       		.byte	0
 747 007e 03       		.uleb128 0x3
 748 007f 0E       		.uleb128 0xe
 749 0080 3A       		.uleb128 0x3a
 750 0081 0B       		.uleb128 0xb
 751 0082 3B       		.uleb128 0x3b
 752 0083 05       		.uleb128 0x5
 753 0084 49       		.uleb128 0x49
 754 0085 13       		.uleb128 0x13
 755 0086 00       		.byte	0
 756 0087 00       		.byte	0
 757 0088 0B       		.uleb128 0xb
 758 0089 04       		.uleb128 0x4
 759 008a 01       		.byte	0x1
 760 008b 0B       		.uleb128 0xb
 761 008c 0B       		.uleb128 0xb
 762 008d 49       		.uleb128 0x49
 763 008e 13       		.uleb128 0x13
 764 008f 3A       		.uleb128 0x3a
 765 0090 0B       		.uleb128 0xb
 766 0091 3B       		.uleb128 0x3b
 767 0092 0B       		.uleb128 0xb
 768 0093 01       		.uleb128 0x1
 769 0094 13       		.uleb128 0x13
 770 0095 00       		.byte	0
 771 0096 00       		.byte	0
 772 0097 0C       		.uleb128 0xc
 773 0098 28       		.uleb128 0x28
 774 0099 00       		.byte	0
 775 009a 03       		.uleb128 0x3
 776 009b 0E       		.uleb128 0xe
 777 009c 1C       		.uleb128 0x1c
 778 009d 0B       		.uleb128 0xb
 779 009e 00       		.byte	0
 780 009f 00       		.byte	0
 781 00a0 0D       		.uleb128 0xd
 782 00a1 28       		.uleb128 0x28
 783 00a2 00       		.byte	0
 784 00a3 03       		.uleb128 0x3
 785 00a4 08       		.uleb128 0x8
 786 00a5 1C       		.uleb128 0x1c
 787 00a6 0B       		.uleb128 0xb
 788 00a7 00       		.byte	0
 789 00a8 00       		.byte	0
 790 00a9 0E       		.uleb128 0xe
 791 00aa 2E       		.uleb128 0x2e
 792 00ab 00       		.byte	0
 793 00ac 3F       		.uleb128 0x3f
 794 00ad 19       		.uleb128 0x19
 795 00ae 03       		.uleb128 0x3
 796 00af 0E       		.uleb128 0xe
 797 00b0 3A       		.uleb128 0x3a
 798 00b1 0B       		.uleb128 0xb
ARM GAS  C:\Users\Grillmo\AppData\Local\Temp\cc26i0c8.s 			page 15


 799 00b2 3B       		.uleb128 0x3b
 800 00b3 05       		.uleb128 0x5
 801 00b4 27       		.uleb128 0x27
 802 00b5 19       		.uleb128 0x19
 803 00b6 11       		.uleb128 0x11
 804 00b7 01       		.uleb128 0x1
 805 00b8 12       		.uleb128 0x12
 806 00b9 06       		.uleb128 0x6
 807 00ba 40       		.uleb128 0x40
 808 00bb 18       		.uleb128 0x18
 809 00bc 9742     		.uleb128 0x2117
 810 00be 19       		.uleb128 0x19
 811 00bf 00       		.byte	0
 812 00c0 00       		.byte	0
 813 00c1 0F       		.uleb128 0xf
 814 00c2 2E       		.uleb128 0x2e
 815 00c3 01       		.byte	0x1
 816 00c4 3F       		.uleb128 0x3f
 817 00c5 19       		.uleb128 0x19
 818 00c6 03       		.uleb128 0x3
 819 00c7 0E       		.uleb128 0xe
 820 00c8 3A       		.uleb128 0x3a
 821 00c9 0B       		.uleb128 0xb
 822 00ca 3B       		.uleb128 0x3b
 823 00cb 05       		.uleb128 0x5
 824 00cc 27       		.uleb128 0x27
 825 00cd 19       		.uleb128 0x19
 826 00ce 49       		.uleb128 0x49
 827 00cf 13       		.uleb128 0x13
 828 00d0 11       		.uleb128 0x11
 829 00d1 01       		.uleb128 0x1
 830 00d2 12       		.uleb128 0x12
 831 00d3 06       		.uleb128 0x6
 832 00d4 40       		.uleb128 0x40
 833 00d5 18       		.uleb128 0x18
 834 00d6 9742     		.uleb128 0x2117
 835 00d8 19       		.uleb128 0x19
 836 00d9 01       		.uleb128 0x1
 837 00da 13       		.uleb128 0x13
 838 00db 00       		.byte	0
 839 00dc 00       		.byte	0
 840 00dd 10       		.uleb128 0x10
 841 00de 34       		.uleb128 0x34
 842 00df 00       		.byte	0
 843 00e0 03       		.uleb128 0x3
 844 00e1 0E       		.uleb128 0xe
 845 00e2 3A       		.uleb128 0x3a
 846 00e3 0B       		.uleb128 0xb
 847 00e4 3B       		.uleb128 0x3b
 848 00e5 05       		.uleb128 0x5
 849 00e6 49       		.uleb128 0x49
 850 00e7 13       		.uleb128 0x13
 851 00e8 02       		.uleb128 0x2
 852 00e9 17       		.uleb128 0x17
 853 00ea 00       		.byte	0
 854 00eb 00       		.byte	0
 855 00ec 11       		.uleb128 0x11
ARM GAS  C:\Users\Grillmo\AppData\Local\Temp\cc26i0c8.s 			page 16


 856 00ed 2E       		.uleb128 0x2e
 857 00ee 01       		.byte	0x1
 858 00ef 3F       		.uleb128 0x3f
 859 00f0 19       		.uleb128 0x19
 860 00f1 03       		.uleb128 0x3
 861 00f2 0E       		.uleb128 0xe
 862 00f3 3A       		.uleb128 0x3a
 863 00f4 0B       		.uleb128 0xb
 864 00f5 3B       		.uleb128 0x3b
 865 00f6 0B       		.uleb128 0xb
 866 00f7 27       		.uleb128 0x27
 867 00f8 19       		.uleb128 0x19
 868 00f9 11       		.uleb128 0x11
 869 00fa 01       		.uleb128 0x1
 870 00fb 12       		.uleb128 0x12
 871 00fc 06       		.uleb128 0x6
 872 00fd 40       		.uleb128 0x40
 873 00fe 18       		.uleb128 0x18
 874 00ff 9742     		.uleb128 0x2117
 875 0101 19       		.uleb128 0x19
 876 0102 01       		.uleb128 0x1
 877 0103 13       		.uleb128 0x13
 878 0104 00       		.byte	0
 879 0105 00       		.byte	0
 880 0106 12       		.uleb128 0x12
 881 0107 05       		.uleb128 0x5
 882 0108 00       		.byte	0
 883 0109 03       		.uleb128 0x3
 884 010a 0E       		.uleb128 0xe
 885 010b 3A       		.uleb128 0x3a
 886 010c 0B       		.uleb128 0xb
 887 010d 3B       		.uleb128 0x3b
 888 010e 0B       		.uleb128 0xb
 889 010f 49       		.uleb128 0x49
 890 0110 13       		.uleb128 0x13
 891 0111 02       		.uleb128 0x2
 892 0112 17       		.uleb128 0x17
 893 0113 00       		.byte	0
 894 0114 00       		.byte	0
 895 0115 13       		.uleb128 0x13
 896 0116 2E       		.uleb128 0x2e
 897 0117 00       		.byte	0
 898 0118 3F       		.uleb128 0x3f
 899 0119 19       		.uleb128 0x19
 900 011a 03       		.uleb128 0x3
 901 011b 0E       		.uleb128 0xe
 902 011c 3A       		.uleb128 0x3a
 903 011d 0B       		.uleb128 0xb
 904 011e 3B       		.uleb128 0x3b
 905 011f 0B       		.uleb128 0xb
 906 0120 27       		.uleb128 0x27
 907 0121 19       		.uleb128 0x19
 908 0122 11       		.uleb128 0x11
 909 0123 01       		.uleb128 0x1
 910 0124 12       		.uleb128 0x12
 911 0125 06       		.uleb128 0x6
 912 0126 40       		.uleb128 0x40
ARM GAS  C:\Users\Grillmo\AppData\Local\Temp\cc26i0c8.s 			page 17


 913 0127 18       		.uleb128 0x18
 914 0128 9742     		.uleb128 0x2117
 915 012a 19       		.uleb128 0x19
 916 012b 00       		.byte	0
 917 012c 00       		.byte	0
 918 012d 14       		.uleb128 0x14
 919 012e 34       		.uleb128 0x34
 920 012f 00       		.byte	0
 921 0130 03       		.uleb128 0x3
 922 0131 0E       		.uleb128 0xe
 923 0132 3A       		.uleb128 0x3a
 924 0133 0B       		.uleb128 0xb
 925 0134 3B       		.uleb128 0x3b
 926 0135 0B       		.uleb128 0xb
 927 0136 49       		.uleb128 0x49
 928 0137 13       		.uleb128 0x13
 929 0138 02       		.uleb128 0x2
 930 0139 18       		.uleb128 0x18
 931 013a 00       		.byte	0
 932 013b 00       		.byte	0
 933 013c 15       		.uleb128 0x15
 934 013d 34       		.uleb128 0x34
 935 013e 00       		.byte	0
 936 013f 03       		.uleb128 0x3
 937 0140 0E       		.uleb128 0xe
 938 0141 3A       		.uleb128 0x3a
 939 0142 0B       		.uleb128 0xb
 940 0143 3B       		.uleb128 0x3b
 941 0144 0B       		.uleb128 0xb
 942 0145 49       		.uleb128 0x49
 943 0146 13       		.uleb128 0x13
 944 0147 02       		.uleb128 0x2
 945 0148 17       		.uleb128 0x17
 946 0149 00       		.byte	0
 947 014a 00       		.byte	0
 948 014b 16       		.uleb128 0x16
 949 014c 898201   		.uleb128 0x4109
 950 014f 01       		.byte	0x1
 951 0150 11       		.uleb128 0x11
 952 0151 01       		.uleb128 0x1
 953 0152 31       		.uleb128 0x31
 954 0153 13       		.uleb128 0x13
 955 0154 01       		.uleb128 0x1
 956 0155 13       		.uleb128 0x13
 957 0156 00       		.byte	0
 958 0157 00       		.byte	0
 959 0158 17       		.uleb128 0x17
 960 0159 8A8201   		.uleb128 0x410a
 961 015c 00       		.byte	0
 962 015d 02       		.uleb128 0x2
 963 015e 18       		.uleb128 0x18
 964 015f 9142     		.uleb128 0x2111
 965 0161 18       		.uleb128 0x18
 966 0162 00       		.byte	0
 967 0163 00       		.byte	0
 968 0164 18       		.uleb128 0x18
 969 0165 898201   		.uleb128 0x4109
ARM GAS  C:\Users\Grillmo\AppData\Local\Temp\cc26i0c8.s 			page 18


 970 0168 01       		.byte	0x1
 971 0169 11       		.uleb128 0x11
 972 016a 01       		.uleb128 0x1
 973 016b 9542     		.uleb128 0x2115
 974 016d 19       		.uleb128 0x19
 975 016e 31       		.uleb128 0x31
 976 016f 13       		.uleb128 0x13
 977 0170 00       		.byte	0
 978 0171 00       		.byte	0
 979 0172 19       		.uleb128 0x19
 980 0173 2E       		.uleb128 0x2e
 981 0174 00       		.byte	0
 982 0175 3F       		.uleb128 0x3f
 983 0176 19       		.uleb128 0x19
 984 0177 3C       		.uleb128 0x3c
 985 0178 19       		.uleb128 0x19
 986 0179 6E       		.uleb128 0x6e
 987 017a 0E       		.uleb128 0xe
 988 017b 03       		.uleb128 0x3
 989 017c 0E       		.uleb128 0xe
 990 017d 3A       		.uleb128 0x3a
 991 017e 0B       		.uleb128 0xb
 992 017f 3B       		.uleb128 0x3b
 993 0180 05       		.uleb128 0x5
 994 0181 00       		.byte	0
 995 0182 00       		.byte	0
 996 0183 00       		.byte	0
 997              		.section	.debug_loc,"",%progbits
 998              	.Ldebug_loc0:
 999              	.LLST5:
 1000 0000 00000000 		.4byte	.LVL11
 1001 0004 04000000 		.4byte	.LVL12
 1002 0008 0200     		.2byte	0x2
 1003 000a 30       		.byte	0x30
 1004 000b 9F       		.byte	0x9f
 1005 000c 04000000 		.4byte	.LVL12
 1006 0010 0A000000 		.4byte	.LVL13
 1007 0014 0500     		.2byte	0x5
 1008 0016 70       		.byte	0x70
 1009 0017 00       		.sleb128 0
 1010 0018 30       		.byte	0x30
 1011 0019 2E       		.byte	0x2e
 1012 001a 9F       		.byte	0x9f
 1013 001b 00000000 		.4byte	0
 1014 001f 00000000 		.4byte	0
 1015              	.LLST4:
 1016 0023 00000000 		.4byte	.LVL9
 1017 0027 06000000 		.4byte	.LVL10
 1018 002b 0100     		.2byte	0x1
 1019 002d 50       		.byte	0x50
 1020 002e 06000000 		.4byte	.LVL10
 1021 0032 10000000 		.4byte	.LFE117
 1022 0036 0400     		.2byte	0x4
 1023 0038 F3       		.byte	0xf3
 1024 0039 01       		.uleb128 0x1
 1025 003a 50       		.byte	0x50
 1026 003b 9F       		.byte	0x9f
ARM GAS  C:\Users\Grillmo\AppData\Local\Temp\cc26i0c8.s 			page 19


 1027 003c 00000000 		.4byte	0
 1028 0040 00000000 		.4byte	0
 1029              	.LLST3:
 1030 0044 00000000 		.4byte	.LVL7
 1031 0048 06000000 		.4byte	.LVL8
 1032 004c 0100     		.2byte	0x1
 1033 004e 50       		.byte	0x50
 1034 004f 06000000 		.4byte	.LVL8
 1035 0053 10000000 		.4byte	.LFE116
 1036 0057 0400     		.2byte	0x4
 1037 0059 F3       		.byte	0xf3
 1038 005a 01       		.uleb128 0x1
 1039 005b 50       		.byte	0x50
 1040 005c 9F       		.byte	0x9f
 1041 005d 00000000 		.4byte	0
 1042 0061 00000000 		.4byte	0
 1043              	.LLST2:
 1044 0065 00000000 		.4byte	.LVL5
 1045 0069 16000000 		.4byte	.LVL6
 1046 006d 0100     		.2byte	0x1
 1047 006f 50       		.byte	0x50
 1048 0070 16000000 		.4byte	.LVL6
 1049 0074 28000000 		.4byte	.LFE114
 1050 0078 0400     		.2byte	0x4
 1051 007a F3       		.byte	0xf3
 1052 007b 01       		.uleb128 0x1
 1053 007c 50       		.byte	0x50
 1054 007d 9F       		.byte	0x9f
 1055 007e 00000000 		.4byte	0
 1056 0082 00000000 		.4byte	0
 1057              	.LLST0:
 1058 0086 00000000 		.4byte	.LVL2
 1059 008a 0A000000 		.4byte	.LVL4
 1060 008e 0100     		.2byte	0x1
 1061 0090 50       		.byte	0x50
 1062 0091 0A000000 		.4byte	.LVL4
 1063 0095 14000000 		.4byte	.LFE113
 1064 0099 0400     		.2byte	0x4
 1065 009b F3       		.byte	0xf3
 1066 009c 01       		.uleb128 0x1
 1067 009d 50       		.byte	0x50
 1068 009e 9F       		.byte	0x9f
 1069 009f 00000000 		.4byte	0
 1070 00a3 00000000 		.4byte	0
 1071              	.LLST1:
 1072 00a7 00000000 		.4byte	.LVL2
 1073 00ab 08000000 		.4byte	.LVL3
 1074 00af 0200     		.2byte	0x2
 1075 00b1 30       		.byte	0x30
 1076 00b2 9F       		.byte	0x9f
 1077 00b3 08000000 		.4byte	.LVL3
 1078 00b7 0A000000 		.4byte	.LVL4
 1079 00bb 0100     		.2byte	0x1
 1080 00bd 53       		.byte	0x53
 1081 00be 0A000000 		.4byte	.LVL4
 1082 00c2 14000000 		.4byte	.LFE113
 1083 00c6 0100     		.2byte	0x1
ARM GAS  C:\Users\Grillmo\AppData\Local\Temp\cc26i0c8.s 			page 20


 1084 00c8 50       		.byte	0x50
 1085 00c9 00000000 		.4byte	0
 1086 00cd 00000000 		.4byte	0
 1087              		.section	.debug_aranges,"",%progbits
 1088 0000 54000000 		.4byte	0x54
 1089 0004 0200     		.2byte	0x2
 1090 0006 00000000 		.4byte	.Ldebug_info0
 1091 000a 04       		.byte	0x4
 1092 000b 00       		.byte	0
 1093 000c 0000     		.2byte	0
 1094 000e 0000     		.2byte	0
 1095 0010 00000000 		.4byte	.LFB112
 1096 0014 1A000000 		.4byte	.LFE112-.LFB112
 1097 0018 00000000 		.4byte	.LFB113
 1098 001c 14000000 		.4byte	.LFE113-.LFB113
 1099 0020 00000000 		.4byte	.LFB114
 1100 0024 28000000 		.4byte	.LFE114-.LFB114
 1101 0028 00000000 		.4byte	.LFB115
 1102 002c 0C000000 		.4byte	.LFE115-.LFB115
 1103 0030 00000000 		.4byte	.LFB116
 1104 0034 10000000 		.4byte	.LFE116-.LFB116
 1105 0038 00000000 		.4byte	.LFB117
 1106 003c 10000000 		.4byte	.LFE117-.LFB117
 1107 0040 00000000 		.4byte	.LFB118
 1108 0044 10000000 		.4byte	.LFE118-.LFB118
 1109 0048 00000000 		.4byte	.LFB119
 1110 004c 0C000000 		.4byte	.LFE119-.LFB119
 1111 0050 00000000 		.4byte	0
 1112 0054 00000000 		.4byte	0
 1113              		.section	.debug_ranges,"",%progbits
 1114              	.Ldebug_ranges0:
 1115 0000 00000000 		.4byte	.LFB112
 1116 0004 1A000000 		.4byte	.LFE112
 1117 0008 00000000 		.4byte	.LFB113
 1118 000c 14000000 		.4byte	.LFE113
 1119 0010 00000000 		.4byte	.LFB114
 1120 0014 28000000 		.4byte	.LFE114
 1121 0018 00000000 		.4byte	.LFB115
 1122 001c 0C000000 		.4byte	.LFE115
 1123 0020 00000000 		.4byte	.LFB116
 1124 0024 10000000 		.4byte	.LFE116
 1125 0028 00000000 		.4byte	.LFB117
 1126 002c 10000000 		.4byte	.LFE117
 1127 0030 00000000 		.4byte	.LFB118
 1128 0034 10000000 		.4byte	.LFE118
 1129 0038 00000000 		.4byte	.LFB119
 1130 003c 0C000000 		.4byte	.LFE119
 1131 0040 00000000 		.4byte	0
 1132 0044 00000000 		.4byte	0
 1133              		.section	.debug_line,"",%progbits
 1134              	.Ldebug_line0:
 1135 0000 73020000 		.section	.debug_str,"MS",%progbits,1
 1135      0200D601 
 1135      00000201 
 1135      FB0E0D00 
 1135      01010101 
 1136              	.LASF4:
ARM GAS  C:\Users\Grillmo\AppData\Local\Temp\cc26i0c8.s 			page 21


 1137 0000 5F5F7569 		.ascii	"__uint8_t\000"
 1137      6E74385F 
 1137      7400
 1138              	.LASF5:
 1139 000a 5F5F696E 		.ascii	"__int32_t\000"
 1139      7433325F 
 1139      7400
 1140              	.LASF3:
 1141 0014 73686F72 		.ascii	"short unsigned int\000"
 1141      7420756E 
 1141      7369676E 
 1141      65642069 
 1141      6E7400
 1142              	.LASF18:
 1143 0027 57574447 		.ascii	"WWDG_TypeDef\000"
 1143      5F547970 
 1143      65446566 
 1143      00
 1144              	.LASF30:
 1145 0034 62697473 		.ascii	"bitstatus\000"
 1145      74617475 
 1145      7300
 1146              	.LASF13:
 1147 003e 696E7433 		.ascii	"int32_t\000"
 1147      325F7400 
 1148              	.LASF23:
 1149 0046 57574447 		.ascii	"WWDG_Enable\000"
 1149      5F456E61 
 1149      626C6500 
 1150              	.LASF7:
 1151 0052 5F5F7569 		.ascii	"__uint32_t\000"
 1151      6E743332 
 1151      5F7400
 1152              	.LASF22:
 1153 005d 454E4142 		.ascii	"ENABLE\000"
 1153      4C4500
 1154              	.LASF0:
 1155 0064 7369676E 		.ascii	"signed char\000"
 1155      65642063 
 1155      68617200 
 1156              	.LASF27:
 1157 0070 57574447 		.ascii	"WWDG_EnableIT\000"
 1157      5F456E61 
 1157      626C6549 
 1157      5400
 1158              	.LASF20:
 1159 007e 466C6167 		.ascii	"FlagStatus\000"
 1159      53746174 
 1159      757300
 1160              	.LASF38:
 1161 0089 57574447 		.ascii	"WWDG_GetFlagStatus\000"
 1161      5F476574 
 1161      466C6167 
 1161      53746174 
 1161      757300
 1162              	.LASF8:
 1163 009c 6C6F6E67 		.ascii	"long unsigned int\000"
ARM GAS  C:\Users\Grillmo\AppData\Local\Temp\cc26i0c8.s 			page 22


 1163      20756E73 
 1163      69676E65 
 1163      6420696E 
 1163      7400
 1164              	.LASF19:
 1165 00ae 52455345 		.ascii	"RESET\000"
 1165      5400
 1166              	.LASF16:
 1167 00b4 49544D5F 		.ascii	"ITM_RxBuffer\000"
 1167      52784275 
 1167      66666572 
 1167      00
 1168              	.LASF1:
 1169 00c1 756E7369 		.ascii	"unsigned char\000"
 1169      676E6564 
 1169      20636861 
 1169      7200
 1170              	.LASF29:
 1171 00cf 57696E64 		.ascii	"WindowValue\000"
 1171      6F775661 
 1171      6C756500 
 1172              	.LASF25:
 1173 00db 436F756E 		.ascii	"Counter\000"
 1173      74657200 
 1174              	.LASF11:
 1175 00e3 756E7369 		.ascii	"unsigned int\000"
 1175      676E6564 
 1175      20696E74 
 1175      00
 1176              	.LASF37:
 1177 00f0 443A5C65 		.ascii	"D:\\ebikeSystem\000"
 1177      62696B65 
 1177      53797374 
 1177      656D00
 1178              	.LASF10:
 1179 00ff 6C6F6E67 		.ascii	"long long unsigned int\000"
 1179      206C6F6E 
 1179      6720756E 
 1179      7369676E 
 1179      65642069 
 1180              	.LASF12:
 1181 0116 75696E74 		.ascii	"uint8_t\000"
 1181      385F7400 
 1182              	.LASF32:
 1183 011e 57574447 		.ascii	"WWDG_SetPrescaler\000"
 1183      5F536574 
 1183      50726573 
 1183      63616C65 
 1183      7200
 1184              	.LASF36:
 1185 0130 43686962 		.ascii	"ChibiOS_3.0.2/ext/stdperiph_stm32f4/src/stm32f4xx_w"
 1185      694F535F 
 1185      332E302E 
 1185      322F6578 
 1185      742F7374 
 1186 0163 7764672E 		.ascii	"wdg.c\000"
 1186      6300
ARM GAS  C:\Users\Grillmo\AppData\Local\Temp\cc26i0c8.s 			page 23


 1187              	.LASF24:
 1188 0169 57574447 		.ascii	"WWDG_SetCounter\000"
 1188      5F536574 
 1188      436F756E 
 1188      74657200 
 1189              	.LASF33:
 1190 0179 57574447 		.ascii	"WWDG_Prescaler\000"
 1190      5F507265 
 1190      7363616C 
 1190      657200
 1191              	.LASF35:
 1192 0188 474E5520 		.ascii	"GNU C99 6.3.1 20170215 (release) [ARM/embedded-6-br"
 1192      43393920 
 1192      362E332E 
 1192      31203230 
 1192      31373032 
 1193 01bb 616E6368 		.ascii	"anch revision 245512] -mcpu=cortex-m4 -mfloat-abi=h"
 1193      20726576 
 1193      6973696F 
 1193      6E203234 
 1193      35353132 
 1194 01ee 61726420 		.ascii	"ard -mfpu=fpv4-sp-d16 -mno-thumb-interwork -mthumb "
 1194      2D6D6670 
 1194      753D6670 
 1194      76342D73 
 1194      702D6431 
 1195 0221 2D676764 		.ascii	"-ggdb -O2 -std=gnu99 -fomit-frame-pointer -falign-f"
 1195      62202D4F 
 1195      32202D73 
 1195      74643D67 
 1195      6E753939 
 1196 0254 756E6374 		.ascii	"unctions=16 -ffunction-sections -fdata-sections -fn"
 1196      696F6E73 
 1196      3D313620 
 1196      2D666675 
 1196      6E637469 
 1197 0287 6F2D636F 		.ascii	"o-common -fsingle-precision-constant\000"
 1197      6D6D6F6E 
 1197      202D6673 
 1197      696E676C 
 1197      652D7072 
 1198              	.LASF15:
 1199 02ac 73697A65 		.ascii	"sizetype\000"
 1199      74797065 
 1199      00
 1200              	.LASF9:
 1201 02b5 6C6F6E67 		.ascii	"long long int\000"
 1201      206C6F6E 
 1201      6720696E 
 1201      7400
 1202              	.LASF17:
 1203 02c3 53797374 		.ascii	"SystemCoreClock\000"
 1203      656D436F 
 1203      7265436C 
 1203      6F636B00 
 1204              	.LASF2:
 1205 02d3 73686F72 		.ascii	"short int\000"
ARM GAS  C:\Users\Grillmo\AppData\Local\Temp\cc26i0c8.s 			page 24


 1205      7420696E 
 1205      7400
 1206              	.LASF31:
 1207 02dd 746D7072 		.ascii	"tmpreg\000"
 1207      656700
 1208              	.LASF26:
 1209 02e4 57574447 		.ascii	"WWDG_ClearFlag\000"
 1209      5F436C65 
 1209      6172466C 
 1209      616700
 1210              	.LASF28:
 1211 02f3 57574447 		.ascii	"WWDG_SetWindowValue\000"
 1211      5F536574 
 1211      57696E64 
 1211      6F775661 
 1211      6C756500 
 1212              	.LASF34:
 1213 0307 57574447 		.ascii	"WWDG_DeInit\000"
 1213      5F446549 
 1213      6E697400 
 1214              	.LASF14:
 1215 0313 75696E74 		.ascii	"uint32_t\000"
 1215      33325F74 
 1215      00
 1216              	.LASF6:
 1217 031c 6C6F6E67 		.ascii	"long int\000"
 1217      20696E74 
 1217      00
 1218              	.LASF21:
 1219 0325 44495341 		.ascii	"DISABLE\000"
 1219      424C4500 
 1220              	.LASF39:
 1221 032d 5243435F 		.ascii	"RCC_APB1PeriphResetCmd\000"
 1221      41504231 
 1221      50657269 
 1221      70685265 
 1221      73657443 
 1222              		.ident	"GCC: (GNU Tools for ARM Embedded Processors 6-2017-q1-update) 6.3.1 20170215 (release) [AR
ARM GAS  C:\Users\Grillmo\AppData\Local\Temp\cc26i0c8.s 			page 25


DEFINED SYMBOLS
                            *ABS*:00000000 stm32f4xx_wwdg.c
C:\Users\Grillmo\AppData\Local\Temp\cc26i0c8.s:18     .text.WWDG_DeInit:00000000 $t
C:\Users\Grillmo\AppData\Local\Temp\cc26i0c8.s:26     .text.WWDG_DeInit:00000000 WWDG_DeInit
C:\Users\Grillmo\AppData\Local\Temp\cc26i0c8.s:57     .text.WWDG_SetPrescaler:00000000 $t
C:\Users\Grillmo\AppData\Local\Temp\cc26i0c8.s:65     .text.WWDG_SetPrescaler:00000000 WWDG_SetPrescaler
C:\Users\Grillmo\AppData\Local\Temp\cc26i0c8.s:87     .text.WWDG_SetPrescaler:00000010 $d
C:\Users\Grillmo\AppData\Local\Temp\cc26i0c8.s:92     .text.WWDG_SetWindowValue:00000000 $t
C:\Users\Grillmo\AppData\Local\Temp\cc26i0c8.s:100    .text.WWDG_SetWindowValue:00000000 WWDG_SetWindowValue
C:\Users\Grillmo\AppData\Local\Temp\cc26i0c8.s:136    .text.WWDG_SetWindowValue:00000024 $d
C:\Users\Grillmo\AppData\Local\Temp\cc26i0c8.s:141    .text.WWDG_EnableIT:00000000 $t
C:\Users\Grillmo\AppData\Local\Temp\cc26i0c8.s:149    .text.WWDG_EnableIT:00000000 WWDG_EnableIT
C:\Users\Grillmo\AppData\Local\Temp\cc26i0c8.s:164    .text.WWDG_EnableIT:00000008 $d
C:\Users\Grillmo\AppData\Local\Temp\cc26i0c8.s:169    .text.WWDG_SetCounter:00000000 $t
C:\Users\Grillmo\AppData\Local\Temp\cc26i0c8.s:177    .text.WWDG_SetCounter:00000000 WWDG_SetCounter
C:\Users\Grillmo\AppData\Local\Temp\cc26i0c8.s:194    .text.WWDG_SetCounter:0000000c $d
C:\Users\Grillmo\AppData\Local\Temp\cc26i0c8.s:199    .text.WWDG_Enable:00000000 $t
C:\Users\Grillmo\AppData\Local\Temp\cc26i0c8.s:207    .text.WWDG_Enable:00000000 WWDG_Enable
C:\Users\Grillmo\AppData\Local\Temp\cc26i0c8.s:224    .text.WWDG_Enable:0000000c $d
C:\Users\Grillmo\AppData\Local\Temp\cc26i0c8.s:229    .text.WWDG_GetFlagStatus:00000000 $t
C:\Users\Grillmo\AppData\Local\Temp\cc26i0c8.s:237    .text.WWDG_GetFlagStatus:00000000 WWDG_GetFlagStatus
C:\Users\Grillmo\AppData\Local\Temp\cc26i0c8.s:258    .text.WWDG_GetFlagStatus:0000000c $d
C:\Users\Grillmo\AppData\Local\Temp\cc26i0c8.s:263    .text.WWDG_ClearFlag:00000000 $t
C:\Users\Grillmo\AppData\Local\Temp\cc26i0c8.s:271    .text.WWDG_ClearFlag:00000000 WWDG_ClearFlag
C:\Users\Grillmo\AppData\Local\Temp\cc26i0c8.s:286    .text.WWDG_ClearFlag:00000008 $d
                     .debug_frame:00000010 $d

UNDEFINED SYMBOLS
RCC_APB1PeriphResetCmd
